Using pre-set license
Built from '2022.3/staging' branch; Version is '2022.3.10f1 (ff3792e53c62) revision 16725906'; Using compiler version '192829333'; Build Type 'Release'
OS: 'Windows 10  (10.0.19045) 64bit Core' Language: 'en' Physical Memory: 16246 MB
BatchMode: 1, IsHumanControllingUs: 0, StartBugReporterOnCrash: 0, Is64bit: 1, IsPro: 1

COMMAND LINE ARGUMENTS:
C:\Program Files\Unity\Hub\Editor\2022.3.10f1\Editor\Unity.exe
-adb2
-batchMode
-noUpm
-name
AssetImportWorker22
-projectPath
C:/Users/Diogo Castelo Branco/Desktop/PirateGameJam/Github/Wizard-LLC
-logFile
Logs/AssetImportWorker22.log
-srvPort
51912
Successfully changed project path to: C:/Users/Diogo Castelo Branco/Desktop/PirateGameJam/Github/Wizard-LLC
C:/Users/Diogo Castelo Branco/Desktop/PirateGameJam/Github/Wizard-LLC
[UnityMemory] Configuration Parameters - Can be set up in boot.config
    "memorysetup-bucket-allocator-granularity=16"
    "memorysetup-bucket-allocator-bucket-count=8"
    "memorysetup-bucket-allocator-block-size=33554432"
    "memorysetup-bucket-allocator-block-count=8"
    "memorysetup-main-allocator-block-size=16777216"
    "memorysetup-thread-allocator-block-size=16777216"
    "memorysetup-gfx-main-allocator-block-size=16777216"
    "memorysetup-gfx-thread-allocator-block-size=16777216"
    "memorysetup-cache-allocator-block-size=4194304"
    "memorysetup-typetree-allocator-block-size=2097152"
    "memorysetup-profiler-bucket-allocator-granularity=16"
    "memorysetup-profiler-bucket-allocator-bucket-count=8"
    "memorysetup-profiler-bucket-allocator-block-size=33554432"
    "memorysetup-profiler-bucket-allocator-block-count=8"
    "memorysetup-profiler-allocator-block-size=16777216"
    "memorysetup-profiler-editor-allocator-block-size=1048576"
    "memorysetup-temp-allocator-size-main=16777216"
    "memorysetup-job-temp-allocator-block-size=2097152"
    "memorysetup-job-temp-allocator-block-size-background=1048576"
    "memorysetup-job-temp-allocator-reduction-small-platforms=262144"
    "memorysetup-allocator-temp-initial-block-size-main=262144"
    "memorysetup-allocator-temp-initial-block-size-worker=262144"
    "memorysetup-temp-allocator-size-background-worker=32768"
    "memorysetup-temp-allocator-size-job-worker=262144"
    "memorysetup-temp-allocator-size-preload-manager=33554432"
    "memorysetup-temp-allocator-size-nav-mesh-worker=65536"
    "memorysetup-temp-allocator-size-audio-worker=65536"
    "memorysetup-temp-allocator-size-cloud-worker=32768"
    "memorysetup-temp-allocator-size-gi-baking-worker=262144"
    "memorysetup-temp-allocator-size-gfx=262144"
Player connection [47824] Host "[IP] 192.168.1.70 [Port] 0 [Flags] 2 [Guid] 1019795980 [EditorId] 1019795980 [Version] 1048832 [Id] WindowsEditor(7,DESKTOP-R82JVO4) [Debug] 1 [PackageName] WindowsEditor [ProjectName] Editor" joined multi-casting on [225.0.0.222:54997]...

Player connection [47824] Host "[IP] 192.168.1.70 [Port] 0 [Flags] 2 [Guid] 1019795980 [EditorId] 1019795980 [Version] 1048832 [Id] WindowsEditor(7,DESKTOP-R82JVO4) [Debug] 1 [PackageName] WindowsEditor [ProjectName] Editor" joined alternative multi-casting on [225.0.0.222:34997]...

[Physics::Module] Initialized MultithreadedJobDispatcher with 7 workers.
Refreshing native plugins compatible for Editor in 20.29 ms, found 3 plugins.
Preloading 0 native plugins for Editor in 0.00 ms.
Initialize engine version: 2022.3.10f1 (ff3792e53c62)
[Subsystems] Discovering subsystems at path C:/Program Files/Unity/Hub/Editor/2022.3.10f1/Editor/Data/Resources/UnitySubsystems
[Subsystems] Discovering subsystems at path C:/Users/Diogo Castelo Branco/Desktop/PirateGameJam/Github/Wizard-LLC/Assets
GfxDevice: creating device client; threaded=0; jobified=0
Direct3D:
    Version:  Direct3D 11.0 [level 11.1]
    Renderer: NVIDIA GeForce RTX 2070 SUPER (ID=0x1e84)
    Vendor:   NVIDIA
    VRAM:     7989 MB
    Driver:   31.0.15.5222
Initialize mono
Mono path[0] = 'C:/Program Files/Unity/Hub/Editor/2022.3.10f1/Editor/Data/Managed'
Mono path[1] = 'C:/Program Files/Unity/Hub/Editor/2022.3.10f1/Editor/Data/MonoBleedingEdge/lib/mono/unityjit-win32'
Mono config path = 'C:/Program Files/Unity/Hub/Editor/2022.3.10f1/Editor/Data/MonoBleedingEdge/etc'
Using monoOptions --debugger-agent=transport=dt_socket,embedding=1,server=y,suspend=n,address=127.0.0.1:56040
Begin MonoManager ReloadAssembly
Registering precompiled unity dll's ...
Register platform support module: C:/Program Files/Unity/Hub/Editor/2022.3.10f1/Editor/Data/PlaybackEngines/WebGLSupport/UnityEditor.WebGL.Extensions.dll
Register platform support module: C:/Program Files/Unity/Hub/Editor/2022.3.10f1/Editor/Data/PlaybackEngines/WindowsStandaloneSupport/UnityEditor.WindowsStandalone.Extensions.dll
Registered in 0.012914 seconds.
- Loaded All Assemblies, in  0.335 seconds
Native extension for WindowsStandalone target not found
Native extension for WebGL target not found
Mono: successfully reloaded assembly
- Finished resetting the current domain, in  0.234 seconds
Domain Reload Profiling: 567ms
	BeginReloadAssembly (104ms)
		ExecutionOrderSort (0ms)
		DisableScriptedObjects (0ms)
		BackupInstance (0ms)
		ReleaseScriptingObjects (0ms)
		CreateAndSetChildDomain (1ms)
	RebuildCommonClasses (32ms)
	RebuildNativeTypeToScriptingClass (10ms)
	initialDomainReloadingComplete (62ms)
	LoadAllAssembliesAndSetupDomain (126ms)
		LoadAssemblies (101ms)
		RebuildTransferFunctionScriptingTraits (0ms)
		AnalyzeDomain (124ms)
			TypeCache.Refresh (122ms)
				TypeCache.ScanAssembly (111ms)
			ScanForSourceGeneratedMonoScriptInfo (0ms)
			ResolveRequiredComponents (1ms)
	FinalizeReload (234ms)
		ReleaseScriptCaches (0ms)
		RebuildScriptCaches (0ms)
		SetupLoadedEditorAssemblies (182ms)
			LogAssemblyErrors (0ms)
			InitializePlatformSupportModulesInManaged (11ms)
			SetLoadedEditorAssemblies (5ms)
			RefreshPlugins (0ms)
			BeforeProcessingInitializeOnLoad (2ms)
			ProcessInitializeOnLoadAttributes (118ms)
			ProcessInitializeOnLoadMethodAttributes (46ms)
			AfterProcessingInitializeOnLoad (0ms)
			EditorAssembliesLoaded (0ms)
		ExecutionOrderSort2 (0ms)
		AwakeInstancesAfterBackupRestoration (0ms)
========================================================================
Worker process is ready to serve import requests
Begin MonoManager ReloadAssembly
Symbol file LoadedFromMemory is not a mono symbol file
- Loaded All Assemblies, in  0.696 seconds
Refreshing native plugins compatible for Editor in 10.22 ms, found 3 plugins.
Native extension for WindowsStandalone target not found
Native extension for WebGL target not found
System.Exception: Error! Visual Scripting: couldn't find visual scripting package
  at Unity.VisualScripting.PackageVersionUtility.get_version () [0x00043] in .\Library\PackageCache\com.unity.visualscripting@1.9.0\Editor\VisualScripting.Core\Utilities\PackageVersionUtility.cs:31 
  at Unity.VisualScripting.BoltCoreManifest.get_version () [0x00000] in .\Library\PackageCache\com.unity.visualscripting@1.9.0\Editor\VisualScripting.Core\Plugin\BoltCoreManifest.cs:11 
  at Unity.VisualScripting.PluginManifest.get_currentVersion () [0x00000] in .\Library\PackageCache\com.unity.visualscripting@1.9.0\Editor\VisualScripting.Core\Plugins\PluginManifest.cs:33 
  at Unity.VisualScripting.PluginManifest.get_versionMismatch () [0x00000] in .\Library\PackageCache\com.unity.visualscripting@1.9.0\Editor\VisualScripting.Core\Plugins\PluginManifest.cs:48 
  at Unity.VisualScripting.PluginContainer.Initialize () [0x00525] in .\Library\PackageCache\com.unity.visualscripting@1.9.0\Editor\VisualScripting.Core\Plugins\PluginContainer.cs:208 
  at Unity.VisualScripting.PluginContainer.InitializeOnLoad () [0x00009] in .\Library\PackageCache\com.unity.visualscripting@1.9.0\Editor\VisualScripting.Core\Plugins\PluginContainer.cs:32 
  at Unity.VisualScripting.VSUsageUtility.DoInitializeOnLoadCalls () [0x00034] in .\Library\PackageCache\com.unity.visualscripting@1.9.0\Editor\VisualScripting.Core\Utilities\VSUsageUtility.cs:76 
  at Unity.VisualScripting.VSUsageUtility.set_isVisualScriptingUsed (System.Boolean value) [0x0002c] in .\Library\PackageCache\com.unity.visualscripting@1.9.0\Editor\VisualScripting.Core\Utilities\VSUsageUtility.cs:114 
  at Unity.VisualScripting.VSUsageUtility.CheckAndSetIsVisualScriptingUsed () [0x00032] in .\Library\PackageCache\com.unity.visualscripting@1.9.0\Editor\VisualScripting.Core\Utilities\VSUsageUtility.cs:48 
  at Unity.VisualScripting.VSUsageUtility..cctor () [0x00000] in .\Library\PackageCache\com.unity.visualscripting@1.9.0\Editor\VisualScripting.Core\Utilities\VSUsageUtility.cs:22 
UnityEngine.StackTraceUtility:ExtractStackTrace ()
UnityEngine.DebugLogHandler:LogFormat (UnityEngine.LogType,UnityEngine.Object,string,object[])
UnityEngine.Logger:Log (UnityEngine.LogType,object)
UnityEngine.Debug:LogError (object)
UnityEditor.EditorAssemblies:ProcessInitializeOnLoadAttributes (System.Type[])

Package Manager log level set to [2]
[Package Manager] Server::EnsureServerProcessIsRunning -- launch failed, reason: Unity was launched with the -noUpm command-line argument
[Package Manager] UpmClient::Send -- Unable to send message (not connected to UPM process).
[Package Manager] Cannot connect to Unity Package Manager local server
Mono: successfully reloaded assembly
- Finished resetting the current domain, in  1.078 seconds
Domain Reload Profiling: 1767ms
	BeginReloadAssembly (133ms)
		ExecutionOrderSort (0ms)
		DisableScriptedObjects (5ms)
		BackupInstance (0ms)
		ReleaseScriptingObjects (0ms)
		CreateAndSetChildDomain (18ms)
	RebuildCommonClasses (30ms)
	RebuildNativeTypeToScriptingClass (10ms)
	initialDomainReloadingComplete (41ms)
	LoadAllAssembliesAndSetupDomain (476ms)
		LoadAssemblies (346ms)
		RebuildTransferFunctionScriptingTraits (0ms)
		AnalyzeDomain (209ms)
			TypeCache.Refresh (179ms)
				TypeCache.ScanAssembly (162ms)
			ScanForSourceGeneratedMonoScriptInfo (24ms)
			ResolveRequiredComponents (5ms)
	FinalizeReload (1078ms)
		ReleaseScriptCaches (0ms)
		RebuildScriptCaches (0ms)
		SetupLoadedEditorAssemblies (941ms)
			LogAssemblyErrors (0ms)
			InitializePlatformSupportModulesInManaged (8ms)
			SetLoadedEditorAssemblies (3ms)
			RefreshPlugins (0ms)
			BeforeProcessingInitializeOnLoad (82ms)
			ProcessInitializeOnLoadAttributes (727ms)
			ProcessInitializeOnLoadMethodAttributes (112ms)
			AfterProcessingInitializeOnLoad (10ms)
			EditorAssembliesLoaded (0ms)
		ExecutionOrderSort2 (0ms)
		AwakeInstancesAfterBackupRestoration (6ms)
Launched and connected shader compiler UnityShaderCompiler.exe after 0.03 seconds
Refreshing native plugins compatible for Editor in 10.52 ms, found 3 plugins.
Preloading 0 native plugins for Editor in 0.00 ms.
Unloading 5307 Unused Serialized files (Serialized files now loaded: 0)
Unloading 86 unused Assets / (1.6 MB). Loaded Objects now: 5731.
Memory consumption went from 183.7 MB to 182.1 MB.
Total: 12.395400 ms (FindLiveObjects: 0.360500 ms CreateObjectMapping: 0.374700 ms MarkObjects: 11.314500 ms  DeleteObjects: 0.345100 ms)

AssetImportParameters requested are different than current active one (requested -> active):
  custom:container-demuxer-ogg: 62fdf1f143b41e24485cea50d1cbac27 -> 
  custom:video-decoder-ogg-theora: a1e56fd34408186e4bbccfd4996cb3dc -> 
  custom:framework-win-MediaFoundation: 216162199b28c13a410421893ffa2e32 -> 
  custom:CustomObjectIndexerAttribute: 756ad292c208cfabdd7b50bc23989ffe -> 
  custom:container-demuxer-webm: 4f35f7cbe854078d1ac9338744f61a02 -> 
  custom:container-muxer-webm: aa71ff27fc2769a1b78a27578f13a17b -> 
  custom:video-decoder-webm-vp8: 9c59270c3fd7afecdb556c50c9e8de78 -> 
  custom:SearchIndexIgnoredProperties: e643bd26f0fe6173181afceb89e7c659 -> 
  custom:AudioImporter_EditorPlatform: d09bf68614088b80899f8185d706f6e7 -> 
  custom:video-encoder-webm-vp8: eb34c28f22e8b96e1ab97ce403110664 -> 
  custom:audio-decoder-ogg-vorbis: bf7c407c2cedff20999df2af8eb42d56 -> 
  custom:audio-encoder-webm-vorbis: bf7c407c2cedff20999df2af8eb42d56 -> 
========================================================================
Received Import Request.
  Time since last request: 1382281.274407 seconds.
  path: Assets/CB/Assets/Props/Batch1/Meshes/CoffeeBeanBag.fbx
  artifactKey: Guid(48d48b3d095b4c74e8dc546faf9dc443) Importer(815301076,1909f56bfc062723c751e8b465ee728b)
Start importing Assets/CB/Assets/Props/Batch1/Meshes/CoffeeBeanBag.fbx using Guid(48d48b3d095b4c74e8dc546faf9dc443) Importer(815301076,1909f56bfc062723c751e8b465ee728b)  -> (artifact id: 'c9ce30786bea812633694a88b9c5173f') in 0.190883 seconds
Number of updated asset objects reloaded before import = 0
Number of asset objects unloaded after import = 17
========================================================================
Received Import Request.
  Time since last request: 3.020545 seconds.
  path: Assets/CB/Assets/Materials/M_Labels1.mat
  artifactKey: Guid(cf808fae6f6387447ab9b2ed7aa98466) Importer(815301076,1909f56bfc062723c751e8b465ee728b)
Start importing Assets/CB/Assets/Materials/M_Labels1.mat using Guid(cf808fae6f6387447ab9b2ed7aa98466) Importer(815301076,1909f56bfc062723c751e8b465ee728b)  -> (artifact id: 'c112887d3b016e951d3169374f0459bb') in 0.020604 seconds
Number of updated asset objects reloaded before import = 0
Number of asset objects unloaded after import = 2
========================================================================
Received Import Request.
  Time since last request: 0.000013 seconds.
  path: Assets/CB/Assets/Materials/SG_Labels.shadergraph
  artifactKey: Guid(150b14ba0de300d49ae4974eec2391aa) Importer(815301076,1909f56bfc062723c751e8b465ee728b)
Start importing Assets/CB/Assets/Materials/SG_Labels.shadergraph using Guid(150b14ba0de300d49ae4974eec2391aa) Importer(815301076,1909f56bfc062723c751e8b465ee728b)  -> (artifact id: '68c6817d5ae983bbc17e103e4d557c51') in 0.018879 seconds
Number of updated asset objects reloaded before import = 0
Number of asset objects unloaded after import = 2
========================================================================
Received Import Request.
  Time since last request: 4.962718 seconds.
  path: Assets/CB/Assets/Props/Batch1/Meshes/CoffeeBeanBag.fbx
  artifactKey: Guid(48d48b3d095b4c74e8dc546faf9dc443) Importer(815301076,1909f56bfc062723c751e8b465ee728b)
Start importing Assets/CB/Assets/Props/Batch1/Meshes/CoffeeBeanBag.fbx using Guid(48d48b3d095b4c74e8dc546faf9dc443) Importer(815301076,1909f56bfc062723c751e8b465ee728b)  -> (artifact id: '065b7cf0070c4ff98090ef0cf32ecff1') in 0.034931 seconds
Number of updated asset objects reloaded before import = 0
Number of asset objects unloaded after import = 22
========================================================================
Received Import Request.
  Time since last request: 10.248140 seconds.
  path: Assets/CB/Assets/Props/Batch1/Meshes/InkBottle.fbx
  artifactKey: Guid(7880f277d448d9743afabe7812c8d425) Importer(815301076,1909f56bfc062723c751e8b465ee728b)
Start importing Assets/CB/Assets/Props/Batch1/Meshes/InkBottle.fbx using Guid(7880f277d448d9743afabe7812c8d425) Importer(815301076,1909f56bfc062723c751e8b465ee728b)  -> (artifact id: 'aca7d09ad84b028d61344290bb049ac6') in 0.036993 seconds
Number of updated asset objects reloaded before import = 0
Number of asset objects unloaded after import = 27
========================================================================
Received Import Request.
  Time since last request: 53.412601 seconds.
  path: Assets/CB/Assets/Props/Batch1/Meshes/InkBottle.fbx
  artifactKey: Guid(7880f277d448d9743afabe7812c8d425) Importer(815301076,1909f56bfc062723c751e8b465ee728b)
Start importing Assets/CB/Assets/Props/Batch1/Meshes/InkBottle.fbx using Guid(7880f277d448d9743afabe7812c8d425) Importer(815301076,1909f56bfc062723c751e8b465ee728b)  -> (artifact id: '5ece3e1a0b79dbf09917e712c5f44df6') in 0.038019 seconds
Number of updated asset objects reloaded before import = 0
Number of asset objects unloaded after import = 22
========================================================================
Received Import Request.
  Time since last request: 6.454537 seconds.
  path: Assets/CB/Assets/Props/Batch1/Meshes/InkBottle.fbx
  artifactKey: Guid(7880f277d448d9743afabe7812c8d425) Importer(815301076,1909f56bfc062723c751e8b465ee728b)
Start importing Assets/CB/Assets/Props/Batch1/Meshes/InkBottle.fbx using Guid(7880f277d448d9743afabe7812c8d425) Importer(815301076,1909f56bfc062723c751e8b465ee728b)  -> (artifact id: 'b34473c2e82aebfe321109b99f49a161') in 0.034152 seconds
Number of updated asset objects reloaded before import = 0
Number of asset objects unloaded after import = 27
========================================================================
Received Import Request.
  Time since last request: 20.505057 seconds.
  path: Assets/CB/Assets/Props/Batch1/Meshes/Receipts.fbx
  artifactKey: Guid(5384811a431f3da47810c23af1ac205d) Importer(815301076,1909f56bfc062723c751e8b465ee728b)
Start importing Assets/CB/Assets/Props/Batch1/Meshes/Receipts.fbx using Guid(5384811a431f3da47810c23af1ac205d) Importer(815301076,1909f56bfc062723c751e8b465ee728b)  -> (artifact id: '279bdab4d2bdf5fe21e0d2170a1b4346') in 0.015807 seconds
Number of updated asset objects reloaded before import = 0
Number of asset objects unloaded after import = 9
========================================================================
Received Import Request.
  Time since last request: 726.769908 seconds.
  path: Assets/CB/Assets/Props/Batch1/Meshes/Receipts.fbx
  artifactKey: Guid(5384811a431f3da47810c23af1ac205d) Importer(815301076,1909f56bfc062723c751e8b465ee728b)
Start importing Assets/CB/Assets/Props/Batch1/Meshes/Receipts.fbx using Guid(5384811a431f3da47810c23af1ac205d) Importer(815301076,1909f56bfc062723c751e8b465ee728b)  -> (artifact id: 'd493f8b6665c8b712158dca333798f54') in 0.022703 seconds
Number of updated asset objects reloaded before import = 0
Number of asset objects unloaded after import = 9
========================================================================
Received Import Request.
  Time since last request: 7.260978 seconds.
  path: Assets/CB/Assets/Props/Batch1/Meshes/Receipts.fbx
  artifactKey: Guid(5384811a431f3da47810c23af1ac205d) Importer(815301076,1909f56bfc062723c751e8b465ee728b)
Start importing Assets/CB/Assets/Props/Batch1/Meshes/Receipts.fbx using Guid(5384811a431f3da47810c23af1ac205d) Importer(815301076,1909f56bfc062723c751e8b465ee728b)  -> (artifact id: '3800e3d35f066419fe6f581ca0477f81') in 0.017502 seconds
Number of updated asset objects reloaded before import = 0
Number of asset objects unloaded after import = 9
========================================================================
Received Import Request.
  Time since last request: 11135.808957 seconds.
  path: Assets/CB/Assets/Props/Batch1/Meshes/BigCandle.fbx
  artifactKey: Guid(013a2bfb1fc69f5499751ba7164668e7) Importer(815301076,1909f56bfc062723c751e8b465ee728b)
Start importing Assets/CB/Assets/Props/Batch1/Meshes/BigCandle.fbx using Guid(013a2bfb1fc69f5499751ba7164668e7) Importer(815301076,1909f56bfc062723c751e8b465ee728b)  -> (artifact id: '7d3f75d8b92869937f21ee38b982fd9a') in 1.071967 seconds
Number of updated asset objects reloaded before import = 1
Number of asset objects unloaded after import = 20
========================================================================
Received Import Request.
  Time since last request: 0.000069 seconds.
  path: Assets/CB/Assets/Props/Batch1/Meshes/CoffeeCup.fbx
  artifactKey: Guid(655617c57792f4448a65d40efd65fe9e) Importer(815301076,1909f56bfc062723c751e8b465ee728b)
Start importing Assets/CB/Assets/Props/Batch1/Meshes/CoffeeCup.fbx using Guid(655617c57792f4448a65d40efd65fe9e) Importer(815301076,1909f56bfc062723c751e8b465ee728b)  -> (artifact id: '0e7d78947c5a7dd4b8a7e890f61e00ef') in 0.037429 seconds
Number of updated asset objects reloaded before import = 0
Number of asset objects unloaded after import = 13
========================================================================
Received Import Request.
  Time since last request: 0.000025 seconds.
  path: Assets/CB/Assets/Props/Batch1/Meshes/SSWNCard.fbx
  artifactKey: Guid(6e7775c716eb8274a921a67e7697ed9c) Importer(815301076,1909f56bfc062723c751e8b465ee728b)
Start importing Assets/CB/Assets/Props/Batch1/Meshes/SSWNCard.fbx using Guid(6e7775c716eb8274a921a67e7697ed9c) Importer(815301076,1909f56bfc062723c751e8b465ee728b)  -> (artifact id: '79eea6a8607d8f1b3e8148992f1ddd8d') in 0.025614 seconds
Number of updated asset objects reloaded before import = 0
Number of asset objects unloaded after import = 13
========================================================================
Received Import Request.
  Time since last request: 0.000020 seconds.
  path: Assets/CB/Assets/Props/Batch1/Meshes/CoffeeCupPlate.fbx
  artifactKey: Guid(04393e563cbaf1440bcb610b0b3bbd36) Importer(815301076,1909f56bfc062723c751e8b465ee728b)
Start importing Assets/CB/Assets/Props/Batch1/Meshes/CoffeeCupPlate.fbx using Guid(04393e563cbaf1440bcb610b0b3bbd36) Importer(815301076,1909f56bfc062723c751e8b465ee728b)  -> (artifact id: '20c5797f87bd1b5fff510e58086224bc') in 0.023834 seconds
Number of updated asset objects reloaded before import = 0
Number of asset objects unloaded after import = 13
========================================================================
Received Import Request.
  Time since last request: 0.000013 seconds.
  path: Assets/CB/Assets/Props/Batch1/Meshes/CoffeeMaker.fbx
  artifactKey: Guid(9b5a48e11a5e6174f99122b5fb22551b) Importer(815301076,1909f56bfc062723c751e8b465ee728b)
Start importing Assets/CB/Assets/Props/Batch1/Meshes/CoffeeMaker.fbx using Guid(9b5a48e11a5e6174f99122b5fb22551b) Importer(815301076,1909f56bfc062723c751e8b465ee728b)  -> (artifact id: '4ae4945fa48a63ccc28066f9b1c43e05') in 0.085064 seconds
Number of updated asset objects reloaded before import = 0
Number of asset objects unloaded after import = 51
========================================================================
Received Import Request.
  Time since last request: 0.000015 seconds.
  path: Assets/CB/Assets/Props/Batch1/Meshes/FeatherPen.fbx
  artifactKey: Guid(5c5c735e35b1aaf41a429f7c87dea4be) Importer(815301076,1909f56bfc062723c751e8b465ee728b)
Start importing Assets/CB/Assets/Props/Batch1/Meshes/FeatherPen.fbx using Guid(5c5c735e35b1aaf41a429f7c87dea4be) Importer(815301076,1909f56bfc062723c751e8b465ee728b)  -> (artifact id: '2e47dfed9e075f24c71d6fabe6dcd668') in 0.049724 seconds
Number of updated asset objects reloaded before import = 0
Number of asset objects unloaded after import = 30
========================================================================
Received Import Request.
  Time since last request: 0.000013 seconds.
  path: Assets/CB/Assets/Props/Batch1/Meshes/SmallCandle.fbx
  artifactKey: Guid(3527e43eb38f96c4fbb2aac57a0d948c) Importer(815301076,1909f56bfc062723c751e8b465ee728b)
Start importing Assets/CB/Assets/Props/Batch1/Meshes/SmallCandle.fbx using Guid(3527e43eb38f96c4fbb2aac57a0d948c) Importer(815301076,1909f56bfc062723c751e8b465ee728b)  -> (artifact id: '9f526c3394dcf36ff97b5cbbe6049b05') in 0.032812 seconds
Number of updated asset objects reloaded before import = 0
Number of asset objects unloaded after import = 20
========================================================================
Received Import Request.
  Time since last request: 0.000015 seconds.
  path: Assets/CB/Assets/Props/Batch1/Meshes/SmokeDetector.fbx
  artifactKey: Guid(b9cef9a1d376d514590e42ae8dfe8dfb) Importer(815301076,1909f56bfc062723c751e8b465ee728b)
Start importing Assets/CB/Assets/Props/Batch1/Meshes/SmokeDetector.fbx using Guid(b9cef9a1d376d514590e42ae8dfe8dfb) Importer(815301076,1909f56bfc062723c751e8b465ee728b)  -> (artifact id: 'bafc109bd07cb3ddd32a1588334db964') in 0.023822 seconds
Number of updated asset objects reloaded before import = 0
Number of asset objects unloaded after import = 13
========================================================================
Received Import Request.
  Time since last request: 0.000020 seconds.
  path: Assets/CB/Assets/Props/Batch1/Meshes/TripleCandleHolder.fbx
  artifactKey: Guid(ecfa76df7041d2b4fb7c36966c802ebc) Importer(815301076,1909f56bfc062723c751e8b465ee728b)
Start importing Assets/CB/Assets/Props/Batch1/Meshes/TripleCandleHolder.fbx using Guid(ecfa76df7041d2b4fb7c36966c802ebc) Importer(815301076,1909f56bfc062723c751e8b465ee728b)  -> (artifact id: '9665338cef30b628b4d669138151e831') in 0.058687 seconds
Number of updated asset objects reloaded before import = 0
Number of asset objects unloaded after import = 38
========================================================================
Received Import Request.
  Time since last request: 0.000016 seconds.
  path: Assets/CB/Assets/Props/Batch1/Meshes/LongCandleHolder.fbx
  artifactKey: Guid(e6fa28ba441f1b745bee88bd3693439b) Importer(815301076,1909f56bfc062723c751e8b465ee728b)
Start importing Assets/CB/Assets/Props/Batch1/Meshes/LongCandleHolder.fbx using Guid(e6fa28ba441f1b745bee88bd3693439b) Importer(815301076,1909f56bfc062723c751e8b465ee728b)  -> (artifact id: 'e8fe63407322f56447b6965578af08b6') in 0.022700 seconds
Number of updated asset objects reloaded before import = 0
Number of asset objects unloaded after import = 13
Editor requested this worker to shutdown with reason: Scaling down because of idle timeout
TcpMessagingSession - receive error: operation aborted. errorcode: 995, details: The I/O operation has been aborted because of either a thread exit or an application request.
AssetImportWorker is now disconnected from the server
Process exiting
Exiting without the bug reporter. Application will terminate with return code 0