Using pre-set license
Built from '2022.3/staging' branch; Version is '2022.3.10f1 (ff3792e53c62) revision 16725906'; Using compiler version '192829333'; Build Type 'Release'
OS: 'Windows 10  (10.0.19045) 64bit Core' Language: 'en' Physical Memory: 16246 MB
BatchMode: 1, IsHumanControllingUs: 0, StartBugReporterOnCrash: 0, Is64bit: 1, IsPro: 1

COMMAND LINE ARGUMENTS:
C:\Program Files\Unity\Hub\Editor\2022.3.10f1\Editor\Unity.exe
-adb2
-batchMode
-noUpm
-name
AssetImportWorker40
-projectPath
C:/Users/Diogo Castelo Branco/Desktop/PirateGameJam/Github/Wizard-LLC
-logFile
Logs/AssetImportWorker40.log
-srvPort
51912
Successfully changed project path to: C:/Users/Diogo Castelo Branco/Desktop/PirateGameJam/Github/Wizard-LLC
C:/Users/Diogo Castelo Branco/Desktop/PirateGameJam/Github/Wizard-LLC
[UnityMemory] Configuration Parameters - Can be set up in boot.config
    "memorysetup-bucket-allocator-granularity=16"
    "memorysetup-bucket-allocator-bucket-count=8"
    "memorysetup-bucket-allocator-block-size=33554432"
    "memorysetup-bucket-allocator-block-count=8"
    "memorysetup-main-allocator-block-size=16777216"
    "memorysetup-thread-allocator-block-size=16777216"
    "memorysetup-gfx-main-allocator-block-size=16777216"
    "memorysetup-gfx-thread-allocator-block-size=16777216"
    "memorysetup-cache-allocator-block-size=4194304"
    "memorysetup-typetree-allocator-block-size=2097152"
    "memorysetup-profiler-bucket-allocator-granularity=16"
    "memorysetup-profiler-bucket-allocator-bucket-count=8"
    "memorysetup-profiler-bucket-allocator-block-size=33554432"
    "memorysetup-profiler-bucket-allocator-block-count=8"
    "memorysetup-profiler-allocator-block-size=16777216"
    "memorysetup-profiler-editor-allocator-block-size=1048576"
    "memorysetup-temp-allocator-size-main=16777216"
    "memorysetup-job-temp-allocator-block-size=2097152"
    "memorysetup-job-temp-allocator-block-size-background=1048576"
    "memorysetup-job-temp-allocator-reduction-small-platforms=262144"
    "memorysetup-allocator-temp-initial-block-size-main=262144"
    "memorysetup-allocator-temp-initial-block-size-worker=262144"
    "memorysetup-temp-allocator-size-background-worker=32768"
    "memorysetup-temp-allocator-size-job-worker=262144"
    "memorysetup-temp-allocator-size-preload-manager=33554432"
    "memorysetup-temp-allocator-size-nav-mesh-worker=65536"
    "memorysetup-temp-allocator-size-audio-worker=65536"
    "memorysetup-temp-allocator-size-cloud-worker=32768"
    "memorysetup-temp-allocator-size-gi-baking-worker=262144"
    "memorysetup-temp-allocator-size-gfx=262144"
Player connection [26512] Host "[IP] 192.168.1.70 [Port] 0 [Flags] 2 [Guid] 511135000 [EditorId] 511135000 [Version] 1048832 [Id] WindowsEditor(7,DESKTOP-R82JVO4) [Debug] 1 [PackageName] WindowsEditor [ProjectName] Editor" joined multi-casting on [225.0.0.222:54997]...

Player connection [26512] Host "[IP] 192.168.1.70 [Port] 0 [Flags] 2 [Guid] 511135000 [EditorId] 511135000 [Version] 1048832 [Id] WindowsEditor(7,DESKTOP-R82JVO4) [Debug] 1 [PackageName] WindowsEditor [ProjectName] Editor" joined alternative multi-casting on [225.0.0.222:34997]...

[Physics::Module] Initialized MultithreadedJobDispatcher with 7 workers.
Refreshing native plugins compatible for Editor in 22.96 ms, found 3 plugins.
Preloading 0 native plugins for Editor in 0.00 ms.
Initialize engine version: 2022.3.10f1 (ff3792e53c62)
[Subsystems] Discovering subsystems at path C:/Program Files/Unity/Hub/Editor/2022.3.10f1/Editor/Data/Resources/UnitySubsystems
[Subsystems] Discovering subsystems at path C:/Users/Diogo Castelo Branco/Desktop/PirateGameJam/Github/Wizard-LLC/Assets
GfxDevice: creating device client; threaded=0; jobified=0
Direct3D:
    Version:  Direct3D 11.0 [level 11.1]
    Renderer: NVIDIA GeForce RTX 2070 SUPER (ID=0x1e84)
    Vendor:   NVIDIA
    VRAM:     7989 MB
    Driver:   31.0.15.5222
Initialize mono
Mono path[0] = 'C:/Program Files/Unity/Hub/Editor/2022.3.10f1/Editor/Data/Managed'
Mono path[1] = 'C:/Program Files/Unity/Hub/Editor/2022.3.10f1/Editor/Data/MonoBleedingEdge/lib/mono/unityjit-win32'
Mono config path = 'C:/Program Files/Unity/Hub/Editor/2022.3.10f1/Editor/Data/MonoBleedingEdge/etc'
Using monoOptions --debugger-agent=transport=dt_socket,embedding=1,server=y,suspend=n,address=127.0.0.1:56240
Begin MonoManager ReloadAssembly
Registering precompiled unity dll's ...
Register platform support module: C:/Program Files/Unity/Hub/Editor/2022.3.10f1/Editor/Data/PlaybackEngines/WebGLSupport/UnityEditor.WebGL.Extensions.dll
Register platform support module: C:/Program Files/Unity/Hub/Editor/2022.3.10f1/Editor/Data/PlaybackEngines/WindowsStandaloneSupport/UnityEditor.WindowsStandalone.Extensions.dll
Registered in 0.012887 seconds.
- Loaded All Assemblies, in  0.336 seconds
Native extension for WindowsStandalone target not found
Native extension for WebGL target not found
Mono: successfully reloaded assembly
- Finished resetting the current domain, in  0.254 seconds
Domain Reload Profiling: 588ms
	BeginReloadAssembly (103ms)
		ExecutionOrderSort (0ms)
		DisableScriptedObjects (0ms)
		BackupInstance (0ms)
		ReleaseScriptingObjects (0ms)
		CreateAndSetChildDomain (1ms)
	RebuildCommonClasses (31ms)
	RebuildNativeTypeToScriptingClass (10ms)
	initialDomainReloadingComplete (62ms)
	LoadAllAssembliesAndSetupDomain (128ms)
		LoadAssemblies (100ms)
		RebuildTransferFunctionScriptingTraits (0ms)
		AnalyzeDomain (126ms)
			TypeCache.Refresh (125ms)
				TypeCache.ScanAssembly (113ms)
			ScanForSourceGeneratedMonoScriptInfo (0ms)
			ResolveRequiredComponents (0ms)
	FinalizeReload (255ms)
		ReleaseScriptCaches (0ms)
		RebuildScriptCaches (0ms)
		SetupLoadedEditorAssemblies (197ms)
			LogAssemblyErrors (0ms)
			InitializePlatformSupportModulesInManaged (11ms)
			SetLoadedEditorAssemblies (5ms)
			RefreshPlugins (0ms)
			BeforeProcessingInitializeOnLoad (2ms)
			ProcessInitializeOnLoadAttributes (127ms)
			ProcessInitializeOnLoadMethodAttributes (51ms)
			AfterProcessingInitializeOnLoad (0ms)
			EditorAssembliesLoaded (0ms)
		ExecutionOrderSort2 (0ms)
		AwakeInstancesAfterBackupRestoration (0ms)
========================================================================
Worker process is ready to serve import requests
Begin MonoManager ReloadAssembly
Symbol file LoadedFromMemory is not a mono symbol file
- Loaded All Assemblies, in  0.784 seconds
Refreshing native plugins compatible for Editor in 10.75 ms, found 3 plugins.
Native extension for WindowsStandalone target not found
Native extension for WebGL target not found
System.Exception: Error! Visual Scripting: couldn't find visual scripting package
  at Unity.VisualScripting.PackageVersionUtility.get_version () [0x00043] in .\Library\PackageCache\com.unity.visualscripting@1.9.0\Editor\VisualScripting.Core\Utilities\PackageVersionUtility.cs:31 
  at Unity.VisualScripting.BoltCoreManifest.get_version () [0x00000] in .\Library\PackageCache\com.unity.visualscripting@1.9.0\Editor\VisualScripting.Core\Plugin\BoltCoreManifest.cs:11 
  at Unity.VisualScripting.PluginManifest.get_currentVersion () [0x00000] in .\Library\PackageCache\com.unity.visualscripting@1.9.0\Editor\VisualScripting.Core\Plugins\PluginManifest.cs:33 
  at Unity.VisualScripting.PluginManifest.get_versionMismatch () [0x00000] in .\Library\PackageCache\com.unity.visualscripting@1.9.0\Editor\VisualScripting.Core\Plugins\PluginManifest.cs:48 
  at Unity.VisualScripting.PluginContainer.Initialize () [0x00525] in .\Library\PackageCache\com.unity.visualscripting@1.9.0\Editor\VisualScripting.Core\Plugins\PluginContainer.cs:208 
  at Unity.VisualScripting.PluginContainer.InitializeOnLoad () [0x00009] in .\Library\PackageCache\com.unity.visualscripting@1.9.0\Editor\VisualScripting.Core\Plugins\PluginContainer.cs:32 
  at Unity.VisualScripting.VSUsageUtility.DoInitializeOnLoadCalls () [0x00034] in .\Library\PackageCache\com.unity.visualscripting@1.9.0\Editor\VisualScripting.Core\Utilities\VSUsageUtility.cs:76 
  at Unity.VisualScripting.VSUsageUtility.set_isVisualScriptingUsed (System.Boolean value) [0x0002c] in .\Library\PackageCache\com.unity.visualscripting@1.9.0\Editor\VisualScripting.Core\Utilities\VSUsageUtility.cs:114 
  at Unity.VisualScripting.VSUsageUtility.CheckAndSetIsVisualScriptingUsed () [0x00032] in .\Library\PackageCache\com.unity.visualscripting@1.9.0\Editor\VisualScripting.Core\Utilities\VSUsageUtility.cs:48 
  at Unity.VisualScripting.VSUsageUtility..cctor () [0x00000] in .\Library\PackageCache\com.unity.visualscripting@1.9.0\Editor\VisualScripting.Core\Utilities\VSUsageUtility.cs:22 
UnityEngine.StackTraceUtility:ExtractStackTrace ()
UnityEngine.DebugLogHandler:LogFormat (UnityEngine.LogType,UnityEngine.Object,string,object[])
UnityEngine.Logger:Log (UnityEngine.LogType,object)
UnityEngine.Debug:LogError (object)
UnityEditor.EditorAssemblies:ProcessInitializeOnLoadAttributes (System.Type[])

Package Manager log level set to [2]
[Package Manager] Server::EnsureServerProcessIsRunning -- launch failed, reason: Unity was launched with the -noUpm command-line argument
[Package Manager] UpmClient::Send -- Unable to send message (not connected to UPM process).
[Package Manager] Cannot connect to Unity Package Manager local server
Mono: successfully reloaded assembly
- Finished resetting the current domain, in  1.110 seconds
Domain Reload Profiling: 1887ms
	BeginReloadAssembly (154ms)
		ExecutionOrderSort (0ms)
		DisableScriptedObjects (5ms)
		BackupInstance (0ms)
		ReleaseScriptingObjects (0ms)
		CreateAndSetChildDomain (18ms)
	RebuildCommonClasses (33ms)
	RebuildNativeTypeToScriptingClass (10ms)
	initialDomainReloadingComplete (45ms)
	LoadAllAssembliesAndSetupDomain (535ms)
		LoadAssemblies (418ms)
		RebuildTransferFunctionScriptingTraits (0ms)
		AnalyzeDomain (216ms)
			TypeCache.Refresh (185ms)
				TypeCache.ScanAssembly (167ms)
			ScanForSourceGeneratedMonoScriptInfo (25ms)
			ResolveRequiredComponents (5ms)
	FinalizeReload (1110ms)
		ReleaseScriptCaches (0ms)
		RebuildScriptCaches (0ms)
		SetupLoadedEditorAssemblies (972ms)
			LogAssemblyErrors (0ms)
			InitializePlatformSupportModulesInManaged (8ms)
			SetLoadedEditorAssemblies (3ms)
			RefreshPlugins (0ms)
			BeforeProcessingInitializeOnLoad (83ms)
			ProcessInitializeOnLoadAttributes (756ms)
			ProcessInitializeOnLoadMethodAttributes (113ms)
			AfterProcessingInitializeOnLoad (9ms)
			EditorAssembliesLoaded (0ms)
		ExecutionOrderSort2 (0ms)
		AwakeInstancesAfterBackupRestoration (6ms)
Launched and connected shader compiler UnityShaderCompiler.exe after 0.03 seconds
Refreshing native plugins compatible for Editor in 10.38 ms, found 3 plugins.
Preloading 0 native plugins for Editor in 0.00 ms.
Unloading 5307 Unused Serialized files (Serialized files now loaded: 0)
Unloading 86 unused Assets / (1.6 MB). Loaded Objects now: 5732.
Memory consumption went from 183.8 MB to 182.2 MB.
Total: 13.364300 ms (FindLiveObjects: 0.357700 ms CreateObjectMapping: 0.329400 ms MarkObjects: 12.333000 ms  DeleteObjects: 0.343500 ms)

AssetImportParameters requested are different than current active one (requested -> active):
  custom:container-demuxer-ogg: 62fdf1f143b41e24485cea50d1cbac27 -> 
  custom:video-decoder-ogg-theora: a1e56fd34408186e4bbccfd4996cb3dc -> 
  custom:framework-win-MediaFoundation: 216162199b28c13a410421893ffa2e32 -> 
  custom:CustomObjectIndexerAttribute: 756ad292c208cfabdd7b50bc23989ffe -> 
  custom:container-demuxer-webm: 4f35f7cbe854078d1ac9338744f61a02 -> 
  custom:container-muxer-webm: aa71ff27fc2769a1b78a27578f13a17b -> 
  custom:video-decoder-webm-vp8: 9c59270c3fd7afecdb556c50c9e8de78 -> 
  custom:SearchIndexIgnoredProperties: e643bd26f0fe6173181afceb89e7c659 -> 
  custom:AudioImporter_EditorPlatform: d09bf68614088b80899f8185d706f6e7 -> 
  custom:video-encoder-webm-vp8: eb34c28f22e8b96e1ab97ce403110664 -> 
  custom:audio-decoder-ogg-vorbis: bf7c407c2cedff20999df2af8eb42d56 -> 
  custom:audio-encoder-webm-vorbis: bf7c407c2cedff20999df2af8eb42d56 -> 
========================================================================
Received Import Request.
  Time since last request: 1396998.883795 seconds.
  path: Assets/CB/Assets/Props/Batch1/Meshes/CoffeeBeanBag.fbx
  artifactKey: Guid(48d48b3d095b4c74e8dc546faf9dc443) Importer(815301076,1909f56bfc062723c751e8b465ee728b)
Start importing Assets/CB/Assets/Props/Batch1/Meshes/CoffeeBeanBag.fbx using Guid(48d48b3d095b4c74e8dc546faf9dc443) Importer(815301076,1909f56bfc062723c751e8b465ee728b)  -> (artifact id: '27f2f47d271f74786007456def4f4749') in 1.019634 seconds
Number of updated asset objects reloaded before import = 1
Number of asset objects unloaded after import = 17
========================================================================
Received Import Request.
  Time since last request: 0.000019 seconds.
  path: Assets/CB/Assets/Props/Batch1/Meshes/CoffeeCup.fbx
  artifactKey: Guid(655617c57792f4448a65d40efd65fe9e) Importer(815301076,1909f56bfc062723c751e8b465ee728b)
Start importing Assets/CB/Assets/Props/Batch1/Meshes/CoffeeCup.fbx using Guid(655617c57792f4448a65d40efd65fe9e) Importer(815301076,1909f56bfc062723c751e8b465ee728b)  -> (artifact id: '3959e5d9b01f6bcbc9ac8152b3112bff') in 0.020845 seconds
Number of updated asset objects reloaded before import = 0
Number of asset objects unloaded after import = 8
========================================================================
Received Import Request.
  Time since last request: 0.000094 seconds.
  path: Assets/CB/Assets/Props/Batch1/Meshes/CoffeeMaker.fbx
  artifactKey: Guid(9b5a48e11a5e6174f99122b5fb22551b) Importer(815301076,1909f56bfc062723c751e8b465ee728b)
Start importing Assets/CB/Assets/Props/Batch1/Meshes/CoffeeMaker.fbx using Guid(9b5a48e11a5e6174f99122b5fb22551b) Importer(815301076,1909f56bfc062723c751e8b465ee728b)  -> (artifact id: 'a69180716c56b621656e39a860ae884a') in 0.129339 seconds
Number of updated asset objects reloaded before import = 0
Number of asset objects unloaded after import = 46
========================================================================
Received Import Request.
  Time since last request: 0.000017 seconds.
  path: Assets/CB/Assets/Props/Batch1/Meshes/InkBottle.fbx
  artifactKey: Guid(7880f277d448d9743afabe7812c8d425) Importer(815301076,1909f56bfc062723c751e8b465ee728b)
Start importing Assets/CB/Assets/Props/Batch1/Meshes/InkBottle.fbx using Guid(7880f277d448d9743afabe7812c8d425) Importer(815301076,1909f56bfc062723c751e8b465ee728b)  -> (artifact id: 'a8911150fa25c3eba4fd1b16a7220409') in 0.043838 seconds
Number of updated asset objects reloaded before import = 0
Number of asset objects unloaded after import = 22
========================================================================
Received Import Request.
  Time since last request: 0.000013 seconds.
  path: Assets/CB/Assets/Props/Batch1/Meshes/SmokeDetector.fbx
  artifactKey: Guid(b9cef9a1d376d514590e42ae8dfe8dfb) Importer(815301076,1909f56bfc062723c751e8b465ee728b)
Start importing Assets/CB/Assets/Props/Batch1/Meshes/SmokeDetector.fbx using Guid(b9cef9a1d376d514590e42ae8dfe8dfb) Importer(815301076,1909f56bfc062723c751e8b465ee728b)  -> (artifact id: '2c85402790a62c7299e540a0bdff6b2d') in 0.011949 seconds
Number of updated asset objects reloaded before import = 0
Number of asset objects unloaded after import = 8
========================================================================
Received Import Request.
  Time since last request: 0.000016 seconds.
  path: Assets/CB/Assets/Props/Batch1/Meshes/OilCan.fbx
  artifactKey: Guid(21b361e5da9d7d74d8479446be6edbf1) Importer(815301076,1909f56bfc062723c751e8b465ee728b)
Start importing Assets/CB/Assets/Props/Batch1/Meshes/OilCan.fbx using Guid(21b361e5da9d7d74d8479446be6edbf1) Importer(815301076,1909f56bfc062723c751e8b465ee728b)  -> (artifact id: '0e6c55fa579cb67525dc26586691de22') in 0.035756 seconds
Number of updated asset objects reloaded before import = 0
Number of asset objects unloaded after import = 22
========================================================================
Received Import Request.
  Time since last request: 0.000017 seconds.
  path: Assets/CB/Assets/Props/Batch1/Meshes/Phone.fbx
  artifactKey: Guid(b97136df775273644aba0b91b607ac0b) Importer(815301076,1909f56bfc062723c751e8b465ee728b)
Start importing Assets/CB/Assets/Props/Batch1/Meshes/Phone.fbx using Guid(b97136df775273644aba0b91b607ac0b) Importer(815301076,1909f56bfc062723c751e8b465ee728b)  -> (artifact id: '7c4e851ae38d14fbfe43ddba5911a4b9') in 0.047671 seconds
Number of updated asset objects reloaded before import = 0
Number of asset objects unloaded after import = 26
========================================================================
Received Import Request.
  Time since last request: 4.968516 seconds.
  path: Assets/CB/Assets/Props/Batch1/Meshes/CoffeeCup.fbx
  artifactKey: Guid(655617c57792f4448a65d40efd65fe9e) Importer(815301076,1909f56bfc062723c751e8b465ee728b)
Start importing Assets/CB/Assets/Props/Batch1/Meshes/CoffeeCup.fbx using Guid(655617c57792f4448a65d40efd65fe9e) Importer(815301076,1909f56bfc062723c751e8b465ee728b)  -> (artifact id: '653f442744e2780b845bd9f7a422ef38') in 0.140358 seconds
Number of updated asset objects reloaded before import = 1
Number of asset objects unloaded after import = 8
========================================================================
Received Import Request.
  Time since last request: 0.000017 seconds.
  path: Assets/CB/Assets/Props/Batch1/Meshes/CoffeeMaker.fbx
  artifactKey: Guid(9b5a48e11a5e6174f99122b5fb22551b) Importer(815301076,1909f56bfc062723c751e8b465ee728b)
Start importing Assets/CB/Assets/Props/Batch1/Meshes/CoffeeMaker.fbx using Guid(9b5a48e11a5e6174f99122b5fb22551b) Importer(815301076,1909f56bfc062723c751e8b465ee728b)  -> (artifact id: '00d0a3441a1d31d22c1e96d980a16969') in 0.082812 seconds
Number of updated asset objects reloaded before import = 0
Number of asset objects unloaded after import = 46
========================================================================
Received Import Request.
  Time since last request: 0.000015 seconds.
  path: Assets/CB/Assets/Props/Batch1/Meshes/ShortCandleHolder.fbx
  artifactKey: Guid(0276a1165a2b7844ca106f8fe8828bdc) Importer(815301076,1909f56bfc062723c751e8b465ee728b)
Start importing Assets/CB/Assets/Props/Batch1/Meshes/ShortCandleHolder.fbx using Guid(0276a1165a2b7844ca106f8fe8828bdc) Importer(815301076,1909f56bfc062723c751e8b465ee728b)  -> (artifact id: '0a9d6cfa775a7bf47bc095439a22751d') in 0.019932 seconds
Number of updated asset objects reloaded before import = 0
Number of asset objects unloaded after import = 8
========================================================================
Received Import Request.
  Time since last request: 0.000022 seconds.
  path: Assets/CB/Assets/Props/Batch1/Meshes/Phone.fbx
  artifactKey: Guid(b97136df775273644aba0b91b607ac0b) Importer(815301076,1909f56bfc062723c751e8b465ee728b)
Start importing Assets/CB/Assets/Props/Batch1/Meshes/Phone.fbx using Guid(b97136df775273644aba0b91b607ac0b) Importer(815301076,1909f56bfc062723c751e8b465ee728b)  -> (artifact id: '7bed3093569a419febb98a544a507953') in 0.059637 seconds
Number of updated asset objects reloaded before import = 0
Number of asset objects unloaded after import = 26
========================================================================
Received Import Request.
  Time since last request: 147.000636 seconds.
  path: Assets/CB/Assets/Materials/M_PropsShader.mat
  artifactKey: Guid(5e940362d95d0724594e5bdc3f4663c4) Importer(815301076,1909f56bfc062723c751e8b465ee728b)
Start importing Assets/CB/Assets/Materials/M_PropsShader.mat using Guid(5e940362d95d0724594e5bdc3f4663c4) Importer(815301076,1909f56bfc062723c751e8b465ee728b)  -> (artifact id: '7cc2af0e898fc2719af7a0b504dabe3b') in 0.029755 seconds
Number of updated asset objects reloaded before import = 0
Number of asset objects unloaded after import = 6
========================================================================
Received Import Request.
  Time since last request: 47.527464 seconds.
  path: Assets/CB/Assets/Props/Batch1/Meshes/BigCandle.fbx
  artifactKey: Guid(013a2bfb1fc69f5499751ba7164668e7) Importer(815301076,1909f56bfc062723c751e8b465ee728b)
Start importing Assets/CB/Assets/Props/Batch1/Meshes/BigCandle.fbx using Guid(013a2bfb1fc69f5499751ba7164668e7) Importer(815301076,1909f56bfc062723c751e8b465ee728b)  -> (artifact id: '64c45712b3826cab0c1f8fb8f46853f0') in 0.064523 seconds
Number of updated asset objects reloaded before import = 0
Number of asset objects unloaded after import = 20
========================================================================
Received Import Request.
  Time since last request: 0.000016 seconds.
  path: Assets/CB/Assets/Props/Batch1/Meshes/CoffeeCup.fbx
  artifactKey: Guid(655617c57792f4448a65d40efd65fe9e) Importer(815301076,1909f56bfc062723c751e8b465ee728b)
Start importing Assets/CB/Assets/Props/Batch1/Meshes/CoffeeCup.fbx using Guid(655617c57792f4448a65d40efd65fe9e) Importer(815301076,1909f56bfc062723c751e8b465ee728b)  -> (artifact id: '04351b662c20e82a51f6b3dd9354f19c') in 0.037381 seconds
Number of updated asset objects reloaded before import = 0
Number of asset objects unloaded after import = 13
========================================================================
Received Import Request.
  Time since last request: 0.000089 seconds.
  path: Assets/CB/Assets/Props/Batch1/Meshes/SSWNCard.fbx
  artifactKey: Guid(6e7775c716eb8274a921a67e7697ed9c) Importer(815301076,1909f56bfc062723c751e8b465ee728b)
Start importing Assets/CB/Assets/Props/Batch1/Meshes/SSWNCard.fbx using Guid(6e7775c716eb8274a921a67e7697ed9c) Importer(815301076,1909f56bfc062723c751e8b465ee728b)  -> (artifact id: '8efd4a2cc56c1c2a9238c50c73c26763') in 0.039440 seconds
Number of updated asset objects reloaded before import = 0
Number of asset objects unloaded after import = 13
========================================================================
Received Import Request.
  Time since last request: 0.000015 seconds.
  path: Assets/CB/Assets/Props/Batch1/Meshes/CoffeeMaker.fbx
  artifactKey: Guid(9b5a48e11a5e6174f99122b5fb22551b) Importer(815301076,1909f56bfc062723c751e8b465ee728b)
Start importing Assets/CB/Assets/Props/Batch1/Meshes/CoffeeMaker.fbx using Guid(9b5a48e11a5e6174f99122b5fb22551b) Importer(815301076,1909f56bfc062723c751e8b465ee728b)  -> (artifact id: 'cbb3d118670cecd5f74b28f89f86ed17') in 0.109886 seconds
Number of updated asset objects reloaded before import = 0
Number of asset objects unloaded after import = 51
========================================================================
Received Import Request.
  Time since last request: 0.000046 seconds.
  path: Assets/CB/Assets/Props/Batch1/Meshes/InkBottle.fbx
  artifactKey: Guid(7880f277d448d9743afabe7812c8d425) Importer(815301076,1909f56bfc062723c751e8b465ee728b)
Start importing Assets/CB/Assets/Props/Batch1/Meshes/InkBottle.fbx using Guid(7880f277d448d9743afabe7812c8d425) Importer(815301076,1909f56bfc062723c751e8b465ee728b)  -> (artifact id: '9f632e363354a0b537079f3c3f88e1f2') in 0.053563 seconds
Number of updated asset objects reloaded before import = 0
Number of asset objects unloaded after import = 27
========================================================================
Received Import Request.
  Time since last request: 0.000749 seconds.
  path: Assets/CB/Assets/Props/Batch1/Meshes/ShortCandleHolder.fbx
  artifactKey: Guid(0276a1165a2b7844ca106f8fe8828bdc) Importer(815301076,1909f56bfc062723c751e8b465ee728b)
Start importing Assets/CB/Assets/Props/Batch1/Meshes/ShortCandleHolder.fbx using Guid(0276a1165a2b7844ca106f8fe8828bdc) Importer(815301076,1909f56bfc062723c751e8b465ee728b)  -> (artifact id: '7666ad2dcffd8a68b1c8614bb70c2d66') in 0.030013 seconds
Number of updated asset objects reloaded before import = 0
Number of asset objects unloaded after import = 13
========================================================================
Received Import Request.
  Time since last request: 0.000016 seconds.
  path: Assets/CB/Assets/Props/Batch1/Meshes/SmokeDetector.fbx
  artifactKey: Guid(b9cef9a1d376d514590e42ae8dfe8dfb) Importer(815301076,1909f56bfc062723c751e8b465ee728b)
Start importing Assets/CB/Assets/Props/Batch1/Meshes/SmokeDetector.fbx using Guid(b9cef9a1d376d514590e42ae8dfe8dfb) Importer(815301076,1909f56bfc062723c751e8b465ee728b)  -> (artifact id: 'c43d8e0b859957bf3e048a6f6d74fdc4') in 0.032998 seconds
Number of updated asset objects reloaded before import = 0
Number of asset objects unloaded after import = 13
========================================================================
Received Import Request.
  Time since last request: 0.000015 seconds.
  path: Assets/CB/Assets/Props/Batch1/Meshes/TripleCandleHolder.fbx
  artifactKey: Guid(ecfa76df7041d2b4fb7c36966c802ebc) Importer(815301076,1909f56bfc062723c751e8b465ee728b)
Start importing Assets/CB/Assets/Props/Batch1/Meshes/TripleCandleHolder.fbx using Guid(ecfa76df7041d2b4fb7c36966c802ebc) Importer(815301076,1909f56bfc062723c751e8b465ee728b)  -> (artifact id: 'a9494baef96d69d68f8b20f85db1ec97') in 0.063019 seconds
Number of updated asset objects reloaded before import = 0
Number of asset objects unloaded after import = 38
========================================================================
Received Import Request.
  Time since last request: 0.000015 seconds.
  path: Assets/CB/Assets/Props/Batch1/Meshes/LongCandleHolder.fbx
  artifactKey: Guid(e6fa28ba441f1b745bee88bd3693439b) Importer(815301076,1909f56bfc062723c751e8b465ee728b)
Start importing Assets/CB/Assets/Props/Batch1/Meshes/LongCandleHolder.fbx using Guid(e6fa28ba441f1b745bee88bd3693439b) Importer(815301076,1909f56bfc062723c751e8b465ee728b)  -> (artifact id: '099e010c54eddd95d7dd175913d5f2e6') in 0.030736 seconds
Number of updated asset objects reloaded before import = 0
Number of asset objects unloaded after import = 13
Editor requested this worker to shutdown with reason: Scaling down because of idle timeout
TcpMessagingSession - receive error: operation aborted. errorcode: 995, details: The I/O operation has been aborted because of either a thread exit or an application request.
AssetImportWorker is now disconnected from the server
Process exiting
Exiting without the bug reporter. Application will terminate with return code 0