Using pre-set license
Built from '2022.3/staging' branch; Version is '2022.3.10f1 (ff3792e53c62) revision 16725906'; Using compiler version '192829333'; Build Type 'Release'
OS: 'Windows 10  (10.0.19045) 64bit Professional' Language: 'de' Physical Memory: 16315 MB
BatchMode: 1, IsHumanControllingUs: 0, StartBugReporterOnCrash: 0, Is64bit: 1, IsPro: 1

COMMAND LINE ARGUMENTS:
C:\Program Files\Unity\Hub\Editor\2022.3.10f1\Editor\Unity.exe
-adb2
-batchMode
-noUpm
-name
AssetImportWorker13
-projectPath
E:/Arbeit/Projekte/GameJam/Wizard-LLC copy/Wizard-LLC
-logFile
Logs/AssetImportWorker13.log
-srvPort
61577
Successfully changed project path to: E:/Arbeit/Projekte/GameJam/Wizard-LLC copy/Wizard-LLC
E:/Arbeit/Projekte/GameJam/Wizard-LLC copy/Wizard-LLC
[UnityMemory] Configuration Parameters - Can be set up in boot.config
    "memorysetup-bucket-allocator-granularity=16"
    "memorysetup-bucket-allocator-bucket-count=8"
    "memorysetup-bucket-allocator-block-size=33554432"
    "memorysetup-bucket-allocator-block-count=8"
    "memorysetup-main-allocator-block-size=16777216"
    "memorysetup-thread-allocator-block-size=16777216"
    "memorysetup-gfx-main-allocator-block-size=16777216"
    "memorysetup-gfx-thread-allocator-block-size=16777216"
    "memorysetup-cache-allocator-block-size=4194304"
    "memorysetup-typetree-allocator-block-size=2097152"
    "memorysetup-profiler-bucket-allocator-granularity=16"
    "memorysetup-profiler-bucket-allocator-bucket-count=8"
    "memorysetup-profiler-bucket-allocator-block-size=33554432"
    "memorysetup-profiler-bucket-allocator-block-count=8"
    "memorysetup-profiler-allocator-block-size=16777216"
    "memorysetup-profiler-editor-allocator-block-size=1048576"
    "memorysetup-temp-allocator-size-main=16777216"
    "memorysetup-job-temp-allocator-block-size=2097152"
    "memorysetup-job-temp-allocator-block-size-background=1048576"
    "memorysetup-job-temp-allocator-reduction-small-platforms=262144"
    "memorysetup-allocator-temp-initial-block-size-main=262144"
    "memorysetup-allocator-temp-initial-block-size-worker=262144"
    "memorysetup-temp-allocator-size-background-worker=32768"
    "memorysetup-temp-allocator-size-job-worker=262144"
    "memorysetup-temp-allocator-size-preload-manager=33554432"
    "memorysetup-temp-allocator-size-nav-mesh-worker=65536"
    "memorysetup-temp-allocator-size-audio-worker=65536"
    "memorysetup-temp-allocator-size-cloud-worker=32768"
    "memorysetup-temp-allocator-size-gi-baking-worker=262144"
    "memorysetup-temp-allocator-size-gfx=262144"
Player connection [14384] Host "[IP] 192.168.0.114 [Port] 0 [Flags] 2 [Guid] 2255020000 [EditorId] 2255020000 [Version] 1048832 [Id] WindowsEditor(7,DESKTOP-QOLIB5E) [Debug] 1 [PackageName] WindowsEditor [ProjectName] Editor" joined multi-casting on [225.0.0.222:54997]...

Player connection [14384] Host "[IP] 192.168.0.114 [Port] 0 [Flags] 2 [Guid] 2255020000 [EditorId] 2255020000 [Version] 1048832 [Id] WindowsEditor(7,DESKTOP-QOLIB5E) [Debug] 1 [PackageName] WindowsEditor [ProjectName] Editor" joined alternative multi-casting on [225.0.0.222:34997]...

[Physics::Module] Initialized MultithreadedJobDispatcher with 11 workers.
Refreshing native plugins compatible for Editor in 21.73 ms, found 3 plugins.
Preloading 0 native plugins for Editor in 0.00 ms.
Initialize engine version: 2022.3.10f1 (ff3792e53c62)
[Subsystems] Discovering subsystems at path C:/Program Files/Unity/Hub/Editor/2022.3.10f1/Editor/Data/Resources/UnitySubsystems
[Subsystems] Discovering subsystems at path E:/Arbeit/Projekte/GameJam/Wizard-LLC copy/Wizard-LLC/Assets
GfxDevice: creating device client; threaded=0; jobified=0
Direct3D:
    Version:  Direct3D 11.0 [level 11.1]
    Renderer: NVIDIA GeForce GTX 1070 (ID=0x1b81)
    Vendor:   NVIDIA
    VRAM:     8067 MB
    Driver:   31.0.15.5186
Initialize mono
Mono path[0] = 'C:/Program Files/Unity/Hub/Editor/2022.3.10f1/Editor/Data/Managed'
Mono path[1] = 'C:/Program Files/Unity/Hub/Editor/2022.3.10f1/Editor/Data/MonoBleedingEdge/lib/mono/unityjit-win32'
Mono config path = 'C:/Program Files/Unity/Hub/Editor/2022.3.10f1/Editor/Data/MonoBleedingEdge/etc'
Using monoOptions --debugger-agent=transport=dt_socket,embedding=1,server=y,suspend=n,address=127.0.0.1:56436
Begin MonoManager ReloadAssembly
Registering precompiled unity dll's ...
Register platform support module: C:/Program Files/Unity/Hub/Editor/2022.3.10f1/Editor/Data/PlaybackEngines/WebGLSupport/UnityEditor.WebGL.Extensions.dll
Register platform support module: C:/Program Files/Unity/Hub/Editor/2022.3.10f1/Editor/Data/PlaybackEngines/WindowsStandaloneSupport/UnityEditor.WindowsStandalone.Extensions.dll
Registered in 0.020463 seconds.
- Loaded All Assemblies, in  0.482 seconds
Native extension for WindowsStandalone target not found
Native extension for WebGL target not found
Mono: successfully reloaded assembly
- Finished resetting the current domain, in  0.313 seconds
Domain Reload Profiling: 791ms
	BeginReloadAssembly (153ms)
		ExecutionOrderSort (0ms)
		DisableScriptedObjects (0ms)
		BackupInstance (0ms)
		ReleaseScriptingObjects (0ms)
		CreateAndSetChildDomain (1ms)
	RebuildCommonClasses (51ms)
	RebuildNativeTypeToScriptingClass (14ms)
	initialDomainReloadingComplete (90ms)
	LoadAllAssembliesAndSetupDomain (170ms)
		LoadAssemblies (148ms)
		RebuildTransferFunctionScriptingTraits (0ms)
		AnalyzeDomain (167ms)
			TypeCache.Refresh (166ms)
				TypeCache.ScanAssembly (149ms)
			ScanForSourceGeneratedMonoScriptInfo (0ms)
			ResolveRequiredComponents (1ms)
	FinalizeReload (313ms)
		ReleaseScriptCaches (0ms)
		RebuildScriptCaches (0ms)
		SetupLoadedEditorAssemblies (242ms)
			LogAssemblyErrors (0ms)
			InitializePlatformSupportModulesInManaged (18ms)
			SetLoadedEditorAssemblies (7ms)
			RefreshPlugins (0ms)
			BeforeProcessingInitializeOnLoad (3ms)
			ProcessInitializeOnLoadAttributes (155ms)
			ProcessInitializeOnLoadMethodAttributes (59ms)
			AfterProcessingInitializeOnLoad (0ms)
			EditorAssembliesLoaded (0ms)
		ExecutionOrderSort2 (0ms)
		AwakeInstancesAfterBackupRestoration (0ms)
========================================================================
Worker process is ready to serve import requests
Begin MonoManager ReloadAssembly
Symbol file LoadedFromMemory is not a mono symbol file
- Loaded All Assemblies, in  0.948 seconds
Refreshing native plugins compatible for Editor in 10.83 ms, found 3 plugins.
Native extension for WindowsStandalone target not found
Native extension for WebGL target not found
Package Manager log level set to [2]
[Package Manager] Server::EnsureServerProcessIsRunning -- launch failed, reason: Unity was launched with the -noUpm command-line argument
[Package Manager] UpmClient::Send -- Unable to send message (not connected to UPM process).
[Package Manager] Cannot connect to Unity Package Manager local server
Mono: successfully reloaded assembly
- Finished resetting the current domain, in  0.895 seconds
Domain Reload Profiling: 1839ms
	BeginReloadAssembly (216ms)
		ExecutionOrderSort (0ms)
		DisableScriptedObjects (9ms)
		BackupInstance (0ms)
		ReleaseScriptingObjects (0ms)
		CreateAndSetChildDomain (25ms)
	RebuildCommonClasses (43ms)
	RebuildNativeTypeToScriptingClass (15ms)
	initialDomainReloadingComplete (63ms)
	LoadAllAssembliesAndSetupDomain (606ms)
		LoadAssemblies (472ms)
		RebuildTransferFunctionScriptingTraits (0ms)
		AnalyzeDomain (255ms)
			TypeCache.Refresh (214ms)
				TypeCache.ScanAssembly (194ms)
			ScanForSourceGeneratedMonoScriptInfo (32ms)
			ResolveRequiredComponents (7ms)
	FinalizeReload (896ms)
		ReleaseScriptCaches (0ms)
		RebuildScriptCaches (0ms)
		SetupLoadedEditorAssemblies (709ms)
			LogAssemblyErrors (0ms)
			InitializePlatformSupportModulesInManaged (12ms)
			SetLoadedEditorAssemblies (4ms)
			RefreshPlugins (0ms)
			BeforeProcessingInitializeOnLoad (92ms)
			ProcessInitializeOnLoadAttributes (402ms)
			ProcessInitializeOnLoadMethodAttributes (179ms)
			AfterProcessingInitializeOnLoad (19ms)
			EditorAssembliesLoaded (0ms)
		ExecutionOrderSort2 (0ms)
		AwakeInstancesAfterBackupRestoration (7ms)
Launched and connected shader compiler UnityShaderCompiler.exe after 0.10 seconds
Refreshing native plugins compatible for Editor in 11.12 ms, found 3 plugins.
Preloading 0 native plugins for Editor in 0.00 ms.
Unloading 4205 Unused Serialized files (Serialized files now loaded: 0)
Unloading 75 unused Assets / (1.3 MB). Loaded Objects now: 4629.
Memory consumption went from 150.4 MB to 149.1 MB.
Total: 9.466300 ms (FindLiveObjects: 0.398400 ms CreateObjectMapping: 0.162500 ms MarkObjects: 8.428000 ms  DeleteObjects: 0.475500 ms)

AssetImportParameters requested are different than current active one (requested -> active):
  custom:container-demuxer-ogg: 62fdf1f143b41e24485cea50d1cbac27 -> 
  custom:video-decoder-ogg-theora: a1e56fd34408186e4bbccfd4996cb3dc -> 
  custom:framework-win-MediaFoundation: 216162199b28c13a410421893ffa2e32 -> 
  custom:CustomObjectIndexerAttribute: 756ad292c208cfabdd7b50bc23989ffe -> 
  custom:container-demuxer-webm: 4f35f7cbe854078d1ac9338744f61a02 -> 
  custom:container-muxer-webm: aa71ff27fc2769a1b78a27578f13a17b -> 
  custom:video-decoder-webm-vp8: 9c59270c3fd7afecdb556c50c9e8de78 -> 
  custom:SearchIndexIgnoredProperties: e643bd26f0fe6173181afceb89e7c659 -> 
  custom:AudioImporter_EditorPlatform: d09bf68614088b80899f8185d706f6e7 -> 
  custom:video-encoder-webm-vp8: eb34c28f22e8b96e1ab97ce403110664 -> 
  custom:audio-decoder-ogg-vorbis: bf7c407c2cedff20999df2af8eb42d56 -> 
  custom:audio-encoder-webm-vorbis: bf7c407c2cedff20999df2af8eb42d56 -> 
========================================================================
Received Import Request.
  Time since last request: 483782.590330 seconds.
  path: Assets/Dominik/Modular Mesh/Floor_8x8.fbx
  artifactKey: Guid(a13d5861e1f7dfa4f86bfae34e1c6ca0) Importer(815301076,1909f56bfc062723c751e8b465ee728b)
Start importing Assets/Dominik/Modular Mesh/Floor_8x8.fbx using Guid(a13d5861e1f7dfa4f86bfae34e1c6ca0) Importer(815301076,1909f56bfc062723c751e8b465ee728b)  -> (artifact id: 'b37290b93a51d814ff33fb98563a1399') in 0.152248 seconds
Number of updated asset objects reloaded before import = 0
Number of asset objects unloaded after import = 8
========================================================================
Received Import Request.
  Time since last request: 30.224258 seconds.
  path: Assets/Dominik/Modular Mesh/Wall_8x10_B.fbx
  artifactKey: Guid(246d6e6184cc86446a52b304284db2fc) Importer(815301076,1909f56bfc062723c751e8b465ee728b)
Start importing Assets/Dominik/Modular Mesh/Wall_8x10_B.fbx using Guid(246d6e6184cc86446a52b304284db2fc) Importer(815301076,1909f56bfc062723c751e8b465ee728b)  -> (artifact id: '85e381a1a978cc5337f7e31ec9f794e0') in 0.016191 seconds
Number of updated asset objects reloaded before import = 0
Number of asset objects unloaded after import = 8
========================================================================
Received Import Request.
  Time since last request: 49.640490 seconds.
  path: Assets/Dominik/Modular Mesh/Wall_8x10_B.fbx
  artifactKey: Guid(246d6e6184cc86446a52b304284db2fc) Importer(815301076,1909f56bfc062723c751e8b465ee728b)
Start importing Assets/Dominik/Modular Mesh/Wall_8x10_B.fbx using Guid(246d6e6184cc86446a52b304284db2fc) Importer(815301076,1909f56bfc062723c751e8b465ee728b)  -> (artifact id: '9103726d4173f4fdd83328815b1574f0') in 0.011480 seconds
Number of updated asset objects reloaded before import = 0
Number of asset objects unloaded after import = 8
========================================================================
Received Import Request.
  Time since last request: 78.028837 seconds.
  path: Assets/Dominik/Modular Mesh/Wall_8x10_A.fbx
  artifactKey: Guid(4fb3a9855b9340445b8c709c4dd3f468) Importer(815301076,1909f56bfc062723c751e8b465ee728b)
Start importing Assets/Dominik/Modular Mesh/Wall_8x10_A.fbx using Guid(4fb3a9855b9340445b8c709c4dd3f468) Importer(815301076,1909f56bfc062723c751e8b465ee728b)  -> (artifact id: '10405bc0723b6ad6c07f64e3e7cfcdc6') in 0.015671 seconds
Number of updated asset objects reloaded before import = 0
Number of asset objects unloaded after import = 8
========================================================================
Received Import Request.
  Time since last request: 5.537556 seconds.
  path: Assets/Dominik/Modular Mesh/Wall_4x10_A.fbx
  artifactKey: Guid(190f9b916e6e609438c3e18a9ab3fbb0) Importer(815301076,1909f56bfc062723c751e8b465ee728b)
Start importing Assets/Dominik/Modular Mesh/Wall_4x10_A.fbx using Guid(190f9b916e6e609438c3e18a9ab3fbb0) Importer(815301076,1909f56bfc062723c751e8b465ee728b)  -> (artifact id: '15ccf333367c97ab5c590aa988ca4619') in 0.015926 seconds
Number of updated asset objects reloaded before import = 0
Number of asset objects unloaded after import = 8
========================================================================
Received Import Request.
  Time since last request: 18.968039 seconds.
  path: Assets/Dominik/Modular Mesh/Wall_Door_8x10_A.fbx
  artifactKey: Guid(f62ee482a0ce6a04980d5054b8fdd055) Importer(815301076,1909f56bfc062723c751e8b465ee728b)
Start importing Assets/Dominik/Modular Mesh/Wall_Door_8x10_A.fbx using Guid(f62ee482a0ce6a04980d5054b8fdd055) Importer(815301076,1909f56bfc062723c751e8b465ee728b)  -> (artifact id: '6945c6a331bc9223b4fb1ffb513b0a0c') in 0.017421 seconds
Number of updated asset objects reloaded before import = 0
Number of asset objects unloaded after import = 8
========================================================================
Received Import Request.
  Time since last request: 496.093615 seconds.
  path: Assets/Dominik/Modular Mesh/Wall_Door_8x10_A.fbx
  artifactKey: Guid(f62ee482a0ce6a04980d5054b8fdd055) Importer(815301076,1909f56bfc062723c751e8b465ee728b)
Start importing Assets/Dominik/Modular Mesh/Wall_Door_8x10_A.fbx using Guid(f62ee482a0ce6a04980d5054b8fdd055) Importer(815301076,1909f56bfc062723c751e8b465ee728b)  -> (artifact id: '4b45e9816cff8502b5ed52e7e839d383') in 0.014945 seconds
Number of updated asset objects reloaded before import = 0
Number of asset objects unloaded after import = 8
========================================================================
Received Import Request.
  Time since last request: 17.232754 seconds.
  path: Assets/Dominik/Modular Mesh/Wall_4x10_A.fbx
  artifactKey: Guid(190f9b916e6e609438c3e18a9ab3fbb0) Importer(815301076,1909f56bfc062723c751e8b465ee728b)
Start importing Assets/Dominik/Modular Mesh/Wall_4x10_A.fbx using Guid(190f9b916e6e609438c3e18a9ab3fbb0) Importer(815301076,1909f56bfc062723c751e8b465ee728b)  -> (artifact id: '5894a6faa79ff00ccd8d48a3b60c6b76') in 0.010937 seconds
Number of updated asset objects reloaded before import = 0
Number of asset objects unloaded after import = 8
========================================================================
Received Import Request.
  Time since last request: 53.478206 seconds.
  path: Assets/Dominik/Modular Mesh/Stairs_5x8_B.fbx
  artifactKey: Guid(557511ba67627354184fc1e50f0661b5) Importer(815301076,1909f56bfc062723c751e8b465ee728b)
Start importing Assets/Dominik/Modular Mesh/Stairs_5x8_B.fbx using Guid(557511ba67627354184fc1e50f0661b5) Importer(815301076,1909f56bfc062723c751e8b465ee728b)  -> (artifact id: '88c75f2f74d584e73622fd6d79464b64') in 0.023721 seconds
Number of updated asset objects reloaded before import = 0
Number of asset objects unloaded after import = 8
========================================================================
Received Import Request.
  Time since last request: 119.739181 seconds.
  path: Assets/Dominik/Modular Mesh/Wall_Decoration_A.fbx
  artifactKey: Guid(413a82a3343d5034b9917a991f0d8693) Importer(815301076,1909f56bfc062723c751e8b465ee728b)
Start importing Assets/Dominik/Modular Mesh/Wall_Decoration_A.fbx using Guid(413a82a3343d5034b9917a991f0d8693) Importer(815301076,1909f56bfc062723c751e8b465ee728b)  -> (artifact id: '25212ba65ea9a08e7b1c5a93ed1095dd') in 0.022383 seconds
Number of updated asset objects reloaded before import = 0
Number of asset objects unloaded after import = 8
========================================================================
Received Import Request.
  Time since last request: 10.389274 seconds.
  path: Assets/Dominik/Modular Mesh/Wall_Doorframe_8x10_A.fbx
  artifactKey: Guid(284b25983f0d78042a324a4526e8c7b3) Importer(815301076,1909f56bfc062723c751e8b465ee728b)
Start importing Assets/Dominik/Modular Mesh/Wall_Doorframe_8x10_A.fbx using Guid(284b25983f0d78042a324a4526e8c7b3) Importer(815301076,1909f56bfc062723c751e8b465ee728b)  -> (artifact id: '418699a71d5655987ca215a6b20a8951') in 0.025971 seconds
Number of updated asset objects reloaded before import = 0
Number of asset objects unloaded after import = 8
========================================================================
Received Import Request.
  Time since last request: 83.490073 seconds.
  path: Assets/Dominik/Modular Mesh/Wall_Doorframe_8x10_B.fbx
  artifactKey: Guid(63390739c21f3ea46b398cd7bc0dd2b2) Importer(815301076,1909f56bfc062723c751e8b465ee728b)
Start importing Assets/Dominik/Modular Mesh/Wall_Doorframe_8x10_B.fbx using Guid(63390739c21f3ea46b398cd7bc0dd2b2) Importer(815301076,1909f56bfc062723c751e8b465ee728b)  -> (artifact id: 'a31b2b32c98801edf37828c20abe7380') in 0.021039 seconds
Number of updated asset objects reloaded before import = 0
Number of asset objects unloaded after import = 8
========================================================================
Received Import Request.
  Time since last request: 14.143161 seconds.
  path: Assets/Dominik/Modular Mesh/Wall_Door_8x10_B.fbx
  artifactKey: Guid(23d52c493f5e47d4d9f7f295a7442192) Importer(815301076,1909f56bfc062723c751e8b465ee728b)
Start importing Assets/Dominik/Modular Mesh/Wall_Door_8x10_B.fbx using Guid(23d52c493f5e47d4d9f7f295a7442192) Importer(815301076,1909f56bfc062723c751e8b465ee728b)  -> (artifact id: '593e67125615a3dbc973b37fe29ae00a') in 0.034692 seconds
Number of updated asset objects reloaded before import = 0
Number of asset objects unloaded after import = 8
========================================================================
Received Import Request.
  Time since last request: 15.601722 seconds.
  path: Assets/Dominik/Modular Mesh/Wall_Round_Arch_A.fbx
  artifactKey: Guid(49b20625a656cb9418aaec145fd0ed66) Importer(815301076,1909f56bfc062723c751e8b465ee728b)
Start importing Assets/Dominik/Modular Mesh/Wall_Round_Arch_A.fbx using Guid(49b20625a656cb9418aaec145fd0ed66) Importer(815301076,1909f56bfc062723c751e8b465ee728b)  -> (artifact id: 'be7fe365c6b05328ea313d75f308d282') in 0.023777 seconds
Number of updated asset objects reloaded before import = 0
Number of asset objects unloaded after import = 8
========================================================================
Received Import Request.
  Time since last request: 13.797662 seconds.
  path: Assets/Dominik/Modular Mesh/Wall_Round_Arch_Piece_A.fbx
  artifactKey: Guid(d3bec655bf3f1b848a0e022815b2d7bf) Importer(815301076,1909f56bfc062723c751e8b465ee728b)
Start importing Assets/Dominik/Modular Mesh/Wall_Round_Arch_Piece_A.fbx using Guid(d3bec655bf3f1b848a0e022815b2d7bf) Importer(815301076,1909f56bfc062723c751e8b465ee728b)  -> (artifact id: '6f023ce9458efd495ac5eef63ced8995') in 0.021001 seconds
Number of updated asset objects reloaded before import = 0
Number of asset objects unloaded after import = 8
========================================================================
Received Import Request.
  Time since last request: 23.941192 seconds.
  path: Assets/Dominik/Modular Mesh/Wall_Door_8x10_Right_B.fbx
  artifactKey: Guid(a9db78aef94e10d4bbc198c105cfebdc) Importer(815301076,1909f56bfc062723c751e8b465ee728b)
Start importing Assets/Dominik/Modular Mesh/Wall_Door_8x10_Right_B.fbx using Guid(a9db78aef94e10d4bbc198c105cfebdc) Importer(815301076,1909f56bfc062723c751e8b465ee728b)  -> (artifact id: 'b6919594050255f28b0d0f744345a81a') in 0.020095 seconds
Number of updated asset objects reloaded before import = 0
Number of asset objects unloaded after import = 8
========================================================================
Received Import Request.
  Time since last request: 9.615885 seconds.
  path: Assets/Dominik/Modular Mesh/Wall_Door_A.fbx
  artifactKey: Guid(4d89cc97fe56be245816afa5bc21ccf7) Importer(815301076,1909f56bfc062723c751e8b465ee728b)
Start importing Assets/Dominik/Modular Mesh/Wall_Door_A.fbx using Guid(4d89cc97fe56be245816afa5bc21ccf7) Importer(815301076,1909f56bfc062723c751e8b465ee728b)  -> (artifact id: 'dada3453f15b5fac25366108b771ffec') in 0.050818 seconds
Number of updated asset objects reloaded before import = 0
Number of asset objects unloaded after import = 9
========================================================================
Received Import Request.
  Time since last request: 8.779013 seconds.
  path: Assets/Dominik/Modular Mesh/Wall_Door_B.fbx
  artifactKey: Guid(87d502515c53d43488c07696ed0c5535) Importer(815301076,1909f56bfc062723c751e8b465ee728b)
Start importing Assets/Dominik/Modular Mesh/Wall_Door_B.fbx using Guid(87d502515c53d43488c07696ed0c5535) Importer(815301076,1909f56bfc062723c751e8b465ee728b)  -> (artifact id: '843d0e27ff0c7aa78c8da8e14f865a42') in 0.028264 seconds
Number of updated asset objects reloaded before import = 0
Number of asset objects unloaded after import = 9
========================================================================
Received Import Request.
  Time since last request: 461.194348 seconds.
  path: Assets/Dominik/Modular Mesh/Wall_Beam_Small_B.fbx
  artifactKey: Guid(d38998c89f148104ea55d2294308fb1f) Importer(815301076,1909f56bfc062723c751e8b465ee728b)
Start importing Assets/Dominik/Modular Mesh/Wall_Beam_Small_B.fbx using Guid(d38998c89f148104ea55d2294308fb1f) Importer(815301076,1909f56bfc062723c751e8b465ee728b)  -> (artifact id: 'c039f0bcd9f33068727ffaeec4fcff4a') in 0.017503 seconds
Number of updated asset objects reloaded before import = 0
Number of asset objects unloaded after import = 8
========================================================================
Received Import Request.
  Time since last request: 137.443696 seconds.
  path: Assets/Dominik/Modular Mesh/Wall_Beam_1x5_A.fbx
  artifactKey: Guid(5cb2d42819c589d4882dbdce6d749f28) Importer(815301076,1909f56bfc062723c751e8b465ee728b)
Start importing Assets/Dominik/Modular Mesh/Wall_Beam_1x5_A.fbx using Guid(5cb2d42819c589d4882dbdce6d749f28) Importer(815301076,1909f56bfc062723c751e8b465ee728b)  -> (artifact id: '763b4b46f03cc808599174f199da2d6b') in 0.022272 seconds
Number of updated asset objects reloaded before import = 0
Number of asset objects unloaded after import = 8
========================================================================
Received Import Request.
  Time since last request: 205.018183 seconds.
  path: Assets/Dominik/Modular Mesh/Wall_Round_Arch_Corner_A.fbx
  artifactKey: Guid(a313081367f01fd4a8fbf582abb1b05f) Importer(815301076,1909f56bfc062723c751e8b465ee728b)
Start importing Assets/Dominik/Modular Mesh/Wall_Round_Arch_Corner_A.fbx using Guid(a313081367f01fd4a8fbf582abb1b05f) Importer(815301076,1909f56bfc062723c751e8b465ee728b)  -> (artifact id: 'eaa9455c297643c23af525411c0a5701') in 0.018638 seconds
Number of updated asset objects reloaded before import = 0
Number of asset objects unloaded after import = 8
========================================================================
Received Import Request.
  Time since last request: 950.089853 seconds.
  path: Assets/Dominik/Modular Mesh/Wall_8x10_A.fbx
  artifactKey: Guid(4fb3a9855b9340445b8c709c4dd3f468) Importer(815301076,1909f56bfc062723c751e8b465ee728b)
Start importing Assets/Dominik/Modular Mesh/Wall_8x10_A.fbx using Guid(4fb3a9855b9340445b8c709c4dd3f468) Importer(815301076,1909f56bfc062723c751e8b465ee728b)  -> (artifact id: '4d2932109a401bbf4cc6d9807be06cb3') in 0.013037 seconds
Number of updated asset objects reloaded before import = 0
Number of asset objects unloaded after import = 8
========================================================================
Received Import Request.
  Time since last request: 2766.652719 seconds.
  path: Assets/Dominik/Modular Mesh/Floor_8x8.fbx
  artifactKey: Guid(a13d5861e1f7dfa4f86bfae34e1c6ca0) Importer(815301076,1909f56bfc062723c751e8b465ee728b)
Start importing Assets/Dominik/Modular Mesh/Floor_8x8.fbx using Guid(a13d5861e1f7dfa4f86bfae34e1c6ca0) Importer(815301076,1909f56bfc062723c751e8b465ee728b)  -> (artifact id: '08ab8d65920302bd787060b9135193e9') in 0.088615 seconds
Number of updated asset objects reloaded before import = 0
Number of asset objects unloaded after import = 10
========================================================================
Received Import Request.
  Time since last request: 0.000049 seconds.
  path: Assets/Dominik/Modular Mesh/Wall_Decoration_A.fbx
  artifactKey: Guid(413a82a3343d5034b9917a991f0d8693) Importer(815301076,1909f56bfc062723c751e8b465ee728b)
Start importing Assets/Dominik/Modular Mesh/Wall_Decoration_A.fbx using Guid(413a82a3343d5034b9917a991f0d8693) Importer(815301076,1909f56bfc062723c751e8b465ee728b)  -> (artifact id: 'd602df935cd2e94881e94820922c0050') in 0.051222 seconds
Number of updated asset objects reloaded before import = 0
Number of asset objects unloaded after import = 10
========================================================================
Received Import Request.
  Time since last request: 0.000055 seconds.
  path: Assets/Dominik/Modular Mesh/Wall_Door_8x10_Right_B.fbx
  artifactKey: Guid(a9db78aef94e10d4bbc198c105cfebdc) Importer(815301076,1909f56bfc062723c751e8b465ee728b)
Start importing Assets/Dominik/Modular Mesh/Wall_Door_8x10_Right_B.fbx using Guid(a9db78aef94e10d4bbc198c105cfebdc) Importer(815301076,1909f56bfc062723c751e8b465ee728b)  -> (artifact id: '5205cfa6aaa24322754b4a815a62b7ca') in 0.039767 seconds
Number of updated asset objects reloaded before import = 0
Number of asset objects unloaded after import = 10
========================================================================
Received Import Request.
  Time since last request: 0.000026 seconds.
  path: Assets/Dominik/Modular Mesh/Wall_Round_Arch_Piece_A.fbx
  artifactKey: Guid(d3bec655bf3f1b848a0e022815b2d7bf) Importer(815301076,1909f56bfc062723c751e8b465ee728b)
Start importing Assets/Dominik/Modular Mesh/Wall_Round_Arch_Piece_A.fbx using Guid(d3bec655bf3f1b848a0e022815b2d7bf) Importer(815301076,1909f56bfc062723c751e8b465ee728b)  -> (artifact id: '4bbd428b7d4a243d66a9988d64514db7') in 0.035238 seconds
Number of updated asset objects reloaded before import = 0
Number of asset objects unloaded after import = 10
========================================================================
Received Import Request.
  Time since last request: 0.000023 seconds.
  path: Assets/Dominik/Modular Mesh/Wall_Door_A.fbx
  artifactKey: Guid(4d89cc97fe56be245816afa5bc21ccf7) Importer(815301076,1909f56bfc062723c751e8b465ee728b)
Start importing Assets/Dominik/Modular Mesh/Wall_Door_A.fbx using Guid(4d89cc97fe56be245816afa5bc21ccf7) Importer(815301076,1909f56bfc062723c751e8b465ee728b)  -> (artifact id: '5aa612ae4df68df478730424a7ba8746') in 0.057727 seconds
Number of updated asset objects reloaded before import = 0
Number of asset objects unloaded after import = 11
========================================================================
Received Import Request.
  Time since last request: 0.000019 seconds.
  path: Assets/Dominik/Modular Mesh/Wall_4x10_A.fbx
  artifactKey: Guid(190f9b916e6e609438c3e18a9ab3fbb0) Importer(815301076,1909f56bfc062723c751e8b465ee728b)
Start importing Assets/Dominik/Modular Mesh/Wall_4x10_A.fbx using Guid(190f9b916e6e609438c3e18a9ab3fbb0) Importer(815301076,1909f56bfc062723c751e8b465ee728b)  -> (artifact id: '2084e4199e1025ca3500d97f16acd0ad') in 0.028189 seconds
Number of updated asset objects reloaded before import = 0
Number of asset objects unloaded after import = 10
========================================================================
Received Import Request.
  Time since last request: 0.000020 seconds.
  path: Assets/Dominik/Modular Mesh/Wall_Doorframe_8x10_A.fbx
  artifactKey: Guid(284b25983f0d78042a324a4526e8c7b3) Importer(815301076,1909f56bfc062723c751e8b465ee728b)
Start importing Assets/Dominik/Modular Mesh/Wall_Doorframe_8x10_A.fbx using Guid(284b25983f0d78042a324a4526e8c7b3) Importer(815301076,1909f56bfc062723c751e8b465ee728b)  -> (artifact id: 'b626223fec29f7eca939594dc175c4fe') in 0.027097 seconds
Number of updated asset objects reloaded before import = 0
Number of asset objects unloaded after import = 10
========================================================================
Received Import Request.
  Time since last request: 0.000020 seconds.
  path: Assets/Dominik/Modular Mesh/Wall_Doorframe_8x10_B.fbx
  artifactKey: Guid(63390739c21f3ea46b398cd7bc0dd2b2) Importer(815301076,1909f56bfc062723c751e8b465ee728b)
Start importing Assets/Dominik/Modular Mesh/Wall_Doorframe_8x10_B.fbx using Guid(63390739c21f3ea46b398cd7bc0dd2b2) Importer(815301076,1909f56bfc062723c751e8b465ee728b)  -> (artifact id: 'ba545271ee9421dfbe8c0333a540f4f1') in 0.031039 seconds
Number of updated asset objects reloaded before import = 0
Number of asset objects unloaded after import = 10
========================================================================
Received Import Request.
  Time since last request: 0.000027 seconds.
  path: Assets/Dominik/Modular Mesh/Wall_Beam_Small_B.fbx
  artifactKey: Guid(d38998c89f148104ea55d2294308fb1f) Importer(815301076,1909f56bfc062723c751e8b465ee728b)
Start importing Assets/Dominik/Modular Mesh/Wall_Beam_Small_B.fbx using Guid(d38998c89f148104ea55d2294308fb1f) Importer(815301076,1909f56bfc062723c751e8b465ee728b)  -> (artifact id: '2901f309a778e713de3158c48dfd42f3') in 0.036494 seconds
Number of updated asset objects reloaded before import = 0
Number of asset objects unloaded after import = 10
========================================================================
Received Import Request.
  Time since last request: 0.000032 seconds.
  path: Assets/Dominik/Modular Mesh/Wall_Round_Arch_A.fbx
  artifactKey: Guid(49b20625a656cb9418aaec145fd0ed66) Importer(815301076,1909f56bfc062723c751e8b465ee728b)
Start importing Assets/Dominik/Modular Mesh/Wall_Round_Arch_A.fbx using Guid(49b20625a656cb9418aaec145fd0ed66) Importer(815301076,1909f56bfc062723c751e8b465ee728b)  -> (artifact id: '0e14aab8e807801f1faea6886308fce6') in 0.029536 seconds
Number of updated asset objects reloaded before import = 0
Number of asset objects unloaded after import = 10
========================================================================
Received Import Request.
  Time since last request: 0.000029 seconds.
  path: Assets/Dominik/Modular Mesh/Wall_8x10_A.fbx
  artifactKey: Guid(4fb3a9855b9340445b8c709c4dd3f468) Importer(815301076,1909f56bfc062723c751e8b465ee728b)
Start importing Assets/Dominik/Modular Mesh/Wall_8x10_A.fbx using Guid(4fb3a9855b9340445b8c709c4dd3f468) Importer(815301076,1909f56bfc062723c751e8b465ee728b)  -> (artifact id: 'daf0aace3981ff358bb17e0b779f6ce1') in 0.029157 seconds
Number of updated asset objects reloaded before import = 0
Number of asset objects unloaded after import = 10
========================================================================
Received Import Request.
  Time since last request: 0.000017 seconds.
  path: Assets/Dominik/Modular Mesh/Wall_Beam_1x5_A.fbx
  artifactKey: Guid(5cb2d42819c589d4882dbdce6d749f28) Importer(815301076,1909f56bfc062723c751e8b465ee728b)
Start importing Assets/Dominik/Modular Mesh/Wall_Beam_1x5_A.fbx using Guid(5cb2d42819c589d4882dbdce6d749f28) Importer(815301076,1909f56bfc062723c751e8b465ee728b)  -> (artifact id: '7bb4034bf2e6efc4cd10d1d36432df4f') in 0.027297 seconds
Number of updated asset objects reloaded before import = 0
Number of asset objects unloaded after import = 10
========================================================================
Received Import Request.
  Time since last request: 0.000021 seconds.
  path: Assets/Dominik/Modular Mesh/Wall_Door_8x10_B.fbx
  artifactKey: Guid(23d52c493f5e47d4d9f7f295a7442192) Importer(815301076,1909f56bfc062723c751e8b465ee728b)
Start importing Assets/Dominik/Modular Mesh/Wall_Door_8x10_B.fbx using Guid(23d52c493f5e47d4d9f7f295a7442192) Importer(815301076,1909f56bfc062723c751e8b465ee728b)  -> (artifact id: '374565dbcfe427cef3ff68bd4d0061c6') in 0.030963 seconds
Number of updated asset objects reloaded before import = 0
Number of asset objects unloaded after import = 10
========================================================================
Received Import Request.
  Time since last request: 0.000020 seconds.
  path: Assets/Dominik/Modular Mesh/Wall_Round_Arch_Corner_A.fbx
  artifactKey: Guid(a313081367f01fd4a8fbf582abb1b05f) Importer(815301076,1909f56bfc062723c751e8b465ee728b)
Start importing Assets/Dominik/Modular Mesh/Wall_Round_Arch_Corner_A.fbx using Guid(a313081367f01fd4a8fbf582abb1b05f) Importer(815301076,1909f56bfc062723c751e8b465ee728b)  -> (artifact id: '6a61b4baabf59880b74c9185d75472e2') in 0.031156 seconds
Number of updated asset objects reloaded before import = 0
Number of asset objects unloaded after import = 10
========================================================================
Received Import Request.
  Time since last request: 0.000019 seconds.
  path: Assets/Dominik/Modular Mesh/Wall_Door_8x10_A.fbx
  artifactKey: Guid(f62ee482a0ce6a04980d5054b8fdd055) Importer(815301076,1909f56bfc062723c751e8b465ee728b)
Start importing Assets/Dominik/Modular Mesh/Wall_Door_8x10_A.fbx using Guid(f62ee482a0ce6a04980d5054b8fdd055) Importer(815301076,1909f56bfc062723c751e8b465ee728b)  -> (artifact id: '77b084ce12638695ec6952578396fb31') in 0.028060 seconds
Number of updated asset objects reloaded before import = 0
Number of asset objects unloaded after import = 10
========================================================================
Received Import Request.
  Time since last request: 3.387073 seconds.
  path: Assets/Dominik/Modular Mesh/Floor_8x8.fbx
  artifactKey: Guid(a13d5861e1f7dfa4f86bfae34e1c6ca0) Importer(815301076,1909f56bfc062723c751e8b465ee728b)
Start importing Assets/Dominik/Modular Mesh/Floor_8x8.fbx using Guid(a13d5861e1f7dfa4f86bfae34e1c6ca0) Importer(815301076,1909f56bfc062723c751e8b465ee728b)  -> (artifact id: 'c50a99ea3a2f29f8e6c12833743bf5dc') in 0.023249 seconds
Number of updated asset objects reloaded before import = 0
Number of asset objects unloaded after import = 10
========================================================================
Received Import Request.
  Time since last request: 0.000018 seconds.
  path: Assets/Dominik/Modular Mesh/Wall_Decoration_A.fbx
  artifactKey: Guid(413a82a3343d5034b9917a991f0d8693) Importer(815301076,1909f56bfc062723c751e8b465ee728b)
Start importing Assets/Dominik/Modular Mesh/Wall_Decoration_A.fbx using Guid(413a82a3343d5034b9917a991f0d8693) Importer(815301076,1909f56bfc062723c751e8b465ee728b)  -> (artifact id: 'a540063f04fa751fdd49d2029ccebc28') in 0.022079 seconds
Number of updated asset objects reloaded before import = 0
Number of asset objects unloaded after import = 10
========================================================================
Received Import Request.
  Time since last request: 0.000022 seconds.
  path: Assets/Dominik/Modular Mesh/Wall_Round_Arch_Piece_A.fbx
  artifactKey: Guid(d3bec655bf3f1b848a0e022815b2d7bf) Importer(815301076,1909f56bfc062723c751e8b465ee728b)
Start importing Assets/Dominik/Modular Mesh/Wall_Round_Arch_Piece_A.fbx using Guid(d3bec655bf3f1b848a0e022815b2d7bf) Importer(815301076,1909f56bfc062723c751e8b465ee728b)  -> (artifact id: '2d7ea0e42badbb22c242b23513994487') in 0.023268 seconds
Number of updated asset objects reloaded before import = 0
Number of asset objects unloaded after import = 10
========================================================================
Received Import Request.
  Time since last request: 0.000018 seconds.
  path: Assets/Dominik/Modular Mesh/Wall_4x10_A.fbx
  artifactKey: Guid(190f9b916e6e609438c3e18a9ab3fbb0) Importer(815301076,1909f56bfc062723c751e8b465ee728b)
Start importing Assets/Dominik/Modular Mesh/Wall_4x10_A.fbx using Guid(190f9b916e6e609438c3e18a9ab3fbb0) Importer(815301076,1909f56bfc062723c751e8b465ee728b)  -> (artifact id: 'ee8d770b70837d8933b33393a121fe09') in 0.022718 seconds
Number of updated asset objects reloaded before import = 0
Number of asset objects unloaded after import = 10
========================================================================
Received Import Request.
  Time since last request: 0.000023 seconds.
  path: Assets/Dominik/Modular Mesh/Wall_Doorframe_8x10_B.fbx
  artifactKey: Guid(63390739c21f3ea46b398cd7bc0dd2b2) Importer(815301076,1909f56bfc062723c751e8b465ee728b)
Start importing Assets/Dominik/Modular Mesh/Wall_Doorframe_8x10_B.fbx using Guid(63390739c21f3ea46b398cd7bc0dd2b2) Importer(815301076,1909f56bfc062723c751e8b465ee728b)  -> (artifact id: 'f91c6d3a34161f900f47bfbed8a53939') in 0.022649 seconds
Number of updated asset objects reloaded before import = 0
Number of asset objects unloaded after import = 10
========================================================================
Received Import Request.
  Time since last request: 0.000027 seconds.
  path: Assets/Dominik/Modular Mesh/Wall_Round_Arch_A.fbx
  artifactKey: Guid(49b20625a656cb9418aaec145fd0ed66) Importer(815301076,1909f56bfc062723c751e8b465ee728b)
Start importing Assets/Dominik/Modular Mesh/Wall_Round_Arch_A.fbx using Guid(49b20625a656cb9418aaec145fd0ed66) Importer(815301076,1909f56bfc062723c751e8b465ee728b)  -> (artifact id: 'eba00c4de864c9a7c5fb76ec57b8ea96') in 0.022950 seconds
Number of updated asset objects reloaded before import = 0
Number of asset objects unloaded after import = 10
========================================================================
Received Import Request.
  Time since last request: 0.000025 seconds.
  path: Assets/Dominik/Modular Mesh/Wall_Beam_1x5_A.fbx
  artifactKey: Guid(5cb2d42819c589d4882dbdce6d749f28) Importer(815301076,1909f56bfc062723c751e8b465ee728b)
Start importing Assets/Dominik/Modular Mesh/Wall_Beam_1x5_A.fbx using Guid(5cb2d42819c589d4882dbdce6d749f28) Importer(815301076,1909f56bfc062723c751e8b465ee728b)  -> (artifact id: '48ddd119e6e702e3a199f116ff27097d') in 0.022917 seconds
Number of updated asset objects reloaded before import = 0
Number of asset objects unloaded after import = 10
========================================================================
Received Import Request.
  Time since last request: 0.000017 seconds.
  path: Assets/Dominik/Modular Mesh/Wall_Door_B.fbx
  artifactKey: Guid(87d502515c53d43488c07696ed0c5535) Importer(815301076,1909f56bfc062723c751e8b465ee728b)
Start importing Assets/Dominik/Modular Mesh/Wall_Door_B.fbx using Guid(87d502515c53d43488c07696ed0c5535) Importer(815301076,1909f56bfc062723c751e8b465ee728b)  -> (artifact id: '07b52c08cc63e3680e6e31d64cb400b7') in 0.029565 seconds
Number of updated asset objects reloaded before import = 0
Number of asset objects unloaded after import = 11
========================================================================
Received Import Request.
  Time since last request: 0.000021 seconds.
  path: Assets/Dominik/Modular Mesh/Wall_Door_8x10_A.fbx
  artifactKey: Guid(f62ee482a0ce6a04980d5054b8fdd055) Importer(815301076,1909f56bfc062723c751e8b465ee728b)
Start importing Assets/Dominik/Modular Mesh/Wall_Door_8x10_A.fbx using Guid(f62ee482a0ce6a04980d5054b8fdd055) Importer(815301076,1909f56bfc062723c751e8b465ee728b)  -> (artifact id: 'ced8fea57b221fdbe1b173dbb1847b91') in 0.021559 seconds
Number of updated asset objects reloaded before import = 0
Number of asset objects unloaded after import = 10
Editor requested this worker to shutdown with reason: Scaling down because of idle timeout
TcpMessagingSession - receive error: operation aborted. errorcode: 995, details: Der E/A-Vorgang wurde wegen eines Threadendes oder einer Anwendungsanforderung abgebrochen.
AssetImportWorker is now disconnected from the server
Process exiting
Exiting without the bug reporter. Application will terminate with return code 0