Using pre-set license
Built from '2022.3/staging' branch; Version is '2022.3.10f1 (ff3792e53c62) revision 16725906'; Using compiler version '192829333'; Build Type 'Release'
OS: 'Windows 10  (10.0.19045) 64bit Professional' Language: 'de' Physical Memory: 16315 MB
BatchMode: 1, IsHumanControllingUs: 0, StartBugReporterOnCrash: 0, Is64bit: 1, IsPro: 1

COMMAND LINE ARGUMENTS:
C:\Program Files\Unity\Hub\Editor\2022.3.10f1\Editor\Unity.exe
-adb2
-batchMode
-noUpm
-name
AssetImportWorker17
-projectPath
E:/Arbeit/Projekte/GameJam/Wizard-LLC
-logFile
Logs/AssetImportWorker17.log
-srvPort
65316
Successfully changed project path to: E:/Arbeit/Projekte/GameJam/Wizard-LLC
E:/Arbeit/Projekte/GameJam/Wizard-LLC
[UnityMemory] Configuration Parameters - Can be set up in boot.config
    "memorysetup-bucket-allocator-granularity=16"
    "memorysetup-bucket-allocator-bucket-count=8"
    "memorysetup-bucket-allocator-block-size=33554432"
    "memorysetup-bucket-allocator-block-count=8"
    "memorysetup-main-allocator-block-size=16777216"
    "memorysetup-thread-allocator-block-size=16777216"
    "memorysetup-gfx-main-allocator-block-size=16777216"
    "memorysetup-gfx-thread-allocator-block-size=16777216"
    "memorysetup-cache-allocator-block-size=4194304"
    "memorysetup-typetree-allocator-block-size=2097152"
    "memorysetup-profiler-bucket-allocator-granularity=16"
    "memorysetup-profiler-bucket-allocator-bucket-count=8"
    "memorysetup-profiler-bucket-allocator-block-size=33554432"
    "memorysetup-profiler-bucket-allocator-block-count=8"
    "memorysetup-profiler-allocator-block-size=16777216"
    "memorysetup-profiler-editor-allocator-block-size=1048576"
    "memorysetup-temp-allocator-size-main=16777216"
    "memorysetup-job-temp-allocator-block-size=2097152"
    "memorysetup-job-temp-allocator-block-size-background=1048576"
    "memorysetup-job-temp-allocator-reduction-small-platforms=262144"
    "memorysetup-allocator-temp-initial-block-size-main=262144"
    "memorysetup-allocator-temp-initial-block-size-worker=262144"
    "memorysetup-temp-allocator-size-background-worker=32768"
    "memorysetup-temp-allocator-size-job-worker=262144"
    "memorysetup-temp-allocator-size-preload-manager=33554432"
    "memorysetup-temp-allocator-size-nav-mesh-worker=65536"
    "memorysetup-temp-allocator-size-audio-worker=65536"
    "memorysetup-temp-allocator-size-cloud-worker=32768"
    "memorysetup-temp-allocator-size-gi-baking-worker=262144"
    "memorysetup-temp-allocator-size-gfx=262144"
Player connection [20628] Host "[IP] 192.168.0.114 [Port] 0 [Flags] 2 [Guid] 990197753 [EditorId] 990197753 [Version] 1048832 [Id] WindowsEditor(7,DESKTOP-QOLIB5E) [Debug] 1 [PackageName] WindowsEditor [ProjectName] Editor" joined multi-casting on [225.0.0.222:54997]...

Player connection [20628] Host "[IP] 192.168.0.114 [Port] 0 [Flags] 2 [Guid] 990197753 [EditorId] 990197753 [Version] 1048832 [Id] WindowsEditor(7,DESKTOP-QOLIB5E) [Debug] 1 [PackageName] WindowsEditor [ProjectName] Editor" joined alternative multi-casting on [225.0.0.222:34997]...

[Physics::Module] Initialized MultithreadedJobDispatcher with 11 workers.
Refreshing native plugins compatible for Editor in 26.90 ms, found 3 plugins.
Preloading 0 native plugins for Editor in 0.00 ms.
Initialize engine version: 2022.3.10f1 (ff3792e53c62)
[Subsystems] Discovering subsystems at path C:/Program Files/Unity/Hub/Editor/2022.3.10f1/Editor/Data/Resources/UnitySubsystems
[Subsystems] Discovering subsystems at path E:/Arbeit/Projekte/GameJam/Wizard-LLC/Assets
GfxDevice: creating device client; threaded=0; jobified=0
Direct3D:
    Version:  Direct3D 11.0 [level 11.1]
    Renderer: NVIDIA GeForce GTX 1070 (ID=0x1b81)
    Vendor:   NVIDIA
    VRAM:     8067 MB
    Driver:   31.0.15.5186
Initialize mono
Mono path[0] = 'C:/Program Files/Unity/Hub/Editor/2022.3.10f1/Editor/Data/Managed'
Mono path[1] = 'C:/Program Files/Unity/Hub/Editor/2022.3.10f1/Editor/Data/MonoBleedingEdge/lib/mono/unityjit-win32'
Mono config path = 'C:/Program Files/Unity/Hub/Editor/2022.3.10f1/Editor/Data/MonoBleedingEdge/etc'
Using monoOptions --debugger-agent=transport=dt_socket,embedding=1,server=y,suspend=n,address=127.0.0.1:56744
Begin MonoManager ReloadAssembly
Registering precompiled unity dll's ...
Register platform support module: C:/Program Files/Unity/Hub/Editor/2022.3.10f1/Editor/Data/PlaybackEngines/WebGLSupport/UnityEditor.WebGL.Extensions.dll
Register platform support module: C:/Program Files/Unity/Hub/Editor/2022.3.10f1/Editor/Data/PlaybackEngines/WindowsStandaloneSupport/UnityEditor.WindowsStandalone.Extensions.dll
Registered in 0.023985 seconds.
- Loaded All Assemblies, in  0.509 seconds
Native extension for WindowsStandalone target not found
Native extension for WebGL target not found
Mono: successfully reloaded assembly
- Finished resetting the current domain, in  0.331 seconds
Domain Reload Profiling: 835ms
	BeginReloadAssembly (155ms)
		ExecutionOrderSort (0ms)
		DisableScriptedObjects (0ms)
		BackupInstance (0ms)
		ReleaseScriptingObjects (0ms)
		CreateAndSetChildDomain (1ms)
	RebuildCommonClasses (48ms)
	RebuildNativeTypeToScriptingClass (16ms)
	initialDomainReloadingComplete (103ms)
	LoadAllAssembliesAndSetupDomain (181ms)
		LoadAssemblies (151ms)
		RebuildTransferFunctionScriptingTraits (0ms)
		AnalyzeDomain (178ms)
			TypeCache.Refresh (176ms)
				TypeCache.ScanAssembly (161ms)
			ScanForSourceGeneratedMonoScriptInfo (0ms)
			ResolveRequiredComponents (1ms)
	FinalizeReload (331ms)
		ReleaseScriptCaches (0ms)
		RebuildScriptCaches (0ms)
		SetupLoadedEditorAssemblies (257ms)
			LogAssemblyErrors (0ms)
			InitializePlatformSupportModulesInManaged (17ms)
			SetLoadedEditorAssemblies (7ms)
			RefreshPlugins (0ms)
			BeforeProcessingInitializeOnLoad (3ms)
			ProcessInitializeOnLoadAttributes (166ms)
			ProcessInitializeOnLoadMethodAttributes (64ms)
			AfterProcessingInitializeOnLoad (0ms)
			EditorAssembliesLoaded (0ms)
		ExecutionOrderSort2 (0ms)
		AwakeInstancesAfterBackupRestoration (0ms)
========================================================================
Worker process is ready to serve import requests
Begin MonoManager ReloadAssembly
Symbol file LoadedFromMemory is not a mono symbol file
- Loaded All Assemblies, in  1.043 seconds
Refreshing native plugins compatible for Editor in 8.13 ms, found 3 plugins.
Native extension for WindowsStandalone target not found
Native extension for WebGL target not found
System.Exception: Error! Visual Scripting: couldn't find visual scripting package
  at Unity.VisualScripting.PackageVersionUtility.get_version () [0x00043] in .\Library\PackageCache\com.unity.visualscripting@1.9.0\Editor\VisualScripting.Core\Utilities\PackageVersionUtility.cs:31 
  at Unity.VisualScripting.BoltCoreManifest.get_version () [0x00000] in .\Library\PackageCache\com.unity.visualscripting@1.9.0\Editor\VisualScripting.Core\Plugin\BoltCoreManifest.cs:11 
  at Unity.VisualScripting.PluginManifest.get_currentVersion () [0x00000] in .\Library\PackageCache\com.unity.visualscripting@1.9.0\Editor\VisualScripting.Core\Plugins\PluginManifest.cs:33 
  at Unity.VisualScripting.PluginManifest.get_versionMismatch () [0x00000] in .\Library\PackageCache\com.unity.visualscripting@1.9.0\Editor\VisualScripting.Core\Plugins\PluginManifest.cs:48 
  at Unity.VisualScripting.PluginContainer.Initialize () [0x00525] in .\Library\PackageCache\com.unity.visualscripting@1.9.0\Editor\VisualScripting.Core\Plugins\PluginContainer.cs:208 
  at Unity.VisualScripting.PluginContainer.InitializeOnLoad () [0x00009] in .\Library\PackageCache\com.unity.visualscripting@1.9.0\Editor\VisualScripting.Core\Plugins\PluginContainer.cs:32 
  at Unity.VisualScripting.VSUsageUtility.DoInitializeOnLoadCalls () [0x00034] in .\Library\PackageCache\com.unity.visualscripting@1.9.0\Editor\VisualScripting.Core\Utilities\VSUsageUtility.cs:76 
  at Unity.VisualScripting.VSUsageUtility.set_isVisualScriptingUsed (System.Boolean value) [0x0002c] in .\Library\PackageCache\com.unity.visualscripting@1.9.0\Editor\VisualScripting.Core\Utilities\VSUsageUtility.cs:114 
  at Unity.VisualScripting.VSUsageUtility.CheckAndSetIsVisualScriptingUsed () [0x00032] in .\Library\PackageCache\com.unity.visualscripting@1.9.0\Editor\VisualScripting.Core\Utilities\VSUsageUtility.cs:48 
  at Unity.VisualScripting.VSUsageUtility..cctor () [0x00000] in .\Library\PackageCache\com.unity.visualscripting@1.9.0\Editor\VisualScripting.Core\Utilities\VSUsageUtility.cs:22 
UnityEngine.StackTraceUtility:ExtractStackTrace ()
UnityEngine.DebugLogHandler:LogFormat (UnityEngine.LogType,UnityEngine.Object,string,object[])
UnityEngine.Logger:Log (UnityEngine.LogType,object)
UnityEngine.Debug:LogError (object)
UnityEditor.EditorAssemblies:ProcessInitializeOnLoadAttributes (System.Type[])

Package Manager log level set to [2]
[Package Manager] Server::EnsureServerProcessIsRunning -- launch failed, reason: Unity was launched with the -noUpm command-line argument
[Package Manager] UpmClient::Send -- Unable to send message (not connected to UPM process).
[Package Manager] Cannot connect to Unity Package Manager local server
Mono: successfully reloaded assembly
- Finished resetting the current domain, in  1.677 seconds
Domain Reload Profiling: 2716ms
	BeginReloadAssembly (224ms)
		ExecutionOrderSort (0ms)
		DisableScriptedObjects (7ms)
		BackupInstance (0ms)
		ReleaseScriptingObjects (0ms)
		CreateAndSetChildDomain (31ms)
	RebuildCommonClasses (48ms)
	RebuildNativeTypeToScriptingClass (15ms)
	initialDomainReloadingComplete (64ms)
	LoadAllAssembliesAndSetupDomain (687ms)
		LoadAssemblies (488ms)
		RebuildTransferFunctionScriptingTraits (0ms)
		AnalyzeDomain (332ms)
			TypeCache.Refresh (289ms)
				TypeCache.ScanAssembly (262ms)
			ScanForSourceGeneratedMonoScriptInfo (36ms)
			ResolveRequiredComponents (6ms)
	FinalizeReload (1678ms)
		ReleaseScriptCaches (0ms)
		RebuildScriptCaches (0ms)
		SetupLoadedEditorAssemblies (1457ms)
			LogAssemblyErrors (0ms)
			InitializePlatformSupportModulesInManaged (12ms)
			SetLoadedEditorAssemblies (4ms)
			RefreshPlugins (0ms)
			BeforeProcessingInitializeOnLoad (128ms)
			ProcessInitializeOnLoadAttributes (1106ms)
			ProcessInitializeOnLoadMethodAttributes (187ms)
			AfterProcessingInitializeOnLoad (20ms)
			EditorAssembliesLoaded (0ms)
		ExecutionOrderSort2 (0ms)
		AwakeInstancesAfterBackupRestoration (9ms)
Launched and connected shader compiler UnityShaderCompiler.exe after 0.09 seconds
Refreshing native plugins compatible for Editor in 9.80 ms, found 3 plugins.
Preloading 0 native plugins for Editor in 0.00 ms.
Unloading 5309 Unused Serialized files (Serialized files now loaded: 0)
Unloading 86 unused Assets / (1.6 MB). Loaded Objects now: 5733.
Memory consumption went from 184.8 MB to 183.3 MB.
Total: 25.989400 ms (FindLiveObjects: 0.541400 ms CreateObjectMapping: 0.164000 ms MarkObjects: 24.733600 ms  DeleteObjects: 0.549000 ms)

AssetImportParameters requested are different than current active one (requested -> active):
  custom:container-demuxer-ogg: 62fdf1f143b41e24485cea50d1cbac27 -> 
  custom:video-decoder-ogg-theora: a1e56fd34408186e4bbccfd4996cb3dc -> 
  custom:framework-win-MediaFoundation: 216162199b28c13a410421893ffa2e32 -> 
  custom:CustomObjectIndexerAttribute: 756ad292c208cfabdd7b50bc23989ffe -> 
  custom:container-demuxer-webm: 4f35f7cbe854078d1ac9338744f61a02 -> 
  custom:container-muxer-webm: aa71ff27fc2769a1b78a27578f13a17b -> 
  custom:video-decoder-webm-vp8: 9c59270c3fd7afecdb556c50c9e8de78 -> 
  custom:SearchIndexIgnoredProperties: e643bd26f0fe6173181afceb89e7c659 -> 
  custom:AudioImporter_EditorPlatform: d09bf68614088b80899f8185d706f6e7 -> 
  custom:video-encoder-webm-vp8: eb34c28f22e8b96e1ab97ce403110664 -> 
  custom:audio-decoder-ogg-vorbis: bf7c407c2cedff20999df2af8eb42d56 -> 
  custom:audio-encoder-webm-vorbis: bf7c407c2cedff20999df2af8eb42d56 -> 
========================================================================
Received Import Request.
  Time since last request: 1071318.724753 seconds.
  path: Assets/Dominik/Furniture/Book-Row02.fbx
  artifactKey: Guid(cd7aa43ebf1407b4b86baba537f9197d) Importer(815301076,1909f56bfc062723c751e8b465ee728b)
Start importing Assets/Dominik/Furniture/Book-Row02.fbx using Guid(cd7aa43ebf1407b4b86baba537f9197d) Importer(815301076,1909f56bfc062723c751e8b465ee728b)  -> (artifact id: '0ecfcb2f0572c7b3760f9839e6d812bc') in 0.184852 seconds
Number of updated asset objects reloaded before import = 0
Number of asset objects unloaded after import = 13
========================================================================
Received Import Request.
  Time since last request: 14.068756 seconds.
  path: Assets/Dominik/Furniture/Book-Row02.fbx
  artifactKey: Guid(cd7aa43ebf1407b4b86baba537f9197d) Importer(815301076,1909f56bfc062723c751e8b465ee728b)
Start importing Assets/Dominik/Furniture/Book-Row02.fbx using Guid(cd7aa43ebf1407b4b86baba537f9197d) Importer(815301076,1909f56bfc062723c751e8b465ee728b)  -> (artifact id: 'a04c4bb897dc4ae0026a6e41356ceef4') in 0.037940 seconds
Number of updated asset objects reloaded before import = 0
Number of asset objects unloaded after import = 13
========================================================================
Received Import Request.
  Time since last request: 31.450429 seconds.
  path: Assets/Dominik/Furniture/Book03.fbx
  artifactKey: Guid(86269558f7718ba49ae59cd73f229a5b) Importer(815301076,1909f56bfc062723c751e8b465ee728b)
Start importing Assets/Dominik/Furniture/Book03.fbx using Guid(86269558f7718ba49ae59cd73f229a5b) Importer(815301076,1909f56bfc062723c751e8b465ee728b)  -> (artifact id: 'bc5338d092ec723c284f5619e8d610d5') in 0.021833 seconds
Number of updated asset objects reloaded before import = 0
Number of asset objects unloaded after import = 12
========================================================================
Received Import Request.
  Time since last request: 20.307561 seconds.
  path: Assets/Dominik/Material/M_Books03.mat
  artifactKey: Guid(820094284c8801d4482283214fe4c23a) Importer(815301076,1909f56bfc062723c751e8b465ee728b)
Start importing Assets/Dominik/Material/M_Books03.mat using Guid(820094284c8801d4482283214fe4c23a) Importer(815301076,1909f56bfc062723c751e8b465ee728b)  -> (artifact id: '87ae7b2345c86a3b72f6d7858c7b65dd') in 0.040134 seconds
Number of updated asset objects reloaded before import = 0
Number of asset objects unloaded after import = 5
========================================================================
Received Import Request.
  Time since last request: 18.166128 seconds.
  path: Assets/Dominik/Furniture/Book03.fbx
  artifactKey: Guid(86269558f7718ba49ae59cd73f229a5b) Importer(815301076,1909f56bfc062723c751e8b465ee728b)
Start importing Assets/Dominik/Furniture/Book03.fbx using Guid(86269558f7718ba49ae59cd73f229a5b) Importer(815301076,1909f56bfc062723c751e8b465ee728b)  -> (artifact id: '9d2686c56b4be61c0484ba35b9176963') in 0.037292 seconds
Number of updated asset objects reloaded before import = 0
Number of asset objects unloaded after import = 12
========================================================================
Received Import Request.
  Time since last request: 12.845480 seconds.
  path: Assets/Dominik/Furniture/Book01.fbx
  artifactKey: Guid(ce0044cba251024459c6a04949b54f9f) Importer(815301076,1909f56bfc062723c751e8b465ee728b)
Start importing Assets/Dominik/Furniture/Book01.fbx using Guid(ce0044cba251024459c6a04949b54f9f) Importer(815301076,1909f56bfc062723c751e8b465ee728b)  -> (artifact id: '99f4b70f3e17e24d88e5522a96f8449e') in 0.023118 seconds
Number of updated asset objects reloaded before import = 0
Number of asset objects unloaded after import = 13
========================================================================
Received Import Request.
  Time since last request: 28.173776 seconds.
  path: Assets/Dominik/Furniture/Book-Row01.fbx
  artifactKey: Guid(2f36bd38b3372c04d9f072d3fe8aaac6) Importer(815301076,1909f56bfc062723c751e8b465ee728b)
Start importing Assets/Dominik/Furniture/Book-Row01.fbx using Guid(2f36bd38b3372c04d9f072d3fe8aaac6) Importer(815301076,1909f56bfc062723c751e8b465ee728b)  -> (artifact id: '64d097904d065c24cda97fa87238d22e') in 0.027775 seconds
Number of updated asset objects reloaded before import = 0
Number of asset objects unloaded after import = 13
========================================================================
Received Import Request.
  Time since last request: 61.684567 seconds.
  path: Assets/Dominik/Furniture/Book02.fbx
  artifactKey: Guid(577d40aff8043174cbcec99d6e4e3f40) Importer(815301076,1909f56bfc062723c751e8b465ee728b)
Start importing Assets/Dominik/Furniture/Book02.fbx using Guid(577d40aff8043174cbcec99d6e4e3f40) Importer(815301076,1909f56bfc062723c751e8b465ee728b)  -> (artifact id: 'a0738ac4e6af72f83aee8fef0319ee60') in 0.023649 seconds
Number of updated asset objects reloaded before import = 0
Number of asset objects unloaded after import = 13
========================================================================
Received Import Request.
  Time since last request: 369.340796 seconds.
  path: Assets/Dominik/Material/M_Bookshelf01.mat
  artifactKey: Guid(6e0a05a15929da14d90800571c95f440) Importer(815301076,1909f56bfc062723c751e8b465ee728b)
Start importing Assets/Dominik/Material/M_Bookshelf01.mat using Guid(6e0a05a15929da14d90800571c95f440) Importer(815301076,1909f56bfc062723c751e8b465ee728b)  -> (artifact id: '94fd61df5d09ae8671dba12bec685e90') in 0.022601 seconds
Number of updated asset objects reloaded before import = 0
Number of asset objects unloaded after import = 6
========================================================================
Received Import Request.
  Time since last request: 23.505159 seconds.
  path: Assets/Dominik/Material/M_Bookshelf01.mat
  artifactKey: Guid(6e0a05a15929da14d90800571c95f440) Importer(815301076,1909f56bfc062723c751e8b465ee728b)
Start importing Assets/Dominik/Material/M_Bookshelf01.mat using Guid(6e0a05a15929da14d90800571c95f440) Importer(815301076,1909f56bfc062723c751e8b465ee728b)  -> (artifact id: 'e0160d127cb528d8f1fa1840cc870215') in 0.019609 seconds
Number of updated asset objects reloaded before import = 0
Number of asset objects unloaded after import = 6
========================================================================
Received Import Request.
  Time since last request: 0.000020 seconds.
  path: Assets/Dominik/Material/M_Bookshelf02 1.mat
  artifactKey: Guid(9936c55512223d047ae7d9cd29703c1f) Importer(815301076,1909f56bfc062723c751e8b465ee728b)
Start importing Assets/Dominik/Material/M_Bookshelf02 1.mat using Guid(9936c55512223d047ae7d9cd29703c1f) Importer(815301076,1909f56bfc062723c751e8b465ee728b)  -> (artifact id: '1a1ce42f0d77c90e839e0abbf137c398') in 0.015971 seconds
Number of updated asset objects reloaded before import = 0
Number of asset objects unloaded after import = 5
========================================================================
Received Import Request.
  Time since last request: 1.242238 seconds.
  path: Assets/Dominik/Material/M_Bookshelf02 2.mat
  artifactKey: Guid(1f880ff34324d454285a9c7add7d6fd6) Importer(815301076,1909f56bfc062723c751e8b465ee728b)
Start importing Assets/Dominik/Material/M_Bookshelf02 2.mat using Guid(1f880ff34324d454285a9c7add7d6fd6) Importer(815301076,1909f56bfc062723c751e8b465ee728b)  -> (artifact id: '7bfd92a05ecd875eb0b9328c9cd95061') in 0.017128 seconds
Number of updated asset objects reloaded before import = 0
Number of asset objects unloaded after import = 5
========================================================================
Received Import Request.
  Time since last request: 9.982337 seconds.
  path: Assets/Dominik/Furniture/Book-Row01.fbx
  artifactKey: Guid(2f36bd38b3372c04d9f072d3fe8aaac6) Importer(815301076,1909f56bfc062723c751e8b465ee728b)
Start importing Assets/Dominik/Furniture/Book-Row01.fbx using Guid(2f36bd38b3372c04d9f072d3fe8aaac6) Importer(815301076,1909f56bfc062723c751e8b465ee728b)  -> (artifact id: 'd30704a1f03049938517a7f3abcf3d1a') in 0.023108 seconds
Number of updated asset objects reloaded before import = 0
Number of asset objects unloaded after import = 7
========================================================================
Received Import Request.
  Time since last request: 0.004687 seconds.
  path: Assets/Dominik/Furniture/Bookshelf-01.fbx
  artifactKey: Guid(c32da6e63c47f1b409906d0508b82014) Importer(815301076,1909f56bfc062723c751e8b465ee728b)
Start importing Assets/Dominik/Furniture/Bookshelf-01.fbx using Guid(c32da6e63c47f1b409906d0508b82014) Importer(815301076,1909f56bfc062723c751e8b465ee728b)  -> (artifact id: 'aa806bd9ae8ae9e8f80c3f4759da7345') in 0.046691 seconds
Number of updated asset objects reloaded before import = 0
Number of asset objects unloaded after import = 18
========================================================================
Received Import Request.
  Time since last request: 0.000031 seconds.
  path: Assets/Dominik/Furniture/Book-Row03.fbx
  artifactKey: Guid(7ca1b108b76eed34cb83e630e111493c) Importer(815301076,1909f56bfc062723c751e8b465ee728b)
Start importing Assets/Dominik/Furniture/Book-Row03.fbx using Guid(7ca1b108b76eed34cb83e630e111493c) Importer(815301076,1909f56bfc062723c751e8b465ee728b)  -> (artifact id: '0e3abc6a46c8e287c21663511b0a0f71') in 0.031571 seconds
Number of updated asset objects reloaded before import = 0
Number of asset objects unloaded after import = 13
========================================================================
Received Import Request.
  Time since last request: 0.000023 seconds.
  path: Assets/Dominik/Furniture/Bookshelf-02.fbx
  artifactKey: Guid(5a4a3b498540c504888a8701db628ff1) Importer(815301076,1909f56bfc062723c751e8b465ee728b)
Start importing Assets/Dominik/Furniture/Bookshelf-02.fbx using Guid(5a4a3b498540c504888a8701db628ff1) Importer(815301076,1909f56bfc062723c751e8b465ee728b)  -> (artifact id: 'd9753bc37c335667e7468cede702576b') in 0.038688 seconds
Number of updated asset objects reloaded before import = 0
Number of asset objects unloaded after import = 17
========================================================================
Received Import Request.
  Time since last request: 21.471499 seconds.
  path: Assets/Dominik/Furniture/Book-Row01.fbx
  artifactKey: Guid(2f36bd38b3372c04d9f072d3fe8aaac6) Importer(815301076,1909f56bfc062723c751e8b465ee728b)
Start importing Assets/Dominik/Furniture/Book-Row01.fbx using Guid(2f36bd38b3372c04d9f072d3fe8aaac6) Importer(815301076,1909f56bfc062723c751e8b465ee728b)  -> (artifact id: '8fbdba3f7370925375f560af5e7229d9') in 0.021692 seconds
Number of updated asset objects reloaded before import = 0
Number of asset objects unloaded after import = 12
========================================================================
Received Import Request.
  Time since last request: 18.566068 seconds.
  path: Assets/Dominik/Furniture/Book-Row02.fbx
  artifactKey: Guid(cd7aa43ebf1407b4b86baba537f9197d) Importer(815301076,1909f56bfc062723c751e8b465ee728b)
Start importing Assets/Dominik/Furniture/Book-Row02.fbx using Guid(cd7aa43ebf1407b4b86baba537f9197d) Importer(815301076,1909f56bfc062723c751e8b465ee728b)  -> (artifact id: 'd3b202f84fac21efa350e28c8966d436') in 0.021661 seconds
Number of updated asset objects reloaded before import = 0
Number of asset objects unloaded after import = 12
========================================================================
Received Import Request.
  Time since last request: 23.280265 seconds.
  path: Assets/Dominik/Furniture/Book01.fbx
  artifactKey: Guid(ce0044cba251024459c6a04949b54f9f) Importer(815301076,1909f56bfc062723c751e8b465ee728b)
Start importing Assets/Dominik/Furniture/Book01.fbx using Guid(ce0044cba251024459c6a04949b54f9f) Importer(815301076,1909f56bfc062723c751e8b465ee728b)  -> (artifact id: '3a0d7a84a459c4dafbe6c781b60d6a4a') in 0.022271 seconds
Number of updated asset objects reloaded before import = 0
Number of asset objects unloaded after import = 13
========================================================================
Received Import Request.
  Time since last request: 20.620919 seconds.
  path: Assets/Dominik/Material/Book03.mat
  artifactKey: Guid(1f880ff34324d454285a9c7add7d6fd6) Importer(815301076,1909f56bfc062723c751e8b465ee728b)
Start importing Assets/Dominik/Material/Book03.mat using Guid(1f880ff34324d454285a9c7add7d6fd6) Importer(815301076,1909f56bfc062723c751e8b465ee728b)  -> (artifact id: '2638baea3bc4234d90c2d02a661d669d') in 0.016810 seconds
Number of updated asset objects reloaded before import = 0
Number of asset objects unloaded after import = 5
========================================================================
Received Import Request.
  Time since last request: 13.306042 seconds.
  path: Assets/Dominik/Material/M_Book01.mat
  artifactKey: Guid(ef049940a0f55fa45982671705a1ab38) Importer(815301076,1909f56bfc062723c751e8b465ee728b)
Start importing Assets/Dominik/Material/M_Book01.mat using Guid(ef049940a0f55fa45982671705a1ab38) Importer(815301076,1909f56bfc062723c751e8b465ee728b)  -> (artifact id: 'd16d507af03ebe8e04cdd2cb58b1bd19') in 0.018672 seconds
Number of updated asset objects reloaded before import = 0
Number of asset objects unloaded after import = 6
========================================================================
Received Import Request.
  Time since last request: 7.337587 seconds.
  path: Assets/Dominik/Material/M_Book03.mat
  artifactKey: Guid(1f880ff34324d454285a9c7add7d6fd6) Importer(815301076,1909f56bfc062723c751e8b465ee728b)
Start importing Assets/Dominik/Material/M_Book03.mat using Guid(1f880ff34324d454285a9c7add7d6fd6) Importer(815301076,1909f56bfc062723c751e8b465ee728b)  -> (artifact id: '8c397f1035a490768c851df0f9476db6') in 0.016475 seconds
Number of updated asset objects reloaded before import = 0
Number of asset objects unloaded after import = 5
========================================================================
Received Import Request.
  Time since last request: 19.998385 seconds.
  path: Assets/Dominik/Material/M_Book002.mat
  artifactKey: Guid(9936c55512223d047ae7d9cd29703c1f) Importer(815301076,1909f56bfc062723c751e8b465ee728b)
Start importing Assets/Dominik/Material/M_Book002.mat using Guid(9936c55512223d047ae7d9cd29703c1f) Importer(815301076,1909f56bfc062723c751e8b465ee728b)  -> (artifact id: 'b6690d6265992ee70cf41124d7a3cb1e') in 0.017353 seconds
Number of updated asset objects reloaded before import = 0
Number of asset objects unloaded after import = 5
========================================================================
Received Import Request.
  Time since last request: 21.508680 seconds.
  path: Assets/Dominik/Furniture/Book-Row01.fbx
  artifactKey: Guid(2f36bd38b3372c04d9f072d3fe8aaac6) Importer(815301076,1909f56bfc062723c751e8b465ee728b)
Start importing Assets/Dominik/Furniture/Book-Row01.fbx using Guid(2f36bd38b3372c04d9f072d3fe8aaac6) Importer(815301076,1909f56bfc062723c751e8b465ee728b)  -> (artifact id: 'af5ac098ab72143351d79f0f2a0a7902') in 0.021481 seconds
Number of updated asset objects reloaded before import = 0
Number of asset objects unloaded after import = 12
========================================================================
Received Import Request.
  Time since last request: 0.000020 seconds.
  path: Assets/Dominik/Furniture/Book01.fbx
  artifactKey: Guid(ce0044cba251024459c6a04949b54f9f) Importer(815301076,1909f56bfc062723c751e8b465ee728b)
Start importing Assets/Dominik/Furniture/Book01.fbx using Guid(ce0044cba251024459c6a04949b54f9f) Importer(815301076,1909f56bfc062723c751e8b465ee728b)  -> (artifact id: 'f934162f790df5cee88702bba6bbe5b5') in 0.026024 seconds
Number of updated asset objects reloaded before import = 0
Number of asset objects unloaded after import = 13
========================================================================
Received Import Request.
  Time since last request: 23.037978 seconds.
  path: Assets/Dominik/Furniture/Book01.fbx
  artifactKey: Guid(ce0044cba251024459c6a04949b54f9f) Importer(815301076,1909f56bfc062723c751e8b465ee728b)
Start importing Assets/Dominik/Furniture/Book01.fbx using Guid(ce0044cba251024459c6a04949b54f9f) Importer(815301076,1909f56bfc062723c751e8b465ee728b)  -> (artifact id: 'a24f46378e01d124bb5bdba3a36dfd31') in 0.021555 seconds
Number of updated asset objects reloaded before import = 0
Number of asset objects unloaded after import = 12
========================================================================
Received Import Request.
  Time since last request: 12.984107 seconds.
  path: Assets/Dominik/Furniture/Book02.fbx
  artifactKey: Guid(577d40aff8043174cbcec99d6e4e3f40) Importer(815301076,1909f56bfc062723c751e8b465ee728b)
Start importing Assets/Dominik/Furniture/Book02.fbx using Guid(577d40aff8043174cbcec99d6e4e3f40) Importer(815301076,1909f56bfc062723c751e8b465ee728b)  -> (artifact id: '4dc810e70292cadf4d72472a68177756') in 0.020093 seconds
Number of updated asset objects reloaded before import = 0
Number of asset objects unloaded after import = 12
========================================================================
Received Import Request.
  Time since last request: 8.750484 seconds.
  path: Assets/Dominik/Furniture/Book03.fbx
  artifactKey: Guid(86269558f7718ba49ae59cd73f229a5b) Importer(815301076,1909f56bfc062723c751e8b465ee728b)
Start importing Assets/Dominik/Furniture/Book03.fbx using Guid(86269558f7718ba49ae59cd73f229a5b) Importer(815301076,1909f56bfc062723c751e8b465ee728b)  -> (artifact id: 'b173be4a448d97dc600a66be6a3d86bd') in 0.023381 seconds
Number of updated asset objects reloaded before import = 0
Number of asset objects unloaded after import = 12
========================================================================
Received Import Request.
  Time since last request: 14.289669 seconds.
  path: Assets/Dominik/Furniture/Book03.fbx
  artifactKey: Guid(86269558f7718ba49ae59cd73f229a5b) Importer(815301076,1909f56bfc062723c751e8b465ee728b)
Start importing Assets/Dominik/Furniture/Book03.fbx using Guid(86269558f7718ba49ae59cd73f229a5b) Importer(815301076,1909f56bfc062723c751e8b465ee728b)  -> (artifact id: 'dae6184966fdd70e1656d759a7a6e7fb') in 0.022979 seconds
Number of updated asset objects reloaded before import = 0
Number of asset objects unloaded after import = 12
========================================================================
Received Import Request.
  Time since last request: 56.051179 seconds.
  path: Assets/Dominik/Material/M_Book3.mat
  artifactKey: Guid(1f880ff34324d454285a9c7add7d6fd6) Importer(815301076,1909f56bfc062723c751e8b465ee728b)
Start importing Assets/Dominik/Material/M_Book3.mat using Guid(1f880ff34324d454285a9c7add7d6fd6) Importer(815301076,1909f56bfc062723c751e8b465ee728b)  -> (artifact id: '4868712bbbf77a74e700b7d4a3c1521c') in 0.017689 seconds
Number of updated asset objects reloaded before import = 0
Number of asset objects unloaded after import = 5
========================================================================
Received Import Request.
  Time since last request: 5.348891 seconds.
  path: Assets/Dominik/Material/M_Book1.mat
  artifactKey: Guid(1f880ff34324d454285a9c7add7d6fd6) Importer(815301076,1909f56bfc062723c751e8b465ee728b)
Start importing Assets/Dominik/Material/M_Book1.mat using Guid(1f880ff34324d454285a9c7add7d6fd6) Importer(815301076,1909f56bfc062723c751e8b465ee728b)  -> (artifact id: 'f57cac393131b15990a849317a78e9fb') in 0.018072 seconds
Number of updated asset objects reloaded before import = 0
Number of asset objects unloaded after import = 5
========================================================================
Received Import Request.
  Time since last request: 5.709825 seconds.
  path: Assets/Dominik/Material/M_Book03.mat
  artifactKey: Guid(ef049940a0f55fa45982671705a1ab38) Importer(815301076,1909f56bfc062723c751e8b465ee728b)
Start importing Assets/Dominik/Material/M_Book03.mat using Guid(ef049940a0f55fa45982671705a1ab38) Importer(815301076,1909f56bfc062723c751e8b465ee728b)  -> (artifact id: '1aa6cf228d830d8a043a93efb305dbae') in 0.020333 seconds
Number of updated asset objects reloaded before import = 0
Number of asset objects unloaded after import = 6
========================================================================
Received Import Request.
  Time since last request: 5.950144 seconds.
  path: Assets/Dominik/Material/M_Book01.mat
  artifactKey: Guid(1f880ff34324d454285a9c7add7d6fd6) Importer(815301076,1909f56bfc062723c751e8b465ee728b)
Start importing Assets/Dominik/Material/M_Book01.mat using Guid(1f880ff34324d454285a9c7add7d6fd6) Importer(815301076,1909f56bfc062723c751e8b465ee728b)  -> (artifact id: '6d77a377b4554db128ed9e80809525a3') in 0.039067 seconds
Number of updated asset objects reloaded before import = 0
Number of asset objects unloaded after import = 5
========================================================================
Received Import Request.
  Time since last request: 16.675348 seconds.
  path: Assets/Dominik/Furniture/Book-Row02.fbx
  artifactKey: Guid(cd7aa43ebf1407b4b86baba537f9197d) Importer(815301076,1909f56bfc062723c751e8b465ee728b)
Start importing Assets/Dominik/Furniture/Book-Row02.fbx using Guid(cd7aa43ebf1407b4b86baba537f9197d) Importer(815301076,1909f56bfc062723c751e8b465ee728b)  -> (artifact id: 'ec73f57742fc69247b820fbdd098c88d') in 0.016600 seconds
Number of updated asset objects reloaded before import = 0
Number of asset objects unloaded after import = 12
========================================================================
Received Import Request.
  Time since last request: 158.857143 seconds.
  path: Assets/Dominik/Furniture/Book03.fbx
  artifactKey: Guid(86269558f7718ba49ae59cd73f229a5b) Importer(815301076,1909f56bfc062723c751e8b465ee728b)
Start importing Assets/Dominik/Furniture/Book03.fbx using Guid(86269558f7718ba49ae59cd73f229a5b) Importer(815301076,1909f56bfc062723c751e8b465ee728b)  -> (artifact id: '64e5f8fea8a46e7c1c5b364bcfc7615a') in 0.026300 seconds
Number of updated asset objects reloaded before import = 0
Number of asset objects unloaded after import = 13
========================================================================
Received Import Request.
  Time since last request: 22.167228 seconds.
  path: Assets/Dominik/Furniture/Book-Row03.fbx
  artifactKey: Guid(7ca1b108b76eed34cb83e630e111493c) Importer(815301076,1909f56bfc062723c751e8b465ee728b)
Start importing Assets/Dominik/Furniture/Book-Row03.fbx using Guid(7ca1b108b76eed34cb83e630e111493c) Importer(815301076,1909f56bfc062723c751e8b465ee728b)  -> (artifact id: '84dcc2f0f5e36126986d57a145980580') in 0.024363 seconds
Number of updated asset objects reloaded before import = 0
Number of asset objects unloaded after import = 13
========================================================================
Received Import Request.
  Time since last request: 246.879165 seconds.
  path: Assets/Dominik/Furniture/Prefab
  artifactKey: Guid(d8f73fb6b68633643a9a8a794f422934) Importer(815301076,1909f56bfc062723c751e8b465ee728b)
Start importing Assets/Dominik/Furniture/Prefab using Guid(d8f73fb6b68633643a9a8a794f422934) Importer(815301076,1909f56bfc062723c751e8b465ee728b)  -> (artifact id: '5c48445bcd04b54537c0951490882d2c') in 0.000941 seconds
Number of updated asset objects reloaded before import = 0
Number of asset objects unloaded after import = 0
========================================================================
Received Import Request.
  Time since last request: 7.177857 seconds.
  path: Assets/Dominik/Furniture/Prefab/GameObject.prefab
  artifactKey: Guid(dd6347fe11dcd7e46a8c34c7512e33c2) Importer(815301076,1909f56bfc062723c751e8b465ee728b)
Start importing Assets/Dominik/Furniture/Prefab/GameObject.prefab using Guid(dd6347fe11dcd7e46a8c34c7512e33c2) Importer(815301076,1909f56bfc062723c751e8b465ee728b)  -> (artifact id: '657e561e211867149f92855004e2a708') in 0.002526 seconds
Number of updated asset objects reloaded before import = 0
Number of asset objects unloaded after import = 4
========================================================================
Received Import Request.
  Time since last request: 16.432675 seconds.
  path: Assets/Dominik/Furniture/Prefab/Books.prefab
  artifactKey: Guid(dd6347fe11dcd7e46a8c34c7512e33c2) Importer(815301076,1909f56bfc062723c751e8b465ee728b)
Start importing Assets/Dominik/Furniture/Prefab/Books.prefab using Guid(dd6347fe11dcd7e46a8c34c7512e33c2) Importer(815301076,1909f56bfc062723c751e8b465ee728b)  -> (artifact id: '19ee38e02f86f679098fcebebc047474') in 0.002162 seconds
Number of updated asset objects reloaded before import = 0
Number of asset objects unloaded after import = 4
========================================================================
Received Import Request.
  Time since last request: 9.019816 seconds.
  path: Assets/Dominik/Furniture/Prefab/Bookshelf.prefab
  artifactKey: Guid(dd6347fe11dcd7e46a8c34c7512e33c2) Importer(815301076,1909f56bfc062723c751e8b465ee728b)
Start importing Assets/Dominik/Furniture/Prefab/Bookshelf.prefab using Guid(dd6347fe11dcd7e46a8c34c7512e33c2) Importer(815301076,1909f56bfc062723c751e8b465ee728b)  -> (artifact id: 'b001bd5734065d32364c2d0b58bc0027') in 0.002679 seconds
Number of updated asset objects reloaded before import = 0
Number of asset objects unloaded after import = 4
========================================================================
Received Prepare
Begin MonoManager ReloadAssembly
Symbol file LoadedFromMemory is not a mono symbol file
- Loaded All Assemblies, in  0.995 seconds
Refreshing native plugins compatible for Editor in 13.64 ms, found 3 plugins.
Native extension for WindowsStandalone target not found
Native extension for WebGL target not found
System.Exception: Error! Visual Scripting: couldn't find visual scripting package
  at Unity.VisualScripting.PackageVersionUtility.get_version () [0x00043] in .\Library\PackageCache\com.unity.visualscripting@1.9.0\Editor\VisualScripting.Core\Utilities\PackageVersionUtility.cs:31 
  at Unity.VisualScripting.BoltCoreManifest.get_version () [0x00000] in .\Library\PackageCache\com.unity.visualscripting@1.9.0\Editor\VisualScripting.Core\Plugin\BoltCoreManifest.cs:11 
  at Unity.VisualScripting.PluginManifest.get_currentVersion () [0x00000] in .\Library\PackageCache\com.unity.visualscripting@1.9.0\Editor\VisualScripting.Core\Plugins\PluginManifest.cs:33 
  at Unity.VisualScripting.PluginManifest.get_versionMismatch () [0x00000] in .\Library\PackageCache\com.unity.visualscripting@1.9.0\Editor\VisualScripting.Core\Plugins\PluginManifest.cs:48 
  at Unity.VisualScripting.PluginContainer.Initialize () [0x00525] in .\Library\PackageCache\com.unity.visualscripting@1.9.0\Editor\VisualScripting.Core\Plugins\PluginContainer.cs:208 
  at Unity.VisualScripting.PluginContainer.InitializeOnLoad () [0x00009] in .\Library\PackageCache\com.unity.visualscripting@1.9.0\Editor\VisualScripting.Core\Plugins\PluginContainer.cs:32 
  at Unity.VisualScripting.VSUsageUtility.DoInitializeOnLoadCalls () [0x00034] in .\Library\PackageCache\com.unity.visualscripting@1.9.0\Editor\VisualScripting.Core\Utilities\VSUsageUtility.cs:76 
  at Unity.VisualScripting.VSUsageUtility.set_isVisualScriptingUsed (System.Boolean value) [0x0002c] in .\Library\PackageCache\com.unity.visualscripting@1.9.0\Editor\VisualScripting.Core\Utilities\VSUsageUtility.cs:114 
  at Unity.VisualScripting.VSUsageUtility.CheckAndSetIsVisualScriptingUsed () [0x0000d] in .\Library\PackageCache\com.unity.visualscripting@1.9.0\Editor\VisualScripting.Core\Utilities\VSUsageUtility.cs:33 
  at Unity.VisualScripting.VSUsageUtility..cctor () [0x00000] in .\Library\PackageCache\com.unity.visualscripting@1.9.0\Editor\VisualScripting.Core\Utilities\VSUsageUtility.cs:22 
UnityEngine.StackTraceUtility:ExtractStackTrace ()
UnityEngine.DebugLogHandler:LogFormat (UnityEngine.LogType,UnityEngine.Object,string,object[])
UnityEngine.Logger:Log (UnityEngine.LogType,object)
UnityEngine.Debug:LogError (object)
UnityEditor.EditorAssemblies:ProcessInitializeOnLoadAttributes (System.Type[])

[Package Manager] Server::EnsureServerProcessIsRunning -- launch failed, reason: Unity was launched with the -noUpm command-line argument
[Package Manager] UpmClient::Send -- Unable to send message (not connected to UPM process).
[Package Manager] Cannot connect to Unity Package Manager local server
Mono: successfully reloaded assembly
- Finished resetting the current domain, in  2.896 seconds
Domain Reload Profiling: 3887ms
	BeginReloadAssembly (389ms)
		ExecutionOrderSort (0ms)
		DisableScriptedObjects (11ms)
		BackupInstance (0ms)
		ReleaseScriptingObjects (0ms)
		CreateAndSetChildDomain (125ms)
	RebuildCommonClasses (51ms)
	RebuildNativeTypeToScriptingClass (16ms)
	initialDomainReloadingComplete (53ms)
	LoadAllAssembliesAndSetupDomain (480ms)
		LoadAssemblies (597ms)
		RebuildTransferFunctionScriptingTraits (0ms)
		AnalyzeDomain (27ms)
			TypeCache.Refresh (13ms)
				TypeCache.ScanAssembly (0ms)
			ScanForSourceGeneratedMonoScriptInfo (0ms)
			ResolveRequiredComponents (12ms)
	FinalizeReload (2897ms)
		ReleaseScriptCaches (0ms)
		RebuildScriptCaches (0ms)
		SetupLoadedEditorAssemblies (1262ms)
			LogAssemblyErrors (0ms)
			InitializePlatformSupportModulesInManaged (18ms)
			SetLoadedEditorAssemblies (7ms)
			RefreshPlugins (0ms)
			BeforeProcessingInitializeOnLoad (147ms)
			ProcessInitializeOnLoadAttributes (834ms)
			ProcessInitializeOnLoadMethodAttributes (235ms)
			AfterProcessingInitializeOnLoad (20ms)
			EditorAssembliesLoaded (1ms)
		ExecutionOrderSort2 (0ms)
		AwakeInstancesAfterBackupRestoration (9ms)
Refreshing native plugins compatible for Editor in 11.68 ms, found 3 plugins.
Preloading 0 native plugins for Editor in 0.00 ms.
Unloading 5246 Unused Serialized files (Serialized files now loaded: 0)
Unloading 73 unused Assets / (1.6 MB). Loaded Objects now: 5781.
Memory consumption went from 175.8 MB to 174.3 MB.
Total: 26.999600 ms (FindLiveObjects: 0.901200 ms CreateObjectMapping: 1.051400 ms MarkObjects: 24.092500 ms  DeleteObjects: 0.951900 ms)

Prepare: number of updated asset objects reloaded= 0
AssetImportParameters requested are different than current active one (requested -> active):
  custom:container-demuxer-ogg: 62fdf1f143b41e24485cea50d1cbac27 -> 
  custom:video-decoder-ogg-theora: a1e56fd34408186e4bbccfd4996cb3dc -> 
  custom:framework-win-MediaFoundation: 216162199b28c13a410421893ffa2e32 -> 
  custom:CustomObjectIndexerAttribute: 756ad292c208cfabdd7b50bc23989ffe -> 
  custom:container-demuxer-webm: 4f35f7cbe854078d1ac9338744f61a02 -> 
  custom:container-muxer-webm: aa71ff27fc2769a1b78a27578f13a17b -> 
  custom:video-decoder-webm-vp8: 9c59270c3fd7afecdb556c50c9e8de78 -> 
  custom:SearchIndexIgnoredProperties: e643bd26f0fe6173181afceb89e7c659 -> 
  custom:AudioImporter_EditorPlatform: d09bf68614088b80899f8185d706f6e7 -> 
  custom:video-encoder-webm-vp8: eb34c28f22e8b96e1ab97ce403110664 -> 
  custom:audio-decoder-ogg-vorbis: bf7c407c2cedff20999df2af8eb42d56 -> 
  custom:audio-encoder-webm-vorbis: bf7c407c2cedff20999df2af8eb42d56 -> 
========================================================================
Received Prepare
Begin MonoManager ReloadAssembly
Symbol file LoadedFromMemory is not a mono symbol file
- Loaded All Assemblies, in  0.729 seconds
Refreshing native plugins compatible for Editor in 12.99 ms, found 3 plugins.
Native extension for WindowsStandalone target not found
Native extension for WebGL target not found
System.Exception: Error! Visual Scripting: couldn't find visual scripting package
  at Unity.VisualScripting.PackageVersionUtility.get_version () [0x00043] in .\Library\PackageCache\com.unity.visualscripting@1.9.0\Editor\VisualScripting.Core\Utilities\PackageVersionUtility.cs:31 
  at Unity.VisualScripting.BoltCoreManifest.get_version () [0x00000] in .\Library\PackageCache\com.unity.visualscripting@1.9.0\Editor\VisualScripting.Core\Plugin\BoltCoreManifest.cs:11 
  at Unity.VisualScripting.PluginManifest.get_currentVersion () [0x00000] in .\Library\PackageCache\com.unity.visualscripting@1.9.0\Editor\VisualScripting.Core\Plugins\PluginManifest.cs:33 
  at Unity.VisualScripting.PluginManifest.get_versionMismatch () [0x00000] in .\Library\PackageCache\com.unity.visualscripting@1.9.0\Editor\VisualScripting.Core\Plugins\PluginManifest.cs:48 
  at Unity.VisualScripting.PluginContainer.Initialize () [0x00525] in .\Library\PackageCache\com.unity.visualscripting@1.9.0\Editor\VisualScripting.Core\Plugins\PluginContainer.cs:208 
  at Unity.VisualScripting.PluginContainer.InitializeOnLoad () [0x00009] in .\Library\PackageCache\com.unity.visualscripting@1.9.0\Editor\VisualScripting.Core\Plugins\PluginContainer.cs:32 
  at Unity.VisualScripting.VSUsageUtility.DoInitializeOnLoadCalls () [0x00034] in .\Library\PackageCache\com.unity.visualscripting@1.9.0\Editor\VisualScripting.Core\Utilities\VSUsageUtility.cs:76 
  at Unity.VisualScripting.VSUsageUtility.set_isVisualScriptingUsed (System.Boolean value) [0x0002c] in .\Library\PackageCache\com.unity.visualscripting@1.9.0\Editor\VisualScripting.Core\Utilities\VSUsageUtility.cs:114 
  at Unity.VisualScripting.VSUsageUtility.CheckAndSetIsVisualScriptingUsed () [0x0000d] in .\Library\PackageCache\com.unity.visualscripting@1.9.0\Editor\VisualScripting.Core\Utilities\VSUsageUtility.cs:33 
  at Unity.VisualScripting.VSUsageUtility..cctor () [0x00000] in .\Library\PackageCache\com.unity.visualscripting@1.9.0\Editor\VisualScripting.Core\Utilities\VSUsageUtility.cs:22 
UnityEngine.StackTraceUtility:ExtractStackTrace ()
UnityEngine.DebugLogHandler:LogFormat (UnityEngine.LogType,UnityEngine.Object,string,object[])
UnityEngine.Logger:Log (UnityEngine.LogType,object)
UnityEngine.Debug:LogError (object)
UnityEditor.EditorAssemblies:ProcessInitializeOnLoadAttributes (System.Type[])

[Package Manager] Server::EnsureServerProcessIsRunning -- launch failed, reason: Unity was launched with the -noUpm command-line argument
[Package Manager] UpmClient::Send -- Unable to send message (not connected to UPM process).
[Package Manager] Cannot connect to Unity Package Manager local server
Mono: successfully reloaded assembly
- Finished resetting the current domain, in  2.526 seconds
Domain Reload Profiling: 3250ms
	BeginReloadAssembly (240ms)
		ExecutionOrderSort (0ms)
		DisableScriptedObjects (6ms)
		BackupInstance (0ms)
		ReleaseScriptingObjects (0ms)
		CreateAndSetChildDomain (56ms)
	RebuildCommonClasses (45ms)
	RebuildNativeTypeToScriptingClass (15ms)
	initialDomainReloadingComplete (49ms)
	LoadAllAssembliesAndSetupDomain (374ms)
		LoadAssemblies (470ms)
		RebuildTransferFunctionScriptingTraits (0ms)
		AnalyzeDomain (28ms)
			TypeCache.Refresh (12ms)
				TypeCache.ScanAssembly (0ms)
			ScanForSourceGeneratedMonoScriptInfo (0ms)
			ResolveRequiredComponents (13ms)
	FinalizeReload (2527ms)
		ReleaseScriptCaches (0ms)
		RebuildScriptCaches (0ms)
		SetupLoadedEditorAssemblies (1186ms)
			LogAssemblyErrors (0ms)
			InitializePlatformSupportModulesInManaged (14ms)
			SetLoadedEditorAssemblies (5ms)
			RefreshPlugins (0ms)
			BeforeProcessingInitializeOnLoad (135ms)
			ProcessInitializeOnLoadAttributes (792ms)
			ProcessInitializeOnLoadMethodAttributes (220ms)
			AfterProcessingInitializeOnLoad (21ms)
			EditorAssembliesLoaded (0ms)
		ExecutionOrderSort2 (0ms)
		AwakeInstancesAfterBackupRestoration (13ms)
Refreshing native plugins compatible for Editor in 10.42 ms, found 3 plugins.
Preloading 0 native plugins for Editor in 0.00 ms.
Unloading 5247 Unused Serialized files (Serialized files now loaded: 0)
Unloading 73 unused Assets / (1.6 MB). Loaded Objects now: 5785.
Memory consumption went from 176.0 MB to 174.5 MB.
Total: 24.488100 ms (FindLiveObjects: 0.603800 ms CreateObjectMapping: 0.317300 ms MarkObjects: 23.159300 ms  DeleteObjects: 0.406300 ms)

Prepare: number of updated asset objects reloaded= 0
AssetImportParameters requested are different than current active one (requested -> active):
  custom:container-demuxer-ogg: 62fdf1f143b41e24485cea50d1cbac27 -> 
  custom:video-decoder-ogg-theora: a1e56fd34408186e4bbccfd4996cb3dc -> 
  custom:framework-win-MediaFoundation: 216162199b28c13a410421893ffa2e32 -> 
  custom:CustomObjectIndexerAttribute: 756ad292c208cfabdd7b50bc23989ffe -> 
  custom:container-demuxer-webm: 4f35f7cbe854078d1ac9338744f61a02 -> 
  custom:container-muxer-webm: aa71ff27fc2769a1b78a27578f13a17b -> 
  custom:video-decoder-webm-vp8: 9c59270c3fd7afecdb556c50c9e8de78 -> 
  custom:SearchIndexIgnoredProperties: e643bd26f0fe6173181afceb89e7c659 -> 
  custom:AudioImporter_EditorPlatform: d09bf68614088b80899f8185d706f6e7 -> 
  custom:video-encoder-webm-vp8: eb34c28f22e8b96e1ab97ce403110664 -> 
  custom:audio-decoder-ogg-vorbis: bf7c407c2cedff20999df2af8eb42d56 -> 
  custom:audio-encoder-webm-vorbis: bf7c407c2cedff20999df2af8eb42d56 -> 
========================================================================
Received Import Request.
  Time since last request: 2340.317555 seconds.
  path: Assets/Dominik/Furniture/Prefab/Bookshelf.prefab
  artifactKey: Guid(dd6347fe11dcd7e46a8c34c7512e33c2) Importer(815301076,1909f56bfc062723c751e8b465ee728b)
Start importing Assets/Dominik/Furniture/Prefab/Bookshelf.prefab using Guid(dd6347fe11dcd7e46a8c34c7512e33c2) Importer(815301076,1909f56bfc062723c751e8b465ee728b)  -> (artifact id: 'b8cb2fbf8cfbcdddda259c5835aee952') in 0.348855 seconds
Number of updated asset objects reloaded before import = 0
Number of asset objects unloaded after import = 213
