Using pre-set license
Built from '2022.3/staging' branch; Version is '2022.3.10f1 (ff3792e53c62) revision 16725906'; Using compiler version '192829333'; Build Type 'Release'
OS: 'Windows 10  (10.0.19045) 64bit Professional' Language: 'de' Physical Memory: 16315 MB
BatchMode: 1, IsHumanControllingUs: 0, StartBugReporterOnCrash: 0, Is64bit: 1, IsPro: 1

COMMAND LINE ARGUMENTS:
C:\Program Files\Unity\Hub\Editor\2022.3.10f1\Editor\Unity.exe
-adb2
-batchMode
-noUpm
-name
AssetImportWorker14
-projectPath
E:/Arbeit/Projekte/GameJam/Wizard-LLC copy/Wizard-LLC
-logFile
Logs/AssetImportWorker14.log
-srvPort
61577
Successfully changed project path to: E:/Arbeit/Projekte/GameJam/Wizard-LLC copy/Wizard-LLC
E:/Arbeit/Projekte/GameJam/Wizard-LLC copy/Wizard-LLC
[UnityMemory] Configuration Parameters - Can be set up in boot.config
    "memorysetup-bucket-allocator-granularity=16"
    "memorysetup-bucket-allocator-bucket-count=8"
    "memorysetup-bucket-allocator-block-size=33554432"
    "memorysetup-bucket-allocator-block-count=8"
    "memorysetup-main-allocator-block-size=16777216"
    "memorysetup-thread-allocator-block-size=16777216"
    "memorysetup-gfx-main-allocator-block-size=16777216"
    "memorysetup-gfx-thread-allocator-block-size=16777216"
    "memorysetup-cache-allocator-block-size=4194304"
    "memorysetup-typetree-allocator-block-size=2097152"
    "memorysetup-profiler-bucket-allocator-granularity=16"
    "memorysetup-profiler-bucket-allocator-bucket-count=8"
    "memorysetup-profiler-bucket-allocator-block-size=33554432"
    "memorysetup-profiler-bucket-allocator-block-count=8"
    "memorysetup-profiler-allocator-block-size=16777216"
    "memorysetup-profiler-editor-allocator-block-size=1048576"
    "memorysetup-temp-allocator-size-main=16777216"
    "memorysetup-job-temp-allocator-block-size=2097152"
    "memorysetup-job-temp-allocator-block-size-background=1048576"
    "memorysetup-job-temp-allocator-reduction-small-platforms=262144"
    "memorysetup-allocator-temp-initial-block-size-main=262144"
    "memorysetup-allocator-temp-initial-block-size-worker=262144"
    "memorysetup-temp-allocator-size-background-worker=32768"
    "memorysetup-temp-allocator-size-job-worker=262144"
    "memorysetup-temp-allocator-size-preload-manager=33554432"
    "memorysetup-temp-allocator-size-nav-mesh-worker=65536"
    "memorysetup-temp-allocator-size-audio-worker=65536"
    "memorysetup-temp-allocator-size-cloud-worker=32768"
    "memorysetup-temp-allocator-size-gi-baking-worker=262144"
    "memorysetup-temp-allocator-size-gfx=262144"
Player connection [9688] Host "[IP] 192.168.0.114 [Port] 0 [Flags] 2 [Guid] 531872960 [EditorId] 531872960 [Version] 1048832 [Id] WindowsEditor(7,DESKTOP-QOLIB5E) [Debug] 1 [PackageName] WindowsEditor [ProjectName] Editor" joined multi-casting on [225.0.0.222:54997]...

Player connection [9688] Host "[IP] 192.168.0.114 [Port] 0 [Flags] 2 [Guid] 531872960 [EditorId] 531872960 [Version] 1048832 [Id] WindowsEditor(7,DESKTOP-QOLIB5E) [Debug] 1 [PackageName] WindowsEditor [ProjectName] Editor" joined alternative multi-casting on [225.0.0.222:34997]...

[Physics::Module] Initialized MultithreadedJobDispatcher with 11 workers.
Refreshing native plugins compatible for Editor in 21.04 ms, found 3 plugins.
Preloading 0 native plugins for Editor in 0.00 ms.
Initialize engine version: 2022.3.10f1 (ff3792e53c62)
[Subsystems] Discovering subsystems at path C:/Program Files/Unity/Hub/Editor/2022.3.10f1/Editor/Data/Resources/UnitySubsystems
[Subsystems] Discovering subsystems at path E:/Arbeit/Projekte/GameJam/Wizard-LLC copy/Wizard-LLC/Assets
GfxDevice: creating device client; threaded=0; jobified=0
Direct3D:
    Version:  Direct3D 11.0 [level 11.1]
    Renderer: NVIDIA GeForce GTX 1070 (ID=0x1b81)
    Vendor:   NVIDIA
    VRAM:     8067 MB
    Driver:   31.0.15.5186
Initialize mono
Mono path[0] = 'C:/Program Files/Unity/Hub/Editor/2022.3.10f1/Editor/Data/Managed'
Mono path[1] = 'C:/Program Files/Unity/Hub/Editor/2022.3.10f1/Editor/Data/MonoBleedingEdge/lib/mono/unityjit-win32'
Mono config path = 'C:/Program Files/Unity/Hub/Editor/2022.3.10f1/Editor/Data/MonoBleedingEdge/etc'
Using monoOptions --debugger-agent=transport=dt_socket,embedding=1,server=y,suspend=n,address=127.0.0.1:56788
Begin MonoManager ReloadAssembly
Registering precompiled unity dll's ...
Register platform support module: C:/Program Files/Unity/Hub/Editor/2022.3.10f1/Editor/Data/PlaybackEngines/WebGLSupport/UnityEditor.WebGL.Extensions.dll
Register platform support module: C:/Program Files/Unity/Hub/Editor/2022.3.10f1/Editor/Data/PlaybackEngines/WindowsStandaloneSupport/UnityEditor.WindowsStandalone.Extensions.dll
Registered in 0.024155 seconds.
- Loaded All Assemblies, in  0.486 seconds
Native extension for WindowsStandalone target not found
Native extension for WebGL target not found
Mono: successfully reloaded assembly
- Finished resetting the current domain, in  0.310 seconds
Domain Reload Profiling: 792ms
	BeginReloadAssembly (151ms)
		ExecutionOrderSort (0ms)
		DisableScriptedObjects (0ms)
		BackupInstance (0ms)
		ReleaseScriptingObjects (0ms)
		CreateAndSetChildDomain (1ms)
	RebuildCommonClasses (49ms)
	RebuildNativeTypeToScriptingClass (14ms)
	initialDomainReloadingComplete (96ms)
	LoadAllAssembliesAndSetupDomain (171ms)
		LoadAssemblies (147ms)
		RebuildTransferFunctionScriptingTraits (0ms)
		AnalyzeDomain (168ms)
			TypeCache.Refresh (167ms)
				TypeCache.ScanAssembly (152ms)
			ScanForSourceGeneratedMonoScriptInfo (0ms)
			ResolveRequiredComponents (1ms)
	FinalizeReload (311ms)
		ReleaseScriptCaches (0ms)
		RebuildScriptCaches (0ms)
		SetupLoadedEditorAssemblies (240ms)
			LogAssemblyErrors (0ms)
			InitializePlatformSupportModulesInManaged (15ms)
			SetLoadedEditorAssemblies (6ms)
			RefreshPlugins (0ms)
			BeforeProcessingInitializeOnLoad (3ms)
			ProcessInitializeOnLoadAttributes (160ms)
			ProcessInitializeOnLoadMethodAttributes (55ms)
			AfterProcessingInitializeOnLoad (0ms)
			EditorAssembliesLoaded (0ms)
		ExecutionOrderSort2 (0ms)
		AwakeInstancesAfterBackupRestoration (0ms)
========================================================================
Worker process is ready to serve import requests
Begin MonoManager ReloadAssembly
Symbol file LoadedFromMemory is not a mono symbol file
- Loaded All Assemblies, in  0.954 seconds
Refreshing native plugins compatible for Editor in 9.63 ms, found 3 plugins.
Native extension for WindowsStandalone target not found
Native extension for WebGL target not found
Package Manager log level set to [2]
[Package Manager] Server::EnsureServerProcessIsRunning -- launch failed, reason: Unity was launched with the -noUpm command-line argument
[Package Manager] UpmClient::Send -- Unable to send message (not connected to UPM process).
[Package Manager] Cannot connect to Unity Package Manager local server
Mono: successfully reloaded assembly
- Finished resetting the current domain, in  0.893 seconds
Domain Reload Profiling: 1842ms
	BeginReloadAssembly (212ms)
		ExecutionOrderSort (0ms)
		DisableScriptedObjects (9ms)
		BackupInstance (0ms)
		ReleaseScriptingObjects (0ms)
		CreateAndSetChildDomain (27ms)
	RebuildCommonClasses (43ms)
	RebuildNativeTypeToScriptingClass (14ms)
	initialDomainReloadingComplete (61ms)
	LoadAllAssembliesAndSetupDomain (617ms)
		LoadAssemblies (472ms)
		RebuildTransferFunctionScriptingTraits (0ms)
		AnalyzeDomain (266ms)
			TypeCache.Refresh (224ms)
				TypeCache.ScanAssembly (201ms)
			ScanForSourceGeneratedMonoScriptInfo (32ms)
			ResolveRequiredComponents (8ms)
	FinalizeReload (894ms)
		ReleaseScriptCaches (0ms)
		RebuildScriptCaches (0ms)
		SetupLoadedEditorAssemblies (705ms)
			LogAssemblyErrors (0ms)
			InitializePlatformSupportModulesInManaged (13ms)
			SetLoadedEditorAssemblies (4ms)
			RefreshPlugins (0ms)
			BeforeProcessingInitializeOnLoad (96ms)
			ProcessInitializeOnLoadAttributes (399ms)
			ProcessInitializeOnLoadMethodAttributes (174ms)
			AfterProcessingInitializeOnLoad (19ms)
			EditorAssembliesLoaded (0ms)
		ExecutionOrderSort2 (0ms)
		AwakeInstancesAfterBackupRestoration (8ms)
Launched and connected shader compiler UnityShaderCompiler.exe after 0.09 seconds
Refreshing native plugins compatible for Editor in 10.71 ms, found 3 plugins.
Preloading 0 native plugins for Editor in 0.00 ms.
Unloading 4205 Unused Serialized files (Serialized files now loaded: 0)
Unloading 75 unused Assets / (1.3 MB). Loaded Objects now: 4629.
Memory consumption went from 150.5 MB to 149.2 MB.
Total: 9.837500 ms (FindLiveObjects: 0.448100 ms CreateObjectMapping: 0.167600 ms MarkObjects: 8.770100 ms  DeleteObjects: 0.450200 ms)

AssetImportParameters requested are different than current active one (requested -> active):
  custom:container-demuxer-ogg: 62fdf1f143b41e24485cea50d1cbac27 -> 
  custom:video-decoder-ogg-theora: a1e56fd34408186e4bbccfd4996cb3dc -> 
  custom:framework-win-MediaFoundation: 216162199b28c13a410421893ffa2e32 -> 
  custom:CustomObjectIndexerAttribute: 756ad292c208cfabdd7b50bc23989ffe -> 
  custom:container-demuxer-webm: 4f35f7cbe854078d1ac9338744f61a02 -> 
  custom:container-muxer-webm: aa71ff27fc2769a1b78a27578f13a17b -> 
  custom:video-decoder-webm-vp8: 9c59270c3fd7afecdb556c50c9e8de78 -> 
  custom:SearchIndexIgnoredProperties: e643bd26f0fe6173181afceb89e7c659 -> 
  custom:AudioImporter_EditorPlatform: d09bf68614088b80899f8185d706f6e7 -> 
  custom:video-encoder-webm-vp8: eb34c28f22e8b96e1ab97ce403110664 -> 
  custom:audio-decoder-ogg-vorbis: bf7c407c2cedff20999df2af8eb42d56 -> 
  custom:audio-encoder-webm-vorbis: bf7c407c2cedff20999df2af8eb42d56 -> 
========================================================================
Received Import Request.
  Time since last request: 489352.324521 seconds.
  path: Assets/Dominik/Modular Mesh/Stairs_5x8_B.fbx
  artifactKey: Guid(557511ba67627354184fc1e50f0661b5) Importer(815301076,1909f56bfc062723c751e8b465ee728b)
Start importing Assets/Dominik/Modular Mesh/Stairs_5x8_B.fbx using Guid(557511ba67627354184fc1e50f0661b5) Importer(815301076,1909f56bfc062723c751e8b465ee728b)  -> (artifact id: 'e7f34e84200a93cf2e140ecb96deec0f') in 0.493569 seconds
Number of updated asset objects reloaded before import = 0
Number of asset objects unloaded after import = 10
========================================================================
Received Import Request.
  Time since last request: 0.000080 seconds.
  path: Assets/Dominik/Modular Mesh/Wall_Door_B.fbx
  artifactKey: Guid(87d502515c53d43488c07696ed0c5535) Importer(815301076,1909f56bfc062723c751e8b465ee728b)
Start importing Assets/Dominik/Modular Mesh/Wall_Door_B.fbx using Guid(87d502515c53d43488c07696ed0c5535) Importer(815301076,1909f56bfc062723c751e8b465ee728b)  -> (artifact id: '046055af1f7b69311b7411ac3b2d8f60') in 0.074105 seconds
Number of updated asset objects reloaded before import = 0
Number of asset objects unloaded after import = 11
========================================================================
Received Import Request.
  Time since last request: 0.000049 seconds.
  path: Assets/Dominik/Modular Mesh/Wall_8x10_B.fbx
  artifactKey: Guid(246d6e6184cc86446a52b304284db2fc) Importer(815301076,1909f56bfc062723c751e8b465ee728b)
Start importing Assets/Dominik/Modular Mesh/Wall_8x10_B.fbx using Guid(246d6e6184cc86446a52b304284db2fc) Importer(815301076,1909f56bfc062723c751e8b465ee728b)  -> (artifact id: '2a2af582a1436aad67bd0e4c7706d933') in 0.028541 seconds
Number of updated asset objects reloaded before import = 0
Number of asset objects unloaded after import = 10
========================================================================
Received Import Request.
  Time since last request: 3.367343 seconds.
  path: Assets/Dominik/Modular Mesh/Stairs_5x8_B.fbx
  artifactKey: Guid(557511ba67627354184fc1e50f0661b5) Importer(815301076,1909f56bfc062723c751e8b465ee728b)
Start importing Assets/Dominik/Modular Mesh/Stairs_5x8_B.fbx using Guid(557511ba67627354184fc1e50f0661b5) Importer(815301076,1909f56bfc062723c751e8b465ee728b)  -> (artifact id: '5ab0d2702fec737047c98b42b6c74be5') in 0.023651 seconds
Number of updated asset objects reloaded before import = 0
Number of asset objects unloaded after import = 10
========================================================================
Received Import Request.
  Time since last request: 0.000022 seconds.
  path: Assets/Dominik/Modular Mesh/Wall_Door_8x10_Right_B.fbx
  artifactKey: Guid(a9db78aef94e10d4bbc198c105cfebdc) Importer(815301076,1909f56bfc062723c751e8b465ee728b)
Start importing Assets/Dominik/Modular Mesh/Wall_Door_8x10_Right_B.fbx using Guid(a9db78aef94e10d4bbc198c105cfebdc) Importer(815301076,1909f56bfc062723c751e8b465ee728b)  -> (artifact id: '8c204161ad0fa494c18e48c0888862de') in 0.021614 seconds
Number of updated asset objects reloaded before import = 0
Number of asset objects unloaded after import = 10
========================================================================
Received Import Request.
  Time since last request: 0.000022 seconds.
  path: Assets/Dominik/Modular Mesh/Wall_Door_A.fbx
  artifactKey: Guid(4d89cc97fe56be245816afa5bc21ccf7) Importer(815301076,1909f56bfc062723c751e8b465ee728b)
Start importing Assets/Dominik/Modular Mesh/Wall_Door_A.fbx using Guid(4d89cc97fe56be245816afa5bc21ccf7) Importer(815301076,1909f56bfc062723c751e8b465ee728b)  -> (artifact id: 'd2b0f9ad745fd371ee0217328752e724') in 0.031636 seconds
Number of updated asset objects reloaded before import = 0
Number of asset objects unloaded after import = 11
========================================================================
Received Import Request.
  Time since last request: 0.000032 seconds.
  path: Assets/Dominik/Modular Mesh/Wall_Doorframe_8x10_A.fbx
  artifactKey: Guid(284b25983f0d78042a324a4526e8c7b3) Importer(815301076,1909f56bfc062723c751e8b465ee728b)
Start importing Assets/Dominik/Modular Mesh/Wall_Doorframe_8x10_A.fbx using Guid(284b25983f0d78042a324a4526e8c7b3) Importer(815301076,1909f56bfc062723c751e8b465ee728b)  -> (artifact id: '9401dde1e58aa9f3f8e35f7af6ca75ce') in 0.020883 seconds
Number of updated asset objects reloaded before import = 0
Number of asset objects unloaded after import = 10
========================================================================
Received Import Request.
  Time since last request: 0.000037 seconds.
  path: Assets/Dominik/Modular Mesh/Wall_Beam_Small_B.fbx
  artifactKey: Guid(d38998c89f148104ea55d2294308fb1f) Importer(815301076,1909f56bfc062723c751e8b465ee728b)
Start importing Assets/Dominik/Modular Mesh/Wall_Beam_Small_B.fbx using Guid(d38998c89f148104ea55d2294308fb1f) Importer(815301076,1909f56bfc062723c751e8b465ee728b)  -> (artifact id: '10710f322a59fed1570ca67172a94a20') in 0.022344 seconds
Number of updated asset objects reloaded before import = 0
Number of asset objects unloaded after import = 10
========================================================================
Received Import Request.
  Time since last request: 0.000021 seconds.
  path: Assets/Dominik/Modular Mesh/Wall_8x10_A.fbx
  artifactKey: Guid(4fb3a9855b9340445b8c709c4dd3f468) Importer(815301076,1909f56bfc062723c751e8b465ee728b)
Start importing Assets/Dominik/Modular Mesh/Wall_8x10_A.fbx using Guid(4fb3a9855b9340445b8c709c4dd3f468) Importer(815301076,1909f56bfc062723c751e8b465ee728b)  -> (artifact id: 'cb2b804b8589d418dd38986fabe8ac12') in 0.022779 seconds
Number of updated asset objects reloaded before import = 0
Number of asset objects unloaded after import = 10
========================================================================
Received Import Request.
  Time since last request: 0.000019 seconds.
  path: Assets/Dominik/Modular Mesh/Wall_Door_8x10_B.fbx
  artifactKey: Guid(23d52c493f5e47d4d9f7f295a7442192) Importer(815301076,1909f56bfc062723c751e8b465ee728b)
Start importing Assets/Dominik/Modular Mesh/Wall_Door_8x10_B.fbx using Guid(23d52c493f5e47d4d9f7f295a7442192) Importer(815301076,1909f56bfc062723c751e8b465ee728b)  -> (artifact id: '9444d5bdda338620c21e99b35fc2cff6') in 0.020766 seconds
Number of updated asset objects reloaded before import = 0
Number of asset objects unloaded after import = 10
========================================================================
Received Import Request.
  Time since last request: 0.000028 seconds.
  path: Assets/Dominik/Modular Mesh/Wall_Round_Arch_Corner_A.fbx
  artifactKey: Guid(a313081367f01fd4a8fbf582abb1b05f) Importer(815301076,1909f56bfc062723c751e8b465ee728b)
Start importing Assets/Dominik/Modular Mesh/Wall_Round_Arch_Corner_A.fbx using Guid(a313081367f01fd4a8fbf582abb1b05f) Importer(815301076,1909f56bfc062723c751e8b465ee728b)  -> (artifact id: '6bc411584b6018bbb2188a939be8f612') in 0.024183 seconds
Number of updated asset objects reloaded before import = 0
Number of asset objects unloaded after import = 10
========================================================================
Received Import Request.
  Time since last request: 0.000018 seconds.
  path: Assets/Dominik/Modular Mesh/Wall_8x10_B.fbx
  artifactKey: Guid(246d6e6184cc86446a52b304284db2fc) Importer(815301076,1909f56bfc062723c751e8b465ee728b)
Start importing Assets/Dominik/Modular Mesh/Wall_8x10_B.fbx using Guid(246d6e6184cc86446a52b304284db2fc) Importer(815301076,1909f56bfc062723c751e8b465ee728b)  -> (artifact id: '9cef5b3eee07582c27e765c2b3172a7b') in 0.022220 seconds
Number of updated asset objects reloaded before import = 0
Number of asset objects unloaded after import = 10
Editor requested this worker to shutdown with reason: Scaling down because of idle timeout
TcpMessagingSession - receive error: operation aborted. errorcode: 995, details: Der E/A-Vorgang wurde wegen eines Threadendes oder einer Anwendungsanforderung abgebrochen.
AssetImportWorker is now disconnected from the server
Process exiting
Exiting without the bug reporter. Application will terminate with return code 0