Using pre-set license
Built from '2022.3/staging' branch; Version is '2022.3.10f1 (ff3792e53c62) revision 16725906'; Using compiler version '192829333'; Build Type 'Release'
OS: 'Windows 10  (10.0.19045) 64bit Core' Language: 'en' Physical Memory: 16246 MB
BatchMode: 1, IsHumanControllingUs: 0, StartBugReporterOnCrash: 0, Is64bit: 1, IsPro: 1

COMMAND LINE ARGUMENTS:
C:\Program Files\Unity\Hub\Editor\2022.3.10f1\Editor\Unity.exe
-adb2
-batchMode
-noUpm
-name
AssetImportWorker18
-projectPath
C:/Users/Diogo Castelo Branco/Desktop/PirateGameJam/Github/Wizard-LLC
-logFile
Logs/AssetImportWorker18.log
-srvPort
51912
Successfully changed project path to: C:/Users/Diogo Castelo Branco/Desktop/PirateGameJam/Github/Wizard-LLC
C:/Users/Diogo Castelo Branco/Desktop/PirateGameJam/Github/Wizard-LLC
[UnityMemory] Configuration Parameters - Can be set up in boot.config
    "memorysetup-bucket-allocator-granularity=16"
    "memorysetup-bucket-allocator-bucket-count=8"
    "memorysetup-bucket-allocator-block-size=33554432"
    "memorysetup-bucket-allocator-block-count=8"
    "memorysetup-main-allocator-block-size=16777216"
    "memorysetup-thread-allocator-block-size=16777216"
    "memorysetup-gfx-main-allocator-block-size=16777216"
    "memorysetup-gfx-thread-allocator-block-size=16777216"
    "memorysetup-cache-allocator-block-size=4194304"
    "memorysetup-typetree-allocator-block-size=2097152"
    "memorysetup-profiler-bucket-allocator-granularity=16"
    "memorysetup-profiler-bucket-allocator-bucket-count=8"
    "memorysetup-profiler-bucket-allocator-block-size=33554432"
    "memorysetup-profiler-bucket-allocator-block-count=8"
    "memorysetup-profiler-allocator-block-size=16777216"
    "memorysetup-profiler-editor-allocator-block-size=1048576"
    "memorysetup-temp-allocator-size-main=16777216"
    "memorysetup-job-temp-allocator-block-size=2097152"
    "memorysetup-job-temp-allocator-block-size-background=1048576"
    "memorysetup-job-temp-allocator-reduction-small-platforms=262144"
    "memorysetup-allocator-temp-initial-block-size-main=262144"
    "memorysetup-allocator-temp-initial-block-size-worker=262144"
    "memorysetup-temp-allocator-size-background-worker=32768"
    "memorysetup-temp-allocator-size-job-worker=262144"
    "memorysetup-temp-allocator-size-preload-manager=33554432"
    "memorysetup-temp-allocator-size-nav-mesh-worker=65536"
    "memorysetup-temp-allocator-size-audio-worker=65536"
    "memorysetup-temp-allocator-size-cloud-worker=32768"
    "memorysetup-temp-allocator-size-gi-baking-worker=262144"
    "memorysetup-temp-allocator-size-gfx=262144"
Player connection [79160] Host "[IP] 192.168.1.70 [Port] 0 [Flags] 2 [Guid] 2739896044 [EditorId] 2739896044 [Version] 1048832 [Id] WindowsEditor(7,DESKTOP-R82JVO4) [Debug] 1 [PackageName] WindowsEditor [ProjectName] Editor" joined multi-casting on [225.0.0.222:54997]...

Player connection [79160] Host "[IP] 192.168.1.70 [Port] 0 [Flags] 2 [Guid] 2739896044 [EditorId] 2739896044 [Version] 1048832 [Id] WindowsEditor(7,DESKTOP-R82JVO4) [Debug] 1 [PackageName] WindowsEditor [ProjectName] Editor" joined alternative multi-casting on [225.0.0.222:34997]...

[Physics::Module] Initialized MultithreadedJobDispatcher with 7 workers.
Refreshing native plugins compatible for Editor in 22.17 ms, found 3 plugins.
Preloading 0 native plugins for Editor in 0.00 ms.
Initialize engine version: 2022.3.10f1 (ff3792e53c62)
[Subsystems] Discovering subsystems at path C:/Program Files/Unity/Hub/Editor/2022.3.10f1/Editor/Data/Resources/UnitySubsystems
[Subsystems] Discovering subsystems at path C:/Users/Diogo Castelo Branco/Desktop/PirateGameJam/Github/Wizard-LLC/Assets
GfxDevice: creating device client; threaded=0; jobified=0
Direct3D:
    Version:  Direct3D 11.0 [level 11.1]
    Renderer: NVIDIA GeForce RTX 2070 SUPER (ID=0x1e84)
    Vendor:   NVIDIA
    VRAM:     7989 MB
    Driver:   31.0.15.5222
Initialize mono
Mono path[0] = 'C:/Program Files/Unity/Hub/Editor/2022.3.10f1/Editor/Data/Managed'
Mono path[1] = 'C:/Program Files/Unity/Hub/Editor/2022.3.10f1/Editor/Data/MonoBleedingEdge/lib/mono/unityjit-win32'
Mono config path = 'C:/Program Files/Unity/Hub/Editor/2022.3.10f1/Editor/Data/MonoBleedingEdge/etc'
Using monoOptions --debugger-agent=transport=dt_socket,embedding=1,server=y,suspend=n,address=127.0.0.1:56920
Begin MonoManager ReloadAssembly
Registering precompiled unity dll's ...
Register platform support module: C:/Program Files/Unity/Hub/Editor/2022.3.10f1/Editor/Data/PlaybackEngines/WebGLSupport/UnityEditor.WebGL.Extensions.dll
Register platform support module: C:/Program Files/Unity/Hub/Editor/2022.3.10f1/Editor/Data/PlaybackEngines/WindowsStandaloneSupport/UnityEditor.WindowsStandalone.Extensions.dll
Registered in 0.013314 seconds.
- Loaded All Assemblies, in  0.352 seconds
Native extension for WindowsStandalone target not found
Native extension for WebGL target not found
Mono: successfully reloaded assembly
- Finished resetting the current domain, in  0.229 seconds
Domain Reload Profiling: 579ms
	BeginReloadAssembly (104ms)
		ExecutionOrderSort (0ms)
		DisableScriptedObjects (0ms)
		BackupInstance (0ms)
		ReleaseScriptingObjects (0ms)
		CreateAndSetChildDomain (1ms)
	RebuildCommonClasses (35ms)
	RebuildNativeTypeToScriptingClass (11ms)
	initialDomainReloadingComplete (69ms)
	LoadAllAssembliesAndSetupDomain (130ms)
		LoadAssemblies (102ms)
		RebuildTransferFunctionScriptingTraits (0ms)
		AnalyzeDomain (129ms)
			TypeCache.Refresh (127ms)
				TypeCache.ScanAssembly (115ms)
			ScanForSourceGeneratedMonoScriptInfo (0ms)
			ResolveRequiredComponents (0ms)
	FinalizeReload (230ms)
		ReleaseScriptCaches (0ms)
		RebuildScriptCaches (0ms)
		SetupLoadedEditorAssemblies (178ms)
			LogAssemblyErrors (0ms)
			InitializePlatformSupportModulesInManaged (11ms)
			SetLoadedEditorAssemblies (5ms)
			RefreshPlugins (0ms)
			BeforeProcessingInitializeOnLoad (2ms)
			ProcessInitializeOnLoadAttributes (116ms)
			ProcessInitializeOnLoadMethodAttributes (44ms)
			AfterProcessingInitializeOnLoad (0ms)
			EditorAssembliesLoaded (0ms)
		ExecutionOrderSort2 (0ms)
		AwakeInstancesAfterBackupRestoration (0ms)
========================================================================
Worker process is ready to serve import requests
Begin MonoManager ReloadAssembly
Symbol file LoadedFromMemory is not a mono symbol file
- Loaded All Assemblies, in  0.728 seconds
Refreshing native plugins compatible for Editor in 10.45 ms, found 3 plugins.
Native extension for WindowsStandalone target not found
Native extension for WebGL target not found
System.Exception: Error! Visual Scripting: couldn't find visual scripting package
  at Unity.VisualScripting.PackageVersionUtility.get_version () [0x00043] in .\Library\PackageCache\com.unity.visualscripting@1.9.0\Editor\VisualScripting.Core\Utilities\PackageVersionUtility.cs:31 
  at Unity.VisualScripting.BoltCoreManifest.get_version () [0x00000] in .\Library\PackageCache\com.unity.visualscripting@1.9.0\Editor\VisualScripting.Core\Plugin\BoltCoreManifest.cs:11 
  at Unity.VisualScripting.PluginManifest.get_currentVersion () [0x00000] in .\Library\PackageCache\com.unity.visualscripting@1.9.0\Editor\VisualScripting.Core\Plugins\PluginManifest.cs:33 
  at Unity.VisualScripting.PluginManifest.get_versionMismatch () [0x00000] in .\Library\PackageCache\com.unity.visualscripting@1.9.0\Editor\VisualScripting.Core\Plugins\PluginManifest.cs:48 
  at Unity.VisualScripting.PluginContainer.Initialize () [0x00525] in .\Library\PackageCache\com.unity.visualscripting@1.9.0\Editor\VisualScripting.Core\Plugins\PluginContainer.cs:208 
  at Unity.VisualScripting.PluginContainer.InitializeOnLoad () [0x00009] in .\Library\PackageCache\com.unity.visualscripting@1.9.0\Editor\VisualScripting.Core\Plugins\PluginContainer.cs:32 
  at Unity.VisualScripting.VSUsageUtility.DoInitializeOnLoadCalls () [0x00034] in .\Library\PackageCache\com.unity.visualscripting@1.9.0\Editor\VisualScripting.Core\Utilities\VSUsageUtility.cs:76 
  at Unity.VisualScripting.VSUsageUtility.set_isVisualScriptingUsed (System.Boolean value) [0x0002c] in .\Library\PackageCache\com.unity.visualscripting@1.9.0\Editor\VisualScripting.Core\Utilities\VSUsageUtility.cs:114 
  at Unity.VisualScripting.VSUsageUtility.CheckAndSetIsVisualScriptingUsed () [0x00032] in .\Library\PackageCache\com.unity.visualscripting@1.9.0\Editor\VisualScripting.Core\Utilities\VSUsageUtility.cs:48 
  at Unity.VisualScripting.VSUsageUtility..cctor () [0x00000] in .\Library\PackageCache\com.unity.visualscripting@1.9.0\Editor\VisualScripting.Core\Utilities\VSUsageUtility.cs:22 
UnityEngine.StackTraceUtility:ExtractStackTrace ()
UnityEngine.DebugLogHandler:LogFormat (UnityEngine.LogType,UnityEngine.Object,string,object[])
UnityEngine.Logger:Log (UnityEngine.LogType,object)
UnityEngine.Debug:LogError (object)
UnityEditor.EditorAssemblies:ProcessInitializeOnLoadAttributes (System.Type[])

Package Manager log level set to [2]
[Package Manager] Server::EnsureServerProcessIsRunning -- launch failed, reason: Unity was launched with the -noUpm command-line argument
[Package Manager] UpmClient::Send -- Unable to send message (not connected to UPM process).
[Package Manager] Cannot connect to Unity Package Manager local server
Mono: successfully reloaded assembly
- Finished resetting the current domain, in  1.075 seconds
Domain Reload Profiling: 1794ms
	BeginReloadAssembly (136ms)
		ExecutionOrderSort (0ms)
		DisableScriptedObjects (5ms)
		BackupInstance (0ms)
		ReleaseScriptingObjects (0ms)
		CreateAndSetChildDomain (17ms)
	RebuildCommonClasses (31ms)
	RebuildNativeTypeToScriptingClass (10ms)
	initialDomainReloadingComplete (45ms)
	LoadAllAssembliesAndSetupDomain (496ms)
		LoadAssemblies (369ms)
		RebuildTransferFunctionScriptingTraits (0ms)
		AnalyzeDomain (210ms)
			TypeCache.Refresh (180ms)
				TypeCache.ScanAssembly (163ms)
			ScanForSourceGeneratedMonoScriptInfo (24ms)
			ResolveRequiredComponents (5ms)
	FinalizeReload (1076ms)
		ReleaseScriptCaches (0ms)
		RebuildScriptCaches (0ms)
		SetupLoadedEditorAssemblies (935ms)
			LogAssemblyErrors (0ms)
			InitializePlatformSupportModulesInManaged (11ms)
			SetLoadedEditorAssemblies (3ms)
			RefreshPlugins (0ms)
			BeforeProcessingInitializeOnLoad (84ms)
			ProcessInitializeOnLoadAttributes (717ms)
			ProcessInitializeOnLoadMethodAttributes (110ms)
			AfterProcessingInitializeOnLoad (9ms)
			EditorAssembliesLoaded (0ms)
		ExecutionOrderSort2 (0ms)
		AwakeInstancesAfterBackupRestoration (6ms)
Launched and connected shader compiler UnityShaderCompiler.exe after 0.04 seconds
Refreshing native plugins compatible for Editor in 11.94 ms, found 3 plugins.
Preloading 0 native plugins for Editor in 0.00 ms.
Unloading 5307 Unused Serialized files (Serialized files now loaded: 0)
Unloading 86 unused Assets / (1.6 MB). Loaded Objects now: 5731.
Memory consumption went from 183.6 MB to 182.0 MB.
Total: 12.322600 ms (FindLiveObjects: 0.332800 ms CreateObjectMapping: 0.362800 ms MarkObjects: 11.077600 ms  DeleteObjects: 0.548400 ms)

AssetImportParameters requested are different than current active one (requested -> active):
  custom:container-demuxer-ogg: 62fdf1f143b41e24485cea50d1cbac27 -> 
  custom:video-decoder-ogg-theora: a1e56fd34408186e4bbccfd4996cb3dc -> 
  custom:framework-win-MediaFoundation: 216162199b28c13a410421893ffa2e32 -> 
  custom:CustomObjectIndexerAttribute: 756ad292c208cfabdd7b50bc23989ffe -> 
  custom:container-demuxer-webm: 4f35f7cbe854078d1ac9338744f61a02 -> 
  custom:container-muxer-webm: aa71ff27fc2769a1b78a27578f13a17b -> 
  custom:video-decoder-webm-vp8: 9c59270c3fd7afecdb556c50c9e8de78 -> 
  custom:SearchIndexIgnoredProperties: e643bd26f0fe6173181afceb89e7c659 -> 
  custom:AudioImporter_EditorPlatform: d09bf68614088b80899f8185d706f6e7 -> 
  custom:video-encoder-webm-vp8: eb34c28f22e8b96e1ab97ce403110664 -> 
  custom:audio-decoder-ogg-vorbis: bf7c407c2cedff20999df2af8eb42d56 -> 
  custom:audio-encoder-webm-vorbis: bf7c407c2cedff20999df2af8eb42d56 -> 
========================================================================
Received Import Request.
  Time since last request: 1381711.262446 seconds.
  path: Assets/CB/Assets/Props/Batch1/Meshes/CoffeeBeanBag.fbx
  artifactKey: Guid(48d48b3d095b4c74e8dc546faf9dc443) Importer(815301076,1909f56bfc062723c751e8b465ee728b)
Start importing Assets/CB/Assets/Props/Batch1/Meshes/CoffeeBeanBag.fbx using Guid(48d48b3d095b4c74e8dc546faf9dc443) Importer(815301076,1909f56bfc062723c751e8b465ee728b)  -> (artifact id: 'f3a68238aa888f6cc50caf6f6558e421') in 0.905242 seconds
Number of updated asset objects reloaded before import = 1
Number of asset objects unloaded after import = 22
========================================================================
Received Import Request.
  Time since last request: 0.000022 seconds.
  path: Assets/CB/Assets/Props/Batch1/Meshes/CoffeeCup.fbx
  artifactKey: Guid(655617c57792f4448a65d40efd65fe9e) Importer(815301076,1909f56bfc062723c751e8b465ee728b)
Start importing Assets/CB/Assets/Props/Batch1/Meshes/CoffeeCup.fbx using Guid(655617c57792f4448a65d40efd65fe9e) Importer(815301076,1909f56bfc062723c751e8b465ee728b)  -> (artifact id: 'edeed7f1cc7880295d918de7de3670c4') in 0.022108 seconds
Number of updated asset objects reloaded before import = 0
Number of asset objects unloaded after import = 13
========================================================================
Received Import Request.
  Time since last request: 0.000343 seconds.
  path: Assets/CB/Assets/Props/Batch1/Meshes/CoffeeCupPlate.fbx
  artifactKey: Guid(04393e563cbaf1440bcb610b0b3bbd36) Importer(815301076,1909f56bfc062723c751e8b465ee728b)
Start importing Assets/CB/Assets/Props/Batch1/Meshes/CoffeeCupPlate.fbx using Guid(04393e563cbaf1440bcb610b0b3bbd36) Importer(815301076,1909f56bfc062723c751e8b465ee728b)  -> (artifact id: '8c1a17158af8e70f943efb084e7194ba') in 0.020069 seconds
Number of updated asset objects reloaded before import = 0
Number of asset objects unloaded after import = 13
========================================================================
Received Import Request.
  Time since last request: 0.000015 seconds.
  path: Assets/CB/Assets/Props/Batch1/Meshes/Plunger.fbx
  artifactKey: Guid(99dec0b2929614b4b9f6cf7ede98e09c) Importer(815301076,1909f56bfc062723c751e8b465ee728b)
Start importing Assets/CB/Assets/Props/Batch1/Meshes/Plunger.fbx using Guid(99dec0b2929614b4b9f6cf7ede98e09c) Importer(815301076,1909f56bfc062723c751e8b465ee728b)  -> (artifact id: 'b05af692c4302197827c4af18878910a') in 0.029217 seconds
Number of updated asset objects reloaded before import = 0
Number of asset objects unloaded after import = 20
========================================================================
Received Import Request.
  Time since last request: 0.000137 seconds.
  path: Assets/CB/Assets/Props/Batch1/Meshes/Receipts.fbx
  artifactKey: Guid(5384811a431f3da47810c23af1ac205d) Importer(815301076,1909f56bfc062723c751e8b465ee728b)
Start importing Assets/CB/Assets/Props/Batch1/Meshes/Receipts.fbx using Guid(5384811a431f3da47810c23af1ac205d) Importer(815301076,1909f56bfc062723c751e8b465ee728b)  -> (artifact id: '23743ebfc973c2d38873ce3ea0967b3d') in 0.019059 seconds
Number of updated asset objects reloaded before import = 0
Number of asset objects unloaded after import = 13
========================================================================
Received Import Request.
  Time since last request: 0.000017 seconds.
  path: Assets/CB/Assets/Props/Batch1/Meshes/ReceiptsHolder.fbx
  artifactKey: Guid(d67695425fad7894bae18378a53fed0f) Importer(815301076,1909f56bfc062723c751e8b465ee728b)
Start importing Assets/CB/Assets/Props/Batch1/Meshes/ReceiptsHolder.fbx using Guid(d67695425fad7894bae18378a53fed0f) Importer(815301076,1909f56bfc062723c751e8b465ee728b)  -> (artifact id: 'c3eff8e2adcce352cf9cda7c0c246d39') in 0.028698 seconds
Number of updated asset objects reloaded before import = 0
Number of asset objects unloaded after import = 20
========================================================================
Received Import Request.
  Time since last request: 0.000012 seconds.
  path: Assets/CB/Assets/Props/Batch1/Meshes/FeatherPen.fbx
  artifactKey: Guid(5c5c735e35b1aaf41a429f7c87dea4be) Importer(815301076,1909f56bfc062723c751e8b465ee728b)
Start importing Assets/CB/Assets/Props/Batch1/Meshes/FeatherPen.fbx using Guid(5c5c735e35b1aaf41a429f7c87dea4be) Importer(815301076,1909f56bfc062723c751e8b465ee728b)  -> (artifact id: 'b52ed60d25c645f2c90e90685687e1b9') in 0.045777 seconds
Number of updated asset objects reloaded before import = 0
Number of asset objects unloaded after import = 30
========================================================================
Received Import Request.
  Time since last request: 0.000014 seconds.
  path: Assets/CB/Assets/Props/Batch1/Meshes/SmallCandle.fbx
  artifactKey: Guid(3527e43eb38f96c4fbb2aac57a0d948c) Importer(815301076,1909f56bfc062723c751e8b465ee728b)
Start importing Assets/CB/Assets/Props/Batch1/Meshes/SmallCandle.fbx using Guid(3527e43eb38f96c4fbb2aac57a0d948c) Importer(815301076,1909f56bfc062723c751e8b465ee728b)  -> (artifact id: 'b0c8ae88bcbadb4db18201fce66294f8') in 0.028804 seconds
Number of updated asset objects reloaded before import = 0
Number of asset objects unloaded after import = 20
========================================================================
Received Import Request.
  Time since last request: 0.000015 seconds.
  path: Assets/CB/Assets/Props/Batch1/Meshes/SmokeDetector.fbx
  artifactKey: Guid(b9cef9a1d376d514590e42ae8dfe8dfb) Importer(815301076,1909f56bfc062723c751e8b465ee728b)
Start importing Assets/CB/Assets/Props/Batch1/Meshes/SmokeDetector.fbx using Guid(b9cef9a1d376d514590e42ae8dfe8dfb) Importer(815301076,1909f56bfc062723c751e8b465ee728b)  -> (artifact id: '20ede75756fb38a84269e2162ba3f8eb') in 0.016530 seconds
Number of updated asset objects reloaded before import = 0
Number of asset objects unloaded after import = 13
========================================================================
Received Import Request.
  Time since last request: 0.000014 seconds.
  path: Assets/CB/Assets/Props/Batch1/Meshes/TripleCandleHolder.fbx
  artifactKey: Guid(ecfa76df7041d2b4fb7c36966c802ebc) Importer(815301076,1909f56bfc062723c751e8b465ee728b)
Start importing Assets/CB/Assets/Props/Batch1/Meshes/TripleCandleHolder.fbx using Guid(ecfa76df7041d2b4fb7c36966c802ebc) Importer(815301076,1909f56bfc062723c751e8b465ee728b)  -> (artifact id: '5d9eb6022c81263bfbffd2d17dade04b') in 0.050834 seconds
Number of updated asset objects reloaded before import = 0
Number of asset objects unloaded after import = 38
========================================================================
Received Import Request.
  Time since last request: 0.000019 seconds.
  path: Assets/CB/Assets/Props/Batch1/Meshes/LongCandleHolder.fbx
  artifactKey: Guid(e6fa28ba441f1b745bee88bd3693439b) Importer(815301076,1909f56bfc062723c751e8b465ee728b)
Start importing Assets/CB/Assets/Props/Batch1/Meshes/LongCandleHolder.fbx using Guid(e6fa28ba441f1b745bee88bd3693439b) Importer(815301076,1909f56bfc062723c751e8b465ee728b)  -> (artifact id: '489a087bdc3836ac660eb9bd98eee666') in 0.021705 seconds
Number of updated asset objects reloaded before import = 0
Number of asset objects unloaded after import = 13
========================================================================
Received Import Request.
  Time since last request: 8.907818 seconds.
  path: Assets/CB/Assets/Props/Batch1/Meshes/CoffeeCupPlate.fbx
  artifactKey: Guid(04393e563cbaf1440bcb610b0b3bbd36) Importer(815301076,1909f56bfc062723c751e8b465ee728b)
Start importing Assets/CB/Assets/Props/Batch1/Meshes/CoffeeCupPlate.fbx using Guid(04393e563cbaf1440bcb610b0b3bbd36) Importer(815301076,1909f56bfc062723c751e8b465ee728b)  -> (artifact id: '07f5908d61bfa4b1a563654f13c4cab5') in 0.566485 seconds
Number of updated asset objects reloaded before import = 1
Number of asset objects unloaded after import = 13
========================================================================
Received Import Request.
  Time since last request: 0.000018 seconds.
  path: Assets/CB/Assets/Props/Batch1/Meshes/SSWNCard.fbx
  artifactKey: Guid(6e7775c716eb8274a921a67e7697ed9c) Importer(815301076,1909f56bfc062723c751e8b465ee728b)
Start importing Assets/CB/Assets/Props/Batch1/Meshes/SSWNCard.fbx using Guid(6e7775c716eb8274a921a67e7697ed9c) Importer(815301076,1909f56bfc062723c751e8b465ee728b)  -> (artifact id: '24278cf091ef97e777680a022a5da715') in 0.021369 seconds
Number of updated asset objects reloaded before import = 0
Number of asset objects unloaded after import = 13
========================================================================
Received Import Request.
  Time since last request: 0.000024 seconds.
  path: Assets/CB/Assets/Props/Batch1/Meshes/Plunger.fbx
  artifactKey: Guid(99dec0b2929614b4b9f6cf7ede98e09c) Importer(815301076,1909f56bfc062723c751e8b465ee728b)
Start importing Assets/CB/Assets/Props/Batch1/Meshes/Plunger.fbx using Guid(99dec0b2929614b4b9f6cf7ede98e09c) Importer(815301076,1909f56bfc062723c751e8b465ee728b)  -> (artifact id: 'a4e40bea9d762a23b781de30fcd49064') in 0.032930 seconds
Number of updated asset objects reloaded before import = 0
Number of asset objects unloaded after import = 20
========================================================================
Received Import Request.
  Time since last request: 0.000019 seconds.
  path: Assets/CB/Assets/Props/Batch1/Meshes/Receipts.fbx
  artifactKey: Guid(5384811a431f3da47810c23af1ac205d) Importer(815301076,1909f56bfc062723c751e8b465ee728b)
Start importing Assets/CB/Assets/Props/Batch1/Meshes/Receipts.fbx using Guid(5384811a431f3da47810c23af1ac205d) Importer(815301076,1909f56bfc062723c751e8b465ee728b)  -> (artifact id: 'c277d254d0bef416b208bc1fd10a1116') in 0.022336 seconds
Number of updated asset objects reloaded before import = 0
Number of asset objects unloaded after import = 13
========================================================================
Received Import Request.
  Time since last request: 0.000019 seconds.
  path: Assets/CB/Assets/Props/Batch1/Meshes/ReceiptsHolder.fbx
  artifactKey: Guid(d67695425fad7894bae18378a53fed0f) Importer(815301076,1909f56bfc062723c751e8b465ee728b)
Start importing Assets/CB/Assets/Props/Batch1/Meshes/ReceiptsHolder.fbx using Guid(d67695425fad7894bae18378a53fed0f) Importer(815301076,1909f56bfc062723c751e8b465ee728b)  -> (artifact id: '0ace6de95de6cb71bf1e3875f157eebd') in 0.035964 seconds
Number of updated asset objects reloaded before import = 0
Number of asset objects unloaded after import = 20
========================================================================
Received Import Request.
  Time since last request: 0.000328 seconds.
  path: Assets/CB/Assets/Props/Batch1/Meshes/InkBottle.fbx
  artifactKey: Guid(7880f277d448d9743afabe7812c8d425) Importer(815301076,1909f56bfc062723c751e8b465ee728b)
Start importing Assets/CB/Assets/Props/Batch1/Meshes/InkBottle.fbx using Guid(7880f277d448d9743afabe7812c8d425) Importer(815301076,1909f56bfc062723c751e8b465ee728b)  -> (artifact id: 'ef0cbac761819f9c1c3aa7aa9433cf01') in 0.058202 seconds
Number of updated asset objects reloaded before import = 0
Number of asset objects unloaded after import = 27
========================================================================
Received Import Request.
  Time since last request: 0.000180 seconds.
  path: Assets/CB/Assets/Props/Batch1/Meshes/ShortCandleHolder.fbx
  artifactKey: Guid(0276a1165a2b7844ca106f8fe8828bdc) Importer(815301076,1909f56bfc062723c751e8b465ee728b)
Start importing Assets/CB/Assets/Props/Batch1/Meshes/ShortCandleHolder.fbx using Guid(0276a1165a2b7844ca106f8fe8828bdc) Importer(815301076,1909f56bfc062723c751e8b465ee728b)  -> (artifact id: '0080fe6230d38adb3f23bbc02bddb3bf') in 0.024515 seconds
Number of updated asset objects reloaded before import = 0
Number of asset objects unloaded after import = 13
========================================================================
Received Import Request.
  Time since last request: 0.000036 seconds.
  path: Assets/CB/Assets/Props/Batch1/Meshes/OilCan.fbx
  artifactKey: Guid(21b361e5da9d7d74d8479446be6edbf1) Importer(815301076,1909f56bfc062723c751e8b465ee728b)
Start importing Assets/CB/Assets/Props/Batch1/Meshes/OilCan.fbx using Guid(21b361e5da9d7d74d8479446be6edbf1) Importer(815301076,1909f56bfc062723c751e8b465ee728b)  -> (artifact id: '14527f49e63648f29f6c30e2b1facdc6') in 0.058541 seconds
Number of updated asset objects reloaded before import = 0
Number of asset objects unloaded after import = 27
Editor requested this worker to shutdown with reason: Scaling down because of idle timeout
TcpMessagingSession - receive error: operation aborted. errorcode: 995, details: The I/O operation has been aborted because of either a thread exit or an application request.
AssetImportWorker is now disconnected from the server
Process exiting
Exiting without the bug reporter. Application will terminate with return code 0