Using pre-set license
Built from '2022.3/staging' branch; Version is '2022.3.10f1 (ff3792e53c62) revision 16725906'; Using compiler version '192829333'; Build Type 'Release'
OS: 'Windows 10  (10.0.19045) 64bit Core' Language: 'en' Physical Memory: 16246 MB
BatchMode: 1, IsHumanControllingUs: 0, StartBugReporterOnCrash: 0, Is64bit: 1, IsPro: 1

COMMAND LINE ARGUMENTS:
C:\Program Files\Unity\Hub\Editor\2022.3.10f1\Editor\Unity.exe
-adb2
-batchMode
-noUpm
-name
AssetImportWorker11
-projectPath
C:/Users/Diogo Castelo Branco/Desktop/PirateGameJam/Github/Wizard-LLC
-logFile
Logs/AssetImportWorker11.log
-srvPort
61742
Successfully changed project path to: C:/Users/Diogo Castelo Branco/Desktop/PirateGameJam/Github/Wizard-LLC
C:/Users/Diogo Castelo Branco/Desktop/PirateGameJam/Github/Wizard-LLC
[UnityMemory] Configuration Parameters - Can be set up in boot.config
    "memorysetup-bucket-allocator-granularity=16"
    "memorysetup-bucket-allocator-bucket-count=8"
    "memorysetup-bucket-allocator-block-size=33554432"
    "memorysetup-bucket-allocator-block-count=8"
    "memorysetup-main-allocator-block-size=16777216"
    "memorysetup-thread-allocator-block-size=16777216"
    "memorysetup-gfx-main-allocator-block-size=16777216"
    "memorysetup-gfx-thread-allocator-block-size=16777216"
    "memorysetup-cache-allocator-block-size=4194304"
    "memorysetup-typetree-allocator-block-size=2097152"
    "memorysetup-profiler-bucket-allocator-granularity=16"
    "memorysetup-profiler-bucket-allocator-bucket-count=8"
    "memorysetup-profiler-bucket-allocator-block-size=33554432"
    "memorysetup-profiler-bucket-allocator-block-count=8"
    "memorysetup-profiler-allocator-block-size=16777216"
    "memorysetup-profiler-editor-allocator-block-size=1048576"
    "memorysetup-temp-allocator-size-main=16777216"
    "memorysetup-job-temp-allocator-block-size=2097152"
    "memorysetup-job-temp-allocator-block-size-background=1048576"
    "memorysetup-job-temp-allocator-reduction-small-platforms=262144"
    "memorysetup-allocator-temp-initial-block-size-main=262144"
    "memorysetup-allocator-temp-initial-block-size-worker=262144"
    "memorysetup-temp-allocator-size-background-worker=32768"
    "memorysetup-temp-allocator-size-job-worker=262144"
    "memorysetup-temp-allocator-size-preload-manager=33554432"
    "memorysetup-temp-allocator-size-nav-mesh-worker=65536"
    "memorysetup-temp-allocator-size-audio-worker=65536"
    "memorysetup-temp-allocator-size-cloud-worker=32768"
    "memorysetup-temp-allocator-size-gi-baking-worker=262144"
    "memorysetup-temp-allocator-size-gfx=262144"
Player connection [64368] Host "[IP] 192.168.1.70 [Port] 0 [Flags] 2 [Guid] 3567390060 [EditorId] 3567390060 [Version] 1048832 [Id] WindowsEditor(7,DESKTOP-R82JVO4) [Debug] 1 [PackageName] WindowsEditor [ProjectName] Editor" joined multi-casting on [225.0.0.222:54997]...

Player connection [64368] Host "[IP] 192.168.1.70 [Port] 0 [Flags] 2 [Guid] 3567390060 [EditorId] 3567390060 [Version] 1048832 [Id] WindowsEditor(7,DESKTOP-R82JVO4) [Debug] 1 [PackageName] WindowsEditor [ProjectName] Editor" joined alternative multi-casting on [225.0.0.222:34997]...

[Physics::Module] Initialized MultithreadedJobDispatcher with 7 workers.
Refreshing native plugins compatible for Editor in 21.75 ms, found 3 plugins.
Preloading 0 native plugins for Editor in 0.00 ms.
Initialize engine version: 2022.3.10f1 (ff3792e53c62)
[Subsystems] Discovering subsystems at path C:/Program Files/Unity/Hub/Editor/2022.3.10f1/Editor/Data/Resources/UnitySubsystems
[Subsystems] Discovering subsystems at path C:/Users/Diogo Castelo Branco/Desktop/PirateGameJam/Github/Wizard-LLC/Assets
GfxDevice: creating device client; threaded=0; jobified=0
Direct3D:
    Version:  Direct3D 11.0 [level 11.1]
    Renderer: NVIDIA GeForce RTX 2070 SUPER (ID=0x1e84)
    Vendor:   NVIDIA
    VRAM:     7989 MB
    Driver:   31.0.15.5222
Initialize mono
Mono path[0] = 'C:/Program Files/Unity/Hub/Editor/2022.3.10f1/Editor/Data/Managed'
Mono path[1] = 'C:/Program Files/Unity/Hub/Editor/2022.3.10f1/Editor/Data/MonoBleedingEdge/lib/mono/unityjit-win32'
Mono config path = 'C:/Program Files/Unity/Hub/Editor/2022.3.10f1/Editor/Data/MonoBleedingEdge/etc'
Using monoOptions --debugger-agent=transport=dt_socket,embedding=1,server=y,suspend=n,address=127.0.0.1:56208
Begin MonoManager ReloadAssembly
Registering precompiled unity dll's ...
Register platform support module: C:/Program Files/Unity/Hub/Editor/2022.3.10f1/Editor/Data/PlaybackEngines/WebGLSupport/UnityEditor.WebGL.Extensions.dll
Register platform support module: C:/Program Files/Unity/Hub/Editor/2022.3.10f1/Editor/Data/PlaybackEngines/WindowsStandaloneSupport/UnityEditor.WindowsStandalone.Extensions.dll
Registered in 0.013029 seconds.
- Loaded All Assemblies, in  0.328 seconds
Native extension for WindowsStandalone target not found
Native extension for WebGL target not found
Mono: successfully reloaded assembly
- Finished resetting the current domain, in  0.220 seconds
Domain Reload Profiling: 547ms
	BeginReloadAssembly (101ms)
		ExecutionOrderSort (0ms)
		DisableScriptedObjects (0ms)
		BackupInstance (0ms)
		ReleaseScriptingObjects (0ms)
		CreateAndSetChildDomain (1ms)
	RebuildCommonClasses (31ms)
	RebuildNativeTypeToScriptingClass (10ms)
	initialDomainReloadingComplete (61ms)
	LoadAllAssembliesAndSetupDomain (123ms)
		LoadAssemblies (99ms)
		RebuildTransferFunctionScriptingTraits (0ms)
		AnalyzeDomain (121ms)
			TypeCache.Refresh (120ms)
				TypeCache.ScanAssembly (108ms)
			ScanForSourceGeneratedMonoScriptInfo (0ms)
			ResolveRequiredComponents (0ms)
	FinalizeReload (221ms)
		ReleaseScriptCaches (0ms)
		RebuildScriptCaches (0ms)
		SetupLoadedEditorAssemblies (167ms)
			LogAssemblyErrors (0ms)
			InitializePlatformSupportModulesInManaged (11ms)
			SetLoadedEditorAssemblies (4ms)
			RefreshPlugins (0ms)
			BeforeProcessingInitializeOnLoad (2ms)
			ProcessInitializeOnLoadAttributes (109ms)
			ProcessInitializeOnLoadMethodAttributes (42ms)
			AfterProcessingInitializeOnLoad (0ms)
			EditorAssembliesLoaded (0ms)
		ExecutionOrderSort2 (0ms)
		AwakeInstancesAfterBackupRestoration (0ms)
========================================================================
Worker process is ready to serve import requests
Begin MonoManager ReloadAssembly
Symbol file LoadedFromMemory is not a mono symbol file
- Loaded All Assemblies, in  0.700 seconds
Refreshing native plugins compatible for Editor in 10.49 ms, found 3 plugins.
Native extension for WindowsStandalone target not found
Native extension for WebGL target not found
System.Exception: Error! Visual Scripting: couldn't find visual scripting package
  at Unity.VisualScripting.PackageVersionUtility.get_version () [0x00043] in .\Library\PackageCache\com.unity.visualscripting@1.9.0\Editor\VisualScripting.Core\Utilities\PackageVersionUtility.cs:31 
  at Unity.VisualScripting.BoltCoreManifest.get_version () [0x00000] in .\Library\PackageCache\com.unity.visualscripting@1.9.0\Editor\VisualScripting.Core\Plugin\BoltCoreManifest.cs:11 
  at Unity.VisualScripting.PluginManifest.get_currentVersion () [0x00000] in .\Library\PackageCache\com.unity.visualscripting@1.9.0\Editor\VisualScripting.Core\Plugins\PluginManifest.cs:33 
  at Unity.VisualScripting.PluginManifest.get_versionMismatch () [0x00000] in .\Library\PackageCache\com.unity.visualscripting@1.9.0\Editor\VisualScripting.Core\Plugins\PluginManifest.cs:48 
  at Unity.VisualScripting.PluginContainer.Initialize () [0x00525] in .\Library\PackageCache\com.unity.visualscripting@1.9.0\Editor\VisualScripting.Core\Plugins\PluginContainer.cs:208 
  at Unity.VisualScripting.PluginContainer.InitializeOnLoad () [0x00009] in .\Library\PackageCache\com.unity.visualscripting@1.9.0\Editor\VisualScripting.Core\Plugins\PluginContainer.cs:32 
  at Unity.VisualScripting.VSUsageUtility.DoInitializeOnLoadCalls () [0x00034] in .\Library\PackageCache\com.unity.visualscripting@1.9.0\Editor\VisualScripting.Core\Utilities\VSUsageUtility.cs:76 
  at Unity.VisualScripting.VSUsageUtility.set_isVisualScriptingUsed (System.Boolean value) [0x0002c] in .\Library\PackageCache\com.unity.visualscripting@1.9.0\Editor\VisualScripting.Core\Utilities\VSUsageUtility.cs:114 
  at Unity.VisualScripting.VSUsageUtility.CheckAndSetIsVisualScriptingUsed () [0x00032] in .\Library\PackageCache\com.unity.visualscripting@1.9.0\Editor\VisualScripting.Core\Utilities\VSUsageUtility.cs:48 
  at Unity.VisualScripting.VSUsageUtility..cctor () [0x00000] in .\Library\PackageCache\com.unity.visualscripting@1.9.0\Editor\VisualScripting.Core\Utilities\VSUsageUtility.cs:22 
UnityEngine.StackTraceUtility:ExtractStackTrace ()
UnityEngine.DebugLogHandler:LogFormat (UnityEngine.LogType,UnityEngine.Object,string,object[])
UnityEngine.Logger:Log (UnityEngine.LogType,object)
UnityEngine.Debug:LogError (object)
UnityEditor.EditorAssemblies:ProcessInitializeOnLoadAttributes (System.Type[])

Package Manager log level set to [2]
[Package Manager] Server::EnsureServerProcessIsRunning -- launch failed, reason: Unity was launched with the -noUpm command-line argument
[Package Manager] UpmClient::Send -- Unable to send message (not connected to UPM process).
[Package Manager] Cannot connect to Unity Package Manager local server
Mono: successfully reloaded assembly
- Finished resetting the current domain, in  1.089 seconds
Domain Reload Profiling: 1784ms
	BeginReloadAssembly (128ms)
		ExecutionOrderSort (0ms)
		DisableScriptedObjects (5ms)
		BackupInstance (0ms)
		ReleaseScriptingObjects (0ms)
		CreateAndSetChildDomain (17ms)
	RebuildCommonClasses (28ms)
	RebuildNativeTypeToScriptingClass (9ms)
	initialDomainReloadingComplete (40ms)
	LoadAllAssembliesAndSetupDomain (489ms)
		LoadAssemblies (346ms)
		RebuildTransferFunctionScriptingTraits (0ms)
		AnalyzeDomain (219ms)
			TypeCache.Refresh (188ms)
				TypeCache.ScanAssembly (169ms)
			ScanForSourceGeneratedMonoScriptInfo (26ms)
			ResolveRequiredComponents (5ms)
	FinalizeReload (1089ms)
		ReleaseScriptCaches (0ms)
		RebuildScriptCaches (0ms)
		SetupLoadedEditorAssemblies (952ms)
			LogAssemblyErrors (0ms)
			InitializePlatformSupportModulesInManaged (8ms)
			SetLoadedEditorAssemblies (3ms)
			RefreshPlugins (0ms)
			BeforeProcessingInitializeOnLoad (82ms)
			ProcessInitializeOnLoadAttributes (728ms)
			ProcessInitializeOnLoadMethodAttributes (119ms)
			AfterProcessingInitializeOnLoad (10ms)
			EditorAssembliesLoaded (0ms)
		ExecutionOrderSort2 (0ms)
		AwakeInstancesAfterBackupRestoration (6ms)
Launched and connected shader compiler UnityShaderCompiler.exe after 0.04 seconds
Refreshing native plugins compatible for Editor in 10.56 ms, found 3 plugins.
Preloading 0 native plugins for Editor in 0.00 ms.
Unloading 5309 Unused Serialized files (Serialized files now loaded: 0)
Unloading 86 unused Assets / (1.6 MB). Loaded Objects now: 5734.
Memory consumption went from 184.3 MB to 182.7 MB.
Total: 12.594200 ms (FindLiveObjects: 0.363200 ms CreateObjectMapping: 0.421100 ms MarkObjects: 11.474400 ms  DeleteObjects: 0.334900 ms)

AssetImportParameters requested are different than current active one (requested -> active):
  custom:container-demuxer-ogg: 62fdf1f143b41e24485cea50d1cbac27 -> 
  custom:video-decoder-ogg-theora: a1e56fd34408186e4bbccfd4996cb3dc -> 
  custom:framework-win-MediaFoundation: 216162199b28c13a410421893ffa2e32 -> 
  custom:CustomObjectIndexerAttribute: 756ad292c208cfabdd7b50bc23989ffe -> 
  custom:container-demuxer-webm: 4f35f7cbe854078d1ac9338744f61a02 -> 
  custom:container-muxer-webm: aa71ff27fc2769a1b78a27578f13a17b -> 
  custom:video-decoder-webm-vp8: 9c59270c3fd7afecdb556c50c9e8de78 -> 
  custom:SearchIndexIgnoredProperties: e643bd26f0fe6173181afceb89e7c659 -> 
  custom:AudioImporter_EditorPlatform: d09bf68614088b80899f8185d706f6e7 -> 
  custom:video-encoder-webm-vp8: eb34c28f22e8b96e1ab97ce403110664 -> 
  custom:audio-decoder-ogg-vorbis: bf7c407c2cedff20999df2af8eb42d56 -> 
  custom:audio-encoder-webm-vorbis: bf7c407c2cedff20999df2af8eb42d56 -> 
========================================================================
Received Import Request.
  Time since last request: 1541976.937381 seconds.
  path: Assets/CB/Assets/Props/Batch1/Meshes/Prefabs/PlungerPrefab.prefab
  artifactKey: Guid(b4bdbc252e24786469e62796dce6ae3a) Importer(815301076,1909f56bfc062723c751e8b465ee728b)
Start importing Assets/CB/Assets/Props/Batch1/Meshes/Prefabs/PlungerPrefab.prefab using Guid(b4bdbc252e24786469e62796dce6ae3a) Importer(815301076,1909f56bfc062723c751e8b465ee728b)  -> (artifact id: '7845fcfcabbc3a5fc4a8821327716261') in 0.020729 seconds
Number of updated asset objects reloaded before import = 0
Number of asset objects unloaded after import = 4
========================================================================
Received Import Request.
  Time since last request: 19.707591 seconds.
  path: Assets/CB/Assets/Props/Batch1/Meshes/Prefabs/PlungerPrefab.prefab
  artifactKey: Guid(b4bdbc252e24786469e62796dce6ae3a) Importer(815301076,1909f56bfc062723c751e8b465ee728b)
Start importing Assets/CB/Assets/Props/Batch1/Meshes/Prefabs/PlungerPrefab.prefab using Guid(b4bdbc252e24786469e62796dce6ae3a) Importer(815301076,1909f56bfc062723c751e8b465ee728b)  -> (artifact id: 'c7498fb55664c6d1e899452756b2079e') in 0.097995 seconds
Number of updated asset objects reloaded before import = 0
Number of asset objects unloaded after import = 34
========================================================================
Received Import Request.
  Time since last request: 22.985677 seconds.
  path: Assets/NoizeProxy/MISC
  artifactKey: Guid(89a482c45eddeea4d8a2e58096dcd55a) Importer(815301076,1909f56bfc062723c751e8b465ee728b)
Start importing Assets/NoizeProxy/MISC using Guid(89a482c45eddeea4d8a2e58096dcd55a) Importer(815301076,1909f56bfc062723c751e8b465ee728b)  -> (artifact id: '43de61d5a7e2de1d0cf21501e3cbffb2') in 0.000524 seconds
Number of updated asset objects reloaded before import = 0
Number of asset objects unloaded after import = 0
========================================================================
Received Import Request.
  Time since last request: 0.018900 seconds.
  path: Assets/NoizeProxy/MISC/Wizard LLC Ticking Grandfather Clock.mp3
  artifactKey: Guid(4f8886d18d26c2046a0c44e8b0983d77) Importer(815301076,1909f56bfc062723c751e8b465ee728b)
Start importing Assets/NoizeProxy/MISC/Wizard LLC Ticking Grandfather Clock.mp3 using Guid(4f8886d18d26c2046a0c44e8b0983d77) Importer(815301076,1909f56bfc062723c751e8b465ee728b)  -> (artifact id: '9a03739ef8bf49c3fe61305a9808b6e1') in 0.024572 seconds
Number of updated asset objects reloaded before import = 0
Number of asset objects unloaded after import = 2
========================================================================
Received Import Request.
  Time since last request: 0.000016 seconds.
  path: Assets/NoizeProxy/MISC/Wizard_LLC_Smoke_Alarm_Beep_001.wav
  artifactKey: Guid(2375db02d79f29d4ea2de8ffcbaa7098) Importer(815301076,1909f56bfc062723c751e8b465ee728b)
Start importing Assets/NoizeProxy/MISC/Wizard_LLC_Smoke_Alarm_Beep_001.wav using Guid(2375db02d79f29d4ea2de8ffcbaa7098) Importer(815301076,1909f56bfc062723c751e8b465ee728b)  -> (artifact id: '4e8b8fd1931d84eb169527210d58b126') in 0.010996 seconds
Number of updated asset objects reloaded before import = 0
Number of asset objects unloaded after import = 2
========================================================================
Received Import Request.
  Time since last request: 11.944008 seconds.
  path: Assets/NoizeProxy/Food & Drink
  artifactKey: Guid(b840c5d3bb5327f498f24a76edb2d152) Importer(815301076,1909f56bfc062723c751e8b465ee728b)
Start importing Assets/NoizeProxy/Food & Drink using Guid(b840c5d3bb5327f498f24a76edb2d152) Importer(815301076,1909f56bfc062723c751e8b465ee728b)  -> (artifact id: '8dcd65757f72926ec7ef9485d4e54d6a') in 0.000423 seconds
Number of updated asset objects reloaded before import = 0
Number of asset objects unloaded after import = 0
========================================================================
Received Import Request.
  Time since last request: 0.381844 seconds.
  path: Assets/NoizeProxy/Food & Drink/Wizard_LLC_Drink_Coffee_001.wav
  artifactKey: Guid(1bf75b3acfb4a204bbf4a5c69eba475d) Importer(815301076,1909f56bfc062723c751e8b465ee728b)
Start importing Assets/NoizeProxy/Food & Drink/Wizard_LLC_Drink_Coffee_001.wav using Guid(1bf75b3acfb4a204bbf4a5c69eba475d) Importer(815301076,1909f56bfc062723c751e8b465ee728b)  -> (artifact id: 'ed5657acb5c7615ab4bb640c633cab75') in 0.012290 seconds
Number of updated asset objects reloaded before import = 0
Number of asset objects unloaded after import = 2
========================================================================
Received Import Request.
  Time since last request: 6.317493 seconds.
  path: Assets/NoizeProxy/Tax Goblin
  artifactKey: Guid(fcc307e32ee43f848bd4cf7c20147df7) Importer(815301076,1909f56bfc062723c751e8b465ee728b)
Start importing Assets/NoizeProxy/Tax Goblin using Guid(fcc307e32ee43f848bd4cf7c20147df7) Importer(815301076,1909f56bfc062723c751e8b465ee728b)  -> (artifact id: '3071deb4b93ec60dd39111716afb5101') in 0.000410 seconds
Number of updated asset objects reloaded before import = 0
Number of asset objects unloaded after import = 0
========================================================================
Received Import Request.
  Time since last request: 0.019981 seconds.
  path: Assets/NoizeProxy/Tax Goblin/Wizard_LLC_Tax_Goblin_Script_001.wav
  artifactKey: Guid(ebb7cfe7dd086294aba6e80c10d20508) Importer(815301076,1909f56bfc062723c751e8b465ee728b)
Start importing Assets/NoizeProxy/Tax Goblin/Wizard_LLC_Tax_Goblin_Script_001.wav using Guid(ebb7cfe7dd086294aba6e80c10d20508) Importer(815301076,1909f56bfc062723c751e8b465ee728b)  -> (artifact id: 'adf06539ba5d6c309122626370142634') in 0.014382 seconds
Number of updated asset objects reloaded before import = 0
Number of asset objects unloaded after import = 2
========================================================================
Received Import Request.
  Time since last request: 0.000017 seconds.
  path: Assets/NoizeProxy/Tax Goblin/Wizard_LLC_Tax_Goblin_Script_011.wav
  artifactKey: Guid(84584faecf1be7f41b9a1e2e37d2848d) Importer(815301076,1909f56bfc062723c751e8b465ee728b)
Start importing Assets/NoizeProxy/Tax Goblin/Wizard_LLC_Tax_Goblin_Script_011.wav using Guid(84584faecf1be7f41b9a1e2e37d2848d) Importer(815301076,1909f56bfc062723c751e8b465ee728b)  -> (artifact id: 'c33b873976638d5e128fc85676dd6d45') in 0.015544 seconds
Number of updated asset objects reloaded before import = 0
Number of asset objects unloaded after import = 2
========================================================================
Received Import Request.
  Time since last request: 0.000018 seconds.
  path: Assets/NoizeProxy/Tax Goblin/Wizard_LLC_Tax_Goblin_Script_005.wav
  artifactKey: Guid(c2ebed3e8325e2741af377c3fe99c2b6) Importer(815301076,1909f56bfc062723c751e8b465ee728b)
Start importing Assets/NoizeProxy/Tax Goblin/Wizard_LLC_Tax_Goblin_Script_005.wav using Guid(c2ebed3e8325e2741af377c3fe99c2b6) Importer(815301076,1909f56bfc062723c751e8b465ee728b)  -> (artifact id: '645da61fc2973f0a3de9a356e5f5e1db') in 0.012891 seconds
Number of updated asset objects reloaded before import = 0
Number of asset objects unloaded after import = 2
========================================================================
Received Import Request.
  Time since last request: 0.000015 seconds.
  path: Assets/NoizeProxy/Tax Goblin/Wizard_LLC_Tax_Goblin_Script_014.wav
  artifactKey: Guid(b672aac2768fcf347a06159b3cf434bf) Importer(815301076,1909f56bfc062723c751e8b465ee728b)
Start importing Assets/NoizeProxy/Tax Goblin/Wizard_LLC_Tax_Goblin_Script_014.wav using Guid(b672aac2768fcf347a06159b3cf434bf) Importer(815301076,1909f56bfc062723c751e8b465ee728b)  -> (artifact id: '5848bf3269eff1b4f40d18e30079d728') in 0.016363 seconds
Number of updated asset objects reloaded before import = 0
Number of asset objects unloaded after import = 2
========================================================================
Received Import Request.
  Time since last request: 0.000068 seconds.
  path: Assets/NoizeProxy/Tax Goblin/Wizard_LLC_Tax_Goblin_Script_008.wav
  artifactKey: Guid(4e3d935c6eb8ddf47861160c0ba14264) Importer(815301076,1909f56bfc062723c751e8b465ee728b)
Start importing Assets/NoizeProxy/Tax Goblin/Wizard_LLC_Tax_Goblin_Script_008.wav using Guid(4e3d935c6eb8ddf47861160c0ba14264) Importer(815301076,1909f56bfc062723c751e8b465ee728b)  -> (artifact id: '0d1d78a167d4cc2ebe06ed3a6ffc1279') in 0.011445 seconds
Number of updated asset objects reloaded before import = 0
Number of asset objects unloaded after import = 2
Editor requested this worker to shutdown with reason: Scaling down because of idle timeout
TcpMessagingSession - receive error: operation aborted. errorcode: 995, details: The I/O operation has been aborted because of either a thread exit or an application request.
AssetImportWorker is now disconnected from the server
Process exiting
Exiting without the bug reporter. Application will terminate with return code 0