Using pre-set license
Built from '2022.3/staging' branch; Version is '2022.3.10f1 (ff3792e53c62) revision 16725906'; Using compiler version '192829333'; Build Type 'Release'
OS: 'Windows 10  (10.0.19045) 64bit Professional' Language: 'de' Physical Memory: 16315 MB
BatchMode: 1, IsHumanControllingUs: 0, StartBugReporterOnCrash: 0, Is64bit: 1, IsPro: 1

COMMAND LINE ARGUMENTS:
C:\Program Files\Unity\Hub\Editor\2022.3.10f1\Editor\Unity.exe
-adb2
-batchMode
-noUpm
-name
AssetImportWorker2
-projectPath
E:/Arbeit/Projekte/GameJam/Wizard-LLC
-logFile
Logs/AssetImportWorker2.log
-srvPort
57234
Successfully changed project path to: E:/Arbeit/Projekte/GameJam/Wizard-LLC
E:/Arbeit/Projekte/GameJam/Wizard-LLC
[UnityMemory] Configuration Parameters - Can be set up in boot.config
    "memorysetup-bucket-allocator-granularity=16"
    "memorysetup-bucket-allocator-bucket-count=8"
    "memorysetup-bucket-allocator-block-size=33554432"
    "memorysetup-bucket-allocator-block-count=8"
    "memorysetup-main-allocator-block-size=16777216"
    "memorysetup-thread-allocator-block-size=16777216"
    "memorysetup-gfx-main-allocator-block-size=16777216"
    "memorysetup-gfx-thread-allocator-block-size=16777216"
    "memorysetup-cache-allocator-block-size=4194304"
    "memorysetup-typetree-allocator-block-size=2097152"
    "memorysetup-profiler-bucket-allocator-granularity=16"
    "memorysetup-profiler-bucket-allocator-bucket-count=8"
    "memorysetup-profiler-bucket-allocator-block-size=33554432"
    "memorysetup-profiler-bucket-allocator-block-count=8"
    "memorysetup-profiler-allocator-block-size=16777216"
    "memorysetup-profiler-editor-allocator-block-size=1048576"
    "memorysetup-temp-allocator-size-main=16777216"
    "memorysetup-job-temp-allocator-block-size=2097152"
    "memorysetup-job-temp-allocator-block-size-background=1048576"
    "memorysetup-job-temp-allocator-reduction-small-platforms=262144"
    "memorysetup-allocator-temp-initial-block-size-main=262144"
    "memorysetup-allocator-temp-initial-block-size-worker=262144"
    "memorysetup-temp-allocator-size-background-worker=32768"
    "memorysetup-temp-allocator-size-job-worker=262144"
    "memorysetup-temp-allocator-size-preload-manager=33554432"
    "memorysetup-temp-allocator-size-nav-mesh-worker=65536"
    "memorysetup-temp-allocator-size-audio-worker=65536"
    "memorysetup-temp-allocator-size-cloud-worker=32768"
    "memorysetup-temp-allocator-size-gi-baking-worker=262144"
    "memorysetup-temp-allocator-size-gfx=262144"
Player connection [3552] Host "[IP] 192.168.0.114 [Port] 0 [Flags] 2 [Guid] 753048492 [EditorId] 753048492 [Version] 1048832 [Id] WindowsEditor(7,DESKTOP-QOLIB5E) [Debug] 1 [PackageName] WindowsEditor [ProjectName] Editor" joined multi-casting on [225.0.0.222:54997]...

Player connection [3552] Host "[IP] 192.168.0.114 [Port] 0 [Flags] 2 [Guid] 753048492 [EditorId] 753048492 [Version] 1048832 [Id] WindowsEditor(7,DESKTOP-QOLIB5E) [Debug] 1 [PackageName] WindowsEditor [ProjectName] Editor" joined alternative multi-casting on [225.0.0.222:34997]...

[Physics::Module] Initialized MultithreadedJobDispatcher with 11 workers.
Refreshing native plugins compatible for Editor in 16.32 ms, found 3 plugins.
Preloading 0 native plugins for Editor in 0.00 ms.
Initialize engine version: 2022.3.10f1 (ff3792e53c62)
[Subsystems] Discovering subsystems at path C:/Program Files/Unity/Hub/Editor/2022.3.10f1/Editor/Data/Resources/UnitySubsystems
[Subsystems] Discovering subsystems at path E:/Arbeit/Projekte/GameJam/Wizard-LLC/Assets
GfxDevice: creating device client; threaded=0; jobified=0
Direct3D:
    Version:  Direct3D 11.0 [level 11.1]
    Renderer: NVIDIA GeForce GTX 1070 (ID=0x1b81)
    Vendor:   NVIDIA
    VRAM:     8067 MB
    Driver:   31.0.15.5186
Initialize mono
Mono path[0] = 'C:/Program Files/Unity/Hub/Editor/2022.3.10f1/Editor/Data/Managed'
Mono path[1] = 'C:/Program Files/Unity/Hub/Editor/2022.3.10f1/Editor/Data/MonoBleedingEdge/lib/mono/unityjit-win32'
Mono config path = 'C:/Program Files/Unity/Hub/Editor/2022.3.10f1/Editor/Data/MonoBleedingEdge/etc'
Using monoOptions --debugger-agent=transport=dt_socket,embedding=1,server=y,suspend=n,address=127.0.0.1:56092
Begin MonoManager ReloadAssembly
Registering precompiled unity dll's ...
Register platform support module: C:/Program Files/Unity/Hub/Editor/2022.3.10f1/Editor/Data/PlaybackEngines/WebGLSupport/UnityEditor.WebGL.Extensions.dll
Register platform support module: C:/Program Files/Unity/Hub/Editor/2022.3.10f1/Editor/Data/PlaybackEngines/WindowsStandaloneSupport/UnityEditor.WindowsStandalone.Extensions.dll
Registered in 0.021447 seconds.
- Loaded All Assemblies, in  0.568 seconds
Native extension for WindowsStandalone target not found
Native extension for WebGL target not found
Mono: successfully reloaded assembly
- Finished resetting the current domain, in  0.351 seconds
Domain Reload Profiling: 915ms
	BeginReloadAssembly (175ms)
		ExecutionOrderSort (0ms)
		DisableScriptedObjects (0ms)
		BackupInstance (0ms)
		ReleaseScriptingObjects (0ms)
		CreateAndSetChildDomain (1ms)
	RebuildCommonClasses (68ms)
	RebuildNativeTypeToScriptingClass (21ms)
	initialDomainReloadingComplete (103ms)
	LoadAllAssembliesAndSetupDomain (196ms)
		LoadAssemblies (171ms)
		RebuildTransferFunctionScriptingTraits (0ms)
		AnalyzeDomain (193ms)
			TypeCache.Refresh (192ms)
				TypeCache.ScanAssembly (176ms)
			ScanForSourceGeneratedMonoScriptInfo (0ms)
			ResolveRequiredComponents (1ms)
	FinalizeReload (352ms)
		ReleaseScriptCaches (0ms)
		RebuildScriptCaches (0ms)
		SetupLoadedEditorAssemblies (280ms)
			LogAssemblyErrors (0ms)
			InitializePlatformSupportModulesInManaged (17ms)
			SetLoadedEditorAssemblies (6ms)
			RefreshPlugins (0ms)
			BeforeProcessingInitializeOnLoad (3ms)
			ProcessInitializeOnLoadAttributes (185ms)
			ProcessInitializeOnLoadMethodAttributes (69ms)
			AfterProcessingInitializeOnLoad (0ms)
			EditorAssembliesLoaded (0ms)
		ExecutionOrderSort2 (0ms)
		AwakeInstancesAfterBackupRestoration (0ms)
========================================================================
Worker process is ready to serve import requests
Begin MonoManager ReloadAssembly
Symbol file LoadedFromMemory is not a mono symbol file
- Loaded All Assemblies, in  1.079 seconds
Refreshing native plugins compatible for Editor in 9.69 ms, found 3 plugins.
Native extension for WindowsStandalone target not found
Native extension for WebGL target not found
System.Exception: Error! Visual Scripting: couldn't find visual scripting package
  at Unity.VisualScripting.PackageVersionUtility.get_version () [0x00043] in .\Library\PackageCache\com.unity.visualscripting@1.9.0\Editor\VisualScripting.Core\Utilities\PackageVersionUtility.cs:31 
  at Unity.VisualScripting.BoltCoreManifest.get_version () [0x00000] in .\Library\PackageCache\com.unity.visualscripting@1.9.0\Editor\VisualScripting.Core\Plugin\BoltCoreManifest.cs:11 
  at Unity.VisualScripting.PluginManifest.get_currentVersion () [0x00000] in .\Library\PackageCache\com.unity.visualscripting@1.9.0\Editor\VisualScripting.Core\Plugins\PluginManifest.cs:33 
  at Unity.VisualScripting.PluginManifest.get_versionMismatch () [0x00000] in .\Library\PackageCache\com.unity.visualscripting@1.9.0\Editor\VisualScripting.Core\Plugins\PluginManifest.cs:48 
  at Unity.VisualScripting.PluginContainer.Initialize () [0x00525] in .\Library\PackageCache\com.unity.visualscripting@1.9.0\Editor\VisualScripting.Core\Plugins\PluginContainer.cs:208 
  at Unity.VisualScripting.PluginContainer.InitializeOnLoad () [0x00009] in .\Library\PackageCache\com.unity.visualscripting@1.9.0\Editor\VisualScripting.Core\Plugins\PluginContainer.cs:32 
  at Unity.VisualScripting.VSUsageUtility.DoInitializeOnLoadCalls () [0x00034] in .\Library\PackageCache\com.unity.visualscripting@1.9.0\Editor\VisualScripting.Core\Utilities\VSUsageUtility.cs:76 
  at Unity.VisualScripting.VSUsageUtility.set_isVisualScriptingUsed (System.Boolean value) [0x0002c] in .\Library\PackageCache\com.unity.visualscripting@1.9.0\Editor\VisualScripting.Core\Utilities\VSUsageUtility.cs:114 
  at Unity.VisualScripting.VSUsageUtility.CheckAndSetIsVisualScriptingUsed () [0x00032] in .\Library\PackageCache\com.unity.visualscripting@1.9.0\Editor\VisualScripting.Core\Utilities\VSUsageUtility.cs:48 
  at Unity.VisualScripting.VSUsageUtility..cctor () [0x00000] in .\Library\PackageCache\com.unity.visualscripting@1.9.0\Editor\VisualScripting.Core\Utilities\VSUsageUtility.cs:22 
UnityEngine.StackTraceUtility:ExtractStackTrace ()
UnityEngine.DebugLogHandler:LogFormat (UnityEngine.LogType,UnityEngine.Object,string,object[])
UnityEngine.Logger:Log (UnityEngine.LogType,object)
UnityEngine.Debug:LogError (object)
UnityEditor.EditorAssemblies:ProcessInitializeOnLoadAttributes (System.Type[])

Package Manager log level set to [2]
[Package Manager] Server::EnsureServerProcessIsRunning -- launch failed, reason: Unity was launched with the -noUpm command-line argument
[Package Manager] UpmClient::Send -- Unable to send message (not connected to UPM process).
[Package Manager] Cannot connect to Unity Package Manager local server
Mono: successfully reloaded assembly
- Finished resetting the current domain, in  1.801 seconds
Domain Reload Profiling: 2874ms
	BeginReloadAssembly (207ms)
		ExecutionOrderSort (0ms)
		DisableScriptedObjects (9ms)
		BackupInstance (0ms)
		ReleaseScriptingObjects (0ms)
		CreateAndSetChildDomain (23ms)
	RebuildCommonClasses (45ms)
	RebuildNativeTypeToScriptingClass (14ms)
	initialDomainReloadingComplete (69ms)
	LoadAllAssembliesAndSetupDomain (736ms)
		LoadAssemblies (523ms)
		RebuildTransferFunctionScriptingTraits (0ms)
		AnalyzeDomain (336ms)
			TypeCache.Refresh (286ms)
				TypeCache.ScanAssembly (260ms)
			ScanForSourceGeneratedMonoScriptInfo (38ms)
			ResolveRequiredComponents (10ms)
	FinalizeReload (1802ms)
		ReleaseScriptCaches (0ms)
		RebuildScriptCaches (0ms)
		SetupLoadedEditorAssemblies (1575ms)
			LogAssemblyErrors (0ms)
			InitializePlatformSupportModulesInManaged (15ms)
			SetLoadedEditorAssemblies (5ms)
			RefreshPlugins (0ms)
			BeforeProcessingInitializeOnLoad (133ms)
			ProcessInitializeOnLoadAttributes (1222ms)
			ProcessInitializeOnLoadMethodAttributes (182ms)
			AfterProcessingInitializeOnLoad (18ms)
			EditorAssembliesLoaded (0ms)
		ExecutionOrderSort2 (0ms)
		AwakeInstancesAfterBackupRestoration (9ms)
Launched and connected shader compiler UnityShaderCompiler.exe after 0.11 seconds
Refreshing native plugins compatible for Editor in 10.23 ms, found 3 plugins.
Preloading 0 native plugins for Editor in 0.00 ms.
Unloading 5311 Unused Serialized files (Serialized files now loaded: 0)
Unloading 86 unused Assets / (1.6 MB). Loaded Objects now: 5736.
Memory consumption went from 185.1 MB to 183.5 MB.
Total: 23.218500 ms (FindLiveObjects: 0.596800 ms CreateObjectMapping: 0.254700 ms MarkObjects: 21.666700 ms  DeleteObjects: 0.698800 ms)

AssetImportParameters requested are different than current active one (requested -> active):
  custom:container-demuxer-ogg: 62fdf1f143b41e24485cea50d1cbac27 -> 
  custom:video-decoder-ogg-theora: a1e56fd34408186e4bbccfd4996cb3dc -> 
  custom:framework-win-MediaFoundation: 216162199b28c13a410421893ffa2e32 -> 
  custom:CustomObjectIndexerAttribute: 756ad292c208cfabdd7b50bc23989ffe -> 
  custom:container-demuxer-webm: 4f35f7cbe854078d1ac9338744f61a02 -> 
  custom:container-muxer-webm: aa71ff27fc2769a1b78a27578f13a17b -> 
  custom:video-decoder-webm-vp8: 9c59270c3fd7afecdb556c50c9e8de78 -> 
  custom:SearchIndexIgnoredProperties: e643bd26f0fe6173181afceb89e7c659 -> 
  custom:AudioImporter_EditorPlatform: d09bf68614088b80899f8185d706f6e7 -> 
  custom:video-encoder-webm-vp8: eb34c28f22e8b96e1ab97ce403110664 -> 
  custom:audio-decoder-ogg-vorbis: bf7c407c2cedff20999df2af8eb42d56 -> 
  custom:audio-encoder-webm-vorbis: bf7c407c2cedff20999df2af8eb42d56 -> 
========================================================================
Received Import Request.
  Time since last request: 1175622.120107 seconds.
  path: Assets/CB/Assets/Lantern/Lantern.fbx
  artifactKey: Guid(22a039b5a132f8e44b950effd5409afd) Importer(815301076,1909f56bfc062723c751e8b465ee728b)
Start importing Assets/CB/Assets/Lantern/Lantern.fbx using Guid(22a039b5a132f8e44b950effd5409afd) Importer(815301076,1909f56bfc062723c751e8b465ee728b)  -> (artifact id: 'd5bbe2ca5198f1b7c559c814aa53c8e3') in 0.266237 seconds
Number of updated asset objects reloaded before import = 0
Number of asset objects unloaded after import = 55
========================================================================
Received Import Request.
  Time since last request: 22.016336 seconds.
  path: Assets/CB/Assets/Props/Batch1/Textures/Props_low_Props_BaseColor.png
  artifactKey: Guid(c171855f50edf0d46a79e305088f3d2a) Importer(815301076,1909f56bfc062723c751e8b465ee728b)
Start importing Assets/CB/Assets/Props/Batch1/Textures/Props_low_Props_BaseColor.png using Guid(c171855f50edf0d46a79e305088f3d2a) Importer(815301076,1909f56bfc062723c751e8b465ee728b)  -> (artifact id: '840af8c7d8538f89e668c6439b69a1c5') in 0.074393 seconds
Number of updated asset objects reloaded before import = 0
Number of asset objects unloaded after import = 2
========================================================================
Received Import Request.
  Time since last request: 12.570063 seconds.
  path: Assets/CB/Assets/Materials/M_Portrait.mat
  artifactKey: Guid(d4191787a3d50c64f8ff1396117c7f01) Importer(815301076,1909f56bfc062723c751e8b465ee728b)
Start importing Assets/CB/Assets/Materials/M_Portrait.mat using Guid(d4191787a3d50c64f8ff1396117c7f01) Importer(815301076,1909f56bfc062723c751e8b465ee728b)  -> (artifact id: '0c3e8069798f7c494df92f6560884908') in 0.060492 seconds
Number of updated asset objects reloaded before import = 0
Number of asset objects unloaded after import = 6
========================================================================
Received Import Request.
  Time since last request: 39.429713 seconds.
  path: Assets/Uwoopsies/Materials/M_Portrait.mat
  artifactKey: Guid(d4191787a3d50c64f8ff1396117c7f01) Importer(815301076,1909f56bfc062723c751e8b465ee728b)
Start importing Assets/Uwoopsies/Materials/M_Portrait.mat using Guid(d4191787a3d50c64f8ff1396117c7f01) Importer(815301076,1909f56bfc062723c751e8b465ee728b)  -> (artifact id: 'e6479da866b07b4f7c6c067469603de5') in 0.028358 seconds
Number of updated asset objects reloaded before import = 0
Number of asset objects unloaded after import = 6
========================================================================
Received Import Request.
  Time since last request: 3.280823 seconds.
  path: Assets/Uwoopsies/Materials/M_Portrait 1.mat
  artifactKey: Guid(60e179f4a398f6242b3acdc0f117e5b9) Importer(815301076,1909f56bfc062723c751e8b465ee728b)
Start importing Assets/Uwoopsies/Materials/M_Portrait 1.mat using Guid(60e179f4a398f6242b3acdc0f117e5b9) Importer(815301076,1909f56bfc062723c751e8b465ee728b)  -> (artifact id: 'd8dac0be5be55634842e7e11ce11263f') in 0.037192 seconds
Number of updated asset objects reloaded before import = 0
Number of asset objects unloaded after import = 6
========================================================================
Received Import Request.
  Time since last request: 158.495773 seconds.
  path: Assets/Uwoopsies/Materials/Textures/FramesUVd_lambert1_Normal.png
  artifactKey: Guid(ca78846194f3acd45b228e53aacb73ab) Importer(815301076,1909f56bfc062723c751e8b465ee728b)
Start importing Assets/Uwoopsies/Materials/Textures/FramesUVd_lambert1_Normal.png using Guid(ca78846194f3acd45b228e53aacb73ab) Importer(815301076,1909f56bfc062723c751e8b465ee728b)  -> (artifact id: '9e00f49e9ba5ec418f623101e99f2445') in 0.032916 seconds
Number of updated asset objects reloaded before import = 0
Number of asset objects unloaded after import = 2
========================================================================
Received Import Request.
  Time since last request: 28.002407 seconds.
  path: Assets/Uwoopsies/FrameHoriztonal.fbx
  artifactKey: Guid(a6e91713fad922e49b21a79e399d554d) Importer(815301076,1909f56bfc062723c751e8b465ee728b)
Start importing Assets/Uwoopsies/FrameHoriztonal.fbx using Guid(a6e91713fad922e49b21a79e399d554d) Importer(815301076,1909f56bfc062723c751e8b465ee728b)  -> (artifact id: 'dbda3a96760578984f5eaa30a37dd28d') in 0.041692 seconds
Number of updated asset objects reloaded before import = 0
Number of asset objects unloaded after import = 14
========================================================================
Received Import Request.
  Time since last request: 6.582902 seconds.
  path: Assets/Uwoopsies/FrameHoriztonal.fbx
  artifactKey: Guid(a6e91713fad922e49b21a79e399d554d) Importer(815301076,1909f56bfc062723c751e8b465ee728b)
Start importing Assets/Uwoopsies/FrameHoriztonal.fbx using Guid(a6e91713fad922e49b21a79e399d554d) Importer(815301076,1909f56bfc062723c751e8b465ee728b)  -> (artifact id: '12b2f14bc4958e77bb5985895ad9b3bb') in 0.028764 seconds
Number of updated asset objects reloaded before import = 0
Number of asset objects unloaded after import = 13
========================================================================
Received Import Request.
  Time since last request: 56.387137 seconds.
  path: Assets/Uwoopsies/FrameVertical.fbx
  artifactKey: Guid(1c44ccdca0dfbc746ae57a6901cf928f) Importer(815301076,1909f56bfc062723c751e8b465ee728b)
Start importing Assets/Uwoopsies/FrameVertical.fbx using Guid(1c44ccdca0dfbc746ae57a6901cf928f) Importer(815301076,1909f56bfc062723c751e8b465ee728b)  -> (artifact id: '5d642c799249826e71ba4f96896d42fd') in 0.035870 seconds
Number of updated asset objects reloaded before import = 0
Number of asset objects unloaded after import = 14
========================================================================
Received Import Request.
  Time since last request: 76.345680 seconds.
  path: Assets/Uwoopsies/Materials/Textures/FramesUVd_Painting1_Normal.png
  artifactKey: Guid(977774ea4dd81a24f80a3d22c74a3efd) Importer(815301076,1909f56bfc062723c751e8b465ee728b)
Start importing Assets/Uwoopsies/Materials/Textures/FramesUVd_Painting1_Normal.png using Guid(977774ea4dd81a24f80a3d22c74a3efd) Importer(815301076,1909f56bfc062723c751e8b465ee728b)  -> (artifact id: 'ee93de3e4ccab44ea99b5bc3564dcfc2') in 0.027029 seconds
Number of updated asset objects reloaded before import = 0
Number of asset objects unloaded after import = 2
========================================================================
Received Import Request.
  Time since last request: 4.100202 seconds.
  path: Assets/Uwoopsies/Materials/Textures/FramesUVd_Painting2_Normal.png
  artifactKey: Guid(83250cfbf0a687b429622bc746514b07) Importer(815301076,1909f56bfc062723c751e8b465ee728b)
Start importing Assets/Uwoopsies/Materials/Textures/FramesUVd_Painting2_Normal.png using Guid(83250cfbf0a687b429622bc746514b07) Importer(815301076,1909f56bfc062723c751e8b465ee728b)  -> (artifact id: '3049cf02ff114944c8f4d96d77c25e59') in 0.025621 seconds
Number of updated asset objects reloaded before import = 0
Number of asset objects unloaded after import = 2
========================================================================
Received Import Request.
  Time since last request: 66.237654 seconds.
  path: Assets/Uwoopsies/FrameVertical.fbx
  artifactKey: Guid(1c44ccdca0dfbc746ae57a6901cf928f) Importer(815301076,1909f56bfc062723c751e8b465ee728b)
Start importing Assets/Uwoopsies/FrameVertical.fbx using Guid(1c44ccdca0dfbc746ae57a6901cf928f) Importer(815301076,1909f56bfc062723c751e8b465ee728b)  -> (artifact id: '91adb0457e83623ef44996b8e3f27cc0') in 0.033640 seconds
Number of updated asset objects reloaded before import = 0
Number of asset objects unloaded after import = 14
========================================================================
Received Import Request.
  Time since last request: 68.757505 seconds.
  path: Assets/Uwoopsies/FrameHoriztonal.fbx
  artifactKey: Guid(a6e91713fad922e49b21a79e399d554d) Importer(815301076,1909f56bfc062723c751e8b465ee728b)
Start importing Assets/Uwoopsies/FrameHoriztonal.fbx using Guid(a6e91713fad922e49b21a79e399d554d) Importer(815301076,1909f56bfc062723c751e8b465ee728b)  -> (artifact id: '6b777b71cd949d92061cb1e94c6af9fc') in 0.028578 seconds
Number of updated asset objects reloaded before import = 0
Number of asset objects unloaded after import = 14
========================================================================
Received Import Request.
  Time since last request: 717.894051 seconds.
  path: Assets/Uwoopsies/FrameHoriztonal.fbx
  artifactKey: Guid(a6e91713fad922e49b21a79e399d554d) Importer(815301076,1909f56bfc062723c751e8b465ee728b)
Start importing Assets/Uwoopsies/FrameHoriztonal.fbx using Guid(a6e91713fad922e49b21a79e399d554d) Importer(815301076,1909f56bfc062723c751e8b465ee728b)  -> (artifact id: 'bcfe29baf7875848cd3bef786546cd28') in 0.033469 seconds
Number of updated asset objects reloaded before import = 0
Number of asset objects unloaded after import = 17
========================================================================
Received Import Request.
  Time since last request: 882.077087 seconds.
  path: Assets/Dominik/Furniture/Prefab/Bookshelf02.prefab
  artifactKey: Guid(c06788d27a0b531448ab39e2f4b506d2) Importer(815301076,1909f56bfc062723c751e8b465ee728b)
Start importing Assets/Dominik/Furniture/Prefab/Bookshelf02.prefab using Guid(c06788d27a0b531448ab39e2f4b506d2) Importer(815301076,1909f56bfc062723c751e8b465ee728b)  -> (artifact id: '5632ce731f9b1fd6e37a8ce7acd37cd3') in 0.030145 seconds
Number of updated asset objects reloaded before import = 0
Number of asset objects unloaded after import = 58
========================================================================
Received Import Request.
  Time since last request: 5.136057 seconds.
  path: Assets/Dominik/Furniture/Prefab/Bookshelf02.prefab
  artifactKey: Guid(c06788d27a0b531448ab39e2f4b506d2) Importer(815301076,1909f56bfc062723c751e8b465ee728b)
Start importing Assets/Dominik/Furniture/Prefab/Bookshelf02.prefab using Guid(c06788d27a0b531448ab39e2f4b506d2) Importer(815301076,1909f56bfc062723c751e8b465ee728b)  -> (artifact id: '3f592584073261b57852449b91c96afe') in 0.024799 seconds
Number of updated asset objects reloaded before import = 0
Number of asset objects unloaded after import = 63
========================================================================
Received Import Request.
  Time since last request: 1.549718 seconds.
  path: Assets/Dominik/Furniture/Prefab/Bookshelf02.prefab
  artifactKey: Guid(c06788d27a0b531448ab39e2f4b506d2) Importer(815301076,1909f56bfc062723c751e8b465ee728b)
Start importing Assets/Dominik/Furniture/Prefab/Bookshelf02.prefab using Guid(c06788d27a0b531448ab39e2f4b506d2) Importer(815301076,1909f56bfc062723c751e8b465ee728b)  -> (artifact id: '5742ab38d6b9e352315245243516fb97') in 0.035006 seconds
Number of updated asset objects reloaded before import = 0
Number of asset objects unloaded after import = 63
========================================================================
Received Import Request.
  Time since last request: 9.829619 seconds.
  path: Assets/Dominik/Furniture/Prefab/Bookshelf02.prefab
  artifactKey: Guid(c06788d27a0b531448ab39e2f4b506d2) Importer(815301076,1909f56bfc062723c751e8b465ee728b)
Start importing Assets/Dominik/Furniture/Prefab/Bookshelf02.prefab using Guid(c06788d27a0b531448ab39e2f4b506d2) Importer(815301076,1909f56bfc062723c751e8b465ee728b)  -> (artifact id: '517b83bbec7a2d22e95f2212b982e6ae') in 0.022667 seconds
Number of updated asset objects reloaded before import = 0
Number of asset objects unloaded after import = 63
========================================================================
Received Import Request.
  Time since last request: 4.823671 seconds.
  path: Assets/Dominik/Furniture/Prefab/Bookshelf02.prefab
  artifactKey: Guid(c06788d27a0b531448ab39e2f4b506d2) Importer(815301076,1909f56bfc062723c751e8b465ee728b)
Start importing Assets/Dominik/Furniture/Prefab/Bookshelf02.prefab using Guid(c06788d27a0b531448ab39e2f4b506d2) Importer(815301076,1909f56bfc062723c751e8b465ee728b)  -> (artifact id: 'd58f44579d6099453fd54381d46c7a8c') in 0.023423 seconds
Number of updated asset objects reloaded before import = 0
Number of asset objects unloaded after import = 63
========================================================================
Received Import Request.
  Time since last request: 3.819257 seconds.
  path: Assets/Dominik/Furniture/Prefab/Bookshelf02.prefab
  artifactKey: Guid(c06788d27a0b531448ab39e2f4b506d2) Importer(815301076,1909f56bfc062723c751e8b465ee728b)
Start importing Assets/Dominik/Furniture/Prefab/Bookshelf02.prefab using Guid(c06788d27a0b531448ab39e2f4b506d2) Importer(815301076,1909f56bfc062723c751e8b465ee728b)  -> (artifact id: '7ad0bf67c337fa520e692ad0c085d1fb') in 0.021355 seconds
Number of updated asset objects reloaded before import = 0
Number of asset objects unloaded after import = 68
========================================================================
Received Import Request.
  Time since last request: 3.199376 seconds.
  path: Assets/Dominik/Furniture/Prefab/Bookshelf02.prefab
  artifactKey: Guid(c06788d27a0b531448ab39e2f4b506d2) Importer(815301076,1909f56bfc062723c751e8b465ee728b)
Start importing Assets/Dominik/Furniture/Prefab/Bookshelf02.prefab using Guid(c06788d27a0b531448ab39e2f4b506d2) Importer(815301076,1909f56bfc062723c751e8b465ee728b)  -> (artifact id: 'd54926bb998fc9aa56fbc2994d8ba372') in 0.022228 seconds
Number of updated asset objects reloaded before import = 0
Number of asset objects unloaded after import = 68
========================================================================
Received Import Request.
  Time since last request: 8.045139 seconds.
  path: Assets/Dominik/Furniture/Prefab/Bookshelf02.prefab
  artifactKey: Guid(c06788d27a0b531448ab39e2f4b506d2) Importer(815301076,1909f56bfc062723c751e8b465ee728b)
Start importing Assets/Dominik/Furniture/Prefab/Bookshelf02.prefab using Guid(c06788d27a0b531448ab39e2f4b506d2) Importer(815301076,1909f56bfc062723c751e8b465ee728b)  -> (artifact id: '0b709a206bf068a767045f5a6ea2fe4f') in 0.021481 seconds
Number of updated asset objects reloaded before import = 0
Number of asset objects unloaded after import = 68
========================================================================
Received Import Request.
  Time since last request: 2.594272 seconds.
  path: Assets/Dominik/Furniture/Prefab/Bookshelf02.prefab
  artifactKey: Guid(c06788d27a0b531448ab39e2f4b506d2) Importer(815301076,1909f56bfc062723c751e8b465ee728b)
Start importing Assets/Dominik/Furniture/Prefab/Bookshelf02.prefab using Guid(c06788d27a0b531448ab39e2f4b506d2) Importer(815301076,1909f56bfc062723c751e8b465ee728b)  -> (artifact id: '0dc0b23c0a09c707233940c00b0184f3') in 0.019387 seconds
Number of updated asset objects reloaded before import = 0
Number of asset objects unloaded after import = 68
========================================================================
Received Import Request.
  Time since last request: 6.236349 seconds.
  path: Assets/Dominik/Furniture/Prefab/Bookshelf02.prefab
  artifactKey: Guid(c06788d27a0b531448ab39e2f4b506d2) Importer(815301076,1909f56bfc062723c751e8b465ee728b)
Start importing Assets/Dominik/Furniture/Prefab/Bookshelf02.prefab using Guid(c06788d27a0b531448ab39e2f4b506d2) Importer(815301076,1909f56bfc062723c751e8b465ee728b)  -> (artifact id: '8b83051d7dde6004ead022393b9c0a46') in 0.021658 seconds
Number of updated asset objects reloaded before import = 0
Number of asset objects unloaded after import = 78
========================================================================
Received Import Request.
  Time since last request: 1.788471 seconds.
  path: Assets/Dominik/Furniture/Prefab/Bookshelf02.prefab
  artifactKey: Guid(c06788d27a0b531448ab39e2f4b506d2) Importer(815301076,1909f56bfc062723c751e8b465ee728b)
Start importing Assets/Dominik/Furniture/Prefab/Bookshelf02.prefab using Guid(c06788d27a0b531448ab39e2f4b506d2) Importer(815301076,1909f56bfc062723c751e8b465ee728b)  -> (artifact id: '894d80892fd04a3cc2f2d8be827deacb') in 0.020370 seconds
Number of updated asset objects reloaded before import = 0
Number of asset objects unloaded after import = 78
========================================================================
Received Import Request.
  Time since last request: 4.019468 seconds.
  path: Assets/Dominik/Furniture/Prefab/Bookshelf02.prefab
  artifactKey: Guid(c06788d27a0b531448ab39e2f4b506d2) Importer(815301076,1909f56bfc062723c751e8b465ee728b)
Start importing Assets/Dominik/Furniture/Prefab/Bookshelf02.prefab using Guid(c06788d27a0b531448ab39e2f4b506d2) Importer(815301076,1909f56bfc062723c751e8b465ee728b)  -> (artifact id: '9367a5704d6ab71b8d911022ef39a3f2') in 0.021282 seconds
Number of updated asset objects reloaded before import = 0
Number of asset objects unloaded after import = 78
========================================================================
Received Import Request.
  Time since last request: 2.195465 seconds.
  path: Assets/Dominik/Furniture/Prefab/Bookshelf02.prefab
  artifactKey: Guid(c06788d27a0b531448ab39e2f4b506d2) Importer(815301076,1909f56bfc062723c751e8b465ee728b)
Start importing Assets/Dominik/Furniture/Prefab/Bookshelf02.prefab using Guid(c06788d27a0b531448ab39e2f4b506d2) Importer(815301076,1909f56bfc062723c751e8b465ee728b)  -> (artifact id: 'ee8fbd9decd6195349ef233743574327') in 0.023418 seconds
Number of updated asset objects reloaded before import = 0
Number of asset objects unloaded after import = 78
========================================================================
Received Import Request.
  Time since last request: 7.270753 seconds.
  path: Assets/Uwoopsies/Materials/M_Portrait.mat
  artifactKey: Guid(d4191787a3d50c64f8ff1396117c7f01) Importer(815301076,1909f56bfc062723c751e8b465ee728b)
Start importing Assets/Uwoopsies/Materials/M_Portrait.mat using Guid(d4191787a3d50c64f8ff1396117c7f01) Importer(815301076,1909f56bfc062723c751e8b465ee728b)  -> (artifact id: '7d79d6d13a7f5f94451393a1c60553a2') in 0.026168 seconds
Number of updated asset objects reloaded before import = 0
Number of asset objects unloaded after import = 6
========================================================================
Received Import Request.
  Time since last request: 37.472395 seconds.
  path: Assets/Dominik/Furniture/Prefab/Bookshelf02.prefab
  artifactKey: Guid(c06788d27a0b531448ab39e2f4b506d2) Importer(815301076,1909f56bfc062723c751e8b465ee728b)
Start importing Assets/Dominik/Furniture/Prefab/Bookshelf02.prefab using Guid(c06788d27a0b531448ab39e2f4b506d2) Importer(815301076,1909f56bfc062723c751e8b465ee728b)  -> (artifact id: '0fcb1264c9355da0eb6dcc82520a74e6') in 0.024537 seconds
Number of updated asset objects reloaded before import = 0
Number of asset objects unloaded after import = 78
========================================================================
Received Import Request.
  Time since last request: 4.647534 seconds.
  path: Assets/Dominik/Furniture/Prefab/Bookshelf02.prefab
  artifactKey: Guid(c06788d27a0b531448ab39e2f4b506d2) Importer(815301076,1909f56bfc062723c751e8b465ee728b)
Start importing Assets/Dominik/Furniture/Prefab/Bookshelf02.prefab using Guid(c06788d27a0b531448ab39e2f4b506d2) Importer(815301076,1909f56bfc062723c751e8b465ee728b)  -> (artifact id: '538ed61bca2363c70db6b8f7f1425211') in 0.023871 seconds
Number of updated asset objects reloaded before import = 0
Number of asset objects unloaded after import = 78
========================================================================
Received Import Request.
  Time since last request: 9.648623 seconds.
  path: Assets/Dominik/Furniture/Prefab/Bookshelf02.prefab
  artifactKey: Guid(c06788d27a0b531448ab39e2f4b506d2) Importer(815301076,1909f56bfc062723c751e8b465ee728b)
Start importing Assets/Dominik/Furniture/Prefab/Bookshelf02.prefab using Guid(c06788d27a0b531448ab39e2f4b506d2) Importer(815301076,1909f56bfc062723c751e8b465ee728b)  -> (artifact id: '9904ef1dad1422ef2d34c9ff4ee84a36') in 0.027923 seconds
Number of updated asset objects reloaded before import = 0
Number of asset objects unloaded after import = 83
========================================================================
Received Import Request.
  Time since last request: 7.266519 seconds.
  path: Assets/Dominik/Furniture/Prefab/Bookshelf02.prefab
  artifactKey: Guid(c06788d27a0b531448ab39e2f4b506d2) Importer(815301076,1909f56bfc062723c751e8b465ee728b)
Start importing Assets/Dominik/Furniture/Prefab/Bookshelf02.prefab using Guid(c06788d27a0b531448ab39e2f4b506d2) Importer(815301076,1909f56bfc062723c751e8b465ee728b)  -> (artifact id: 'fb5e277f6b44a643e4574392babb521e') in 0.021373 seconds
Number of updated asset objects reloaded before import = 0
Number of asset objects unloaded after import = 78
========================================================================
Received Import Request.
  Time since last request: 0.979188 seconds.
  path: Assets/Dominik/Furniture/Prefab/Bookshelf02.prefab
  artifactKey: Guid(c06788d27a0b531448ab39e2f4b506d2) Importer(815301076,1909f56bfc062723c751e8b465ee728b)
Start importing Assets/Dominik/Furniture/Prefab/Bookshelf02.prefab using Guid(c06788d27a0b531448ab39e2f4b506d2) Importer(815301076,1909f56bfc062723c751e8b465ee728b)  -> (artifact id: 'dd58add2540f12b3918474c81b272d5b') in 0.026279 seconds
Number of updated asset objects reloaded before import = 0
Number of asset objects unloaded after import = 83
========================================================================
Received Import Request.
  Time since last request: 15.022691 seconds.
  path: Assets/Dominik/Furniture/Prefab/Bookshelf02.prefab
  artifactKey: Guid(c06788d27a0b531448ab39e2f4b506d2) Importer(815301076,1909f56bfc062723c751e8b465ee728b)
Start importing Assets/Dominik/Furniture/Prefab/Bookshelf02.prefab using Guid(c06788d27a0b531448ab39e2f4b506d2) Importer(815301076,1909f56bfc062723c751e8b465ee728b)  -> (artifact id: 'dcae1b7a37da331baabf6594f25de07d') in 0.023047 seconds
Number of updated asset objects reloaded before import = 0
Number of asset objects unloaded after import = 78
========================================================================
Received Import Request.
  Time since last request: 12.639183 seconds.
  path: Assets/Dominik/Furniture/Prefab/Bookshelf02.prefab
  artifactKey: Guid(c06788d27a0b531448ab39e2f4b506d2) Importer(815301076,1909f56bfc062723c751e8b465ee728b)
Start importing Assets/Dominik/Furniture/Prefab/Bookshelf02.prefab using Guid(c06788d27a0b531448ab39e2f4b506d2) Importer(815301076,1909f56bfc062723c751e8b465ee728b)  -> (artifact id: '6a423bf987e4c695854bbca5f370d239') in 0.022957 seconds
Number of updated asset objects reloaded before import = 0
Number of asset objects unloaded after import = 83
========================================================================
Received Import Request.
  Time since last request: 0.987289 seconds.
  path: Assets/Dominik/Furniture/Prefab/Bookshelf02.prefab
  artifactKey: Guid(c06788d27a0b531448ab39e2f4b506d2) Importer(815301076,1909f56bfc062723c751e8b465ee728b)
Start importing Assets/Dominik/Furniture/Prefab/Bookshelf02.prefab using Guid(c06788d27a0b531448ab39e2f4b506d2) Importer(815301076,1909f56bfc062723c751e8b465ee728b)  -> (artifact id: 'd67bd7a418a9a221201701c53537a78a') in 0.028524 seconds
Number of updated asset objects reloaded before import = 0
Number of asset objects unloaded after import = 83
========================================================================
Received Import Request.
  Time since last request: 0.789457 seconds.
  path: Assets/Dominik/Furniture/Prefab/Bookshelf02.prefab
  artifactKey: Guid(c06788d27a0b531448ab39e2f4b506d2) Importer(815301076,1909f56bfc062723c751e8b465ee728b)
Start importing Assets/Dominik/Furniture/Prefab/Bookshelf02.prefab using Guid(c06788d27a0b531448ab39e2f4b506d2) Importer(815301076,1909f56bfc062723c751e8b465ee728b)  -> (artifact id: '05248e5b3d9c6cc23c26f433ab3ce51c') in 0.023029 seconds
Number of updated asset objects reloaded before import = 0
Number of asset objects unloaded after import = 83
========================================================================
Received Import Request.
  Time since last request: 1.592919 seconds.
  path: Assets/Dominik/Furniture/Prefab/Bookshelf02.prefab
  artifactKey: Guid(c06788d27a0b531448ab39e2f4b506d2) Importer(815301076,1909f56bfc062723c751e8b465ee728b)
Start importing Assets/Dominik/Furniture/Prefab/Bookshelf02.prefab using Guid(c06788d27a0b531448ab39e2f4b506d2) Importer(815301076,1909f56bfc062723c751e8b465ee728b)  -> (artifact id: '4897e67eeacf65e696d818cdadcf7367') in 0.019938 seconds
Number of updated asset objects reloaded before import = 0
Number of asset objects unloaded after import = 78
========================================================================
Received Import Request.
  Time since last request: 0.571986 seconds.
  path: Assets/Dominik/Furniture/Prefab/Bookshelf02.prefab
  artifactKey: Guid(c06788d27a0b531448ab39e2f4b506d2) Importer(815301076,1909f56bfc062723c751e8b465ee728b)
Start importing Assets/Dominik/Furniture/Prefab/Bookshelf02.prefab using Guid(c06788d27a0b531448ab39e2f4b506d2) Importer(815301076,1909f56bfc062723c751e8b465ee728b)  -> (artifact id: 'bac78772dc54a7616220016613593b29') in 0.018835 seconds
Number of updated asset objects reloaded before import = 0
Number of asset objects unloaded after import = 78
========================================================================
Received Import Request.
  Time since last request: 13.166777 seconds.
  path: Assets/Dominik/Furniture/Prefab/Bookshelf02.prefab
  artifactKey: Guid(c06788d27a0b531448ab39e2f4b506d2) Importer(815301076,1909f56bfc062723c751e8b465ee728b)
Start importing Assets/Dominik/Furniture/Prefab/Bookshelf02.prefab using Guid(c06788d27a0b531448ab39e2f4b506d2) Importer(815301076,1909f56bfc062723c751e8b465ee728b)  -> (artifact id: 'ee885d3aa565bebb8b1f2e42c9c50b1a') in 0.024563 seconds
Number of updated asset objects reloaded before import = 0
Number of asset objects unloaded after import = 78
========================================================================
Received Import Request.
  Time since last request: 367.706672 seconds.
  path: Assets/FantasyCastleDemo/Models/barrel 1.fbx
  artifactKey: Guid(915d3ebae80522f4fa118fba380c4bcf) Importer(815301076,1909f56bfc062723c751e8b465ee728b)
Start importing Assets/FantasyCastleDemo/Models/barrel 1.fbx using Guid(915d3ebae80522f4fa118fba380c4bcf) Importer(815301076,1909f56bfc062723c751e8b465ee728b)  -> (artifact id: '33beb55a5494085509f81cdb6c6d13df') in 0.115394 seconds
Number of updated asset objects reloaded before import = 0
Number of asset objects unloaded after import = 16
========================================================================
Received Import Request.
  Time since last request: 0.000023 seconds.
  path: Assets/LowPolyNature/Prefabs/UI/Bars_Panel.prefab
  artifactKey: Guid(5b404805ea67f984f9c5d28937e7cc29) Importer(815301076,1909f56bfc062723c751e8b465ee728b)
Start importing Assets/LowPolyNature/Prefabs/UI/Bars_Panel.prefab using Guid(5b404805ea67f984f9c5d28937e7cc29) Importer(815301076,1909f56bfc062723c751e8b465ee728b)  -> (artifact id: '3b2b20134bc4bece783936a95d42e9fb') in 0.081189 seconds
Number of updated asset objects reloaded before import = 0
Number of asset objects unloaded after import = 56
========================================================================
Received Import Request.
  Time since last request: 0.000019 seconds.
  path: Assets/Dominik/Material/Textures/Closed01/Furniture-Pack_Closed-01_BaseColor.png
  artifactKey: Guid(7a68cf69967c9ed4fb2c2149601f4c22) Importer(815301076,1909f56bfc062723c751e8b465ee728b)
Start importing Assets/Dominik/Material/Textures/Closed01/Furniture-Pack_Closed-01_BaseColor.png using Guid(7a68cf69967c9ed4fb2c2149601f4c22) Importer(815301076,1909f56bfc062723c751e8b465ee728b)  -> (artifact id: 'c5df56b9d8289f7e0e6ed7e7abd9f436') in 0.040030 seconds
Number of updated asset objects reloaded before import = 0
Number of asset objects unloaded after import = 2
Editor requested this worker to shutdown with reason: Scaling down because of idle timeout
TcpMessagingSession - receive error: operation aborted. errorcode: 995, details: Der E/A-Vorgang wurde wegen eines Threadendes oder einer Anwendungsanforderung abgebrochen.
AssetImportWorker is now disconnected from the server
Process exiting
Exiting without the bug reporter. Application will terminate with return code 0