Using pre-set license
Built from '2022.3/staging' branch; Version is '2022.3.10f1 (ff3792e53c62) revision 16725906'; Using compiler version '192829333'; Build Type 'Release'
OS: 'Windows 10  (10.0.19045) 64bit Professional' Language: 'de' Physical Memory: 16315 MB
BatchMode: 1, IsHumanControllingUs: 0, StartBugReporterOnCrash: 0, Is64bit: 1, IsPro: 1

COMMAND LINE ARGUMENTS:
C:\Program Files\Unity\Hub\Editor\2022.3.10f1\Editor\Unity.exe
-adb2
-batchMode
-noUpm
-name
AssetImportWorker7
-projectPath
E:/Arbeit/Projekte/GameJam/Wizard-LLC
-logFile
Logs/AssetImportWorker7.log
-srvPort
65316
Successfully changed project path to: E:/Arbeit/Projekte/GameJam/Wizard-LLC
E:/Arbeit/Projekte/GameJam/Wizard-LLC
[UnityMemory] Configuration Parameters - Can be set up in boot.config
    "memorysetup-bucket-allocator-granularity=16"
    "memorysetup-bucket-allocator-bucket-count=8"
    "memorysetup-bucket-allocator-block-size=33554432"
    "memorysetup-bucket-allocator-block-count=8"
    "memorysetup-main-allocator-block-size=16777216"
    "memorysetup-thread-allocator-block-size=16777216"
    "memorysetup-gfx-main-allocator-block-size=16777216"
    "memorysetup-gfx-thread-allocator-block-size=16777216"
    "memorysetup-cache-allocator-block-size=4194304"
    "memorysetup-typetree-allocator-block-size=2097152"
    "memorysetup-profiler-bucket-allocator-granularity=16"
    "memorysetup-profiler-bucket-allocator-bucket-count=8"
    "memorysetup-profiler-bucket-allocator-block-size=33554432"
    "memorysetup-profiler-bucket-allocator-block-count=8"
    "memorysetup-profiler-allocator-block-size=16777216"
    "memorysetup-profiler-editor-allocator-block-size=1048576"
    "memorysetup-temp-allocator-size-main=16777216"
    "memorysetup-job-temp-allocator-block-size=2097152"
    "memorysetup-job-temp-allocator-block-size-background=1048576"
    "memorysetup-job-temp-allocator-reduction-small-platforms=262144"
    "memorysetup-allocator-temp-initial-block-size-main=262144"
    "memorysetup-allocator-temp-initial-block-size-worker=262144"
    "memorysetup-temp-allocator-size-background-worker=32768"
    "memorysetup-temp-allocator-size-job-worker=262144"
    "memorysetup-temp-allocator-size-preload-manager=33554432"
    "memorysetup-temp-allocator-size-nav-mesh-worker=65536"
    "memorysetup-temp-allocator-size-audio-worker=65536"
    "memorysetup-temp-allocator-size-cloud-worker=32768"
    "memorysetup-temp-allocator-size-gi-baking-worker=262144"
    "memorysetup-temp-allocator-size-gfx=262144"
Player connection [7672] Host "[IP] 192.168.0.114 [Port] 0 [Flags] 2 [Guid] 1169061252 [EditorId] 1169061252 [Version] 1048832 [Id] WindowsEditor(7,DESKTOP-QOLIB5E) [Debug] 1 [PackageName] WindowsEditor [ProjectName] Editor" joined multi-casting on [225.0.0.222:54997]...

Player connection [7672] Host "[IP] 192.168.0.114 [Port] 0 [Flags] 2 [Guid] 1169061252 [EditorId] 1169061252 [Version] 1048832 [Id] WindowsEditor(7,DESKTOP-QOLIB5E) [Debug] 1 [PackageName] WindowsEditor [ProjectName] Editor" joined alternative multi-casting on [225.0.0.222:34997]...

[Physics::Module] Initialized MultithreadedJobDispatcher with 11 workers.
Refreshing native plugins compatible for Editor in 20.27 ms, found 3 plugins.
Preloading 0 native plugins for Editor in 0.00 ms.
Initialize engine version: 2022.3.10f1 (ff3792e53c62)
[Subsystems] Discovering subsystems at path C:/Program Files/Unity/Hub/Editor/2022.3.10f1/Editor/Data/Resources/UnitySubsystems
[Subsystems] Discovering subsystems at path E:/Arbeit/Projekte/GameJam/Wizard-LLC/Assets
GfxDevice: creating device client; threaded=0; jobified=0
Direct3D:
    Version:  Direct3D 11.0 [level 11.1]
    Renderer: NVIDIA GeForce GTX 1070 (ID=0x1b81)
    Vendor:   NVIDIA
    VRAM:     8067 MB
    Driver:   31.0.15.5186
Initialize mono
Mono path[0] = 'C:/Program Files/Unity/Hub/Editor/2022.3.10f1/Editor/Data/Managed'
Mono path[1] = 'C:/Program Files/Unity/Hub/Editor/2022.3.10f1/Editor/Data/MonoBleedingEdge/lib/mono/unityjit-win32'
Mono config path = 'C:/Program Files/Unity/Hub/Editor/2022.3.10f1/Editor/Data/MonoBleedingEdge/etc'
Using monoOptions --debugger-agent=transport=dt_socket,embedding=1,server=y,suspend=n,address=127.0.0.1:56604
Begin MonoManager ReloadAssembly
Registering precompiled unity dll's ...
Register platform support module: C:/Program Files/Unity/Hub/Editor/2022.3.10f1/Editor/Data/PlaybackEngines/WebGLSupport/UnityEditor.WebGL.Extensions.dll
Register platform support module: C:/Program Files/Unity/Hub/Editor/2022.3.10f1/Editor/Data/PlaybackEngines/WindowsStandaloneSupport/UnityEditor.WindowsStandalone.Extensions.dll
Registered in 0.025290 seconds.
- Loaded All Assemblies, in  0.580 seconds
Native extension for WindowsStandalone target not found
Native extension for WebGL target not found
Mono: successfully reloaded assembly
- Finished resetting the current domain, in  0.336 seconds
Domain Reload Profiling: 911ms
	BeginReloadAssembly (208ms)
		ExecutionOrderSort (0ms)
		DisableScriptedObjects (0ms)
		BackupInstance (0ms)
		ReleaseScriptingObjects (0ms)
		CreateAndSetChildDomain (1ms)
	RebuildCommonClasses (53ms)
	RebuildNativeTypeToScriptingClass (16ms)
	initialDomainReloadingComplete (104ms)
	LoadAllAssembliesAndSetupDomain (193ms)
		LoadAssemblies (203ms)
		RebuildTransferFunctionScriptingTraits (0ms)
		AnalyzeDomain (190ms)
			TypeCache.Refresh (189ms)
				TypeCache.ScanAssembly (171ms)
			ScanForSourceGeneratedMonoScriptInfo (0ms)
			ResolveRequiredComponents (1ms)
	FinalizeReload (337ms)
		ReleaseScriptCaches (0ms)
		RebuildScriptCaches (0ms)
		SetupLoadedEditorAssemblies (261ms)
			LogAssemblyErrors (0ms)
			InitializePlatformSupportModulesInManaged (16ms)
			SetLoadedEditorAssemblies (6ms)
			RefreshPlugins (0ms)
			BeforeProcessingInitializeOnLoad (2ms)
			ProcessInitializeOnLoadAttributes (170ms)
			ProcessInitializeOnLoadMethodAttributes (66ms)
			AfterProcessingInitializeOnLoad (0ms)
			EditorAssembliesLoaded (0ms)
		ExecutionOrderSort2 (0ms)
		AwakeInstancesAfterBackupRestoration (0ms)
========================================================================
Worker process is ready to serve import requests
Begin MonoManager ReloadAssembly
Symbol file LoadedFromMemory is not a mono symbol file
- Loaded All Assemblies, in  1.121 seconds
Refreshing native plugins compatible for Editor in 8.73 ms, found 3 plugins.
Native extension for WindowsStandalone target not found
Native extension for WebGL target not found
System.Exception: Error! Visual Scripting: couldn't find visual scripting package
  at Unity.VisualScripting.PackageVersionUtility.get_version () [0x00043] in .\Library\PackageCache\com.unity.visualscripting@1.9.0\Editor\VisualScripting.Core\Utilities\PackageVersionUtility.cs:31 
  at Unity.VisualScripting.BoltCoreManifest.get_version () [0x00000] in .\Library\PackageCache\com.unity.visualscripting@1.9.0\Editor\VisualScripting.Core\Plugin\BoltCoreManifest.cs:11 
  at Unity.VisualScripting.PluginManifest.get_currentVersion () [0x00000] in .\Library\PackageCache\com.unity.visualscripting@1.9.0\Editor\VisualScripting.Core\Plugins\PluginManifest.cs:33 
  at Unity.VisualScripting.PluginManifest.get_versionMismatch () [0x00000] in .\Library\PackageCache\com.unity.visualscripting@1.9.0\Editor\VisualScripting.Core\Plugins\PluginManifest.cs:48 
  at Unity.VisualScripting.PluginContainer.Initialize () [0x00525] in .\Library\PackageCache\com.unity.visualscripting@1.9.0\Editor\VisualScripting.Core\Plugins\PluginContainer.cs:208 
  at Unity.VisualScripting.PluginContainer.InitializeOnLoad () [0x00009] in .\Library\PackageCache\com.unity.visualscripting@1.9.0\Editor\VisualScripting.Core\Plugins\PluginContainer.cs:32 
  at Unity.VisualScripting.VSUsageUtility.DoInitializeOnLoadCalls () [0x00034] in .\Library\PackageCache\com.unity.visualscripting@1.9.0\Editor\VisualScripting.Core\Utilities\VSUsageUtility.cs:76 
  at Unity.VisualScripting.VSUsageUtility.set_isVisualScriptingUsed (System.Boolean value) [0x0002c] in .\Library\PackageCache\com.unity.visualscripting@1.9.0\Editor\VisualScripting.Core\Utilities\VSUsageUtility.cs:114 
  at Unity.VisualScripting.VSUsageUtility.CheckAndSetIsVisualScriptingUsed () [0x00032] in .\Library\PackageCache\com.unity.visualscripting@1.9.0\Editor\VisualScripting.Core\Utilities\VSUsageUtility.cs:48 
  at Unity.VisualScripting.VSUsageUtility..cctor () [0x00000] in .\Library\PackageCache\com.unity.visualscripting@1.9.0\Editor\VisualScripting.Core\Utilities\VSUsageUtility.cs:22 
UnityEngine.StackTraceUtility:ExtractStackTrace ()
UnityEngine.DebugLogHandler:LogFormat (UnityEngine.LogType,UnityEngine.Object,string,object[])
UnityEngine.Logger:Log (UnityEngine.LogType,object)
UnityEngine.Debug:LogError (object)
UnityEditor.EditorAssemblies:ProcessInitializeOnLoadAttributes (System.Type[])

Package Manager log level set to [2]
[Package Manager] Server::EnsureServerProcessIsRunning -- launch failed, reason: Unity was launched with the -noUpm command-line argument
[Package Manager] UpmClient::Send -- Unable to send message (not connected to UPM process).
[Package Manager] Cannot connect to Unity Package Manager local server
Mono: successfully reloaded assembly
- Finished resetting the current domain, in  1.612 seconds
Domain Reload Profiling: 2726ms
	BeginReloadAssembly (204ms)
		ExecutionOrderSort (0ms)
		DisableScriptedObjects (7ms)
		BackupInstance (0ms)
		ReleaseScriptingObjects (0ms)
		CreateAndSetChildDomain (24ms)
	RebuildCommonClasses (50ms)
	RebuildNativeTypeToScriptingClass (16ms)
	initialDomainReloadingComplete (72ms)
	LoadAllAssembliesAndSetupDomain (771ms)
		LoadAssemblies (542ms)
		RebuildTransferFunctionScriptingTraits (0ms)
		AnalyzeDomain (355ms)
			TypeCache.Refresh (306ms)
				TypeCache.ScanAssembly (278ms)
			ScanForSourceGeneratedMonoScriptInfo (40ms)
			ResolveRequiredComponents (8ms)
	FinalizeReload (1612ms)
		ReleaseScriptCaches (0ms)
		RebuildScriptCaches (0ms)
		SetupLoadedEditorAssemblies (1403ms)
			LogAssemblyErrors (0ms)
			InitializePlatformSupportModulesInManaged (12ms)
			SetLoadedEditorAssemblies (4ms)
			RefreshPlugins (0ms)
			BeforeProcessingInitializeOnLoad (120ms)
			ProcessInitializeOnLoadAttributes (1083ms)
			ProcessInitializeOnLoadMethodAttributes (165ms)
			AfterProcessingInitializeOnLoad (17ms)
			EditorAssembliesLoaded (0ms)
		ExecutionOrderSort2 (0ms)
		AwakeInstancesAfterBackupRestoration (7ms)
Launched and connected shader compiler UnityShaderCompiler.exe after 0.08 seconds
Refreshing native plugins compatible for Editor in 12.27 ms, found 3 plugins.
Preloading 0 native plugins for Editor in 0.00 ms.
Unloading 5307 Unused Serialized files (Serialized files now loaded: 0)
Unloading 86 unused Assets / (1.6 MB). Loaded Objects now: 5731.
Memory consumption went from 183.5 MB to 182.0 MB.
Total: 24.933900 ms (FindLiveObjects: 0.567600 ms CreateObjectMapping: 0.234800 ms MarkObjects: 23.137800 ms  DeleteObjects: 0.991400 ms)

AssetImportParameters requested are different than current active one (requested -> active):
  custom:container-demuxer-ogg: 62fdf1f143b41e24485cea50d1cbac27 -> 
  custom:video-decoder-ogg-theora: a1e56fd34408186e4bbccfd4996cb3dc -> 
  custom:framework-win-MediaFoundation: 216162199b28c13a410421893ffa2e32 -> 
  custom:CustomObjectIndexerAttribute: 756ad292c208cfabdd7b50bc23989ffe -> 
  custom:container-demuxer-webm: 4f35f7cbe854078d1ac9338744f61a02 -> 
  custom:container-muxer-webm: aa71ff27fc2769a1b78a27578f13a17b -> 
  custom:video-decoder-webm-vp8: 9c59270c3fd7afecdb556c50c9e8de78 -> 
  custom:SearchIndexIgnoredProperties: e643bd26f0fe6173181afceb89e7c659 -> 
  custom:AudioImporter_EditorPlatform: d09bf68614088b80899f8185d706f6e7 -> 
  custom:video-encoder-webm-vp8: eb34c28f22e8b96e1ab97ce403110664 -> 
  custom:audio-decoder-ogg-vorbis: bf7c407c2cedff20999df2af8eb42d56 -> 
  custom:audio-encoder-webm-vorbis: bf7c407c2cedff20999df2af8eb42d56 -> 
========================================================================
Received Import Request.
  Time since last request: 1055181.248755 seconds.
  path: Assets/Dominik/Furniture/Bedside-Table.fbx
  artifactKey: Guid(12c731c6350e03f4c9534822da48e24a) Importer(815301076,1909f56bfc062723c751e8b465ee728b)
Start importing Assets/Dominik/Furniture/Bedside-Table.fbx using Guid(12c731c6350e03f4c9534822da48e24a) Importer(815301076,1909f56bfc062723c751e8b465ee728b)  -> (artifact id: '54a04701aacac25688ce70cbb37a9cdc') in 0.194173 seconds
Number of updated asset objects reloaded before import = 0
Number of asset objects unloaded after import = 20
========================================================================
Received Import Request.
  Time since last request: 210.680666 seconds.
  path: Assets/Dominik/GameJa_Environment/ReflectionProbe-0.exr
  artifactKey: Guid(b1caf3b50b812334a8dbccf7542df65d) Importer(815301076,1909f56bfc062723c751e8b465ee728b)
Start importing Assets/Dominik/GameJa_Environment/ReflectionProbe-0.exr using Guid(b1caf3b50b812334a8dbccf7542df65d) Importer(815301076,1909f56bfc062723c751e8b465ee728b)  -> (artifact id: 'b5ca19463588710c960667a65b5b2cea') in 0.061696 seconds
Number of updated asset objects reloaded before import = 0
Number of asset objects unloaded after import = 1
========================================================================
Received Import Request.
  Time since last request: 78.333384 seconds.
  path: Assets/CB/Materials/BasementFloor.mat
  artifactKey: Guid(c1b779a6668e48d46921d149a064ddfc) Importer(815301076,1909f56bfc062723c751e8b465ee728b)
Start importing Assets/CB/Materials/BasementFloor.mat using Guid(c1b779a6668e48d46921d149a064ddfc) Importer(815301076,1909f56bfc062723c751e8b465ee728b)  -> (artifact id: 'a3e4412d02cb3c1528fa56a68af403d3') in 0.055231 seconds
Number of updated asset objects reloaded before import = 0
Number of asset objects unloaded after import = 2
========================================================================
Received Import Request.
  Time since last request: 0.000023 seconds.
  path: Assets/CB/Assets/Materials/M_Labels Pos1.mat
  artifactKey: Guid(cf808fae6f6387447ab9b2ed7aa98466) Importer(815301076,1909f56bfc062723c751e8b465ee728b)
Start importing Assets/CB/Assets/Materials/M_Labels Pos1.mat using Guid(cf808fae6f6387447ab9b2ed7aa98466) Importer(815301076,1909f56bfc062723c751e8b465ee728b)  -> (artifact id: '8e10c4fcdd4ac5954fe3c30aa6c283ed') in 0.243533 seconds
Number of updated asset objects reloaded before import = 0
Number of asset objects unloaded after import = 3
========================================================================
Received Import Request.
  Time since last request: 0.000022 seconds.
  path: Assets/TextMesh Pro/Resources/Fonts & Materials/LiberationSans SDF - Outline.mat
  artifactKey: Guid(79459efec17a4d00a321bdcc27bbc385) Importer(815301076,1909f56bfc062723c751e8b465ee728b)
Start importing Assets/TextMesh Pro/Resources/Fonts & Materials/LiberationSans SDF - Outline.mat using Guid(79459efec17a4d00a321bdcc27bbc385) Importer(815301076,1909f56bfc062723c751e8b465ee728b)  -> (artifact id: '2037d79eeb223456597955ec992ab666') in 0.163840 seconds
Number of updated asset objects reloaded before import = 0
Number of asset objects unloaded after import = 2
========================================================================
Received Import Request.
  Time since last request: 0.000034 seconds.
  path: Assets/LowPolyNature/Meshes/Materials/matLowPoly.mat
  artifactKey: Guid(e2996dca86373784598ea34ff1874a94) Importer(815301076,1909f56bfc062723c751e8b465ee728b)
Start importing Assets/LowPolyNature/Meshes/Materials/matLowPoly.mat using Guid(e2996dca86373784598ea34ff1874a94) Importer(815301076,1909f56bfc062723c751e8b465ee728b)  -> (artifact id: 'f14842123744ceef6a909b83535b5d10') in 0.050695 seconds
Number of updated asset objects reloaded before import = 0
Number of asset objects unloaded after import = 2
========================================================================
Received Import Request.
  Time since last request: 0.000017 seconds.
  path: Assets/Uwoopsies/AnimationLanternLoop.fbx
  artifactKey: Guid(cc3e988da62136842b68919f5d4da9da) Importer(815301076,1909f56bfc062723c751e8b465ee728b)
Start importing Assets/Uwoopsies/AnimationLanternLoop.fbx using Guid(cc3e988da62136842b68919f5d4da9da) Importer(815301076,1909f56bfc062723c751e8b465ee728b)  -> (artifact id: '88f76dcb8e14fbd00a3b1b7a7ddf97fd') in 0.146653 seconds
Number of updated asset objects reloaded before import = 0
Number of asset objects unloaded after import = 186
========================================================================
Received Import Request.
  Time since last request: 0.000022 seconds.
  path: Assets/Uwoopsies/Metal.mat
  artifactKey: Guid(145c64634959fc0448c4ca2ae291691d) Importer(815301076,1909f56bfc062723c751e8b465ee728b)
Start importing Assets/Uwoopsies/Metal.mat using Guid(145c64634959fc0448c4ca2ae291691d) Importer(815301076,1909f56bfc062723c751e8b465ee728b)  -> (artifact id: '2d2bdf062f4d399ec1ccce00b06f0165') in 0.019208 seconds
Number of updated asset objects reloaded before import = 0
Number of asset objects unloaded after import = 1
========================================================================
Received Import Request.
  Time since last request: 0.000037 seconds.
  path: Assets/CB/Assets/Materials/M_OiliveGarden.mat
  artifactKey: Guid(866851f565e210e438cbe98894d93630) Importer(815301076,1909f56bfc062723c751e8b465ee728b)
Start importing Assets/CB/Assets/Materials/M_OiliveGarden.mat using Guid(866851f565e210e438cbe98894d93630) Importer(815301076,1909f56bfc062723c751e8b465ee728b)  -> (artifact id: '3e9e7b9262945921d0bca272c44640f7') in 0.240307 seconds
Number of updated asset objects reloaded before import = 0
Number of asset objects unloaded after import = 6
========================================================================
Received Import Request.
  Time since last request: 0.000030 seconds.
  path: Assets/LowPolyNature/Meshes/Materials/matLava.mat
  artifactKey: Guid(a004db806e302894f859f4c9d79af524) Importer(815301076,1909f56bfc062723c751e8b465ee728b)
Start importing Assets/LowPolyNature/Meshes/Materials/matLava.mat using Guid(a004db806e302894f859f4c9d79af524) Importer(815301076,1909f56bfc062723c751e8b465ee728b)  -> (artifact id: '5d94dc87a37a79fd7163f4a28aff9649') in 0.078283 seconds
Number of updated asset objects reloaded before import = 0
Number of asset objects unloaded after import = 2
========================================================================
Received Import Request.
  Time since last request: 0.000055 seconds.
  path: Assets/Uwoopsies/Materials/standardSurface1.mat
  artifactKey: Guid(a5786a3ad8350a64bb06e8ff8466e79b) Importer(815301076,1909f56bfc062723c751e8b465ee728b)
Start importing Assets/Uwoopsies/Materials/standardSurface1.mat using Guid(a5786a3ad8350a64bb06e8ff8466e79b) Importer(815301076,1909f56bfc062723c751e8b465ee728b)  -> (artifact id: '0549d46f55d567d432d2bc1626da0710') in 0.032841 seconds
Number of updated asset objects reloaded before import = 0
Number of asset objects unloaded after import = 1
========================================================================
Received Import Request.
  Time since last request: 0.000018 seconds.
  path: Assets/Uwoopsies/Glass.mat
  artifactKey: Guid(680ed0601b330974fa4c212866beff13) Importer(815301076,1909f56bfc062723c751e8b465ee728b)
Start importing Assets/Uwoopsies/Glass.mat using Guid(680ed0601b330974fa4c212866beff13) Importer(815301076,1909f56bfc062723c751e8b465ee728b)  -> (artifact id: '1e6e9558e40d3a753dbe97c99231ea94') in 0.022964 seconds
Number of updated asset objects reloaded before import = 0
Number of asset objects unloaded after import = 2
========================================================================
Received Import Request.
  Time since last request: 0.000026 seconds.
  path: Assets/CB/Assets/Lantern/M_Lantern.mat
  artifactKey: Guid(6bea20d347dd7524095edd90b8e8136e) Importer(815301076,1909f56bfc062723c751e8b465ee728b)
Start importing Assets/CB/Assets/Lantern/M_Lantern.mat using Guid(6bea20d347dd7524095edd90b8e8136e) Importer(815301076,1909f56bfc062723c751e8b465ee728b)  -> (artifact id: 'e881d28cd500d4123be92ce9bb3300fa') in 0.098683 seconds
Number of updated asset objects reloaded before import = 0
Number of asset objects unloaded after import = 5
========================================================================
Received Import Request.
  Time since last request: 0.000030 seconds.
  path: Assets/CB/Materials/Stone-Wall.mat
  artifactKey: Guid(1e22a9d59fbad8a4aadd821421024d28) Importer(815301076,1909f56bfc062723c751e8b465ee728b)
Start importing Assets/CB/Materials/Stone-Wall.mat using Guid(1e22a9d59fbad8a4aadd821421024d28) Importer(815301076,1909f56bfc062723c751e8b465ee728b)  -> (artifact id: 'dc88664471d5e1b0927edbe59c02342b') in 1.634869 seconds
Number of updated asset objects reloaded before import = 0
Number of asset objects unloaded after import = 5
========================================================================
Received Import Request.
  Time since last request: 0.000028 seconds.
  path: Assets/CB/Assets/Materials/M_Labels Ink Pos3.mat
  artifactKey: Guid(a0db0040bf1c77746904e613a648bff9) Importer(815301076,1909f56bfc062723c751e8b465ee728b)
Start importing Assets/CB/Assets/Materials/M_Labels Ink Pos3.mat using Guid(a0db0040bf1c77746904e613a648bff9) Importer(815301076,1909f56bfc062723c751e8b465ee728b)  -> (artifact id: 'eaaafc3716a416a74666be7aa9cf5c15') in 0.027500 seconds
Number of updated asset objects reloaded before import = 0
Number of asset objects unloaded after import = 3
========================================================================
Received Import Request.
  Time since last request: 0.000032 seconds.
  path: Assets/CB/Assets/Materials/M_Oilohomora.mat
  artifactKey: Guid(b62f6fbfe113fdf4ba12e1a03b75342e) Importer(815301076,1909f56bfc062723c751e8b465ee728b)
Start importing Assets/CB/Assets/Materials/M_Oilohomora.mat using Guid(b62f6fbfe113fdf4ba12e1a03b75342e) Importer(815301076,1909f56bfc062723c751e8b465ee728b)  -> (artifact id: 'b526b81a24b94760d2175432ba93ea3f') in 0.029501 seconds
Number of updated asset objects reloaded before import = 0
Number of asset objects unloaded after import = 6
========================================================================
Received Import Request.
  Time since last request: 0.000023 seconds.
  path: Assets/CB/Assets/Materials/SG_Labels.shadergraph
  artifactKey: Guid(150b14ba0de300d49ae4974eec2391aa) Importer(815301076,1909f56bfc062723c751e8b465ee728b)
Start importing Assets/CB/Assets/Materials/SG_Labels.shadergraph using Guid(150b14ba0de300d49ae4974eec2391aa) Importer(815301076,1909f56bfc062723c751e8b465ee728b)  -> (artifact id: '3779888be7a7302ca4be051cc46b8124') in 0.028235 seconds
Number of updated asset objects reloaded before import = 0
Number of asset objects unloaded after import = 3
========================================================================
Received Import Request.
  Time since last request: 0.000022 seconds.
  path: Assets/CB/Assets/Materials/SG_MainShader.shadergraph
  artifactKey: Guid(c9072c40c71a70a488809bee6f3459ad) Importer(815301076,1909f56bfc062723c751e8b465ee728b)
Start importing Assets/CB/Assets/Materials/SG_MainShader.shadergraph using Guid(c9072c40c71a70a488809bee6f3459ad) Importer(815301076,1909f56bfc062723c751e8b465ee728b)  -> (artifact id: '26d90d13ee17862de56dcfcc354cf3ae') in 0.031410 seconds
Number of updated asset objects reloaded before import = 0
Number of asset objects unloaded after import = 6
========================================================================
Received Import Request.
  Time since last request: 0.000032 seconds.
  path: Assets/TextMesh Pro/Resources/Fonts & Materials/LiberationSans SDF.asset
  artifactKey: Guid(8f586378b4e144a9851e7b34d9b748ee) Importer(815301076,1909f56bfc062723c751e8b465ee728b)
Start importing Assets/TextMesh Pro/Resources/Fonts & Materials/LiberationSans SDF.asset using Guid(8f586378b4e144a9851e7b34d9b748ee) Importer(815301076,1909f56bfc062723c751e8b465ee728b)  -> (artifact id: '8b9db83bf93d992675f7eae7989ac01e') in 0.073196 seconds
Number of updated asset objects reloaded before import = 0
Number of asset objects unloaded after import = 9
========================================================================
Received Import Request.
  Time since last request: 0.000032 seconds.
  path: Assets/CB/Materials/Wood.mat
  artifactKey: Guid(c25c1982aeb72fb47b1b8937ec1e1603) Importer(815301076,1909f56bfc062723c751e8b465ee728b)
Start importing Assets/CB/Materials/Wood.mat using Guid(c25c1982aeb72fb47b1b8937ec1e1603) Importer(815301076,1909f56bfc062723c751e8b465ee728b)  -> (artifact id: 'de3b95f79fd272bfea38a60155a496e6') in 0.029579 seconds
Number of updated asset objects reloaded before import = 0
Number of asset objects unloaded after import = 5
========================================================================
Received Import Request.
  Time since last request: 0.000029 seconds.
  path: Assets/Dominik/Environment_Shader.shadergraph
  artifactKey: Guid(2c2054f72b44ca44195b86c0c54309ac) Importer(815301076,1909f56bfc062723c751e8b465ee728b)
Start importing Assets/Dominik/Environment_Shader.shadergraph using Guid(2c2054f72b44ca44195b86c0c54309ac) Importer(815301076,1909f56bfc062723c751e8b465ee728b)  -> (artifact id: '02d51ad5d0ca871f416959bf1b84a702') in 0.040152 seconds
Number of updated asset objects reloaded before import = 0
Number of asset objects unloaded after import = 2
========================================================================
Received Import Request.
  Time since last request: 0.000037 seconds.
  path: Assets/CB/Assets/Materials/M_Glass.mat
  artifactKey: Guid(34b36132dcb592c4dba7f2e71da771be) Importer(815301076,1909f56bfc062723c751e8b465ee728b)
Start importing Assets/CB/Assets/Materials/M_Glass.mat using Guid(34b36132dcb592c4dba7f2e71da771be) Importer(815301076,1909f56bfc062723c751e8b465ee728b)  -> (artifact id: 'b49d3be42a9894be231037798845fa9f') in 0.568153 seconds
Number of updated asset objects reloaded before import = 0
Number of asset objects unloaded after import = 1
========================================================================
Received Import Request.
  Time since last request: 0.000025 seconds.
  path: Assets/CB/Assets/Materials/M_Labels Ink Pos2.mat
  artifactKey: Guid(5ff063451694c4b4981ee87b43a9a049) Importer(815301076,1909f56bfc062723c751e8b465ee728b)
Start importing Assets/CB/Assets/Materials/M_Labels Ink Pos2.mat using Guid(5ff063451694c4b4981ee87b43a9a049) Importer(815301076,1909f56bfc062723c751e8b465ee728b)  -> (artifact id: '8b483d7c8e9ce4f06d5ffcf023cec725') in 0.028467 seconds
Number of updated asset objects reloaded before import = 0
Number of asset objects unloaded after import = 3
========================================================================
Received Import Request.
  Time since last request: 0.000031 seconds.
  path: Assets/CB/Assets/Props/Batch1/Meshes/Phone.fbx
  artifactKey: Guid(b97136df775273644aba0b91b607ac0b) Importer(815301076,1909f56bfc062723c751e8b465ee728b)
Start importing Assets/CB/Assets/Props/Batch1/Meshes/Phone.fbx using Guid(b97136df775273644aba0b91b607ac0b) Importer(815301076,1909f56bfc062723c751e8b465ee728b)  -> (artifact id: 'e525751ace69e5dadfaa96260b23b708') in 0.082673 seconds
Number of updated asset objects reloaded before import = 0
Number of asset objects unloaded after import = 31
========================================================================
Received Import Request.
  Time since last request: 0.000030 seconds.
  path: Assets/Uwoopsies/Glasses.fbx
  artifactKey: Guid(fabe27229263b6740b5bc46e293f2834) Importer(815301076,1909f56bfc062723c751e8b465ee728b)
Start importing Assets/Uwoopsies/Glasses.fbx using Guid(fabe27229263b6740b5bc46e293f2834) Importer(815301076,1909f56bfc062723c751e8b465ee728b)  -> (artifact id: '73ee2bf5784be7efec7733cb8269be97') in 0.048341 seconds
Number of updated asset objects reloaded before import = 0
Number of asset objects unloaded after import = 10
========================================================================
Received Import Request.
  Time since last request: 774.356631 seconds.
  path: Assets/CB/Environment Materials/WizardLLC_BasementFloor_normal.png
  artifactKey: Guid(cf2c5e46960d3c542a6ef32787cdcce8) Importer(815301076,1909f56bfc062723c751e8b465ee728b)
Start importing Assets/CB/Environment Materials/WizardLLC_BasementFloor_normal.png using Guid(cf2c5e46960d3c542a6ef32787cdcce8) Importer(815301076,1909f56bfc062723c751e8b465ee728b)  -> (artifact id: '093866174a9aa6bb1ab4ef1ae9a826e7') in 0.039530 seconds
Number of updated asset objects reloaded before import = 0
Number of asset objects unloaded after import = 2
========================================================================
Received Import Request.
  Time since last request: 1.036228 seconds.
  path: Assets/CB/Environment Materials/WizardLLC_StoneWall1_normal.png
  artifactKey: Guid(4d04dae031c1285469cacb5cbc2196d7) Importer(815301076,1909f56bfc062723c751e8b465ee728b)
Start importing Assets/CB/Environment Materials/WizardLLC_StoneWall1_normal.png using Guid(4d04dae031c1285469cacb5cbc2196d7) Importer(815301076,1909f56bfc062723c751e8b465ee728b)  -> (artifact id: '9a46d4b7062f66f748a117ced4ee4f04') in 0.045026 seconds
Number of updated asset objects reloaded before import = 0
Number of asset objects unloaded after import = 2
========================================================================
Received Import Request.
  Time since last request: 0.000021 seconds.
  path: Assets/CB/Environment Materials/WizardLLC_WoodFloor_basecolor.png
  artifactKey: Guid(f8bbd2078c5055b45a9272315c8851f8) Importer(815301076,1909f56bfc062723c751e8b465ee728b)
Start importing Assets/CB/Environment Materials/WizardLLC_WoodFloor_basecolor.png using Guid(f8bbd2078c5055b45a9272315c8851f8) Importer(815301076,1909f56bfc062723c751e8b465ee728b)  -> (artifact id: '58f97c1d560a5717d008943f1069174a') in 0.039521 seconds
Number of updated asset objects reloaded before import = 0
Number of asset objects unloaded after import = 2
========================================================================
Received Import Request.
  Time since last request: 0.000025 seconds.
  path: Assets/CB/Environment Materials/WizardLLC_WoodFloor_ORM.png
  artifactKey: Guid(78d301d7126ef3d47b4229e74dcf7e4e) Importer(815301076,1909f56bfc062723c751e8b465ee728b)
Start importing Assets/CB/Environment Materials/WizardLLC_WoodFloor_ORM.png using Guid(78d301d7126ef3d47b4229e74dcf7e4e) Importer(815301076,1909f56bfc062723c751e8b465ee728b)  -> (artifact id: 'a138574d0b051abee36170ed0233dda8') in 0.037163 seconds
Number of updated asset objects reloaded before import = 0
Number of asset objects unloaded after import = 2
========================================================================
Received Import Request.
  Time since last request: 11.104433 seconds.
  path: Assets/Phorzaeken/Glasses.prefab
  artifactKey: Guid(ba5a7cb487129ca4d82808102f90b031) Importer(815301076,1909f56bfc062723c751e8b465ee728b)
Start importing Assets/Phorzaeken/Glasses.prefab using Guid(ba5a7cb487129ca4d82808102f90b031) Importer(815301076,1909f56bfc062723c751e8b465ee728b)  -> (artifact id: 'e6098c91b564f8def0245f36ae8ff42a') in 0.038002 seconds
Number of updated asset objects reloaded before import = 0
Number of asset objects unloaded after import = 38
========================================================================
Received Import Request.
  Time since last request: 11.545499 seconds.
  path: Assets/Uwoopsies/MRS_Rig.prefab
  artifactKey: Guid(e949ae0b347558c4db12549390a35dea) Importer(815301076,1909f56bfc062723c751e8b465ee728b)
Start importing Assets/Uwoopsies/MRS_Rig.prefab using Guid(e949ae0b347558c4db12549390a35dea) Importer(815301076,1909f56bfc062723c751e8b465ee728b)  -> (artifact id: '65bc7c197b5ae881c4fb619138a67bbc') in 0.052450 seconds
Number of updated asset objects reloaded before import = 0
Number of asset objects unloaded after import = 195
========================================================================
Received Import Request.
  Time since last request: 0.000017 seconds.
  path: Assets/Uwoopsies/TheWizard_BaseMap.png
  artifactKey: Guid(bce2710fa09395d40bc2327b90c81915) Importer(815301076,1909f56bfc062723c751e8b465ee728b)
Start importing Assets/Uwoopsies/TheWizard_BaseMap.png using Guid(bce2710fa09395d40bc2327b90c81915) Importer(815301076,1909f56bfc062723c751e8b465ee728b)  -> (artifact id: '919efff0fef729a668a417b007f58ca4') in 0.037364 seconds
Number of updated asset objects reloaded before import = 0
Number of asset objects unloaded after import = 2
========================================================================
Received Import Request.
  Time since last request: 32.093693 seconds.
  path: Assets/CB/Assets/Props/Batch1/Textures/Props_low_Props_OcclusionRoughnessMetallic.png
  artifactKey: Guid(0cdcc2d23380dcc4bb7ce4f6d39299c6) Importer(815301076,1909f56bfc062723c751e8b465ee728b)
Start importing Assets/CB/Assets/Props/Batch1/Textures/Props_low_Props_OcclusionRoughnessMetallic.png using Guid(0cdcc2d23380dcc4bb7ce4f6d39299c6) Importer(815301076,1909f56bfc062723c751e8b465ee728b)  -> (artifact id: '9950a86b003c495a88b71db27c57e3af') in 0.037115 seconds
Number of updated asset objects reloaded before import = 0
Number of asset objects unloaded after import = 2
========================================================================
Received Import Request.
  Time since last request: 0.000021 seconds.
  path: Assets/CB/Assets/Props/Batch1/Textures/Props_low_Props_Masks.png
  artifactKey: Guid(025fae1337391c446b9aff2d546e2574) Importer(815301076,1909f56bfc062723c751e8b465ee728b)
Start importing Assets/CB/Assets/Props/Batch1/Textures/Props_low_Props_Masks.png using Guid(025fae1337391c446b9aff2d546e2574) Importer(815301076,1909f56bfc062723c751e8b465ee728b)  -> (artifact id: '5038bb0c5633ce937dacaecbc7ad4fb5') in 0.034299 seconds
Number of updated asset objects reloaded before import = 0
Number of asset objects unloaded after import = 2
Editor requested this worker to shutdown with reason: Scaling down because of idle timeout
TcpMessagingSession - receive error: operation aborted. errorcode: 995, details: Der E/A-Vorgang wurde wegen eines Threadendes oder einer Anwendungsanforderung abgebrochen.
AssetImportWorker is now disconnected from the server
Process exiting
Exiting without the bug reporter. Application will terminate with return code 0