Using pre-set license
Built from '2022.3/staging' branch; Version is '2022.3.10f1 (ff3792e53c62) revision 16725906'; Using compiler version '192829333'; Build Type 'Release'
OS: 'Windows 10  (10.0.19045) 64bit Core' Language: 'en' Physical Memory: 16246 MB
BatchMode: 1, IsHumanControllingUs: 0, StartBugReporterOnCrash: 0, Is64bit: 1, IsPro: 1

COMMAND LINE ARGUMENTS:
C:\Program Files\Unity\Hub\Editor\2022.3.10f1\Editor\Unity.exe
-adb2
-batchMode
-noUpm
-name
AssetImportWorker32
-projectPath
C:/Users/Diogo Castelo Branco/Desktop/PirateGameJam/Github/Wizard-LLC
-logFile
Logs/AssetImportWorker32.log
-srvPort
51912
Successfully changed project path to: C:/Users/Diogo Castelo Branco/Desktop/PirateGameJam/Github/Wizard-LLC
C:/Users/Diogo Castelo Branco/Desktop/PirateGameJam/Github/Wizard-LLC
[UnityMemory] Configuration Parameters - Can be set up in boot.config
    "memorysetup-bucket-allocator-granularity=16"
    "memorysetup-bucket-allocator-bucket-count=8"
    "memorysetup-bucket-allocator-block-size=33554432"
    "memorysetup-bucket-allocator-block-count=8"
    "memorysetup-main-allocator-block-size=16777216"
    "memorysetup-thread-allocator-block-size=16777216"
    "memorysetup-gfx-main-allocator-block-size=16777216"
    "memorysetup-gfx-thread-allocator-block-size=16777216"
    "memorysetup-cache-allocator-block-size=4194304"
    "memorysetup-typetree-allocator-block-size=2097152"
    "memorysetup-profiler-bucket-allocator-granularity=16"
    "memorysetup-profiler-bucket-allocator-bucket-count=8"
    "memorysetup-profiler-bucket-allocator-block-size=33554432"
    "memorysetup-profiler-bucket-allocator-block-count=8"
    "memorysetup-profiler-allocator-block-size=16777216"
    "memorysetup-profiler-editor-allocator-block-size=1048576"
    "memorysetup-temp-allocator-size-main=16777216"
    "memorysetup-job-temp-allocator-block-size=2097152"
    "memorysetup-job-temp-allocator-block-size-background=1048576"
    "memorysetup-job-temp-allocator-reduction-small-platforms=262144"
    "memorysetup-allocator-temp-initial-block-size-main=262144"
    "memorysetup-allocator-temp-initial-block-size-worker=262144"
    "memorysetup-temp-allocator-size-background-worker=32768"
    "memorysetup-temp-allocator-size-job-worker=262144"
    "memorysetup-temp-allocator-size-preload-manager=33554432"
    "memorysetup-temp-allocator-size-nav-mesh-worker=65536"
    "memorysetup-temp-allocator-size-audio-worker=65536"
    "memorysetup-temp-allocator-size-cloud-worker=32768"
    "memorysetup-temp-allocator-size-gi-baking-worker=262144"
    "memorysetup-temp-allocator-size-gfx=262144"
Player connection [75276] Host "[IP] 192.168.1.70 [Port] 0 [Flags] 2 [Guid] 1931167894 [EditorId] 1931167894 [Version] 1048832 [Id] WindowsEditor(7,DESKTOP-R82JVO4) [Debug] 1 [PackageName] WindowsEditor [ProjectName] Editor" joined multi-casting on [225.0.0.222:54997]...

Player connection [75276] Host "[IP] 192.168.1.70 [Port] 0 [Flags] 2 [Guid] 1931167894 [EditorId] 1931167894 [Version] 1048832 [Id] WindowsEditor(7,DESKTOP-R82JVO4) [Debug] 1 [PackageName] WindowsEditor [ProjectName] Editor" joined alternative multi-casting on [225.0.0.222:34997]...

[Physics::Module] Initialized MultithreadedJobDispatcher with 7 workers.
Refreshing native plugins compatible for Editor in 24.42 ms, found 3 plugins.
Preloading 0 native plugins for Editor in 0.00 ms.
Initialize engine version: 2022.3.10f1 (ff3792e53c62)
[Subsystems] Discovering subsystems at path C:/Program Files/Unity/Hub/Editor/2022.3.10f1/Editor/Data/Resources/UnitySubsystems
[Subsystems] Discovering subsystems at path C:/Users/Diogo Castelo Branco/Desktop/PirateGameJam/Github/Wizard-LLC/Assets
GfxDevice: creating device client; threaded=0; jobified=0
Direct3D:
    Version:  Direct3D 11.0 [level 11.1]
    Renderer: NVIDIA GeForce RTX 2070 SUPER (ID=0x1e84)
    Vendor:   NVIDIA
    VRAM:     7989 MB
    Driver:   31.0.15.5222
Initialize mono
Mono path[0] = 'C:/Program Files/Unity/Hub/Editor/2022.3.10f1/Editor/Data/Managed'
Mono path[1] = 'C:/Program Files/Unity/Hub/Editor/2022.3.10f1/Editor/Data/MonoBleedingEdge/lib/mono/unityjit-win32'
Mono config path = 'C:/Program Files/Unity/Hub/Editor/2022.3.10f1/Editor/Data/MonoBleedingEdge/etc'
Using monoOptions --debugger-agent=transport=dt_socket,embedding=1,server=y,suspend=n,address=127.0.0.1:56864
Begin MonoManager ReloadAssembly
Registering precompiled unity dll's ...
Register platform support module: C:/Program Files/Unity/Hub/Editor/2022.3.10f1/Editor/Data/PlaybackEngines/WebGLSupport/UnityEditor.WebGL.Extensions.dll
Register platform support module: C:/Program Files/Unity/Hub/Editor/2022.3.10f1/Editor/Data/PlaybackEngines/WindowsStandaloneSupport/UnityEditor.WindowsStandalone.Extensions.dll
Registered in 0.013097 seconds.
- Loaded All Assemblies, in  0.379 seconds
Native extension for WindowsStandalone target not found
Native extension for WebGL target not found
Mono: successfully reloaded assembly
- Finished resetting the current domain, in  0.232 seconds
Domain Reload Profiling: 608ms
	BeginReloadAssembly (125ms)
		ExecutionOrderSort (0ms)
		DisableScriptedObjects (0ms)
		BackupInstance (0ms)
		ReleaseScriptingObjects (0ms)
		CreateAndSetChildDomain (1ms)
	RebuildCommonClasses (33ms)
	RebuildNativeTypeToScriptingClass (11ms)
	initialDomainReloadingComplete (64ms)
	LoadAllAssembliesAndSetupDomain (142ms)
		LoadAssemblies (123ms)
		RebuildTransferFunctionScriptingTraits (0ms)
		AnalyzeDomain (140ms)
			TypeCache.Refresh (139ms)
				TypeCache.ScanAssembly (127ms)
			ScanForSourceGeneratedMonoScriptInfo (0ms)
			ResolveRequiredComponents (0ms)
	FinalizeReload (232ms)
		ReleaseScriptCaches (0ms)
		RebuildScriptCaches (0ms)
		SetupLoadedEditorAssemblies (179ms)
			LogAssemblyErrors (0ms)
			InitializePlatformSupportModulesInManaged (11ms)
			SetLoadedEditorAssemblies (5ms)
			RefreshPlugins (0ms)
			BeforeProcessingInitializeOnLoad (2ms)
			ProcessInitializeOnLoadAttributes (119ms)
			ProcessInitializeOnLoadMethodAttributes (42ms)
			AfterProcessingInitializeOnLoad (0ms)
			EditorAssembliesLoaded (0ms)
		ExecutionOrderSort2 (0ms)
		AwakeInstancesAfterBackupRestoration (0ms)
========================================================================
Worker process is ready to serve import requests
Begin MonoManager ReloadAssembly
Symbol file LoadedFromMemory is not a mono symbol file
- Loaded All Assemblies, in  0.749 seconds
Refreshing native plugins compatible for Editor in 11.07 ms, found 3 plugins.
Native extension for WindowsStandalone target not found
Native extension for WebGL target not found
System.Exception: Error! Visual Scripting: couldn't find visual scripting package
  at Unity.VisualScripting.PackageVersionUtility.get_version () [0x00043] in .\Library\PackageCache\com.unity.visualscripting@1.9.0\Editor\VisualScripting.Core\Utilities\PackageVersionUtility.cs:31 
  at Unity.VisualScripting.BoltCoreManifest.get_version () [0x00000] in .\Library\PackageCache\com.unity.visualscripting@1.9.0\Editor\VisualScripting.Core\Plugin\BoltCoreManifest.cs:11 
  at Unity.VisualScripting.PluginManifest.get_currentVersion () [0x00000] in .\Library\PackageCache\com.unity.visualscripting@1.9.0\Editor\VisualScripting.Core\Plugins\PluginManifest.cs:33 
  at Unity.VisualScripting.PluginManifest.get_versionMismatch () [0x00000] in .\Library\PackageCache\com.unity.visualscripting@1.9.0\Editor\VisualScripting.Core\Plugins\PluginManifest.cs:48 
  at Unity.VisualScripting.PluginContainer.Initialize () [0x00525] in .\Library\PackageCache\com.unity.visualscripting@1.9.0\Editor\VisualScripting.Core\Plugins\PluginContainer.cs:208 
  at Unity.VisualScripting.PluginContainer.InitializeOnLoad () [0x00009] in .\Library\PackageCache\com.unity.visualscripting@1.9.0\Editor\VisualScripting.Core\Plugins\PluginContainer.cs:32 
  at Unity.VisualScripting.VSUsageUtility.DoInitializeOnLoadCalls () [0x00034] in .\Library\PackageCache\com.unity.visualscripting@1.9.0\Editor\VisualScripting.Core\Utilities\VSUsageUtility.cs:76 
  at Unity.VisualScripting.VSUsageUtility.set_isVisualScriptingUsed (System.Boolean value) [0x0002c] in .\Library\PackageCache\com.unity.visualscripting@1.9.0\Editor\VisualScripting.Core\Utilities\VSUsageUtility.cs:114 
  at Unity.VisualScripting.VSUsageUtility.CheckAndSetIsVisualScriptingUsed () [0x00032] in .\Library\PackageCache\com.unity.visualscripting@1.9.0\Editor\VisualScripting.Core\Utilities\VSUsageUtility.cs:48 
  at Unity.VisualScripting.VSUsageUtility..cctor () [0x00000] in .\Library\PackageCache\com.unity.visualscripting@1.9.0\Editor\VisualScripting.Core\Utilities\VSUsageUtility.cs:22 
UnityEngine.StackTraceUtility:ExtractStackTrace ()
UnityEngine.DebugLogHandler:LogFormat (UnityEngine.LogType,UnityEngine.Object,string,object[])
UnityEngine.Logger:Log (UnityEngine.LogType,object)
UnityEngine.Debug:LogError (object)
UnityEditor.EditorAssemblies:ProcessInitializeOnLoadAttributes (System.Type[])

Package Manager log level set to [2]
[Package Manager] Server::EnsureServerProcessIsRunning -- launch failed, reason: Unity was launched with the -noUpm command-line argument
[Package Manager] UpmClient::Send -- Unable to send message (not connected to UPM process).
[Package Manager] Cannot connect to Unity Package Manager local server
Mono: successfully reloaded assembly
- Finished resetting the current domain, in  1.217 seconds
Domain Reload Profiling: 1957ms
	BeginReloadAssembly (143ms)
		ExecutionOrderSort (0ms)
		DisableScriptedObjects (5ms)
		BackupInstance (0ms)
		ReleaseScriptingObjects (0ms)
		CreateAndSetChildDomain (19ms)
	RebuildCommonClasses (30ms)
	RebuildNativeTypeToScriptingClass (10ms)
	initialDomainReloadingComplete (44ms)
	LoadAllAssembliesAndSetupDomain (514ms)
		LoadAssemblies (380ms)
		RebuildTransferFunctionScriptingTraits (0ms)
		AnalyzeDomain (214ms)
			TypeCache.Refresh (183ms)
				TypeCache.ScanAssembly (166ms)
			ScanForSourceGeneratedMonoScriptInfo (24ms)
			ResolveRequiredComponents (5ms)
	FinalizeReload (1217ms)
		ReleaseScriptCaches (0ms)
		RebuildScriptCaches (0ms)
		SetupLoadedEditorAssemblies (1076ms)
			LogAssemblyErrors (0ms)
			InitializePlatformSupportModulesInManaged (8ms)
			SetLoadedEditorAssemblies (3ms)
			RefreshPlugins (0ms)
			BeforeProcessingInitializeOnLoad (103ms)
			ProcessInitializeOnLoadAttributes (830ms)
			ProcessInitializeOnLoadMethodAttributes (122ms)
			AfterProcessingInitializeOnLoad (9ms)
			EditorAssembliesLoaded (0ms)
		ExecutionOrderSort2 (0ms)
		AwakeInstancesAfterBackupRestoration (5ms)
Launched and connected shader compiler UnityShaderCompiler.exe after 0.04 seconds
Refreshing native plugins compatible for Editor in 10.29 ms, found 3 plugins.
Preloading 0 native plugins for Editor in 0.00 ms.
Unloading 5306 Unused Serialized files (Serialized files now loaded: 0)
Unloading 86 unused Assets / (1.6 MB). Loaded Objects now: 5730.
Memory consumption went from 183.2 MB to 181.7 MB.
Total: 12.435200 ms (FindLiveObjects: 0.332200 ms CreateObjectMapping: 0.306100 ms MarkObjects: 11.419600 ms  DeleteObjects: 0.376500 ms)

AssetImportParameters requested are different than current active one (requested -> active):
  custom:container-demuxer-ogg: 62fdf1f143b41e24485cea50d1cbac27 -> 
  custom:video-decoder-ogg-theora: a1e56fd34408186e4bbccfd4996cb3dc -> 
  custom:framework-win-MediaFoundation: 216162199b28c13a410421893ffa2e32 -> 
  custom:CustomObjectIndexerAttribute: 756ad292c208cfabdd7b50bc23989ffe -> 
  custom:container-demuxer-webm: 4f35f7cbe854078d1ac9338744f61a02 -> 
  custom:container-muxer-webm: aa71ff27fc2769a1b78a27578f13a17b -> 
  custom:video-decoder-webm-vp8: 9c59270c3fd7afecdb556c50c9e8de78 -> 
  custom:SearchIndexIgnoredProperties: e643bd26f0fe6173181afceb89e7c659 -> 
  custom:AudioImporter_EditorPlatform: d09bf68614088b80899f8185d706f6e7 -> 
  custom:video-encoder-webm-vp8: eb34c28f22e8b96e1ab97ce403110664 -> 
  custom:audio-decoder-ogg-vorbis: bf7c407c2cedff20999df2af8eb42d56 -> 
  custom:audio-encoder-webm-vorbis: bf7c407c2cedff20999df2af8eb42d56 -> 
========================================================================
Received Import Request.
  Time since last request: 1395651.338134 seconds.
  path: Assets/LowPolyNature/Img/chicken_leg.psd
  artifactKey: Guid(c6dc88592953a2f4f9445a4fd0decc93) Importer(815301076,1909f56bfc062723c751e8b465ee728b)
Start importing Assets/LowPolyNature/Img/chicken_leg.psd using Guid(c6dc88592953a2f4f9445a4fd0decc93) Importer(815301076,1909f56bfc062723c751e8b465ee728b)  -> (artifact id: 'eab671a6c02e0c9adafc2185c181eb27') in 0.085506 seconds
Number of updated asset objects reloaded before import = 0
Number of asset objects unloaded after import = 3
========================================================================
Received Import Request.
  Time since last request: 0.003765 seconds.
  path: Assets/LowPolyNature/Img/key.psd
  artifactKey: Guid(f3c11ecf57e990043a9bcd79ee4528f2) Importer(815301076,1909f56bfc062723c751e8b465ee728b)
Start importing Assets/LowPolyNature/Img/key.psd using Guid(f3c11ecf57e990043a9bcd79ee4528f2) Importer(815301076,1909f56bfc062723c751e8b465ee728b)  -> (artifact id: '18a84245e2a33504417af9a95599eb81') in 0.023163 seconds
Number of updated asset objects reloaded before import = 0
Number of asset objects unloaded after import = 3
========================================================================
Received Import Request.
  Time since last request: 0.000021 seconds.
  path: Assets/LowPolyNature/Meshes/Materials/lowpoly_tex.png
  artifactKey: Guid(c2298602cf2b4c84480919e6685e31db) Importer(815301076,1909f56bfc062723c751e8b465ee728b)
Start importing Assets/LowPolyNature/Meshes/Materials/lowpoly_tex.png using Guid(c2298602cf2b4c84480919e6685e31db) Importer(815301076,1909f56bfc062723c751e8b465ee728b)  -> (artifact id: '9a1d161e7bced3b662d7aac30e7c9bd4') in 0.029055 seconds
Number of updated asset objects reloaded before import = 0
Number of asset objects unloaded after import = 2
========================================================================
Received Import Request.
  Time since last request: 0.000015 seconds.
  path: Assets/LowPolyNature/Img/White.psd
  artifactKey: Guid(05ac29d8d8743024e816505fb8aab75b) Importer(815301076,1909f56bfc062723c751e8b465ee728b)
Start importing Assets/LowPolyNature/Img/White.psd using Guid(05ac29d8d8743024e816505fb8aab75b) Importer(815301076,1909f56bfc062723c751e8b465ee728b)  -> (artifact id: 'ed7735b9381e3de14564e9b3a530d08c') in 0.023681 seconds
Number of updated asset objects reloaded before import = 0
Number of asset objects unloaded after import = 3
========================================================================
Received Import Request.
  Time since last request: 154.439372 seconds.
  path: Assets/CB/Assets/Props/Batch1/Meshes/CoffeeBeanBag.fbx
  artifactKey: Guid(48d48b3d095b4c74e8dc546faf9dc443) Importer(815301076,1909f56bfc062723c751e8b465ee728b)
Start importing Assets/CB/Assets/Props/Batch1/Meshes/CoffeeBeanBag.fbx using Guid(48d48b3d095b4c74e8dc546faf9dc443) Importer(815301076,1909f56bfc062723c751e8b465ee728b)  -> (artifact id: '7584ca32227d0305b395d9e35446beb0') in 1.076620 seconds
Number of updated asset objects reloaded before import = 0
Number of asset objects unloaded after import = 18
========================================================================
Received Import Request.
  Time since last request: 0.000020 seconds.
  path: Assets/CB/Assets/Props/Batch1/Meshes/Plunger.fbx
  artifactKey: Guid(99dec0b2929614b4b9f6cf7ede98e09c) Importer(815301076,1909f56bfc062723c751e8b465ee728b)
Start importing Assets/CB/Assets/Props/Batch1/Meshes/Plunger.fbx using Guid(99dec0b2929614b4b9f6cf7ede98e09c) Importer(815301076,1909f56bfc062723c751e8b465ee728b)  -> (artifact id: 'c4208e6c49b2417690c9606630ca82cf') in 0.043260 seconds
Number of updated asset objects reloaded before import = 0
Number of asset objects unloaded after import = 16
========================================================================
Received Import Request.
  Time since last request: 0.000803 seconds.
  path: Assets/CB/Assets/Props/Batch1/Meshes/FeatherPen.fbx
  artifactKey: Guid(5c5c735e35b1aaf41a429f7c87dea4be) Importer(815301076,1909f56bfc062723c751e8b465ee728b)
Start importing Assets/CB/Assets/Props/Batch1/Meshes/FeatherPen.fbx using Guid(5c5c735e35b1aaf41a429f7c87dea4be) Importer(815301076,1909f56bfc062723c751e8b465ee728b)  -> (artifact id: '659155891849648dde143926b111aa46') in 0.055862 seconds
Number of updated asset objects reloaded before import = 0
Number of asset objects unloaded after import = 26
========================================================================
Received Import Request.
  Time since last request: 0.000014 seconds.
  path: Assets/CB/Assets/Props/Batch1/Meshes/SmallCandle.fbx
  artifactKey: Guid(3527e43eb38f96c4fbb2aac57a0d948c) Importer(815301076,1909f56bfc062723c751e8b465ee728b)
Start importing Assets/CB/Assets/Props/Batch1/Meshes/SmallCandle.fbx using Guid(3527e43eb38f96c4fbb2aac57a0d948c) Importer(815301076,1909f56bfc062723c751e8b465ee728b)  -> (artifact id: 'bf6eda2284657ce0b700de308ea00eab') in 0.030956 seconds
Number of updated asset objects reloaded before import = 0
Number of asset objects unloaded after import = 16
========================================================================
Received Import Request.
  Time since last request: 0.000018 seconds.
  path: Assets/CB/Assets/Props/Batch1/Meshes/SmokeDetector.fbx
  artifactKey: Guid(b9cef9a1d376d514590e42ae8dfe8dfb) Importer(815301076,1909f56bfc062723c751e8b465ee728b)
Start importing Assets/CB/Assets/Props/Batch1/Meshes/SmokeDetector.fbx using Guid(b9cef9a1d376d514590e42ae8dfe8dfb) Importer(815301076,1909f56bfc062723c751e8b465ee728b)  -> (artifact id: '5fdbab5dfe9fa507be0f783ca373697d') in 0.027754 seconds
Number of updated asset objects reloaded before import = 0
Number of asset objects unloaded after import = 9
========================================================================
Received Import Request.
  Time since last request: 0.000380 seconds.
  path: Assets/CB/Assets/Props/Batch1/Meshes/TripleCandleHolder.fbx
  artifactKey: Guid(ecfa76df7041d2b4fb7c36966c802ebc) Importer(815301076,1909f56bfc062723c751e8b465ee728b)
Start importing Assets/CB/Assets/Props/Batch1/Meshes/TripleCandleHolder.fbx using Guid(ecfa76df7041d2b4fb7c36966c802ebc) Importer(815301076,1909f56bfc062723c751e8b465ee728b)  -> (artifact id: '31570fb3a3570eac9c30a963138a6f20') in 0.105241 seconds
Number of updated asset objects reloaded before import = 0
Number of asset objects unloaded after import = 34
========================================================================
Received Import Request.
  Time since last request: 0.000349 seconds.
  path: Assets/CB/Assets/Props/Batch1/Meshes/LongCandleHolder.fbx
  artifactKey: Guid(e6fa28ba441f1b745bee88bd3693439b) Importer(815301076,1909f56bfc062723c751e8b465ee728b)
Start importing Assets/CB/Assets/Props/Batch1/Meshes/LongCandleHolder.fbx using Guid(e6fa28ba441f1b745bee88bd3693439b) Importer(815301076,1909f56bfc062723c751e8b465ee728b)  -> (artifact id: 'ff5c04a3dbb606af9a7e5d5cd48e4a35') in 0.027581 seconds
Number of updated asset objects reloaded before import = 0
Number of asset objects unloaded after import = 9
========================================================================
Received Import Request.
  Time since last request: 49.063718 seconds.
  path: Assets/CB/Assets/Props/Batch1/Meshes/CoffeeCup.fbx
  artifactKey: Guid(655617c57792f4448a65d40efd65fe9e) Importer(815301076,1909f56bfc062723c751e8b465ee728b)
Start importing Assets/CB/Assets/Props/Batch1/Meshes/CoffeeCup.fbx using Guid(655617c57792f4448a65d40efd65fe9e) Importer(815301076,1909f56bfc062723c751e8b465ee728b)  -> (artifact id: '6935037e19d0e1fa84cedd5c1bef49f5') in 0.700624 seconds
Number of updated asset objects reloaded before import = 0
Number of asset objects unloaded after import = 9
========================================================================
Received Import Request.
  Time since last request: 0.000019 seconds.
  path: Assets/CB/Assets/Props/Batch1/Meshes/SSWNCard.fbx
  artifactKey: Guid(6e7775c716eb8274a921a67e7697ed9c) Importer(815301076,1909f56bfc062723c751e8b465ee728b)
Start importing Assets/CB/Assets/Props/Batch1/Meshes/SSWNCard.fbx using Guid(6e7775c716eb8274a921a67e7697ed9c) Importer(815301076,1909f56bfc062723c751e8b465ee728b)  -> (artifact id: '75cf1d639a7e37af158d235893d37ebd') in 0.020311 seconds
Number of updated asset objects reloaded before import = 0
Number of asset objects unloaded after import = 9
========================================================================
Received Import Request.
  Time since last request: 0.000030 seconds.
  path: Assets/CB/Assets/Props/Batch1/Meshes/Plunger.fbx
  artifactKey: Guid(99dec0b2929614b4b9f6cf7ede98e09c) Importer(815301076,1909f56bfc062723c751e8b465ee728b)
Start importing Assets/CB/Assets/Props/Batch1/Meshes/Plunger.fbx using Guid(99dec0b2929614b4b9f6cf7ede98e09c) Importer(815301076,1909f56bfc062723c751e8b465ee728b)  -> (artifact id: '3d3e0eb1302d705ee0d795003dd6f810') in 0.030293 seconds
Number of updated asset objects reloaded before import = 0
Number of asset objects unloaded after import = 16
========================================================================
Received Import Request.
  Time since last request: 0.000015 seconds.
  path: Assets/CB/Assets/Props/Batch1/Meshes/InkBottle.fbx
  artifactKey: Guid(7880f277d448d9743afabe7812c8d425) Importer(815301076,1909f56bfc062723c751e8b465ee728b)
Start importing Assets/CB/Assets/Props/Batch1/Meshes/InkBottle.fbx using Guid(7880f277d448d9743afabe7812c8d425) Importer(815301076,1909f56bfc062723c751e8b465ee728b)  -> (artifact id: 'efd81146a7b6b2365504306be8f80acc') in 0.045364 seconds
Number of updated asset objects reloaded before import = 0
Number of asset objects unloaded after import = 23
========================================================================
Received Import Request.
  Time since last request: 0.000016 seconds.
  path: Assets/CB/Assets/Props/Batch1/Meshes/SmokeDetector.fbx
  artifactKey: Guid(b9cef9a1d376d514590e42ae8dfe8dfb) Importer(815301076,1909f56bfc062723c751e8b465ee728b)
Start importing Assets/CB/Assets/Props/Batch1/Meshes/SmokeDetector.fbx using Guid(b9cef9a1d376d514590e42ae8dfe8dfb) Importer(815301076,1909f56bfc062723c751e8b465ee728b)  -> (artifact id: '2db586a3c117917fd9e8d7effaa42790') in 0.022480 seconds
Number of updated asset objects reloaded before import = 0
Number of asset objects unloaded after import = 9
========================================================================
Received Import Request.
  Time since last request: 0.000016 seconds.
  path: Assets/CB/Assets/Props/Batch1/Meshes/Phone.fbx
  artifactKey: Guid(b97136df775273644aba0b91b607ac0b) Importer(815301076,1909f56bfc062723c751e8b465ee728b)
Start importing Assets/CB/Assets/Props/Batch1/Meshes/Phone.fbx using Guid(b97136df775273644aba0b91b607ac0b) Importer(815301076,1909f56bfc062723c751e8b465ee728b)  -> (artifact id: 'dfa78bdf85ca77dbd01c3022dac2772d') in 0.076618 seconds
Number of updated asset objects reloaded before import = 0
Number of asset objects unloaded after import = 27
========================================================================
Received Import Request.
  Time since last request: 251.242522 seconds.
  path: Assets/CB/Assets/Props/Batch1/Meshes/BigCandle.fbx
  artifactKey: Guid(013a2bfb1fc69f5499751ba7164668e7) Importer(815301076,1909f56bfc062723c751e8b465ee728b)
Start importing Assets/CB/Assets/Props/Batch1/Meshes/BigCandle.fbx using Guid(013a2bfb1fc69f5499751ba7164668e7) Importer(815301076,1909f56bfc062723c751e8b465ee728b)  -> (artifact id: 'f1a273bf28ea57fcfe49f2d228b34ded') in 0.171743 seconds
Number of updated asset objects reloaded before import = 0
Number of asset objects unloaded after import = 16
========================================================================
Received Import Request.
  Time since last request: 0.000018 seconds.
  path: Assets/CB/Assets/Props/Batch1/Meshes/CoffeeCup.fbx
  artifactKey: Guid(655617c57792f4448a65d40efd65fe9e) Importer(815301076,1909f56bfc062723c751e8b465ee728b)
Start importing Assets/CB/Assets/Props/Batch1/Meshes/CoffeeCup.fbx using Guid(655617c57792f4448a65d40efd65fe9e) Importer(815301076,1909f56bfc062723c751e8b465ee728b)  -> (artifact id: '79c336a23f3e6e897c5e652e3db7e7c5') in 0.022603 seconds
Number of updated asset objects reloaded before import = 0
Number of asset objects unloaded after import = 9
========================================================================
Received Import Request.
  Time since last request: 0.000025 seconds.
  path: Assets/CB/Assets/Props/Batch1/Meshes/SSWNCard.fbx
  artifactKey: Guid(6e7775c716eb8274a921a67e7697ed9c) Importer(815301076,1909f56bfc062723c751e8b465ee728b)
Start importing Assets/CB/Assets/Props/Batch1/Meshes/SSWNCard.fbx using Guid(6e7775c716eb8274a921a67e7697ed9c) Importer(815301076,1909f56bfc062723c751e8b465ee728b)  -> (artifact id: '6b3fb0753ec7a7e82cee5d624809b9b5') in 0.016470 seconds
Number of updated asset objects reloaded before import = 0
Number of asset objects unloaded after import = 9
========================================================================
Received Import Request.
  Time since last request: 0.000012 seconds.
  path: Assets/CB/Assets/Props/Batch1/Meshes/CoffeeCupPlate.fbx
  artifactKey: Guid(04393e563cbaf1440bcb610b0b3bbd36) Importer(815301076,1909f56bfc062723c751e8b465ee728b)
Start importing Assets/CB/Assets/Props/Batch1/Meshes/CoffeeCupPlate.fbx using Guid(04393e563cbaf1440bcb610b0b3bbd36) Importer(815301076,1909f56bfc062723c751e8b465ee728b)  -> (artifact id: 'c1978eae8faeab2905039eb44c83ebe7') in 0.015096 seconds
Number of updated asset objects reloaded before import = 0
Number of asset objects unloaded after import = 9
========================================================================
Received Import Request.
  Time since last request: 0.000012 seconds.
  path: Assets/CB/Assets/Props/Batch1/Meshes/CoffeeMaker.fbx
  artifactKey: Guid(9b5a48e11a5e6174f99122b5fb22551b) Importer(815301076,1909f56bfc062723c751e8b465ee728b)
Start importing Assets/CB/Assets/Props/Batch1/Meshes/CoffeeMaker.fbx using Guid(9b5a48e11a5e6174f99122b5fb22551b) Importer(815301076,1909f56bfc062723c751e8b465ee728b)  -> (artifact id: '8ff35f712760e5333ca48690fc6f0310') in 0.092675 seconds
Number of updated asset objects reloaded before import = 0
Number of asset objects unloaded after import = 47
========================================================================
Received Import Request.
  Time since last request: 0.000018 seconds.
  path: Assets/CB/Assets/Props/Batch1/Meshes/Plunger.fbx
  artifactKey: Guid(99dec0b2929614b4b9f6cf7ede98e09c) Importer(815301076,1909f56bfc062723c751e8b465ee728b)
Start importing Assets/CB/Assets/Props/Batch1/Meshes/Plunger.fbx using Guid(99dec0b2929614b4b9f6cf7ede98e09c) Importer(815301076,1909f56bfc062723c751e8b465ee728b)  -> (artifact id: 'de7d8838a05fc93ea7ffa1746185f924') in 0.032242 seconds
Number of updated asset objects reloaded before import = 0
Number of asset objects unloaded after import = 16
========================================================================
Received Import Request.
  Time since last request: 0.000011 seconds.
  path: Assets/CB/Assets/Props/Batch1/Meshes/ReceiptsHolder.fbx
  artifactKey: Guid(d67695425fad7894bae18378a53fed0f) Importer(815301076,1909f56bfc062723c751e8b465ee728b)
Start importing Assets/CB/Assets/Props/Batch1/Meshes/ReceiptsHolder.fbx using Guid(d67695425fad7894bae18378a53fed0f) Importer(815301076,1909f56bfc062723c751e8b465ee728b)  -> (artifact id: '5fb36dd79acbde5167188a730d75999f') in 0.039142 seconds
Number of updated asset objects reloaded before import = 0
Number of asset objects unloaded after import = 16
========================================================================
Received Import Request.
  Time since last request: 0.000019 seconds.
  path: Assets/CB/Assets/Props/Batch1/Meshes/FeatherPen.fbx
  artifactKey: Guid(5c5c735e35b1aaf41a429f7c87dea4be) Importer(815301076,1909f56bfc062723c751e8b465ee728b)
Start importing Assets/CB/Assets/Props/Batch1/Meshes/FeatherPen.fbx using Guid(5c5c735e35b1aaf41a429f7c87dea4be) Importer(815301076,1909f56bfc062723c751e8b465ee728b)  -> (artifact id: '2b7ff6a419639476d6b09a97ba346a49') in 0.075171 seconds
Number of updated asset objects reloaded before import = 0
Number of asset objects unloaded after import = 26
========================================================================
Received Import Request.
  Time since last request: 0.000043 seconds.
  path: Assets/CB/Assets/Props/Batch1/Meshes/InkBottle.fbx
  artifactKey: Guid(7880f277d448d9743afabe7812c8d425) Importer(815301076,1909f56bfc062723c751e8b465ee728b)
Start importing Assets/CB/Assets/Props/Batch1/Meshes/InkBottle.fbx using Guid(7880f277d448d9743afabe7812c8d425) Importer(815301076,1909f56bfc062723c751e8b465ee728b)  -> (artifact id: 'dd644dda344541ebe42dbe2f034447e6') in 0.047308 seconds
Number of updated asset objects reloaded before import = 0
Number of asset objects unloaded after import = 23
========================================================================
Received Import Request.
  Time since last request: 0.000020 seconds.
  path: Assets/CB/Assets/Props/Batch1/Meshes/SmallCandle.fbx
  artifactKey: Guid(3527e43eb38f96c4fbb2aac57a0d948c) Importer(815301076,1909f56bfc062723c751e8b465ee728b)
Start importing Assets/CB/Assets/Props/Batch1/Meshes/SmallCandle.fbx using Guid(3527e43eb38f96c4fbb2aac57a0d948c) Importer(815301076,1909f56bfc062723c751e8b465ee728b)  -> (artifact id: 'c9f5cf8666bf5203d52125b8212b9ea4') in 0.037431 seconds
Number of updated asset objects reloaded before import = 0
Number of asset objects unloaded after import = 16
========================================================================
Received Import Request.
  Time since last request: 0.000013 seconds.
  path: Assets/CB/Assets/Props/Batch1/Meshes/ShortCandleHolder.fbx
  artifactKey: Guid(0276a1165a2b7844ca106f8fe8828bdc) Importer(815301076,1909f56bfc062723c751e8b465ee728b)
Start importing Assets/CB/Assets/Props/Batch1/Meshes/ShortCandleHolder.fbx using Guid(0276a1165a2b7844ca106f8fe8828bdc) Importer(815301076,1909f56bfc062723c751e8b465ee728b)  -> (artifact id: '0edd7fba9cfc509149866a11fc6c4b64') in 0.021527 seconds
Number of updated asset objects reloaded before import = 0
Number of asset objects unloaded after import = 9
========================================================================
Received Import Request.
  Time since last request: 0.000015 seconds.
  path: Assets/CB/Assets/Props/Batch1/Meshes/SmokeDetector.fbx
  artifactKey: Guid(b9cef9a1d376d514590e42ae8dfe8dfb) Importer(815301076,1909f56bfc062723c751e8b465ee728b)
Start importing Assets/CB/Assets/Props/Batch1/Meshes/SmokeDetector.fbx using Guid(b9cef9a1d376d514590e42ae8dfe8dfb) Importer(815301076,1909f56bfc062723c751e8b465ee728b)  -> (artifact id: 'dd34cfb2bb5c5050d8791e93317e7e97') in 0.015646 seconds
Number of updated asset objects reloaded before import = 0
Number of asset objects unloaded after import = 9
========================================================================
Received Import Request.
  Time since last request: 0.000013 seconds.
  path: Assets/CB/Assets/Props/Batch1/Meshes/OilCan.fbx
  artifactKey: Guid(21b361e5da9d7d74d8479446be6edbf1) Importer(815301076,1909f56bfc062723c751e8b465ee728b)
Start importing Assets/CB/Assets/Props/Batch1/Meshes/OilCan.fbx using Guid(21b361e5da9d7d74d8479446be6edbf1) Importer(815301076,1909f56bfc062723c751e8b465ee728b)  -> (artifact id: '243751aff03070721da51ecf12b96989') in 0.042729 seconds
Number of updated asset objects reloaded before import = 0
Number of asset objects unloaded after import = 23
========================================================================
Received Import Request.
  Time since last request: 0.000015 seconds.
  path: Assets/CB/Assets/Props/Batch1/Meshes/TripleCandleHolder.fbx
  artifactKey: Guid(ecfa76df7041d2b4fb7c36966c802ebc) Importer(815301076,1909f56bfc062723c751e8b465ee728b)
Start importing Assets/CB/Assets/Props/Batch1/Meshes/TripleCandleHolder.fbx using Guid(ecfa76df7041d2b4fb7c36966c802ebc) Importer(815301076,1909f56bfc062723c751e8b465ee728b)  -> (artifact id: '4a5c035a5ac4498c336e18662f167482') in 0.070743 seconds
Number of updated asset objects reloaded before import = 0
Number of asset objects unloaded after import = 34
========================================================================
Received Import Request.
  Time since last request: 0.000016 seconds.
  path: Assets/CB/Assets/Props/Batch1/Meshes/Phone.fbx
  artifactKey: Guid(b97136df775273644aba0b91b607ac0b) Importer(815301076,1909f56bfc062723c751e8b465ee728b)
Start importing Assets/CB/Assets/Props/Batch1/Meshes/Phone.fbx using Guid(b97136df775273644aba0b91b607ac0b) Importer(815301076,1909f56bfc062723c751e8b465ee728b)  -> (artifact id: '1fbaff6ca6f3ca415b4365973525e282') in 0.068926 seconds
Number of updated asset objects reloaded before import = 0
Number of asset objects unloaded after import = 27
========================================================================
Received Import Request.
  Time since last request: 0.000015 seconds.
  path: Assets/CB/Assets/Props/Batch1/Meshes/LongCandleHolder.fbx
  artifactKey: Guid(e6fa28ba441f1b745bee88bd3693439b) Importer(815301076,1909f56bfc062723c751e8b465ee728b)
Start importing Assets/CB/Assets/Props/Batch1/Meshes/LongCandleHolder.fbx using Guid(e6fa28ba441f1b745bee88bd3693439b) Importer(815301076,1909f56bfc062723c751e8b465ee728b)  -> (artifact id: 'b127d14323d8a577d451e6559fd69274') in 0.020670 seconds
Number of updated asset objects reloaded before import = 0
Number of asset objects unloaded after import = 9
========================================================================
Received Import Request.
  Time since last request: 8.912332 seconds.
  path: Assets/CB/Assets/Props/Batch1/Meshes/CoffeeCup.fbx
  artifactKey: Guid(655617c57792f4448a65d40efd65fe9e) Importer(815301076,1909f56bfc062723c751e8b465ee728b)
Start importing Assets/CB/Assets/Props/Batch1/Meshes/CoffeeCup.fbx using Guid(655617c57792f4448a65d40efd65fe9e) Importer(815301076,1909f56bfc062723c751e8b465ee728b)  -> (artifact id: 'e8ce442a47dda3f12ce03e8d811f55fb') in 0.147028 seconds
Number of updated asset objects reloaded before import = 0
Number of asset objects unloaded after import = 9
========================================================================
Received Import Request.
  Time since last request: 0.000016 seconds.
  path: Assets/CB/Assets/Props/Batch1/Meshes/Plunger.fbx
  artifactKey: Guid(99dec0b2929614b4b9f6cf7ede98e09c) Importer(815301076,1909f56bfc062723c751e8b465ee728b)
Start importing Assets/CB/Assets/Props/Batch1/Meshes/Plunger.fbx using Guid(99dec0b2929614b4b9f6cf7ede98e09c) Importer(815301076,1909f56bfc062723c751e8b465ee728b)  -> (artifact id: '9781477068f9919b11e3df30075c86ab') in 0.032134 seconds
Number of updated asset objects reloaded before import = 0
Number of asset objects unloaded after import = 16
========================================================================
Received Import Request.
  Time since last request: 0.000026 seconds.
  path: Assets/CB/Assets/Props/Batch1/Meshes/ReceiptsHolder.fbx
  artifactKey: Guid(d67695425fad7894bae18378a53fed0f) Importer(815301076,1909f56bfc062723c751e8b465ee728b)
Start importing Assets/CB/Assets/Props/Batch1/Meshes/ReceiptsHolder.fbx using Guid(d67695425fad7894bae18378a53fed0f) Importer(815301076,1909f56bfc062723c751e8b465ee728b)  -> (artifact id: '866ae906cd015b15fe8321fd2dd6334b') in 0.041763 seconds
Number of updated asset objects reloaded before import = 0
Number of asset objects unloaded after import = 16
========================================================================
Received Import Request.
  Time since last request: 0.000016 seconds.
  path: Assets/CB/Assets/Props/Batch1/Meshes/FeatherPen.fbx
  artifactKey: Guid(5c5c735e35b1aaf41a429f7c87dea4be) Importer(815301076,1909f56bfc062723c751e8b465ee728b)
Start importing Assets/CB/Assets/Props/Batch1/Meshes/FeatherPen.fbx using Guid(5c5c735e35b1aaf41a429f7c87dea4be) Importer(815301076,1909f56bfc062723c751e8b465ee728b)  -> (artifact id: '052cfbb021ae5d120655c9b2048ad9ec') in 0.056123 seconds
Number of updated asset objects reloaded before import = 0
Number of asset objects unloaded after import = 26
========================================================================
Received Import Request.
  Time since last request: 0.000014 seconds.
  path: Assets/CB/Assets/Props/Batch1/Meshes/ShortCandleHolder.fbx
  artifactKey: Guid(0276a1165a2b7844ca106f8fe8828bdc) Importer(815301076,1909f56bfc062723c751e8b465ee728b)
Start importing Assets/CB/Assets/Props/Batch1/Meshes/ShortCandleHolder.fbx using Guid(0276a1165a2b7844ca106f8fe8828bdc) Importer(815301076,1909f56bfc062723c751e8b465ee728b)  -> (artifact id: 'b6e2d97fb82dfb7255aa94cdd7a0bd0a') in 0.026730 seconds
Number of updated asset objects reloaded before import = 0
Number of asset objects unloaded after import = 9
========================================================================
Received Import Request.
  Time since last request: 0.000013 seconds.
  path: Assets/CB/Assets/Props/Batch1/Meshes/SmokeDetector.fbx
  artifactKey: Guid(b9cef9a1d376d514590e42ae8dfe8dfb) Importer(815301076,1909f56bfc062723c751e8b465ee728b)
Start importing Assets/CB/Assets/Props/Batch1/Meshes/SmokeDetector.fbx using Guid(b9cef9a1d376d514590e42ae8dfe8dfb) Importer(815301076,1909f56bfc062723c751e8b465ee728b)  -> (artifact id: '896956b792dce862457708459684cfe8') in 0.019767 seconds
Number of updated asset objects reloaded before import = 0
Number of asset objects unloaded after import = 9
========================================================================
Received Import Request.
  Time since last request: 0.000016 seconds.
  path: Assets/CB/Assets/Props/Batch1/Meshes/TripleCandleHolder.fbx
  artifactKey: Guid(ecfa76df7041d2b4fb7c36966c802ebc) Importer(815301076,1909f56bfc062723c751e8b465ee728b)
Start importing Assets/CB/Assets/Props/Batch1/Meshes/TripleCandleHolder.fbx using Guid(ecfa76df7041d2b4fb7c36966c802ebc) Importer(815301076,1909f56bfc062723c751e8b465ee728b)  -> (artifact id: '01e395aaeefa54e3285a65c7327befd0') in 0.075078 seconds
Number of updated asset objects reloaded before import = 0
Number of asset objects unloaded after import = 34
========================================================================
Received Import Request.
  Time since last request: 0.000015 seconds.
  path: Assets/CB/Assets/Props/Batch1/Meshes/LongCandleHolder.fbx
  artifactKey: Guid(e6fa28ba441f1b745bee88bd3693439b) Importer(815301076,1909f56bfc062723c751e8b465ee728b)
Start importing Assets/CB/Assets/Props/Batch1/Meshes/LongCandleHolder.fbx using Guid(e6fa28ba441f1b745bee88bd3693439b) Importer(815301076,1909f56bfc062723c751e8b465ee728b)  -> (artifact id: '6786b964616eae599bf492c004247ed2') in 0.015713 seconds
Number of updated asset objects reloaded before import = 0
Number of asset objects unloaded after import = 9
========================================================================
Received Import Request.
  Time since last request: 28.027116 seconds.
  path: Assets/CB/Assets/Props/Batch1/Meshes/CoffeeCup.fbx
  artifactKey: Guid(655617c57792f4448a65d40efd65fe9e) Importer(815301076,1909f56bfc062723c751e8b465ee728b)
Start importing Assets/CB/Assets/Props/Batch1/Meshes/CoffeeCup.fbx using Guid(655617c57792f4448a65d40efd65fe9e) Importer(815301076,1909f56bfc062723c751e8b465ee728b)  -> (artifact id: '42144002f2d1fdc857430bcb00d3a2e5') in 0.812838 seconds
Number of updated asset objects reloaded before import = 0
Number of asset objects unloaded after import = 9
========================================================================
Received Import Request.
  Time since last request: 0.000015 seconds.
  path: Assets/CB/Assets/Props/Batch1/Meshes/CoffeeMaker.fbx
  artifactKey: Guid(9b5a48e11a5e6174f99122b5fb22551b) Importer(815301076,1909f56bfc062723c751e8b465ee728b)
Start importing Assets/CB/Assets/Props/Batch1/Meshes/CoffeeMaker.fbx using Guid(9b5a48e11a5e6174f99122b5fb22551b) Importer(815301076,1909f56bfc062723c751e8b465ee728b)  -> (artifact id: 'e13a0788cd445621439ecfe0cbd8984f') in 0.127784 seconds
Number of updated asset objects reloaded before import = 0
Number of asset objects unloaded after import = 47
========================================================================
Received Import Request.
  Time since last request: 0.000169 seconds.
  path: Assets/CB/Assets/Props/Batch1/Meshes/LongCandleHolder.fbx
  artifactKey: Guid(e6fa28ba441f1b745bee88bd3693439b) Importer(815301076,1909f56bfc062723c751e8b465ee728b)
Start importing Assets/CB/Assets/Props/Batch1/Meshes/LongCandleHolder.fbx using Guid(e6fa28ba441f1b745bee88bd3693439b) Importer(815301076,1909f56bfc062723c751e8b465ee728b)  -> (artifact id: '7063eb96677b9e05dae55268316ee032') in 0.016302 seconds
Number of updated asset objects reloaded before import = 0
Number of asset objects unloaded after import = 9
Editor requested this worker to shutdown with reason: Scaling down because of idle timeout
TcpMessagingSession - receive error: operation aborted. errorcode: 995, details: The I/O operation has been aborted because of either a thread exit or an application request.
AssetImportWorker is now disconnected from the server
Process exiting
Exiting without the bug reporter. Application will terminate with return code 0