Using pre-set license
Built from '2022.3/staging' branch; Version is '2022.3.10f1 (ff3792e53c62) revision 16725906'; Using compiler version '192829333'; Build Type 'Release'
OS: 'Windows 11  (10.0.22631) 64bit Core' Language: 'en' Physical Memory: 65237 MB
BatchMode: 1, IsHumanControllingUs: 0, StartBugReporterOnCrash: 0, Is64bit: 1, IsPro: 1

COMMAND LINE ARGUMENTS:
C:\Program Files\Unity 2022.3.10f1\Editor\Unity.exe
-adb2
-batchMode
-noUpm
-name
AssetImportWorker6
-projectPath
D:/Wizard LLC/Wizard-LLC
-logFile
Logs/AssetImportWorker6.log
-srvPort
4369
Successfully changed project path to: D:/Wizard LLC/Wizard-LLC
D:/Wizard LLC/Wizard-LLC
[UnityMemory] Configuration Parameters - Can be set up in boot.config
    "memorysetup-bucket-allocator-granularity=16"
    "memorysetup-bucket-allocator-bucket-count=8"
    "memorysetup-bucket-allocator-block-size=33554432"
    "memorysetup-bucket-allocator-block-count=8"
    "memorysetup-main-allocator-block-size=16777216"
    "memorysetup-thread-allocator-block-size=16777216"
    "memorysetup-gfx-main-allocator-block-size=16777216"
    "memorysetup-gfx-thread-allocator-block-size=16777216"
    "memorysetup-cache-allocator-block-size=4194304"
    "memorysetup-typetree-allocator-block-size=2097152"
    "memorysetup-profiler-bucket-allocator-granularity=16"
    "memorysetup-profiler-bucket-allocator-bucket-count=8"
    "memorysetup-profiler-bucket-allocator-block-size=33554432"
    "memorysetup-profiler-bucket-allocator-block-count=8"
    "memorysetup-profiler-allocator-block-size=16777216"
    "memorysetup-profiler-editor-allocator-block-size=1048576"
    "memorysetup-temp-allocator-size-main=16777216"
    "memorysetup-job-temp-allocator-block-size=2097152"
    "memorysetup-job-temp-allocator-block-size-background=1048576"
    "memorysetup-job-temp-allocator-reduction-small-platforms=262144"
    "memorysetup-allocator-temp-initial-block-size-main=262144"
    "memorysetup-allocator-temp-initial-block-size-worker=262144"
    "memorysetup-temp-allocator-size-background-worker=32768"
    "memorysetup-temp-allocator-size-job-worker=262144"
    "memorysetup-temp-allocator-size-preload-manager=33554432"
    "memorysetup-temp-allocator-size-nav-mesh-worker=65536"
    "memorysetup-temp-allocator-size-audio-worker=65536"
    "memorysetup-temp-allocator-size-cloud-worker=32768"
    "memorysetup-temp-allocator-size-gi-baking-worker=262144"
    "memorysetup-temp-allocator-size-gfx=262144"
Player connection [29708] Host "[IP] 192.168.1.51 [Port] 0 [Flags] 2 [Guid] 3742914375 [EditorId] 3742914375 [Version] 1048832 [Id] WindowsEditor(7,MSI) [Debug] 1 [PackageName] WindowsEditor [ProjectName] Editor" joined multi-casting on [225.0.0.222:54997]...

Player connection [29708] Host "[IP] 192.168.1.51 [Port] 0 [Flags] 2 [Guid] 3742914375 [EditorId] 3742914375 [Version] 1048832 [Id] WindowsEditor(7,MSI) [Debug] 1 [PackageName] WindowsEditor [ProjectName] Editor" joined alternative multi-casting on [225.0.0.222:34997]...

[Physics::Module] Initialized MultithreadedJobDispatcher with 15 workers.
Refreshing native plugins compatible for Editor in 19.66 ms, found 3 plugins.
Preloading 0 native plugins for Editor in 0.00 ms.
Initialize engine version: 2022.3.10f1 (ff3792e53c62)
[Subsystems] Discovering subsystems at path C:/Program Files/Unity 2022.3.10f1/Editor/Data/Resources/UnitySubsystems
[Subsystems] Discovering subsystems at path D:/Wizard LLC/Wizard-LLC/Assets
GfxDevice: creating device client; threaded=0; jobified=0
Direct3D:
    Version:  Direct3D 11.0 [level 11.1]
    Renderer: NVIDIA GeForce RTX 3060 Laptop GPU (ID=0x2520)
    Vendor:   NVIDIA
    VRAM:     5996 MB
    Driver:   32.0.15.5599
Initialize mono
Mono path[0] = 'C:/Program Files/Unity 2022.3.10f1/Editor/Data/Managed'
Mono path[1] = 'C:/Program Files/Unity 2022.3.10f1/Editor/Data/MonoBleedingEdge/lib/mono/unityjit-win32'
Mono config path = 'C:/Program Files/Unity 2022.3.10f1/Editor/Data/MonoBleedingEdge/etc'
Using monoOptions --debugger-agent=transport=dt_socket,embedding=1,server=y,suspend=n,address=127.0.0.1:56496
Begin MonoManager ReloadAssembly
Registering precompiled unity dll's ...
Register platform support module: C:/Program Files/Unity 2022.3.10f1/Editor/Data/PlaybackEngines/WindowsStandaloneSupport/UnityEditor.WindowsStandalone.Extensions.dll
Registered in 0.005663 seconds.
- Loaded All Assemblies, in  0.394 seconds
Native extension for WindowsStandalone target not found
Mono: successfully reloaded assembly
- Finished resetting the current domain, in  0.287 seconds
Domain Reload Profiling: 679ms
	BeginReloadAssembly (120ms)
		ExecutionOrderSort (0ms)
		DisableScriptedObjects (0ms)
		BackupInstance (0ms)
		ReleaseScriptingObjects (0ms)
		CreateAndSetChildDomain (1ms)
	RebuildCommonClasses (39ms)
	RebuildNativeTypeToScriptingClass (12ms)
	initialDomainReloadingComplete (62ms)
	LoadAllAssembliesAndSetupDomain (159ms)
		LoadAssemblies (117ms)
		RebuildTransferFunctionScriptingTraits (0ms)
		AnalyzeDomain (157ms)
			TypeCache.Refresh (155ms)
				TypeCache.ScanAssembly (140ms)
			ScanForSourceGeneratedMonoScriptInfo (1ms)
			ResolveRequiredComponents (1ms)
	FinalizeReload (288ms)
		ReleaseScriptCaches (0ms)
		RebuildScriptCaches (0ms)
		SetupLoadedEditorAssemblies (219ms)
			LogAssemblyErrors (0ms)
			InitializePlatformSupportModulesInManaged (10ms)
			SetLoadedEditorAssemblies (8ms)
			RefreshPlugins (0ms)
			BeforeProcessingInitializeOnLoad (3ms)
			ProcessInitializeOnLoadAttributes (145ms)
			ProcessInitializeOnLoadMethodAttributes (52ms)
			AfterProcessingInitializeOnLoad (0ms)
			EditorAssembliesLoaded (0ms)
		ExecutionOrderSort2 (0ms)
		AwakeInstancesAfterBackupRestoration (0ms)
========================================================================
Worker process is ready to serve import requests
Begin MonoManager ReloadAssembly
Symbol file LoadedFromMemory is not a mono symbol file
- Loaded All Assemblies, in  0.690 seconds
Refreshing native plugins compatible for Editor in 7.22 ms, found 3 plugins.
Native extension for WindowsStandalone target not found
System.Exception: Error! Visual Scripting: couldn't find visual scripting package
  at Unity.VisualScripting.PackageVersionUtility.get_version () [0x00043] in .\Library\PackageCache\com.unity.visualscripting@1.9.0\Editor\VisualScripting.Core\Utilities\PackageVersionUtility.cs:31 
  at Unity.VisualScripting.BoltCoreManifest.get_version () [0x00000] in .\Library\PackageCache\com.unity.visualscripting@1.9.0\Editor\VisualScripting.Core\Plugin\BoltCoreManifest.cs:11 
  at Unity.VisualScripting.PluginManifest.get_currentVersion () [0x00000] in .\Library\PackageCache\com.unity.visualscripting@1.9.0\Editor\VisualScripting.Core\Plugins\PluginManifest.cs:33 
  at Unity.VisualScripting.PluginManifest.get_versionMismatch () [0x00000] in .\Library\PackageCache\com.unity.visualscripting@1.9.0\Editor\VisualScripting.Core\Plugins\PluginManifest.cs:48 
  at Unity.VisualScripting.PluginContainer.Initialize () [0x00525] in .\Library\PackageCache\com.unity.visualscripting@1.9.0\Editor\VisualScripting.Core\Plugins\PluginContainer.cs:208 
  at Unity.VisualScripting.PluginContainer.InitializeOnLoad () [0x00009] in .\Library\PackageCache\com.unity.visualscripting@1.9.0\Editor\VisualScripting.Core\Plugins\PluginContainer.cs:32 
  at Unity.VisualScripting.VSUsageUtility.DoInitializeOnLoadCalls () [0x00034] in .\Library\PackageCache\com.unity.visualscripting@1.9.0\Editor\VisualScripting.Core\Utilities\VSUsageUtility.cs:76 
  at Unity.VisualScripting.VSUsageUtility.set_isVisualScriptingUsed (System.Boolean value) [0x0002c] in .\Library\PackageCache\com.unity.visualscripting@1.9.0\Editor\VisualScripting.Core\Utilities\VSUsageUtility.cs:114 
  at Unity.VisualScripting.VSUsageUtility.CheckAndSetIsVisualScriptingUsed () [0x00032] in .\Library\PackageCache\com.unity.visualscripting@1.9.0\Editor\VisualScripting.Core\Utilities\VSUsageUtility.cs:48 
  at Unity.VisualScripting.VSUsageUtility..cctor () [0x00000] in .\Library\PackageCache\com.unity.visualscripting@1.9.0\Editor\VisualScripting.Core\Utilities\VSUsageUtility.cs:22 
UnityEngine.StackTraceUtility:ExtractStackTrace ()
UnityEngine.DebugLogHandler:LogFormat (UnityEngine.LogType,UnityEngine.Object,string,object[])
UnityEngine.Logger:Log (UnityEngine.LogType,object)
UnityEngine.Debug:LogError (object)
UnityEditor.EditorAssemblies:ProcessInitializeOnLoadAttributes (System.Type[])

Package Manager log level set to [2]
[Package Manager] Server::EnsureServerProcessIsRunning -- launch failed, reason: Unity was launched with the -noUpm command-line argument
[Package Manager] UpmClient::Send -- Unable to send message (not connected to UPM process).
[Package Manager] Cannot connect to Unity Package Manager local server
Mono: successfully reloaded assembly
- Finished resetting the current domain, in  1.187 seconds
Domain Reload Profiling: 1875ms
	BeginReloadAssembly (146ms)
		ExecutionOrderSort (0ms)
		DisableScriptedObjects (4ms)
		BackupInstance (0ms)
		ReleaseScriptingObjects (0ms)
		CreateAndSetChildDomain (19ms)
	RebuildCommonClasses (32ms)
	RebuildNativeTypeToScriptingClass (11ms)
	initialDomainReloadingComplete (43ms)
	LoadAllAssembliesAndSetupDomain (455ms)
		LoadAssemblies (323ms)
		RebuildTransferFunctionScriptingTraits (0ms)
		AnalyzeDomain (223ms)
			TypeCache.Refresh (190ms)
				TypeCache.ScanAssembly (171ms)
			ScanForSourceGeneratedMonoScriptInfo (28ms)
			ResolveRequiredComponents (4ms)
	FinalizeReload (1187ms)
		ReleaseScriptCaches (0ms)
		RebuildScriptCaches (0ms)
		SetupLoadedEditorAssemblies (1047ms)
			LogAssemblyErrors (0ms)
			InitializePlatformSupportModulesInManaged (5ms)
			SetLoadedEditorAssemblies (3ms)
			RefreshPlugins (0ms)
			BeforeProcessingInitializeOnLoad (72ms)
			ProcessInitializeOnLoadAttributes (857ms)
			ProcessInitializeOnLoadMethodAttributes (102ms)
			AfterProcessingInitializeOnLoad (8ms)
			EditorAssembliesLoaded (0ms)
		ExecutionOrderSort2 (0ms)
		AwakeInstancesAfterBackupRestoration (8ms)
Launched and connected shader compiler UnityShaderCompiler.exe after 0.03 seconds
Refreshing native plugins compatible for Editor in 6.90 ms, found 3 plugins.
Preloading 0 native plugins for Editor in 0.00 ms.
Unloading 5286 Unused Serialized files (Serialized files now loaded: 0)
Unloading 86 unused Assets / (1.6 MB). Loaded Objects now: 5710.
Memory consumption went from 177.7 MB to 176.2 MB.
Total: 14.957800 ms (FindLiveObjects: 0.432600 ms CreateObjectMapping: 0.216000 ms MarkObjects: 13.968300 ms  DeleteObjects: 0.339800 ms)

AssetImportParameters requested are different than current active one (requested -> active):
  custom:container-demuxer-ogg: 62fdf1f143b41e24485cea50d1cbac27 -> 
  custom:video-decoder-ogg-theora: a1e56fd34408186e4bbccfd4996cb3dc -> 
  custom:framework-win-MediaFoundation: 216162199b28c13a410421893ffa2e32 -> 
  custom:CustomObjectIndexerAttribute: 756ad292c208cfabdd7b50bc23989ffe -> 
  custom:container-demuxer-webm: 4f35f7cbe854078d1ac9338744f61a02 -> 
  custom:container-muxer-webm: aa71ff27fc2769a1b78a27578f13a17b -> 
  custom:video-decoder-webm-vp8: 9c59270c3fd7afecdb556c50c9e8de78 -> 
  custom:SearchIndexIgnoredProperties: e643bd26f0fe6173181afceb89e7c659 -> 
  custom:AudioImporter_EditorPlatform: d09bf68614088b80899f8185d706f6e7 -> 
  custom:video-encoder-webm-vp8: eb34c28f22e8b96e1ab97ce403110664 -> 
  custom:audio-decoder-ogg-vorbis: bf7c407c2cedff20999df2af8eb42d56 -> 
  custom:audio-encoder-webm-vorbis: bf7c407c2cedff20999df2af8eb42d56 -> 
========================================================================
Received Import Request.
  Time since last request: 119888.293025 seconds.
  path: Assets/Dominik/Stairs_5x8.prefab
  artifactKey: Guid(5c27ce659e25d9e4aace53d88d7fbf23) Importer(815301076,1909f56bfc062723c751e8b465ee728b)
Start importing Assets/Dominik/Stairs_5x8.prefab using Guid(5c27ce659e25d9e4aace53d88d7fbf23) Importer(815301076,1909f56bfc062723c751e8b465ee728b)  -> (artifact id: '5ab142a359dcc9b539b6221ddfe7a45b') in 0.110051 seconds
Number of updated asset objects reloaded before import = 0
Number of asset objects unloaded after import = 19
========================================================================
Received Import Request.
  Time since last request: 128.688189 seconds.
  path: Assets/LowPolyNature/Meshes/aid_box.fbx
  artifactKey: Guid(7c2cb991e4fea624e9cdc4e37d7fd820) Importer(815301076,1909f56bfc062723c751e8b465ee728b)
Start importing Assets/LowPolyNature/Meshes/aid_box.fbx using Guid(7c2cb991e4fea624e9cdc4e37d7fd820) Importer(815301076,1909f56bfc062723c751e8b465ee728b)  -> (artifact id: 'cb285c9660959dab0499438834497a4a') in 0.051373 seconds
Number of updated asset objects reloaded before import = 0
Number of asset objects unloaded after import = 9
========================================================================
Received Import Request.
  Time since last request: 0.000025 seconds.
  path: Assets/LowPolyNature/Meshes/chicken_leg.fbx
  artifactKey: Guid(ee76b69a4be634a4999015f986041b06) Importer(815301076,1909f56bfc062723c751e8b465ee728b)
Start importing Assets/LowPolyNature/Meshes/chicken_leg.fbx using Guid(ee76b69a4be634a4999015f986041b06) Importer(815301076,1909f56bfc062723c751e8b465ee728b)  -> (artifact id: 'ef697ad383c117750933464abadac01c') in 0.022364 seconds
Number of updated asset objects reloaded before import = 0
Number of asset objects unloaded after import = 9
========================================================================
Received Import Request.
  Time since last request: 0.000022 seconds.
  path: Assets/LowPolyNature/Prefabs/UI/HUD.prefab
  artifactKey: Guid(a48c57f357c39a34d93baeaefb401731) Importer(815301076,1909f56bfc062723c751e8b465ee728b)
Start importing Assets/LowPolyNature/Prefabs/UI/HUD.prefab using Guid(a48c57f357c39a34d93baeaefb401731) Importer(815301076,1909f56bfc062723c751e8b465ee728b)  -> (artifact id: '604dbb90e1f5191832cb4a677266a833') in 0.019218 seconds
Number of updated asset objects reloaded before import = 0
Number of asset objects unloaded after import = 253
========================================================================
Received Import Request.
  Time since last request: 0.000013 seconds.
  path: Assets/LowPolyNature/Meshes/Bridge.fbx
  artifactKey: Guid(b5a0ce9479629914193daa2d31144b0c) Importer(815301076,1909f56bfc062723c751e8b465ee728b)
Start importing Assets/LowPolyNature/Meshes/Bridge.fbx using Guid(b5a0ce9479629914193daa2d31144b0c) Importer(815301076,1909f56bfc062723c751e8b465ee728b)  -> (artifact id: '4eccb8ad716cbf946ca6eec1fac6bb55') in 0.033634 seconds
Number of updated asset objects reloaded before import = 0
Number of asset objects unloaded after import = 10
========================================================================
Received Import Request.
  Time since last request: 0.000016 seconds.
  path: Assets/LowPolyNature/Meshes/crate.fbx
  artifactKey: Guid(e76abc01b6335414bafc99f4dfc0166a) Importer(815301076,1909f56bfc062723c751e8b465ee728b)
Start importing Assets/LowPolyNature/Meshes/crate.fbx using Guid(e76abc01b6335414bafc99f4dfc0166a) Importer(815301076,1909f56bfc062723c751e8b465ee728b)  -> (artifact id: '36f0710c4a00890c5095fa160ecc57aa') in 0.027386 seconds
Number of updated asset objects reloaded before import = 0
Number of asset objects unloaded after import = 14
========================================================================
Received Import Request.
  Time since last request: 0.000019 seconds.
  path: Assets/LowPolyNature/Meshes/fireplace.fbx
  artifactKey: Guid(a584548489da0f14cab02c464b51ce55) Importer(815301076,1909f56bfc062723c751e8b465ee728b)
Start importing Assets/LowPolyNature/Meshes/fireplace.fbx using Guid(a584548489da0f14cab02c464b51ce55) Importer(815301076,1909f56bfc062723c751e8b465ee728b)  -> (artifact id: 'b376dd88c79141b523600620a302d842') in 0.030600 seconds
Number of updated asset objects reloaded before import = 0
Number of asset objects unloaded after import = 9
========================================================================
Received Import Request.
  Time since last request: 0.000020 seconds.
  path: Assets/LowPolyNature/Prefabs/UI/Bars_Panel.prefab
  artifactKey: Guid(5b404805ea67f984f9c5d28937e7cc29) Importer(815301076,1909f56bfc062723c751e8b465ee728b)
Start importing Assets/LowPolyNature/Prefabs/UI/Bars_Panel.prefab using Guid(5b404805ea67f984f9c5d28937e7cc29) Importer(815301076,1909f56bfc062723c751e8b465ee728b)  -> (artifact id: '0906719cf567d2f9544727566ab3abde') in 0.003177 seconds
Number of updated asset objects reloaded before import = 0
Number of asset objects unloaded after import = 56
========================================================================
Received Import Request.
  Time since last request: 0.000020 seconds.
  path: Assets/LowPolyNature/Prefabs/UI/InventoryPanel.prefab
  artifactKey: Guid(13683e2f898fb9f46b7eb9721dd54933) Importer(815301076,1909f56bfc062723c751e8b465ee728b)
Start importing Assets/LowPolyNature/Prefabs/UI/InventoryPanel.prefab using Guid(13683e2f898fb9f46b7eb9721dd54933) Importer(815301076,1909f56bfc062723c751e8b465ee728b)  -> (artifact id: '1a3f7115bad9f3896a759fa2d467873c') in 0.007365 seconds
Number of updated asset objects reloaded before import = 0
Number of asset objects unloaded after import = 144
========================================================================
Received Import Request.
  Time since last request: 0.000018 seconds.
  path: Assets/LowPolyNature/Prefabs/Environment/house1.prefab
  artifactKey: Guid(471a0d227c9867541974ee56f41edb47) Importer(815301076,1909f56bfc062723c751e8b465ee728b)
Start importing Assets/LowPolyNature/Prefabs/Environment/house1.prefab using Guid(471a0d227c9867541974ee56f41edb47) Importer(815301076,1909f56bfc062723c751e8b465ee728b)  -> (artifact id: 'f1f1ac4c5eae41d08f5c11b94178a3fe') in 0.017664 seconds
Number of updated asset objects reloaded before import = 0
Number of asset objects unloaded after import = 31
========================================================================
Received Import Request.
  Time since last request: 0.000044 seconds.
  path: Assets/LowPolyNature/Meshes/Fence1.fbx
  artifactKey: Guid(875be8807fcfce845a94279964d94e77) Importer(815301076,1909f56bfc062723c751e8b465ee728b)
Start importing Assets/LowPolyNature/Meshes/Fence1.fbx using Guid(875be8807fcfce845a94279964d94e77) Importer(815301076,1909f56bfc062723c751e8b465ee728b)  -> (artifact id: '732c12cb679792211d030d6b792e65c9') in 0.020908 seconds
Number of updated asset objects reloaded before import = 0
Number of asset objects unloaded after import = 9
========================================================================
Received Import Request.
  Time since last request: 0.000018 seconds.
  path: Assets/LowPolyNature/Meshes/Candle.fbx
  artifactKey: Guid(97e5e2e56376f6f4c82e9e2b37913b3f) Importer(815301076,1909f56bfc062723c751e8b465ee728b)
Start importing Assets/LowPolyNature/Meshes/Candle.fbx using Guid(97e5e2e56376f6f4c82e9e2b37913b3f) Importer(815301076,1909f56bfc062723c751e8b465ee728b)  -> (artifact id: '9d05cb671657360dea159632b19f041a') in 0.029491 seconds
Number of updated asset objects reloaded before import = 0
Number of asset objects unloaded after import = 9
========================================================================
Received Import Request.
  Time since last request: 0.000013 seconds.
  path: Assets/LowPolyNature/Prefabs/Environment/Bench.prefab
  artifactKey: Guid(9940890b83599fa419085468d75dcb0d) Importer(815301076,1909f56bfc062723c751e8b465ee728b)
Start importing Assets/LowPolyNature/Prefabs/Environment/Bench.prefab using Guid(9940890b83599fa419085468d75dcb0d) Importer(815301076,1909f56bfc062723c751e8b465ee728b)  -> (artifact id: '24547951b56de6de778c2b86a4be60b4') in 0.021954 seconds
Number of updated asset objects reloaded before import = 0
Number of asset objects unloaded after import = 10
========================================================================
Received Import Request.
  Time since last request: 0.000029 seconds.
  path: Assets/LowPolyNature/Prefabs/Environment/Bridge.prefab
  artifactKey: Guid(213ebf20e0c062349a9a7afb9a9562fd) Importer(815301076,1909f56bfc062723c751e8b465ee728b)
Start importing Assets/LowPolyNature/Prefabs/Environment/Bridge.prefab using Guid(213ebf20e0c062349a9a7afb9a9562fd) Importer(815301076,1909f56bfc062723c751e8b465ee728b)  -> (artifact id: '53a0e589b07e48dae73a596b3f931206') in 0.015380 seconds
Number of updated asset objects reloaded before import = 0
Number of asset objects unloaded after import = 10
========================================================================
Received Import Request.
  Time since last request: 0.000016 seconds.
  path: Assets/LowPolyNature/Prefabs/Environment/Block1.prefab
  artifactKey: Guid(d9e5563e32489b54493190091ca5751a) Importer(815301076,1909f56bfc062723c751e8b465ee728b)
Start importing Assets/LowPolyNature/Prefabs/Environment/Block1.prefab using Guid(d9e5563e32489b54493190091ca5751a) Importer(815301076,1909f56bfc062723c751e8b465ee728b)  -> (artifact id: 'ee5aaf0189e3d06677bedfd1ed2029ac') in 0.017418 seconds
Number of updated asset objects reloaded before import = 0
Number of asset objects unloaded after import = 10
========================================================================
Received Import Request.
  Time since last request: 0.000015 seconds.
  path: Assets/LowPolyNature/Prefabs/Gameplay/GameManager.prefab
  artifactKey: Guid(3faec3e5a7a00e048a50e8c3fa2ef664) Importer(815301076,1909f56bfc062723c751e8b465ee728b)
Start importing Assets/LowPolyNature/Prefabs/Gameplay/GameManager.prefab using Guid(3faec3e5a7a00e048a50e8c3fa2ef664) Importer(815301076,1909f56bfc062723c751e8b465ee728b)  -> (artifact id: '6c97f0d40bff4a5e82584bf5ea39e76b') in 0.004822 seconds
Number of updated asset objects reloaded before import = 0
Number of asset objects unloaded after import = 90
========================================================================
Received Import Request.
  Time since last request: 0.000013 seconds.
  path: Assets/LowPolyNature/Prefabs/Environment/house2.prefab
  artifactKey: Guid(aad2db4bc4616ca4cbbbd940898780d8) Importer(815301076,1909f56bfc062723c751e8b465ee728b)
Start importing Assets/LowPolyNature/Prefabs/Environment/house2.prefab using Guid(aad2db4bc4616ca4cbbbd940898780d8) Importer(815301076,1909f56bfc062723c751e8b465ee728b)  -> (artifact id: '9054915d9b927c0ff9885a91e17cf690') in 0.015362 seconds
Number of updated asset objects reloaded before import = 0
Number of asset objects unloaded after import = 25
========================================================================
Received Import Request.
  Time since last request: 0.000029 seconds.
  path: Assets/LowPolyNature/Meshes/blue_gem.fbx
  artifactKey: Guid(0012897f429e4b245a0eff65c137da2c) Importer(815301076,1909f56bfc062723c751e8b465ee728b)
Start importing Assets/LowPolyNature/Meshes/blue_gem.fbx using Guid(0012897f429e4b245a0eff65c137da2c) Importer(815301076,1909f56bfc062723c751e8b465ee728b)  -> (artifact id: '7385f8dca9acb62f9bc04bde25ac197f') in 0.021466 seconds
Number of updated asset objects reloaded before import = 0
Number of asset objects unloaded after import = 9
========================================================================
Received Import Request.
  Time since last request: 0.000016 seconds.
  path: Assets/LowPolyNature/Meshes/Block1.fbx
  artifactKey: Guid(75a7e79a1743ac646a971f75ffae13fd) Importer(815301076,1909f56bfc062723c751e8b465ee728b)
Start importing Assets/LowPolyNature/Meshes/Block1.fbx using Guid(75a7e79a1743ac646a971f75ffae13fd) Importer(815301076,1909f56bfc062723c751e8b465ee728b)  -> (artifact id: '55b080b5486b513eb0deb4cf37f92516') in 0.020862 seconds
Number of updated asset objects reloaded before import = 0
Number of asset objects unloaded after import = 9
========================================================================
Received Import Request.
  Time since last request: 0.000019 seconds.
  path: Assets/LowPolyNature/Prefabs/Environment/big_tree.prefab
  artifactKey: Guid(01f585040a083ec458caf38381c29bc9) Importer(815301076,1909f56bfc062723c751e8b465ee728b)
Start importing Assets/LowPolyNature/Prefabs/Environment/big_tree.prefab using Guid(01f585040a083ec458caf38381c29bc9) Importer(815301076,1909f56bfc062723c751e8b465ee728b)  -> (artifact id: '3969179270c8cf5fab71b499dc04d321') in 0.015634 seconds
Number of updated asset objects reloaded before import = 0
Number of asset objects unloaded after import = 10
========================================================================
Received Import Request.
  Time since last request: 0.000030 seconds.
  path: Assets/LowPolyNature/Meshes/Bench.fbx
  artifactKey: Guid(d75912ccaf2ee834ea95fbdaae593006) Importer(815301076,1909f56bfc062723c751e8b465ee728b)
Start importing Assets/LowPolyNature/Meshes/Bench.fbx using Guid(d75912ccaf2ee834ea95fbdaae593006) Importer(815301076,1909f56bfc062723c751e8b465ee728b)  -> (artifact id: '7cf19672877efacb1bc7c0800647da78') in 0.020080 seconds
Number of updated asset objects reloaded before import = 0
Number of asset objects unloaded after import = 9
========================================================================
Received Import Request.
  Time since last request: 3.760202 seconds.
  path: Assets/LowPolyNature/Meshes/mountain_snow_1.fbx
  artifactKey: Guid(c62b4713a8bbb5f439bb86e0517b4dc3) Importer(815301076,1909f56bfc062723c751e8b465ee728b)
Start importing Assets/LowPolyNature/Meshes/mountain_snow_1.fbx using Guid(c62b4713a8bbb5f439bb86e0517b4dc3) Importer(815301076,1909f56bfc062723c751e8b465ee728b)  -> (artifact id: 'e98678bec4c797737511c3feb9617094') in 0.017830 seconds
Number of updated asset objects reloaded before import = 0
Number of asset objects unloaded after import = 9
========================================================================
Received Import Request.
  Time since last request: 0.000017 seconds.
  path: Assets/LowPolyNature/Prefabs/Environment/mushrooms_plants.prefab
  artifactKey: Guid(975cff1267180ca43b65f176a31aa119) Importer(815301076,1909f56bfc062723c751e8b465ee728b)
Start importing Assets/LowPolyNature/Prefabs/Environment/mushrooms_plants.prefab using Guid(975cff1267180ca43b65f176a31aa119) Importer(815301076,1909f56bfc062723c751e8b465ee728b)  -> (artifact id: 'ad157e815ff7dc7f17a93a070c294dd3') in 0.014187 seconds
Number of updated asset objects reloaded before import = 0
Number of asset objects unloaded after import = 25
========================================================================
Received Import Request.
  Time since last request: 0.000020 seconds.
  path: Assets/LowPolyNature/Meshes/stone3.fbx
  artifactKey: Guid(e1142c3f0ee84a24495346a1b5e95449) Importer(815301076,1909f56bfc062723c751e8b465ee728b)
Start importing Assets/LowPolyNature/Meshes/stone3.fbx using Guid(e1142c3f0ee84a24495346a1b5e95449) Importer(815301076,1909f56bfc062723c751e8b465ee728b)  -> (artifact id: '22709b0e2470f617ca307b7401c5de98') in 0.018833 seconds
Number of updated asset objects reloaded before import = 0
Number of asset objects unloaded after import = 9
========================================================================
Received Import Request.
  Time since last request: 0.000018 seconds.
  path: Assets/LowPolyNature/Meshes/Stone4.fbx
  artifactKey: Guid(2dffe05618cfddd49825b5989039fe1b) Importer(815301076,1909f56bfc062723c751e8b465ee728b)
Start importing Assets/LowPolyNature/Meshes/Stone4.fbx using Guid(2dffe05618cfddd49825b5989039fe1b) Importer(815301076,1909f56bfc062723c751e8b465ee728b)  -> (artifact id: '59feaab1fa04cc762d83974d59613556') in 0.020564 seconds
Number of updated asset objects reloaded before import = 0
Number of asset objects unloaded after import = 9
========================================================================
Received Import Request.
  Time since last request: 0.000033 seconds.
  path: Assets/LowPolyNature/Prefabs/Environment/Mushrooms.prefab
  artifactKey: Guid(5b8c2654c1921e447bb362f131abe512) Importer(815301076,1909f56bfc062723c751e8b465ee728b)
Start importing Assets/LowPolyNature/Prefabs/Environment/Mushrooms.prefab using Guid(5b8c2654c1921e447bb362f131abe512) Importer(815301076,1909f56bfc062723c751e8b465ee728b)  -> (artifact id: '80ea69b5ff893b2619febeb089606960') in 0.017850 seconds
Number of updated asset objects reloaded before import = 0
Number of asset objects unloaded after import = 20
========================================================================
Received Import Request.
  Time since last request: 0.000023 seconds.
  path: Assets/LowPolyNature/Prefabs/Environment/Stone4.prefab
  artifactKey: Guid(0a1acd202190eb14e98f2708942d9a25) Importer(815301076,1909f56bfc062723c751e8b465ee728b)
Start importing Assets/LowPolyNature/Prefabs/Environment/Stone4.prefab using Guid(0a1acd202190eb14e98f2708942d9a25) Importer(815301076,1909f56bfc062723c751e8b465ee728b)  -> (artifact id: '4aa82a9fb96f5ab2657a405127710d82') in 0.016609 seconds
Number of updated asset objects reloaded before import = 0
Number of asset objects unloaded after import = 10
========================================================================
Received Import Request.
  Time since last request: 0.000020 seconds.
  path: Assets/LowPolyNature/Meshes/Stone5.fbx
  artifactKey: Guid(6233fbaca08dfd844820d7c6c1e64390) Importer(815301076,1909f56bfc062723c751e8b465ee728b)
Start importing Assets/LowPolyNature/Meshes/Stone5.fbx using Guid(6233fbaca08dfd844820d7c6c1e64390) Importer(815301076,1909f56bfc062723c751e8b465ee728b)  -> (artifact id: '50c2b5e3fae7ed32c90dea7384be977a') in 0.018695 seconds
Number of updated asset objects reloaded before import = 0
Number of asset objects unloaded after import = 9
========================================================================
Received Import Request.
  Time since last request: 0.000073 seconds.
  path: Assets/LowPolyNature/Meshes/stones.fbx
  artifactKey: Guid(6a5894e10fdd7864199b2094ef2d7064) Importer(815301076,1909f56bfc062723c751e8b465ee728b)
Start importing Assets/LowPolyNature/Meshes/stones.fbx using Guid(6a5894e10fdd7864199b2094ef2d7064) Importer(815301076,1909f56bfc062723c751e8b465ee728b)  -> (artifact id: '1e1f5358eff474d35293c23e148c7d2c') in 0.019910 seconds
Number of updated asset objects reloaded before import = 0
Number of asset objects unloaded after import = 9
========================================================================
Received Import Request.
  Time since last request: 0.000019 seconds.
  path: Assets/LowPolyNature/Meshes/terrain_closed_2.fbx
  artifactKey: Guid(8ad77fa2e43b88f46a7b2c101676016a) Importer(815301076,1909f56bfc062723c751e8b465ee728b)
Start importing Assets/LowPolyNature/Meshes/terrain_closed_2.fbx using Guid(8ad77fa2e43b88f46a7b2c101676016a) Importer(815301076,1909f56bfc062723c751e8b465ee728b)  -> (artifact id: 'efb702f0a8958a379ab3f0deb5cc9600') in 0.020516 seconds
Number of updated asset objects reloaded before import = 0
Number of asset objects unloaded after import = 9
========================================================================
Received Import Request.
  Time since last request: 0.000022 seconds.
  path: Assets/LowPolyNature/Prefabs/Environment/Stone_Group.prefab
  artifactKey: Guid(7427d58673d0cb247949bdea690924cc) Importer(815301076,1909f56bfc062723c751e8b465ee728b)
Start importing Assets/LowPolyNature/Prefabs/Environment/Stone_Group.prefab using Guid(7427d58673d0cb247949bdea690924cc) Importer(815301076,1909f56bfc062723c751e8b465ee728b)  -> (artifact id: '9d0df475330ce9fe8f875bb0f59157d1') in 0.016411 seconds
Number of updated asset objects reloaded before import = 0
Number of asset objects unloaded after import = 10
========================================================================
Received Import Request.
  Time since last request: 0.000024 seconds.
  path: Assets/LowPolyNature/Meshes/sheep.fbx
  artifactKey: Guid(c8d4652e5cde75349a93a2d9c63befe4) Importer(815301076,1909f56bfc062723c751e8b465ee728b)
Start importing Assets/LowPolyNature/Meshes/sheep.fbx using Guid(c8d4652e5cde75349a93a2d9c63befe4) Importer(815301076,1909f56bfc062723c751e8b465ee728b)  -> (artifact id: '58ac57e81dfcf486f1c18af034f9baae') in 0.030904 seconds
Number of updated asset objects reloaded before import = 0
Number of asset objects unloaded after import = 51
========================================================================
Received Import Request.
  Time since last request: 66.086148 seconds.
  path: Assets/Dominik/Wall_4x10_A.prefab
  artifactKey: Guid(96e6015647e161048af90071bbbc9057) Importer(815301076,1909f56bfc062723c751e8b465ee728b)
Start importing Assets/Dominik/Wall_4x10_A.prefab using Guid(96e6015647e161048af90071bbbc9057) Importer(815301076,1909f56bfc062723c751e8b465ee728b)  -> (artifact id: '6669f605ef6bf1ed8449589a391690d3') in 0.021973 seconds
Number of updated asset objects reloaded before import = 0
Number of asset objects unloaded after import = 18
========================================================================
Received Import Request.
  Time since last request: 6.239354 seconds.
  path: Assets/Dominik/Wall_4x10_A.prefab
  artifactKey: Guid(96e6015647e161048af90071bbbc9057) Importer(815301076,1909f56bfc062723c751e8b465ee728b)
Start importing Assets/Dominik/Wall_4x10_A.prefab using Guid(96e6015647e161048af90071bbbc9057) Importer(815301076,1909f56bfc062723c751e8b465ee728b)  -> (artifact id: 'de5489d57185004088f8ee0775eb68ec') in 0.015904 seconds
Number of updated asset objects reloaded before import = 0
Number of asset objects unloaded after import = 19
========================================================================
Received Import Request.
  Time since last request: 45.149666 seconds.
  path: Assets/LowPolyNature/Prefabs/Environment/terrain_yellow.prefab
  artifactKey: Guid(e4bdbc0565e646e4290e64200c72e1da) Importer(815301076,1909f56bfc062723c751e8b465ee728b)
Start importing Assets/LowPolyNature/Prefabs/Environment/terrain_yellow.prefab using Guid(e4bdbc0565e646e4290e64200c72e1da) Importer(815301076,1909f56bfc062723c751e8b465ee728b)  -> (artifact id: 'eb344a1dd047b54844b8842e305fb897') in 0.014641 seconds
Number of updated asset objects reloaded before import = 0
Number of asset objects unloaded after import = 10
========================================================================
Received Import Request.
  Time since last request: 0.001519 seconds.
  path: Assets/LowPolyNature/Meshes/terrain_yellow_flat.fbx
  artifactKey: Guid(df149c9eb0bd4974fb592c6557ba62b0) Importer(815301076,1909f56bfc062723c751e8b465ee728b)
Start importing Assets/LowPolyNature/Meshes/terrain_yellow_flat.fbx using Guid(df149c9eb0bd4974fb592c6557ba62b0) Importer(815301076,1909f56bfc062723c751e8b465ee728b)  -> (artifact id: 'fd7bce8f7415dab3bc43ae0e7e2fd410') in 0.017950 seconds
Number of updated asset objects reloaded before import = 0
Number of asset objects unloaded after import = 9
========================================================================
Received Import Request.
  Time since last request: 0.000016 seconds.
  path: Assets/LowPolyNature/Meshes/tree3_wind.fbx
  artifactKey: Guid(e22d39d0a1147bc48b00e8e1a9abbf62) Importer(815301076,1909f56bfc062723c751e8b465ee728b)
Start importing Assets/LowPolyNature/Meshes/tree3_wind.fbx using Guid(e22d39d0a1147bc48b00e8e1a9abbf62) Importer(815301076,1909f56bfc062723c751e8b465ee728b)  -> (artifact id: '50d309850a8a0df6c3b1e5e003e5b9c4') in 0.029984 seconds
Number of updated asset objects reloaded before import = 0
Number of asset objects unloaded after import = 25
========================================================================
Received Import Request.
  Time since last request: 0.000019 seconds.
  path: Assets/LowPolyNature/Meshes/terrain_yellow_hole.fbx
  artifactKey: Guid(f9eb7cf0c1cf2f6449d92d8762f6b524) Importer(815301076,1909f56bfc062723c751e8b465ee728b)
Start importing Assets/LowPolyNature/Meshes/terrain_yellow_hole.fbx using Guid(f9eb7cf0c1cf2f6449d92d8762f6b524) Importer(815301076,1909f56bfc062723c751e8b465ee728b)  -> (artifact id: 'd2c8bb3765c4317aeadbf94bfa57d51c') in 0.021674 seconds
Number of updated asset objects reloaded before import = 0
Number of asset objects unloaded after import = 9
========================================================================
Received Import Request.
  Time since last request: 0.000017 seconds.
  path: Assets/LowPolyNature/Meshes/terrain_yellow_hole_2.fbx
  artifactKey: Guid(449fac014c3c87345a7f5bd866380b43) Importer(815301076,1909f56bfc062723c751e8b465ee728b)
Start importing Assets/LowPolyNature/Meshes/terrain_yellow_hole_2.fbx using Guid(449fac014c3c87345a7f5bd866380b43) Importer(815301076,1909f56bfc062723c751e8b465ee728b)  -> (artifact id: '7e4ae5fbe58724558bb1f8b7ecf06364') in 0.021355 seconds
Number of updated asset objects reloaded before import = 0
Number of asset objects unloaded after import = 9
Editor requested this worker to shutdown with reason: Scaling down because of idle timeout
TcpMessagingSession - receive error: operation aborted. errorcode: 995, details: The I/O operation has been aborted because of either a thread exit or an application request.
AssetImportWorker is now disconnected from the server
Process exiting
Exiting without the bug reporter. Application will terminate with return code 0