Using pre-set license
Built from '2022.3/staging' branch; Version is '2022.3.10f1 (ff3792e53c62) revision 16725906'; Using compiler version '192829333'; Build Type 'Release'
OS: 'Windows 10  (10.0.19045) 64bit Core' Language: 'en' Physical Memory: 16246 MB
BatchMode: 1, IsHumanControllingUs: 0, StartBugReporterOnCrash: 0, Is64bit: 1, IsPro: 1

COMMAND LINE ARGUMENTS:
C:\Program Files\Unity\Hub\Editor\2022.3.10f1\Editor\Unity.exe
-adb2
-batchMode
-noUpm
-name
AssetImportWorker1
-projectPath
C:/Users/Diogo Castelo Branco/Desktop/PirateGameJam/Github/Wizard-LLC
-logFile
Logs/AssetImportWorker1.log
-srvPort
50584
Successfully changed project path to: C:/Users/Diogo Castelo Branco/Desktop/PirateGameJam/Github/Wizard-LLC
C:/Users/Diogo Castelo Branco/Desktop/PirateGameJam/Github/Wizard-LLC
[UnityMemory] Configuration Parameters - Can be set up in boot.config
    "memorysetup-bucket-allocator-granularity=16"
    "memorysetup-bucket-allocator-bucket-count=8"
    "memorysetup-bucket-allocator-block-size=33554432"
    "memorysetup-bucket-allocator-block-count=8"
    "memorysetup-main-allocator-block-size=16777216"
    "memorysetup-thread-allocator-block-size=16777216"
    "memorysetup-gfx-main-allocator-block-size=16777216"
    "memorysetup-gfx-thread-allocator-block-size=16777216"
    "memorysetup-cache-allocator-block-size=4194304"
    "memorysetup-typetree-allocator-block-size=2097152"
    "memorysetup-profiler-bucket-allocator-granularity=16"
    "memorysetup-profiler-bucket-allocator-bucket-count=8"
    "memorysetup-profiler-bucket-allocator-block-size=33554432"
    "memorysetup-profiler-bucket-allocator-block-count=8"
    "memorysetup-profiler-allocator-block-size=16777216"
    "memorysetup-profiler-editor-allocator-block-size=1048576"
    "memorysetup-temp-allocator-size-main=16777216"
    "memorysetup-job-temp-allocator-block-size=2097152"
    "memorysetup-job-temp-allocator-block-size-background=1048576"
    "memorysetup-job-temp-allocator-reduction-small-platforms=262144"
    "memorysetup-allocator-temp-initial-block-size-main=262144"
    "memorysetup-allocator-temp-initial-block-size-worker=262144"
    "memorysetup-temp-allocator-size-background-worker=32768"
    "memorysetup-temp-allocator-size-job-worker=262144"
    "memorysetup-temp-allocator-size-preload-manager=33554432"
    "memorysetup-temp-allocator-size-nav-mesh-worker=65536"
    "memorysetup-temp-allocator-size-audio-worker=65536"
    "memorysetup-temp-allocator-size-cloud-worker=32768"
    "memorysetup-temp-allocator-size-gi-baking-worker=262144"
    "memorysetup-temp-allocator-size-gfx=262144"
Player connection [70792] Host "[IP] 192.168.1.70 [Port] 0 [Flags] 2 [Guid] 1527098285 [EditorId] 1527098285 [Version] 1048832 [Id] WindowsEditor(7,DESKTOP-R82JVO4) [Debug] 1 [PackageName] WindowsEditor [ProjectName] Editor" joined multi-casting on [225.0.0.222:54997]...

Player connection [70792] Host "[IP] 192.168.1.70 [Port] 0 [Flags] 2 [Guid] 1527098285 [EditorId] 1527098285 [Version] 1048832 [Id] WindowsEditor(7,DESKTOP-R82JVO4) [Debug] 1 [PackageName] WindowsEditor [ProjectName] Editor" joined alternative multi-casting on [225.0.0.222:34997]...

[Physics::Module] Initialized MultithreadedJobDispatcher with 7 workers.
Refreshing native plugins compatible for Editor in 18.18 ms, found 3 plugins.
Preloading 0 native plugins for Editor in 0.00 ms.
Initialize engine version: 2022.3.10f1 (ff3792e53c62)
[Subsystems] Discovering subsystems at path C:/Program Files/Unity/Hub/Editor/2022.3.10f1/Editor/Data/Resources/UnitySubsystems
[Subsystems] Discovering subsystems at path C:/Users/Diogo Castelo Branco/Desktop/PirateGameJam/Github/Wizard-LLC/Assets
GfxDevice: creating device client; threaded=0; jobified=0
Direct3D:
    Version:  Direct3D 11.0 [level 11.1]
    Renderer: NVIDIA GeForce RTX 2070 SUPER (ID=0x1e84)
    Vendor:   NVIDIA
    VRAM:     7989 MB
    Driver:   31.0.15.5222
Initialize mono
Mono path[0] = 'C:/Program Files/Unity/Hub/Editor/2022.3.10f1/Editor/Data/Managed'
Mono path[1] = 'C:/Program Files/Unity/Hub/Editor/2022.3.10f1/Editor/Data/MonoBleedingEdge/lib/mono/unityjit-win32'
Mono config path = 'C:/Program Files/Unity/Hub/Editor/2022.3.10f1/Editor/Data/MonoBleedingEdge/etc'
Using monoOptions --debugger-agent=transport=dt_socket,embedding=1,server=y,suspend=n,address=127.0.0.1:56456
Begin MonoManager ReloadAssembly
Registering precompiled unity dll's ...
Register platform support module: C:/Program Files/Unity/Hub/Editor/2022.3.10f1/Editor/Data/PlaybackEngines/WebGLSupport/UnityEditor.WebGL.Extensions.dll
Register platform support module: C:/Program Files/Unity/Hub/Editor/2022.3.10f1/Editor/Data/PlaybackEngines/WindowsStandaloneSupport/UnityEditor.WindowsStandalone.Extensions.dll
Registered in 0.012231 seconds.
- Loaded All Assemblies, in  0.343 seconds
Native extension for WindowsStandalone target not found
Native extension for WebGL target not found
Mono: successfully reloaded assembly
- Finished resetting the current domain, in  0.237 seconds
Domain Reload Profiling: 577ms
	BeginReloadAssembly (106ms)
		ExecutionOrderSort (0ms)
		DisableScriptedObjects (0ms)
		BackupInstance (0ms)
		ReleaseScriptingObjects (0ms)
		CreateAndSetChildDomain (1ms)
	RebuildCommonClasses (32ms)
	RebuildNativeTypeToScriptingClass (10ms)
	initialDomainReloadingComplete (62ms)
	LoadAllAssembliesAndSetupDomain (131ms)
		LoadAssemblies (103ms)
		RebuildTransferFunctionScriptingTraits (0ms)
		AnalyzeDomain (129ms)
			TypeCache.Refresh (128ms)
				TypeCache.ScanAssembly (116ms)
			ScanForSourceGeneratedMonoScriptInfo (0ms)
			ResolveRequiredComponents (0ms)
	FinalizeReload (237ms)
		ReleaseScriptCaches (0ms)
		RebuildScriptCaches (0ms)
		SetupLoadedEditorAssemblies (183ms)
			LogAssemblyErrors (0ms)
			InitializePlatformSupportModulesInManaged (11ms)
			SetLoadedEditorAssemblies (5ms)
			RefreshPlugins (0ms)
			BeforeProcessingInitializeOnLoad (2ms)
			ProcessInitializeOnLoadAttributes (118ms)
			ProcessInitializeOnLoadMethodAttributes (47ms)
			AfterProcessingInitializeOnLoad (0ms)
			EditorAssembliesLoaded (0ms)
		ExecutionOrderSort2 (0ms)
		AwakeInstancesAfterBackupRestoration (0ms)
========================================================================
Worker process is ready to serve import requests
Begin MonoManager ReloadAssembly
Symbol file LoadedFromMemory is not a mono symbol file
- Loaded All Assemblies, in  0.729 seconds
Refreshing native plugins compatible for Editor in 11.10 ms, found 3 plugins.
Native extension for WindowsStandalone target not found
Native extension for WebGL target not found
System.Exception: Error! Visual Scripting: couldn't find visual scripting package
  at Unity.VisualScripting.PackageVersionUtility.get_version () [0x00043] in .\Library\PackageCache\com.unity.visualscripting@1.9.0\Editor\VisualScripting.Core\Utilities\PackageVersionUtility.cs:31 
  at Unity.VisualScripting.BoltCoreManifest.get_version () [0x00000] in .\Library\PackageCache\com.unity.visualscripting@1.9.0\Editor\VisualScripting.Core\Plugin\BoltCoreManifest.cs:11 
  at Unity.VisualScripting.PluginManifest.get_currentVersion () [0x00000] in .\Library\PackageCache\com.unity.visualscripting@1.9.0\Editor\VisualScripting.Core\Plugins\PluginManifest.cs:33 
  at Unity.VisualScripting.PluginManifest.get_versionMismatch () [0x00000] in .\Library\PackageCache\com.unity.visualscripting@1.9.0\Editor\VisualScripting.Core\Plugins\PluginManifest.cs:48 
  at Unity.VisualScripting.PluginContainer.Initialize () [0x00525] in .\Library\PackageCache\com.unity.visualscripting@1.9.0\Editor\VisualScripting.Core\Plugins\PluginContainer.cs:208 
  at Unity.VisualScripting.PluginContainer.InitializeOnLoad () [0x00009] in .\Library\PackageCache\com.unity.visualscripting@1.9.0\Editor\VisualScripting.Core\Plugins\PluginContainer.cs:32 
  at Unity.VisualScripting.VSUsageUtility.DoInitializeOnLoadCalls () [0x00034] in .\Library\PackageCache\com.unity.visualscripting@1.9.0\Editor\VisualScripting.Core\Utilities\VSUsageUtility.cs:76 
  at Unity.VisualScripting.VSUsageUtility.set_isVisualScriptingUsed (System.Boolean value) [0x0002c] in .\Library\PackageCache\com.unity.visualscripting@1.9.0\Editor\VisualScripting.Core\Utilities\VSUsageUtility.cs:114 
  at Unity.VisualScripting.VSUsageUtility.CheckAndSetIsVisualScriptingUsed () [0x00032] in .\Library\PackageCache\com.unity.visualscripting@1.9.0\Editor\VisualScripting.Core\Utilities\VSUsageUtility.cs:48 
  at Unity.VisualScripting.VSUsageUtility..cctor () [0x00000] in .\Library\PackageCache\com.unity.visualscripting@1.9.0\Editor\VisualScripting.Core\Utilities\VSUsageUtility.cs:22 
UnityEngine.StackTraceUtility:ExtractStackTrace ()
UnityEngine.DebugLogHandler:LogFormat (UnityEngine.LogType,UnityEngine.Object,string,object[])
UnityEngine.Logger:Log (UnityEngine.LogType,object)
UnityEngine.Debug:LogError (object)
UnityEditor.EditorAssemblies:ProcessInitializeOnLoadAttributes (System.Type[])

Package Manager log level set to [2]
[Package Manager] Server::EnsureServerProcessIsRunning -- launch failed, reason: Unity was launched with the -noUpm command-line argument
[Package Manager] UpmClient::Send -- Unable to send message (not connected to UPM process).
[Package Manager] Cannot connect to Unity Package Manager local server
Mono: successfully reloaded assembly
- Finished resetting the current domain, in  1.214 seconds
Domain Reload Profiling: 1938ms
	BeginReloadAssembly (139ms)
		ExecutionOrderSort (0ms)
		DisableScriptedObjects (5ms)
		BackupInstance (0ms)
		ReleaseScriptingObjects (0ms)
		CreateAndSetChildDomain (21ms)
	RebuildCommonClasses (32ms)
	RebuildNativeTypeToScriptingClass (10ms)
	initialDomainReloadingComplete (43ms)
	LoadAllAssembliesAndSetupDomain (498ms)
		LoadAssemblies (354ms)
		RebuildTransferFunctionScriptingTraits (0ms)
		AnalyzeDomain (224ms)
			TypeCache.Refresh (192ms)
				TypeCache.ScanAssembly (174ms)
			ScanForSourceGeneratedMonoScriptInfo (26ms)
			ResolveRequiredComponents (5ms)
	FinalizeReload (1214ms)
		ReleaseScriptCaches (0ms)
		RebuildScriptCaches (0ms)
		SetupLoadedEditorAssemblies (1036ms)
			LogAssemblyErrors (0ms)
			InitializePlatformSupportModulesInManaged (9ms)
			SetLoadedEditorAssemblies (3ms)
			RefreshPlugins (0ms)
			BeforeProcessingInitializeOnLoad (87ms)
			ProcessInitializeOnLoadAttributes (801ms)
			ProcessInitializeOnLoadMethodAttributes (127ms)
			AfterProcessingInitializeOnLoad (10ms)
			EditorAssembliesLoaded (0ms)
		ExecutionOrderSort2 (0ms)
		AwakeInstancesAfterBackupRestoration (6ms)
Launched and connected shader compiler UnityShaderCompiler.exe after 0.04 seconds
Refreshing native plugins compatible for Editor in 10.49 ms, found 3 plugins.
Preloading 0 native plugins for Editor in 0.00 ms.
Unloading 5315 Unused Serialized files (Serialized files now loaded: 0)
Unloading 86 unused Assets / (1.6 MB). Loaded Objects now: 5741.
Memory consumption went from 185.4 MB to 183.9 MB.
Total: 14.537700 ms (FindLiveObjects: 0.373200 ms CreateObjectMapping: 0.422400 ms MarkObjects: 13.272100 ms  DeleteObjects: 0.469200 ms)

AssetImportParameters requested are different than current active one (requested -> active):
  custom:container-demuxer-ogg: 62fdf1f143b41e24485cea50d1cbac27 -> 
  custom:video-decoder-ogg-theora: a1e56fd34408186e4bbccfd4996cb3dc -> 
  custom:framework-win-MediaFoundation: 216162199b28c13a410421893ffa2e32 -> 
  custom:CustomObjectIndexerAttribute: 756ad292c208cfabdd7b50bc23989ffe -> 
  custom:container-demuxer-webm: 4f35f7cbe854078d1ac9338744f61a02 -> 
  custom:container-muxer-webm: aa71ff27fc2769a1b78a27578f13a17b -> 
  custom:video-decoder-webm-vp8: 9c59270c3fd7afecdb556c50c9e8de78 -> 
  custom:SearchIndexIgnoredProperties: e643bd26f0fe6173181afceb89e7c659 -> 
  custom:AudioImporter_EditorPlatform: d09bf68614088b80899f8185d706f6e7 -> 
  custom:video-encoder-webm-vp8: eb34c28f22e8b96e1ab97ce403110664 -> 
  custom:audio-decoder-ogg-vorbis: bf7c407c2cedff20999df2af8eb42d56 -> 
  custom:audio-encoder-webm-vorbis: bf7c407c2cedff20999df2af8eb42d56 -> 
========================================================================
Received Import Request.
  Time since last request: 1605093.439914 seconds.
  path: Assets/Uwoopsies/Goblin/Models
  artifactKey: Guid(024fd651df83bc44d88b4f6152b6347b) Importer(815301076,1909f56bfc062723c751e8b465ee728b)
Start importing Assets/Uwoopsies/Goblin/Models using Guid(024fd651df83bc44d88b4f6152b6347b) Importer(815301076,1909f56bfc062723c751e8b465ee728b)  -> (artifact id: 'a16b9edc76fb832b2affe522924c9e00') in 0.001920 seconds
Number of updated asset objects reloaded before import = 0
Number of asset objects unloaded after import = 0
========================================================================
Received Import Request.
  Time since last request: 80.246563 seconds.
  path: Assets/CB/Environment Materials/M_EnvironmentWood.mat
  artifactKey: Guid(5b248106b07713b448ea9b4d00b38b22) Importer(815301076,1909f56bfc062723c751e8b465ee728b)
Start importing Assets/CB/Environment Materials/M_EnvironmentWood.mat using Guid(5b248106b07713b448ea9b4d00b38b22) Importer(815301076,1909f56bfc062723c751e8b465ee728b)  -> (artifact id: '3ede2bb94b45f6c7d2beeb95bf1c6a2a') in 0.222557 seconds
Number of updated asset objects reloaded before import = 0
Number of asset objects unloaded after import = 4
========================================================================
Received Import Request.
  Time since last request: 0.000017 seconds.
  path: Assets/CB/Assets/Lantern/M_Lantern.mat
  artifactKey: Guid(6bea20d347dd7524095edd90b8e8136e) Importer(815301076,1909f56bfc062723c751e8b465ee728b)
Start importing Assets/CB/Assets/Lantern/M_Lantern.mat using Guid(6bea20d347dd7524095edd90b8e8136e) Importer(815301076,1909f56bfc062723c751e8b465ee728b)  -> (artifact id: '52b085dd103ccc73e70e14a8c3b4114b') in 0.020987 seconds
Number of updated asset objects reloaded before import = 0
Number of asset objects unloaded after import = 5
========================================================================
Received Import Request.
  Time since last request: 0.000164 seconds.
  path: Assets/Uwoopsies/Materials/Portraits/Materials/Painting1 2.mat
  artifactKey: Guid(1d363a2a3d96461489bb853628c2ce2d) Importer(815301076,1909f56bfc062723c751e8b465ee728b)
Start importing Assets/Uwoopsies/Materials/Portraits/Materials/Painting1 2.mat using Guid(1d363a2a3d96461489bb853628c2ce2d) Importer(815301076,1909f56bfc062723c751e8b465ee728b)  -> (artifact id: 'ffb4f96311f8818e4735f81eed5f6e2d') in 0.016082 seconds
Number of updated asset objects reloaded before import = 0
Number of asset objects unloaded after import = 2
========================================================================
Received Import Request.
  Time since last request: 0.000015 seconds.
  path: Assets/Dominik/Material/M_Small-Wardrobe.mat
  artifactKey: Guid(7b95feae70b9c2b44ad524a457d49b5c) Importer(815301076,1909f56bfc062723c751e8b465ee728b)
Start importing Assets/Dominik/Material/M_Small-Wardrobe.mat using Guid(7b95feae70b9c2b44ad524a457d49b5c) Importer(815301076,1909f56bfc062723c751e8b465ee728b)  -> (artifact id: '47635440780937e9f456dd9cf499b199') in 0.020522 seconds
Number of updated asset objects reloaded before import = 0
Number of asset objects unloaded after import = 6
========================================================================
Received Import Request.
  Time since last request: 0.000013 seconds.
  path: Assets/CB/Assets/Props/Batch2/Textures/M_OldClock.mat
  artifactKey: Guid(55676d38d7e035f48b36ca14b5403c0f) Importer(815301076,1909f56bfc062723c751e8b465ee728b)
Start importing Assets/CB/Assets/Props/Batch2/Textures/M_OldClock.mat using Guid(55676d38d7e035f48b36ca14b5403c0f) Importer(815301076,1909f56bfc062723c751e8b465ee728b)  -> (artifact id: '57ed94fea1d84670c0849e97f571fbbb') in 0.018152 seconds
Number of updated asset objects reloaded before import = 0
Number of asset objects unloaded after import = 6
========================================================================
Received Import Request.
  Time since last request: 0.000012 seconds.
  path: Assets/Dominik/Material/M_Wardrobe.mat
  artifactKey: Guid(1e050a3b45ea1444f99e7782daa41e87) Importer(815301076,1909f56bfc062723c751e8b465ee728b)
Start importing Assets/Dominik/Material/M_Wardrobe.mat using Guid(1e050a3b45ea1444f99e7782daa41e87) Importer(815301076,1909f56bfc062723c751e8b465ee728b)  -> (artifact id: 'aa84a2e5a7220bcffbcfc920ab55dff1') in 0.016292 seconds
Number of updated asset objects reloaded before import = 0
Number of asset objects unloaded after import = 6
========================================================================
Received Import Request.
  Time since last request: 0.000017 seconds.
  path: Assets/Dominik/Material/Metallic.mat
  artifactKey: Guid(2c1d59ff5276b004b8e203154ed25eb3) Importer(815301076,1909f56bfc062723c751e8b465ee728b)
Start importing Assets/Dominik/Material/Metallic.mat using Guid(2c1d59ff5276b004b8e203154ed25eb3) Importer(815301076,1909f56bfc062723c751e8b465ee728b)  -> (artifact id: '04eb31cdb23793d2d240046c92d74147') in 0.018018 seconds
Number of updated asset objects reloaded before import = 0
Number of asset objects unloaded after import = 6
========================================================================
Received Import Request.
  Time since last request: 0.000018 seconds.
  path: Assets/Uwoopsies/Materials/M_Portrait.mat
  artifactKey: Guid(d4191787a3d50c64f8ff1396117c7f01) Importer(815301076,1909f56bfc062723c751e8b465ee728b)
Start importing Assets/Uwoopsies/Materials/M_Portrait.mat using Guid(d4191787a3d50c64f8ff1396117c7f01) Importer(815301076,1909f56bfc062723c751e8b465ee728b)  -> (artifact id: '5a722a06d344f39011f347250ca883ab') in 0.017227 seconds
Number of updated asset objects reloaded before import = 0
Number of asset objects unloaded after import = 6
========================================================================
Received Import Request.
  Time since last request: 0.000018 seconds.
  path: Assets/Uwoopsies/Materials/Portraits/Materials/Painting2 4.mat
  artifactKey: Guid(ea34beee48ab94b42bca49ad95a4b37b) Importer(815301076,1909f56bfc062723c751e8b465ee728b)
Start importing Assets/Uwoopsies/Materials/Portraits/Materials/Painting2 4.mat using Guid(ea34beee48ab94b42bca49ad95a4b37b) Importer(815301076,1909f56bfc062723c751e8b465ee728b)  -> (artifact id: 'e69e3e3d2af38966225b224e0b1283b5') in 0.012387 seconds
Number of updated asset objects reloaded before import = 0
Number of asset objects unloaded after import = 2
========================================================================
Received Import Request.
  Time since last request: 0.000013 seconds.
  path: Assets/Uwoopsies/Materials/Portraits/Materials/Painting1 1.mat
  artifactKey: Guid(f85471e74dd53584fbb6a0e33940c98c) Importer(815301076,1909f56bfc062723c751e8b465ee728b)
Start importing Assets/Uwoopsies/Materials/Portraits/Materials/Painting1 1.mat using Guid(f85471e74dd53584fbb6a0e33940c98c) Importer(815301076,1909f56bfc062723c751e8b465ee728b)  -> (artifact id: 'd87b38647b2398199ee0af1071f302db') in 0.012162 seconds
Number of updated asset objects reloaded before import = 0
Number of asset objects unloaded after import = 2
========================================================================
Received Import Request.
  Time since last request: 0.000013 seconds.
  path: Assets/CB/Assets/Props/Batch2/Textures/M_Toilet.mat
  artifactKey: Guid(616a41bb6c43b084ebf68d350b9bd76a) Importer(815301076,1909f56bfc062723c751e8b465ee728b)
Start importing Assets/CB/Assets/Props/Batch2/Textures/M_Toilet.mat using Guid(616a41bb6c43b084ebf68d350b9bd76a) Importer(815301076,1909f56bfc062723c751e8b465ee728b)  -> (artifact id: '5f4ad1253c1c947f801a6cbe37f2f483') in 0.015052 seconds
Number of updated asset objects reloaded before import = 0
Number of asset objects unloaded after import = 6
========================================================================
Received Import Request.
  Time since last request: 2.776011 seconds.
  path: Assets/Uwoopsies/Materials/LoosePaperTexture2.mat
  artifactKey: Guid(2ee09cb41d9443f4fbd9046422fa7688) Importer(815301076,1909f56bfc062723c751e8b465ee728b)
Start importing Assets/Uwoopsies/Materials/LoosePaperTexture2.mat using Guid(2ee09cb41d9443f4fbd9046422fa7688) Importer(815301076,1909f56bfc062723c751e8b465ee728b)  -> (artifact id: '2dbb2cd17df7f68f73bf35596fffb300') in 0.011065 seconds
Number of updated asset objects reloaded before import = 0
Number of asset objects unloaded after import = 2
========================================================================
Received Import Request.
  Time since last request: 0.000012 seconds.
  path: Assets/Dominik/Material/M_Book01.mat
  artifactKey: Guid(1f880ff34324d454285a9c7add7d6fd6) Importer(815301076,1909f56bfc062723c751e8b465ee728b)
Start importing Assets/Dominik/Material/M_Book01.mat using Guid(1f880ff34324d454285a9c7add7d6fd6) Importer(815301076,1909f56bfc062723c751e8b465ee728b)  -> (artifact id: '3464df78737cbfce3f25a76d339a8b55') in 0.016388 seconds
Number of updated asset objects reloaded before import = 0
Number of asset objects unloaded after import = 5
========================================================================
Received Import Request.
  Time since last request: 0.000012 seconds.
  path: Assets/Dominik/Material/M_Bedside-Table.mat
  artifactKey: Guid(0b4a824800f55d14ab7258e2e302baa1) Importer(815301076,1909f56bfc062723c751e8b465ee728b)
Start importing Assets/Dominik/Material/M_Bedside-Table.mat using Guid(0b4a824800f55d14ab7258e2e302baa1) Importer(815301076,1909f56bfc062723c751e8b465ee728b)  -> (artifact id: 'f19d4ffb3e763f67139ccf28f3f108ee') in 0.020306 seconds
Number of updated asset objects reloaded before import = 0
Number of asset objects unloaded after import = 6
========================================================================
Received Import Request.
  Time since last request: 0.000015 seconds.
  path: Assets/Dominik/Material/M_Closed01.mat
  artifactKey: Guid(829a19acd019f4c4a9537b7814dccae6) Importer(815301076,1909f56bfc062723c751e8b465ee728b)
Start importing Assets/Dominik/Material/M_Closed01.mat using Guid(829a19acd019f4c4a9537b7814dccae6) Importer(815301076,1909f56bfc062723c751e8b465ee728b)  -> (artifact id: 'b6cc6ff487f8341d838c9ab6bf018354') in 0.017089 seconds
Number of updated asset objects reloaded before import = 0
Number of asset objects unloaded after import = 6
========================================================================
Received Import Request.
  Time since last request: 0.000019 seconds.
  path: Assets/Dominik/Material/M_Closed02.mat
  artifactKey: Guid(20bbce39a8eeaf74197f4877bad690d7) Importer(815301076,1909f56bfc062723c751e8b465ee728b)
Start importing Assets/Dominik/Material/M_Closed02.mat using Guid(20bbce39a8eeaf74197f4877bad690d7) Importer(815301076,1909f56bfc062723c751e8b465ee728b)  -> (artifact id: '74f83e0db5c00153e521babfea4d33cf') in 0.016414 seconds
Number of updated asset objects reloaded before import = 0
Number of asset objects unloaded after import = 6
========================================================================
Received Import Request.
  Time since last request: 0.000015 seconds.
  path: Assets/CB/Environment Materials/M_EnvironmentBasementFloor.mat
  artifactKey: Guid(fb99765a003b3c04696de0520bbfb142) Importer(815301076,1909f56bfc062723c751e8b465ee728b)
Start importing Assets/CB/Environment Materials/M_EnvironmentBasementFloor.mat using Guid(fb99765a003b3c04696de0520bbfb142) Importer(815301076,1909f56bfc062723c751e8b465ee728b)  -> (artifact id: 'c38e6d75189f9b80b92a342aa3d2072b') in 0.014960 seconds
Number of updated asset objects reloaded before import = 0
Number of asset objects unloaded after import = 8
========================================================================
Received Import Request.
  Time since last request: 0.000026 seconds.
  path: Assets/Dominik/Material/M_Bookshelf02.mat
  artifactKey: Guid(ac23327950ca810468ef653632a666f5) Importer(815301076,1909f56bfc062723c751e8b465ee728b)
Start importing Assets/Dominik/Material/M_Bookshelf02.mat using Guid(ac23327950ca810468ef653632a666f5) Importer(815301076,1909f56bfc062723c751e8b465ee728b)  -> (artifact id: '4336a41580da7f5d9848c5fdfcc51d35') in 0.014356 seconds
Number of updated asset objects reloaded before import = 0
Number of asset objects unloaded after import = 5
========================================================================
Received Import Request.
  Time since last request: 0.000018 seconds.
  path: Assets/Dominik/Material/M_Book002.mat
  artifactKey: Guid(9936c55512223d047ae7d9cd29703c1f) Importer(815301076,1909f56bfc062723c751e8b465ee728b)
Start importing Assets/Dominik/Material/M_Book002.mat using Guid(9936c55512223d047ae7d9cd29703c1f) Importer(815301076,1909f56bfc062723c751e8b465ee728b)  -> (artifact id: '16e91056f94e96fe5c75bc54b238e6d9') in 0.014741 seconds
Number of updated asset objects reloaded before import = 0
Number of asset objects unloaded after import = 5
========================================================================
Received Import Request.
  Time since last request: 0.386436 seconds.
  path: Assets/Uwoopsies/LoosePapers_Desk.fbx
  artifactKey: Guid(07a59b16769cffa43bfb39a556ad09fc) Importer(815301076,1909f56bfc062723c751e8b465ee728b)
Start importing Assets/Uwoopsies/LoosePapers_Desk.fbx using Guid(07a59b16769cffa43bfb39a556ad09fc) Importer(815301076,1909f56bfc062723c751e8b465ee728b)  -> (artifact id: 'f587d153d37dc87a4ee7b269e89f7d5b') in 0.122781 seconds
Number of updated asset objects reloaded before import = 0
Number of asset objects unloaded after import = 55
========================================================================
Received Import Request.
  Time since last request: 0.000019 seconds.
  path: Assets/Dominik/Material/Dirty Glass.mat
  artifactKey: Guid(5226450e7f5e2114583c3e09eae4f863) Importer(815301076,1909f56bfc062723c751e8b465ee728b)
Start importing Assets/Dominik/Material/Dirty Glass.mat using Guid(5226450e7f5e2114583c3e09eae4f863) Importer(815301076,1909f56bfc062723c751e8b465ee728b)  -> (artifact id: '60e9ef78fc6c70778f58d1063f7edd68') in 0.019608 seconds
Number of updated asset objects reloaded before import = 0
Number of asset objects unloaded after import = 6
========================================================================
Received Import Request.
  Time since last request: 275.810652 seconds.
  path: Assets/Dominik/Material/Textures/Bookshelf01/Furniture-Pack_Bookshelf-01_Normal.png
  artifactKey: Guid(7bed9d8c1af987a40b14a5f20d7fcf12) Importer(815301076,1909f56bfc062723c751e8b465ee728b)
Start importing Assets/Dominik/Material/Textures/Bookshelf01/Furniture-Pack_Bookshelf-01_Normal.png using Guid(7bed9d8c1af987a40b14a5f20d7fcf12) Importer(815301076,1909f56bfc062723c751e8b465ee728b)  -> (artifact id: 'e3f6ff0bb9aa53df7fa571c57a15db68') in 0.060181 seconds
Number of updated asset objects reloaded before import = 0
Number of asset objects unloaded after import = 2
========================================================================
Received Import Request.
  Time since last request: 0.000019 seconds.
  path: Assets/Dominik/Material/Textures/Closed01/Furniture-Pack_Closed-01_Normal.png
  artifactKey: Guid(b01dc212515289f499c60f75f2811dce) Importer(815301076,1909f56bfc062723c751e8b465ee728b)
Start importing Assets/Dominik/Material/Textures/Closed01/Furniture-Pack_Closed-01_Normal.png using Guid(b01dc212515289f499c60f75f2811dce) Importer(815301076,1909f56bfc062723c751e8b465ee728b)  -> (artifact id: '560029cab43f3fb1cafd5029ce002a94') in 0.021697 seconds
Number of updated asset objects reloaded before import = 0
Number of asset objects unloaded after import = 2
========================================================================
Received Import Request.
  Time since last request: 0.000015 seconds.
  path: Assets/Dominik/Material/Textures/Medieval-Metal/Test-Plane_DefaultMaterial_Normal.png
  artifactKey: Guid(a982700f4684c0847a38e40556d5a36f) Importer(815301076,1909f56bfc062723c751e8b465ee728b)
Start importing Assets/Dominik/Material/Textures/Medieval-Metal/Test-Plane_DefaultMaterial_Normal.png using Guid(a982700f4684c0847a38e40556d5a36f) Importer(815301076,1909f56bfc062723c751e8b465ee728b)  -> (artifact id: 'ba15b0be8d8a59655d65435a90172acb') in 0.019404 seconds
Number of updated asset objects reloaded before import = 0
Number of asset objects unloaded after import = 2
========================================================================
Received Import Request.
  Time since last request: 0.000016 seconds.
  path: Assets/Uwoopsies/Materials/Portraits/Painting8.png
  artifactKey: Guid(7a5f6494edadc6d4f875084ee0a0d8ea) Importer(815301076,1909f56bfc062723c751e8b465ee728b)
Start importing Assets/Uwoopsies/Materials/Portraits/Painting8.png using Guid(7a5f6494edadc6d4f875084ee0a0d8ea) Importer(815301076,1909f56bfc062723c751e8b465ee728b)  -> (artifact id: '88091a400dacbd4b8c9a8af6454855bc') in 0.021250 seconds
Number of updated asset objects reloaded before import = 0
Number of asset objects unloaded after import = 2
========================================================================
Received Import Request.
  Time since last request: 0.000014 seconds.
  path: Assets/Uwoopsies/Materials/Rug_Texture/Rug2.png
  artifactKey: Guid(44da7a9789979c341a3ac0b806b1d801) Importer(815301076,1909f56bfc062723c751e8b465ee728b)
Start importing Assets/Uwoopsies/Materials/Rug_Texture/Rug2.png using Guid(44da7a9789979c341a3ac0b806b1d801) Importer(815301076,1909f56bfc062723c751e8b465ee728b)  -> (artifact id: 'ef06aced5bae78441038d280a8ee73ec') in 0.018933 seconds
Number of updated asset objects reloaded before import = 0
Number of asset objects unloaded after import = 2
========================================================================
Received Import Request.
  Time since last request: 0.000020 seconds.
  path: Assets/LowPolyNature/Img/key.psd
  artifactKey: Guid(f3c11ecf57e990043a9bcd79ee4528f2) Importer(815301076,1909f56bfc062723c751e8b465ee728b)
Start importing Assets/LowPolyNature/Img/key.psd using Guid(f3c11ecf57e990043a9bcd79ee4528f2) Importer(815301076,1909f56bfc062723c751e8b465ee728b)  -> (artifact id: '18a84245e2a33504417af9a95599eb81') in 0.030601 seconds
Number of updated asset objects reloaded before import = 0
Number of asset objects unloaded after import = 3
========================================================================
Received Import Request.
  Time since last request: 0.000033 seconds.
  path: Assets/Dominik/Material/Textures/Chair/Furniture-Pack_Chair_Normal.png
  artifactKey: Guid(081fb97ff8dad8441bf0313ce6f1014e) Importer(815301076,1909f56bfc062723c751e8b465ee728b)
Start importing Assets/Dominik/Material/Textures/Chair/Furniture-Pack_Chair_Normal.png using Guid(081fb97ff8dad8441bf0313ce6f1014e) Importer(815301076,1909f56bfc062723c751e8b465ee728b)  -> (artifact id: '824c5fbe9b492b7994b5a588c1930c5c') in 0.020831 seconds
Number of updated asset objects reloaded before import = 0
Number of asset objects unloaded after import = 2
========================================================================
Received Import Request.
  Time since last request: 0.000022 seconds.
  path: Assets/Uwoopsies/LoosePaperTexture1.png
  artifactKey: Guid(6d4e373c209f56b42b8a592343996a52) Importer(815301076,1909f56bfc062723c751e8b465ee728b)
Start importing Assets/Uwoopsies/LoosePaperTexture1.png using Guid(6d4e373c209f56b42b8a592343996a52) Importer(815301076,1909f56bfc062723c751e8b465ee728b)  -> (artifact id: '8d6548c9179e77f3bbd7e1c58f2331b0') in 0.019149 seconds
Number of updated asset objects reloaded before import = 0
Number of asset objects unloaded after import = 2
========================================================================
Received Import Request.
  Time since last request: 0.000017 seconds.
  path: Assets/LowPolyNature/Img/White.psd
  artifactKey: Guid(05ac29d8d8743024e816505fb8aab75b) Importer(815301076,1909f56bfc062723c751e8b465ee728b)
Start importing Assets/LowPolyNature/Img/White.psd using Guid(05ac29d8d8743024e816505fb8aab75b) Importer(815301076,1909f56bfc062723c751e8b465ee728b)  -> (artifact id: 'ed7735b9381e3de14564e9b3a530d08c') in 0.020254 seconds
Number of updated asset objects reloaded before import = 0
Number of asset objects unloaded after import = 3
========================================================================
Received Import Request.
  Time since last request: 0.000013 seconds.
  path: Assets/Uwoopsies/Materials/Portraits/Painting9.png
  artifactKey: Guid(ff4ad65732c2e6b49a6e4484db15f004) Importer(815301076,1909f56bfc062723c751e8b465ee728b)
Start importing Assets/Uwoopsies/Materials/Portraits/Painting9.png using Guid(ff4ad65732c2e6b49a6e4484db15f004) Importer(815301076,1909f56bfc062723c751e8b465ee728b)  -> (artifact id: '7564cf0dc1cf6707796e20e10a52dd12') in 0.020696 seconds
Number of updated asset objects reloaded before import = 0
Number of asset objects unloaded after import = 2
========================================================================
Received Import Request.
  Time since last request: 0.000015 seconds.
  path: Assets/Dominik/Material/Textures/Glass/Test-Plane_DefaultMaterial_Normal.png
  artifactKey: Guid(d816ac10f0f957e419836a563a4a5c12) Importer(815301076,1909f56bfc062723c751e8b465ee728b)
Start importing Assets/Dominik/Material/Textures/Glass/Test-Plane_DefaultMaterial_Normal.png using Guid(d816ac10f0f957e419836a563a4a5c12) Importer(815301076,1909f56bfc062723c751e8b465ee728b)  -> (artifact id: 'd2f910740b93705d7d6fcc61230c5903') in 0.022101 seconds
Number of updated asset objects reloaded before import = 0
Number of asset objects unloaded after import = 2
========================================================================
Received Import Request.
  Time since last request: 0.000014 seconds.
  path: Assets/Uwoopsies/Materials/Portraits/Painting5.png
  artifactKey: Guid(f575696f9ae3e5346b6c6d4d59a83531) Importer(815301076,1909f56bfc062723c751e8b465ee728b)
Start importing Assets/Uwoopsies/Materials/Portraits/Painting5.png using Guid(f575696f9ae3e5346b6c6d4d59a83531) Importer(815301076,1909f56bfc062723c751e8b465ee728b)  -> (artifact id: '387200263e50952dbad11441756615b7') in 0.020844 seconds
Number of updated asset objects reloaded before import = 0
Number of asset objects unloaded after import = 2
========================================================================
Received Import Request.
  Time since last request: 0.000012 seconds.
  path: Assets/Uwoopsies/Materials/Portraits/Painting2.png
  artifactKey: Guid(04a60085b9d822b43835e207a2ffc89c) Importer(815301076,1909f56bfc062723c751e8b465ee728b)
Start importing Assets/Uwoopsies/Materials/Portraits/Painting2.png using Guid(04a60085b9d822b43835e207a2ffc89c) Importer(815301076,1909f56bfc062723c751e8b465ee728b)  -> (artifact id: '201f47ddd3e9c4756a3dbd952d5b0c67') in 0.019129 seconds
Number of updated asset objects reloaded before import = 0
Number of asset objects unloaded after import = 2
========================================================================
Received Import Request.
  Time since last request: 0.000013 seconds.
  path: Assets/Uwoopsies/Materials/Portraits/Painting6.png
  artifactKey: Guid(5d1cdf7b0edbd034486024233fdd7c0d) Importer(815301076,1909f56bfc062723c751e8b465ee728b)
Start importing Assets/Uwoopsies/Materials/Portraits/Painting6.png using Guid(5d1cdf7b0edbd034486024233fdd7c0d) Importer(815301076,1909f56bfc062723c751e8b465ee728b)  -> (artifact id: '0d20fd6e9934122d098d8869b641ca03') in 0.019659 seconds
Number of updated asset objects reloaded before import = 0
Number of asset objects unloaded after import = 2
========================================================================
Received Import Request.
  Time since last request: 0.000015 seconds.
  path: Assets/Dominik/Material/Textures/Closed01/Furniture-Pack_Closed-01_ORM.png
  artifactKey: Guid(764897475cb8bd34c8da5885587b13fe) Importer(815301076,1909f56bfc062723c751e8b465ee728b)
Start importing Assets/Dominik/Material/Textures/Closed01/Furniture-Pack_Closed-01_ORM.png using Guid(764897475cb8bd34c8da5885587b13fe) Importer(815301076,1909f56bfc062723c751e8b465ee728b)  -> (artifact id: '8ba75e54d72f286e9bebb1e3ed5d25eb') in 0.020689 seconds
Number of updated asset objects reloaded before import = 0
Number of asset objects unloaded after import = 2
========================================================================
Received Import Request.
  Time since last request: 0.000022 seconds.
  path: Assets/Uwoopsies/TheWizard_Normal.png
  artifactKey: Guid(2010a04b139008a479c177006ffd88ab) Importer(815301076,1909f56bfc062723c751e8b465ee728b)
Start importing Assets/Uwoopsies/TheWizard_Normal.png using Guid(2010a04b139008a479c177006ffd88ab) Importer(815301076,1909f56bfc062723c751e8b465ee728b)  -> (artifact id: '34875d9009674097d5f9045046d34ad6') in 0.025768 seconds
Number of updated asset objects reloaded before import = 0
Number of asset objects unloaded after import = 2
========================================================================
Received Import Request.
  Time since last request: 0.000015 seconds.
  path: Assets/Dominik/Material/Textures/Chair/Furniture-Pack_Chair_ORM.png
  artifactKey: Guid(fb67e86d059dbcd458e82d3d462e4bfc) Importer(815301076,1909f56bfc062723c751e8b465ee728b)
Start importing Assets/Dominik/Material/Textures/Chair/Furniture-Pack_Chair_ORM.png using Guid(fb67e86d059dbcd458e82d3d462e4bfc) Importer(815301076,1909f56bfc062723c751e8b465ee728b)  -> (artifact id: '4fe1283584fa2b258b84e4f68277148d') in 0.022076 seconds
Number of updated asset objects reloaded before import = 0
Number of asset objects unloaded after import = 2
========================================================================
Received Import Request.
  Time since last request: 0.000016 seconds.
  path: Assets/CB/Assets/Glass/Glass_normal.png
  artifactKey: Guid(703a1e7adc1bb5d4fbe8196d6fcbe67a) Importer(815301076,1909f56bfc062723c751e8b465ee728b)
Start importing Assets/CB/Assets/Glass/Glass_normal.png using Guid(703a1e7adc1bb5d4fbe8196d6fcbe67a) Importer(815301076,1909f56bfc062723c751e8b465ee728b)  -> (artifact id: '065628d4140bb8845431318d6f7ff22c') in 0.027178 seconds
Number of updated asset objects reloaded before import = 0
Number of asset objects unloaded after import = 2
========================================================================
Received Import Request.
  Time since last request: 0.903605 seconds.
  path: Assets/CB/Assets/Props/Batch2/Textures/Batch2_Toilet_OcclusionRoughnessMetallic.png
  artifactKey: Guid(1fdaeac4505a29246b0a80e968e52728) Importer(815301076,1909f56bfc062723c751e8b465ee728b)
Start importing Assets/CB/Assets/Props/Batch2/Textures/Batch2_Toilet_OcclusionRoughnessMetallic.png using Guid(1fdaeac4505a29246b0a80e968e52728) Importer(815301076,1909f56bfc062723c751e8b465ee728b)  -> (artifact id: '37b6cd7d0920ad48b186b75c2a3cb295') in 0.022024 seconds
Number of updated asset objects reloaded before import = 0
Number of asset objects unloaded after import = 2
========================================================================
Received Import Request.
  Time since last request: 0.000172 seconds.
  path: Assets/LowPolyNature/Img/Border.psd
  artifactKey: Guid(cb0c08fb4d9587f4595039bd74aac362) Importer(815301076,1909f56bfc062723c751e8b465ee728b)
Start importing Assets/LowPolyNature/Img/Border.psd using Guid(cb0c08fb4d9587f4595039bd74aac362) Importer(815301076,1909f56bfc062723c751e8b465ee728b)  -> (artifact id: 'cbc241c9ea35976d1cd8257d2742f7fe') in 0.026081 seconds
Number of updated asset objects reloaded before import = 0
Number of asset objects unloaded after import = 3
========================================================================
Received Import Request.
  Time since last request: 0.000018 seconds.
  path: Assets/Uwoopsies/Materials/Textures/FramesUVd_Painting2_BaseColor.png
  artifactKey: Guid(d61ae8394b6b2f64c850d381fce94458) Importer(815301076,1909f56bfc062723c751e8b465ee728b)
Start importing Assets/Uwoopsies/Materials/Textures/FramesUVd_Painting2_BaseColor.png using Guid(d61ae8394b6b2f64c850d381fce94458) Importer(815301076,1909f56bfc062723c751e8b465ee728b)  -> (artifact id: 'bc9f68220930e150a3307b22fd58553c') in 0.021099 seconds
Number of updated asset objects reloaded before import = 0
Number of asset objects unloaded after import = 2
========================================================================
Received Import Request.
  Time since last request: 0.000021 seconds.
  path: Assets/CB/Assets/Props/Batch2/Textures/Batch2_DinnerTable_BaseColor.png
  artifactKey: Guid(a136fe34e6c05fd4aa135ce48a45321d) Importer(815301076,1909f56bfc062723c751e8b465ee728b)
Start importing Assets/CB/Assets/Props/Batch2/Textures/Batch2_DinnerTable_BaseColor.png using Guid(a136fe34e6c05fd4aa135ce48a45321d) Importer(815301076,1909f56bfc062723c751e8b465ee728b)  -> (artifact id: 'd46ab2d1a1607d7253232b7c2d3e3b86') in 0.021936 seconds
Number of updated asset objects reloaded before import = 0
Number of asset objects unloaded after import = 2
========================================================================
Received Import Request.
  Time since last request: 0.000015 seconds.
  path: Assets/CB/Assets/Props/Batch2/Textures/Batch2_DinnerTable_Normal.png
  artifactKey: Guid(0d424ea5299bafa4e9acbe5560c1de90) Importer(815301076,1909f56bfc062723c751e8b465ee728b)
Start importing Assets/CB/Assets/Props/Batch2/Textures/Batch2_DinnerTable_Normal.png using Guid(0d424ea5299bafa4e9acbe5560c1de90) Importer(815301076,1909f56bfc062723c751e8b465ee728b)  -> (artifact id: '6a694af3d34dfb02a052d36bbe764bc2') in 0.020438 seconds
Number of updated asset objects reloaded before import = 0
Number of asset objects unloaded after import = 2
========================================================================
Received Import Request.
  Time since last request: 0.000013 seconds.
  path: Assets/CB/Assets/Props/Batch2/Textures/Batch2_OldClock_BaseColor.png
  artifactKey: Guid(19535c1eee95ce443984e8c87df7b7ae) Importer(815301076,1909f56bfc062723c751e8b465ee728b)
Start importing Assets/CB/Assets/Props/Batch2/Textures/Batch2_OldClock_BaseColor.png using Guid(19535c1eee95ce443984e8c87df7b7ae) Importer(815301076,1909f56bfc062723c751e8b465ee728b)  -> (artifact id: '08a5ac458b27f444d9d61430d35a296b') in 0.019690 seconds
Number of updated asset objects reloaded before import = 0
Number of asset objects unloaded after import = 2
========================================================================
Received Import Request.
  Time since last request: 0.000012 seconds.
  path: Assets/CB/Assets/Props/Batch2/Textures/Batch2_SmallTable_Normal.png
  artifactKey: Guid(8a72b4b297d67d34c8e5f00f1d15ccd7) Importer(815301076,1909f56bfc062723c751e8b465ee728b)
Start importing Assets/CB/Assets/Props/Batch2/Textures/Batch2_SmallTable_Normal.png using Guid(8a72b4b297d67d34c8e5f00f1d15ccd7) Importer(815301076,1909f56bfc062723c751e8b465ee728b)  -> (artifact id: 'fefad7784360687930f5ced8bb2054b0') in 0.019506 seconds
Number of updated asset objects reloaded before import = 0
Number of asset objects unloaded after import = 2
========================================================================
Received Import Request.
  Time since last request: 0.000012 seconds.
  path: Assets/CB/Assets/Props/Batch2/Textures/Batch2_SmallTable_BaseColor.png
  artifactKey: Guid(742b326c3b088f34f828ec2430d8404a) Importer(815301076,1909f56bfc062723c751e8b465ee728b)
Start importing Assets/CB/Assets/Props/Batch2/Textures/Batch2_SmallTable_BaseColor.png using Guid(742b326c3b088f34f828ec2430d8404a) Importer(815301076,1909f56bfc062723c751e8b465ee728b)  -> (artifact id: 'cd264c23f3c6ebd758f26b1e7a7a0e3a') in 0.018654 seconds
Number of updated asset objects reloaded before import = 0
Number of asset objects unloaded after import = 2
========================================================================
Received Import Request.
  Time since last request: 0.000026 seconds.
  path: Assets/Uwoopsies/Materials/Textures/FramesUVd_Painting1_BaseColor.png
  artifactKey: Guid(485d21544c2863f429f5f58115bcc2c0) Importer(815301076,1909f56bfc062723c751e8b465ee728b)
Start importing Assets/Uwoopsies/Materials/Textures/FramesUVd_Painting1_BaseColor.png using Guid(485d21544c2863f429f5f58115bcc2c0) Importer(815301076,1909f56bfc062723c751e8b465ee728b)  -> (artifact id: '2d09cdd1e2517d923178a89b4b0ac4b4') in 0.015352 seconds
Number of updated asset objects reloaded before import = 0
Number of asset objects unloaded after import = 2
========================================================================
Received Import Request.
  Time since last request: 0.000016 seconds.
  path: Assets/CB/Assets/Props/Batch2/Textures/Batch2_OldClock_OcclusionRoughnessMetallic.png
  artifactKey: Guid(46f950214fe834e47bb194c9cf03482a) Importer(815301076,1909f56bfc062723c751e8b465ee728b)
Start importing Assets/CB/Assets/Props/Batch2/Textures/Batch2_OldClock_OcclusionRoughnessMetallic.png using Guid(46f950214fe834e47bb194c9cf03482a) Importer(815301076,1909f56bfc062723c751e8b465ee728b)  -> (artifact id: '0f1fa41a49acbcced68f32a52afc2222') in 0.019948 seconds
Number of updated asset objects reloaded before import = 0
Number of asset objects unloaded after import = 2
========================================================================
Received Import Request.
  Time since last request: 0.000014 seconds.
  path: Assets/Uwoopsies/Materials/Textures/FramesUVd_lambert1_BaseColor.png
  artifactKey: Guid(fd21d3732014ff343b59d19023ebd1c2) Importer(815301076,1909f56bfc062723c751e8b465ee728b)
Start importing Assets/Uwoopsies/Materials/Textures/FramesUVd_lambert1_BaseColor.png using Guid(fd21d3732014ff343b59d19023ebd1c2) Importer(815301076,1909f56bfc062723c751e8b465ee728b)  -> (artifact id: 'f7f535da5439ccb96c0dac7e31dce3b1') in 0.019031 seconds
Number of updated asset objects reloaded before import = 0
Number of asset objects unloaded after import = 2
========================================================================
Received Import Request.
  Time since last request: 0.000013 seconds.
  path: Assets/LowPolyNature/Img/chicken_leg.psd
  artifactKey: Guid(c6dc88592953a2f4f9445a4fd0decc93) Importer(815301076,1909f56bfc062723c751e8b465ee728b)
Start importing Assets/LowPolyNature/Img/chicken_leg.psd using Guid(c6dc88592953a2f4f9445a4fd0decc93) Importer(815301076,1909f56bfc062723c751e8b465ee728b)  -> (artifact id: 'eab671a6c02e0c9adafc2185c181eb27') in 0.028410 seconds
Number of updated asset objects reloaded before import = 0
Number of asset objects unloaded after import = 3
========================================================================
Received Import Request.
  Time since last request: 0.000064 seconds.
  path: Assets/LowPolyNature/Img/axe.png
  artifactKey: Guid(dc148f9c15576d9499ca1b6e89e41f82) Importer(815301076,1909f56bfc062723c751e8b465ee728b)
Start importing Assets/LowPolyNature/Img/axe.png using Guid(dc148f9c15576d9499ca1b6e89e41f82) Importer(815301076,1909f56bfc062723c751e8b465ee728b)  -> (artifact id: 'b4433dfd0d338fa7bffb8fce450b27fa') in 0.024138 seconds
Number of updated asset objects reloaded before import = 0
Number of asset objects unloaded after import = 3
